

 ***************************************************************************
 *   DZface_Initialize, Interface to Dizet 6.xx                            *
 *      91.18700000                 Z mass                   amz        a1 *
 *     100.00000000                 Higgs mass               amh        a2 *
 *     175.00000000                 Top mass                 amtop      a3 *
 *               11                 KF code of beam          KFini      a5 *
 *                1                 KF of final fermion      KFfin      a6 *
 *                2                 IV code of beam          IVini      a7 *
 *                4                 IV of final fermion      IVfin      a8 *
 *                1                 EW box switch            ibox       a9 *
 *     128.86674175                 QED alfa inv. at Z       alfinv     a1 *
 *       0.12500000                 QCD alfa at Z mass       alfQCD     a2 *
 ***************************************************************************

 DIZET flags, see routine Dizet for explanation:
  Ihvp = 1 Iamt4 = 4
  Iqcd = 3 Imoms = 1
 Imass = 0 Iscre = 0
 Ialem = 3 Imask = 0
 Iscal = 0 Ibarb = 2
 IFtjr = 1 Ifacr = 0
 IFact = 0 Ihigs = 0
 Iafmt = 1 Iewlc = 1
 Iczak = 1 Ihig2 = 1
 Iale2 = 3 Igfer = 2
 Iddzz = 1
    
 Alpha-QED   (MZ)  =0.007759
 Alfa strong (MZ)  =  0.1250
 Alfa strong (Mt)  =  0.1132
zpard(20): QCD corr.fact. to Z-width (no b)  =   1.0334403654
zpard(25): QCD corr.fact. to Z-width (into b)=   1.0420641784
    
 zpar-matrix: standard output of dizet:
    zpar( 1)=  0.03542132
    zpar( 2)=  0.01157806
    zpar( 3)=  0.22302485
    zpar( 4)=  1.16637000
    zpar( 5)=  0.23120067
    zpar( 6)=  0.23158158
    zpar( 7)=  0.23158158
    zpar( 8)=  0.23158158
    zpar( 9)=  0.23147509
    zpar(10)=  0.23134812
    zpar(11)=  0.23147509
    zpar(12)=  0.23134812
    zpar(13)=  0.00000000
    zpar(14)=  0.23294897
    zpar(15)=  0.12500000
    zpar(16)=  1.00000000
    zpar(17)=  1.04206385
    zpar(18)=  1.05007810
    zpar(19)=  1.04145461
    zpar(20)=  1.03344037
    zpar(21)=  1.04207905
    zpar(22)=  1.04992189
    zpar(23)=  1.04145461
    zpar(24)=  1.03344037
    zpar(25)=  1.04206418
    zpar(26)=  1.05007843
    zpar(27)=  1.04201871
    zpar(28)=  1.02759398
    zpar(29)= -0.00002603
    zpar(30)=  0.21220659


 ***************************************************************************
 *                     DZface_Initializion ended                           *
 ***************************************************************************

 DZface_Tabluj: pretabulation, basic LEP1 range
 a: i,ww=  0  0.01
 a: i,ww=  10  0.0249903513
 a: i,ww=  20  0.0624517656
 a: i,ww=  30  0.156069156
 a: i,ww=  40  0.390022303
 a: i,ww=  50  0.974679434
 a: i,ww=  60  2.43575814
 a: i,ww=  70  6.08704516
 a: i,ww=  80  15.2117397
 a: i,ww=  90  38.0146717
 a: i,ww=  100  95.
 DZface_Tabluj: pretabulation, near Z0:
 b: i,ww=  0  86.187
 b: i,ww=  10  91.187
 b: i,ww=  20  96.187
 DZface_Tabluj: LEP2 energy zone: pretabulation starts
 c: i,ww=  0  95.
 c: i,ww=  10  105.000069
 c: i,ww=  20  115.000138
 c: i,ww=  30  125.000207
 c: i,ww=  40  135.000276
 c: i,ww=  50  145.000345
 c: i,ww=  60  155.000414
 c: i,ww=  70  165.000483
 c: i,ww=  80  175.000552
 c: i,ww=  90  185.000621
 c: i,ww=  100  195.00069
 c: i,ww=  110  205.000759
 c: i,ww=  120  215.000828
 c: i,ww=  130  225.000897
 c: i,ww=  140  235.000966
 DZface_Tabluj: NLC energy range: pretabulation starts
 d: i,ww=  0  240.001
 d: i,ww=  10  340.001
 d: i,ww=  20  440.001
 d: i,ww=  30  540.001
 d: i,ww=  40  640.001
 d: i,ww=  50  740.001
 d: i,ww=  60  840.001
 d: i,ww=  70  940.001
 d: i,ww=  80  1040.001
 DZface_Tabluj: pretabulatin finished  now !
 DZface_WriteFile: finished  now !!!


 ***************************************************************************
 *   DZface_Initialize, Interface to Dizet 6.xx                            *
 *      91.18700000                 Z mass                   amz        a1 *
 *     100.00000000                 Higgs mass               amh        a2 *
 *     175.00000000                 Top mass                 amtop      a3 *
 *               11                 KF code of beam          KFini      a5 *
 *                2                 KF of final fermion      KFfin      a6 *
 *                2                 IV code of beam          IVini      a7 *
 *                3                 IV of final fermion      IVfin      a8 *
 *                1                 EW box switch            ibox       a9 *
 *     128.86674175                 QED alfa inv. at Z       alfinv     a1 *
 *       0.12500000                 QCD alfa at Z mass       alfQCD     a2 *
 ***************************************************************************

 DIZET flags, see routine Dizet for explanation:
  Ihvp = 1 Iamt4 = 4
  Iqcd = 3 Imoms = 1
 Imass = 0 Iscre = 0
 Ialem = 3 Imask = 0
 Iscal = 0 Ibarb = 2
 IFtjr = 1 Ifacr = 0
 IFact = 0 Ihigs = 0
 Iafmt = 1 Iewlc = 1
 Iczak = 1 Ihig2 = 1
 Iale2 = 3 Igfer = 2
 Iddzz = 1
    
 Alpha-QED   (MZ)  =0.007759
 Alfa strong (MZ)  =  0.1250
 Alfa strong (Mt)  =  0.1132
zpard(20): QCD corr.fact. to Z-width (no b)  =   1.0334403631
zpard(25): QCD corr.fact. to Z-width (into b)=   1.0420641692
    
 zpar-matrix: standard output of dizet:
    zpar( 1)=  0.03542132
    zpar( 2)=  0.01157806
    zpar( 3)=  0.22302485
    zpar( 4)=  1.16637000
    zpar( 5)=  0.23120067
    zpar( 6)=  0.23158158
    zpar( 7)=  0.23158158
    zpar( 8)=  0.23158158
    zpar( 9)=  0.23147509
    zpar(10)=  0.23134812
    zpar(11)=  0.23147509
    zpar(12)=  0.23134812
    zpar(13)=  0.00000000
    zpar(14)=  0.23294897
    zpar(15)=  0.12500000
    zpar(16)=  1.00000000
    zpar(17)=  1.04206384
    zpar(18)=  1.05007809
    zpar(19)=  1.04145461
    zpar(20)=  1.03344036
    zpar(21)=  1.04207904
    zpar(22)=  1.04992188
    zpar(23)=  1.04145461
    zpar(24)=  1.03344036
    zpar(25)=  1.04206417
    zpar(26)=  1.05007842
    zpar(27)=  1.04201871
    zpar(28)=  1.02759398
    zpar(29)= -0.00002603
    zpar(30)=  0.21220659


 ***************************************************************************
 *                     DZface_Initializion ended                           *
 ***************************************************************************

 DZface_Tabluj: pretabulation, basic LEP1 range
 a: i,ww=  0  0.01
 a: i,ww=  10  0.0249903513
 a: i,ww=  20  0.0624517656
 a: i,ww=  30  0.156069156
 a: i,ww=  40  0.390022303
 a: i,ww=  50  0.974679434
 a: i,ww=  60  2.43575814
 a: i,ww=  70  6.08704516
 a: i,ww=  80  15.2117397
 a: i,ww=  90  38.0146717
 a: i,ww=  100  95.
 DZface_Tabluj: pretabulation, near Z0:
 b: i,ww=  0  86.187
 b: i,ww=  10  91.187
 b: i,ww=  20  96.187
 DZface_Tabluj: LEP2 energy zone: pretabulation starts
 c: i,ww=  0  95.
 c: i,ww=  10  105.000069
 c: i,ww=  20  115.000138
 c: i,ww=  30  125.000207
 c: i,ww=  40  135.000276
 c: i,ww=  50  145.000345
 c: i,ww=  60  155.000414
 c: i,ww=  70  165.000483
 c: i,ww=  80  175.000552
 c: i,ww=  90  185.000621
 c: i,ww=  100  195.00069
 c: i,ww=  110  205.000759
 c: i,ww=  120  215.000828
 c: i,ww=  130  225.000897
 c: i,ww=  140  235.000966
 DZface_Tabluj: NLC energy range: pretabulation starts
 d: i,ww=  0  240.001
 d: i,ww=  10  340.001
 d: i,ww=  20  440.001
 d: i,ww=  30  540.001
 d: i,ww=  40  640.001
 d: i,ww=  50  740.001
 d: i,ww=  60  840.001
 d: i,ww=  70  940.001
 d: i,ww=  80  1040.001
 DZface_Tabluj: pretabulatin finished  now !
 DZface_WriteFile: finished  now !!!


 ***************************************************************************
 *   DZface_Initialize, Interface to Dizet 6.xx                            *
 *      91.18700000                 Z mass                   amz        a1 *
 *     100.00000000                 Higgs mass               amh        a2 *
 *     175.00000000                 Top mass                 amtop      a3 *
 *               11                 KF code of beam          KFini      a5 *
 *                5                 KF of final fermion      KFfin      a6 *
 *                2                 IV code of beam          IVini      a7 *
 *                4                 IV of final fermion      IVfin      a8 *
 *                1                 EW box switch            ibox       a9 *
 *     128.86674175                 QED alfa inv. at Z       alfinv     a1 *
 *       0.12500000                 QCD alfa at Z mass       alfQCD     a2 *
 ***************************************************************************

 DIZET flags, see routine Dizet for explanation:
  Ihvp = 1 Iamt4 = 4
  Iqcd = 3 Imoms = 1
 Imass = 0 Iscre = 0
 Ialem = 3 Imask = 0
 Iscal = 0 Ibarb = 2
 IFtjr = 1 Ifacr = 0
 IFact = 0 Ihigs = 0
 Iafmt = 1 Iewlc = 1
 Iczak = 1 Ihig2 = 1
 Iale2 = 3 Igfer = 2
 Iddzz = 1
    
 Alpha-QED   (MZ)  =0.007759
 Alfa strong (MZ)  =  0.1250
 Alfa strong (Mt)  =  0.1132
zpard(20): QCD corr.fact. to Z-width (no b)  =   1.0334403631
zpard(25): QCD corr.fact. to Z-width (into b)=   1.0420641692
    
 zpar-matrix: standard output of dizet:
    zpar( 1)=  0.03542132
    zpar( 2)=  0.01157806
    zpar( 3)=  0.22302485
    zpar( 4)=  1.16637000
    zpar( 5)=  0.23120067
    zpar( 6)=  0.23158158
    zpar( 7)=  0.23158158
    zpar( 8)=  0.23158158
    zpar( 9)=  0.23147509
    zpar(10)=  0.23134812
    zpar(11)=  0.23147509
    zpar(12)=  0.23134812
    zpar(13)=  0.00000000
    zpar(14)=  0.23294897
    zpar(15)=  0.12500000
    zpar(16)=  1.00000000
    zpar(17)=  1.04206384
    zpar(18)=  1.05007809
    zpar(19)=  1.04145461
    zpar(20)=  1.03344036
    zpar(21)=  1.04207904
    zpar(22)=  1.04992188
    zpar(23)=  1.04145461
    zpar(24)=  1.03344036
    zpar(25)=  1.04206417
    zpar(26)=  1.05007842
    zpar(27)=  1.04201871
    zpar(28)=  1.02759398
    zpar(29)= -0.00002603
    zpar(30)=  0.21220659


 ***************************************************************************
 *                     DZface_Initializion ended                           *
 ***************************************************************************

 DZface_Tabluj: pretabulation, basic LEP1 range
 a: i,ww=  0  0.01
 a: i,ww=  10  0.0249903513
 a: i,ww=  20  0.0624517656
 a: i,ww=  30  0.156069156
 a: i,ww=  40  0.390022303
 a: i,ww=  50  0.974679434
 a: i,ww=  60  2.43575814
 a: i,ww=  70  6.08704516
 a: i,ww=  80  15.2117397
 a: i,ww=  90  38.0146717
 a: i,ww=  100  95.
 DZface_Tabluj: pretabulation, near Z0:
 b: i,ww=  0  86.187
 b: i,ww=  10  91.187
 b: i,ww=  20  96.187
 DZface_Tabluj: LEP2 energy zone: pretabulation starts
 c: i,ww=  0  95.
 c: i,ww=  10  105.000069
 c: i,ww=  20  115.000138
 c: i,ww=  30  125.000207
 c: i,ww=  40  135.000276
 c: i,ww=  50  145.000345
 c: i,ww=  60  155.000414
 c: i,ww=  70  165.000483
 c: i,ww=  80  175.000552
 c: i,ww=  90  185.000621
 c: i,ww=  100  195.00069
 c: i,ww=  110  205.000759
 c: i,ww=  120  215.000828
 c: i,ww=  130  225.000897
 c: i,ww=  140  235.000966
 DZface_Tabluj: NLC energy range: pretabulation starts
 d: i,ww=  0  240.001
 d: i,ww=  10  340.001
 d: i,ww=  20  440.001
 d: i,ww=  30  540.001
 d: i,ww=  40  640.001
 d: i,ww=  50  740.001
 d: i,ww=  60  840.001
 d: i,ww=  70  940.001
 d: i,ww=  80  1040.001
 DZface_Tabluj: pretabulatin finished  now !
 DZface_WriteFile: finished  now !!!


 ***************************************************************************
 *   DZface_Initialize, Interface to Dizet 6.xx                            *
 *      91.18700000                 Z mass                   amz        a1 *
 *     100.00000000                 Higgs mass               amh        a2 *
 *     175.00000000                 Top mass                 amtop      a3 *
 *               11                 KF code of beam          KFini      a5 *
 *               12                 KF of final fermion      KFfin      a6 *
 *                2                 IV code of beam          IVini      a7 *
 *                1                 IV of final fermion      IVfin      a8 *
 *                1                 EW box switch            ibox       a9 *
 *     128.86674175                 QED alfa inv. at Z       alfinv     a1 *
 *       0.12500000                 QCD alfa at Z mass       alfQCD     a2 *
 ***************************************************************************

 DIZET flags, see routine Dizet for explanation:
  Ihvp = 1 Iamt4 = 4
  Iqcd = 3 Imoms = 1
 Imass = 0 Iscre = 0
 Ialem = 3 Imask = 0
 Iscal = 0 Ibarb = 2
 IFtjr = 1 Ifacr = 0
 IFact = 0 Ihigs = 0
 Iafmt = 1 Iewlc = 1
 Iczak = 1 Ihig2 = 1
 Iale2 = 3 Igfer = 2
 Iddzz = 1
    
 Alpha-QED   (MZ)  =0.007759
 Alfa strong (MZ)  =  0.1250
 Alfa strong (Mt)  =  0.1132
zpard(20): QCD corr.fact. to Z-width (no b)  =   1.0334403631
zpard(25): QCD corr.fact. to Z-width (into b)=   1.0420641692
    
 zpar-matrix: standard output of dizet:
    zpar( 1)=  0.03542132
    zpar( 2)=  0.01157806
    zpar( 3)=  0.22302485
    zpar( 4)=  1.16637000
    zpar( 5)=  0.23120067
    zpar( 6)=  0.23158158
    zpar( 7)=  0.23158158
    zpar( 8)=  0.23158158
    zpar( 9)=  0.23147509
    zpar(10)=  0.23134812
    zpar(11)=  0.23147509
    zpar(12)=  0.23134812
    zpar(13)=  0.00000000
    zpar(14)=  0.23294897
    zpar(15)=  0.12500000
    zpar(16)=  1.00000000
    zpar(17)=  1.04206384
    zpar(18)=  1.05007809
    zpar(19)=  1.04145461
    zpar(20)=  1.03344036
    zpar(21)=  1.04207904
    zpar(22)=  1.04992188
    zpar(23)=  1.04145461
    zpar(24)=  1.03344036
    zpar(25)=  1.04206417
    zpar(26)=  1.05007842
    zpar(27)=  1.04201871
    zpar(28)=  1.02759398
    zpar(29)= -0.00002603
    zpar(30)=  0.21220659


 ***************************************************************************
 *                     DZface_Initializion ended                           *
 ***************************************************************************

 DZface_Tabluj: pretabulation, basic LEP1 range
 a: i,ww=  0  0.01
 a: i,ww=  10  0.0249903513
 a: i,ww=  20  0.0624517656
 a: i,ww=  30  0.156069156
 a: i,ww=  40  0.390022303
 a: i,ww=  50  0.974679434
 a: i,ww=  60  2.43575814
 a: i,ww=  70  6.08704516
 a: i,ww=  80  15.2117397
 a: i,ww=  90  38.0146717
 a: i,ww=  100  95.
 DZface_Tabluj: pretabulation, near Z0:
 b: i,ww=  0  86.187
 b: i,ww=  10  91.187
 b: i,ww=  20  96.187
 DZface_Tabluj: LEP2 energy zone: pretabulation starts
 c: i,ww=  0  95.
 c: i,ww=  10  105.000069
 c: i,ww=  20  115.000138
 c: i,ww=  30  125.000207
 c: i,ww=  40  135.000276
 c: i,ww=  50  145.000345
 c: i,ww=  60  155.000414
 c: i,ww=  70  165.000483
 c: i,ww=  80  175.000552
 c: i,ww=  90  185.000621
 c: i,ww=  100  195.00069
 c: i,ww=  110  205.000759
 c: i,ww=  120  215.000828
 c: i,ww=  130  225.000897
 c: i,ww=  140  235.000966
 DZface_Tabluj: NLC energy range: pretabulation starts
 d: i,ww=  0  240.001
 d: i,ww=  10  340.001
 d: i,ww=  20  440.001
 d: i,ww=  30  540.001
 d: i,ww=  40  640.001
 d: i,ww=  50  740.001
 d: i,ww=  60  840.001
 d: i,ww=  70  940.001
 d: i,ww=  80  1040.001
 DZface_Tabluj: pretabulatin finished  now !
 DZface_WriteFile: finished  now !!!


 ***************************************************************************
 *   DZface_Initialize, Interface to Dizet 6.xx                            *
 *      91.18700000                 Z mass                   amz        a1 *
 *     100.00000000                 Higgs mass               amh        a2 *
 *     175.00000000                 Top mass                 amtop      a3 *
 *               11                 KF code of beam          KFini      a5 *
 *               13                 KF of final fermion      KFfin      a6 *
 *                2                 IV code of beam          IVini      a7 *
 *                2                 IV of final fermion      IVfin      a8 *
 *                1                 EW box switch            ibox       a9 *
 *     128.86674175                 QED alfa inv. at Z       alfinv     a1 *
 *       0.12500000                 QCD alfa at Z mass       alfQCD     a2 *
 ***************************************************************************

 DIZET flags, see routine Dizet for explanation:
  Ihvp = 1 Iamt4 = 4
  Iqcd = 3 Imoms = 1
 Imass = 0 Iscre = 0
 Ialem = 3 Imask = 0
 Iscal = 0 Ibarb = 2
 IFtjr = 1 Ifacr = 0
 IFact = 0 Ihigs = 0
 Iafmt = 1 Iewlc = 1
 Iczak = 1 Ihig2 = 1
 Iale2 = 3 Igfer = 2
 Iddzz = 1
    
 Alpha-QED   (MZ)  =0.007759
 Alfa strong (MZ)  =  0.1250
 Alfa strong (Mt)  =  0.1132
zpard(20): QCD corr.fact. to Z-width (no b)  =   1.0334403631
zpard(25): QCD corr.fact. to Z-width (into b)=   1.0420641692
    
 zpar-matrix: standard output of dizet:
    zpar( 1)=  0.03542132
    zpar( 2)=  0.01157806
    zpar( 3)=  0.22302485
    zpar( 4)=  1.16637000
    zpar( 5)=  0.23120067
    zpar( 6)=  0.23158158
    zpar( 7)=  0.23158158
    zpar( 8)=  0.23158158
    zpar( 9)=  0.23147509
    zpar(10)=  0.23134812
    zpar(11)=  0.23147509
    zpar(12)=  0.23134812
    zpar(13)=  0.00000000
    zpar(14)=  0.23294897
    zpar(15)=  0.12500000
    zpar(16)=  1.00000000
    zpar(17)=  1.04206384
    zpar(18)=  1.05007809
    zpar(19)=  1.04145461
    zpar(20)=  1.03344036
    zpar(21)=  1.04207904
    zpar(22)=  1.04992188
    zpar(23)=  1.04145461
    zpar(24)=  1.03344036
    zpar(25)=  1.04206417
    zpar(26)=  1.05007842
    zpar(27)=  1.04201871
    zpar(28)=  1.02759398
    zpar(29)= -0.00002603
    zpar(30)=  0.21220659


 ***************************************************************************
 *                     DZface_Initializion ended                           *
 ***************************************************************************

 DZface_Tabluj: pretabulation, basic LEP1 range
 a: i,ww=  0  0.01
 a: i,ww=  10  0.0249903513
 a: i,ww=  20  0.0624517656
 a: i,ww=  30  0.156069156
 a: i,ww=  40  0.390022303
 a: i,ww=  50  0.974679434
 a: i,ww=  60  2.43575814
 a: i,ww=  70  6.08704516
 a: i,ww=  80  15.2117397
 a: i,ww=  90  38.0146717
 a: i,ww=  100  95.
 DZface_Tabluj: pretabulation, near Z0:
 b: i,ww=  0  86.187
 b: i,ww=  10  91.187
 b: i,ww=  20  96.187
 DZface_Tabluj: LEP2 energy zone: pretabulation starts
 c: i,ww=  0  95.
 c: i,ww=  10  105.000069
 c: i,ww=  20  115.000138
 c: i,ww=  30  125.000207
 c: i,ww=  40  135.000276
 c: i,ww=  50  145.000345
 c: i,ww=  60  155.000414
 c: i,ww=  70  165.000483
 c: i,ww=  80  175.000552
 c: i,ww=  90  185.000621
 c: i,ww=  100  195.00069
 c: i,ww=  110  205.000759
 c: i,ww=  120  215.000828
 c: i,ww=  130  225.000897
 c: i,ww=  140  235.000966
 DZface_Tabluj: NLC energy range: pretabulation starts
 d: i,ww=  0  240.001
 d: i,ww=  10  340.001
 d: i,ww=  20  440.001
 d: i,ww=  30  540.001
 d: i,ww=  40  640.001
 d: i,ww=  50  740.001
 d: i,ww=  60  840.001
 d: i,ww=  70  940.001
 d: i,ww=  80  1040.001
 DZface_Tabluj: pretabulatin finished  now !
 DZface_WriteFile: finished  now !!!


 ***************************************************************************
 *   DZface_Initialize, Interface to Dizet 6.xx                            *
 *      91.18700000                 Z mass                   amz        a1 *
 *     100.00000000                 Higgs mass               amh        a2 *
 *     175.00000000                 Top mass                 amtop      a3 *
 *               11                 KF code of beam          KFini      a5 *
 *               14                 KF of final fermion      KFfin      a6 *
 *                2                 IV code of beam          IVini      a7 *
 *                1                 IV of final fermion      IVfin      a8 *
 *                1                 EW box switch            ibox       a9 *
 *     128.86674175                 QED alfa inv. at Z       alfinv     a1 *
 *       0.12500000                 QCD alfa at Z mass       alfQCD     a2 *
 ***************************************************************************

 DIZET flags, see routine Dizet for explanation:
  Ihvp = 1 Iamt4 = 4
  Iqcd = 3 Imoms = 1
 Imass = 0 Iscre = 0
 Ialem = 3 Imask = 0
 Iscal = 0 Ibarb = 2
 IFtjr = 1 Ifacr = 0
 IFact = 0 Ihigs = 0
 Iafmt = 1 Iewlc = 1
 Iczak = 1 Ihig2 = 1
 Iale2 = 3 Igfer = 2
 Iddzz = 1
    
 Alpha-QED   (MZ)  =0.007759
 Alfa strong (MZ)  =  0.1250
 Alfa strong (Mt)  =  0.1132
zpard(20): QCD corr.fact. to Z-width (no b)  =   1.0334403631
zpard(25): QCD corr.fact. to Z-width (into b)=   1.0420641692
    
 zpar-matrix: standard output of dizet:
    zpar( 1)=  0.03542132
    zpar( 2)=  0.01157806
    zpar( 3)=  0.22302485
    zpar( 4)=  1.16637000
    zpar( 5)=  0.23120067
    zpar( 6)=  0.23158158
    zpar( 7)=  0.23158158
    zpar( 8)=  0.23158158
    zpar( 9)=  0.23147509
    zpar(10)=  0.23134812
    zpar(11)=  0.23147509
    zpar(12)=  0.23134812
    zpar(13)=  0.00000000
    zpar(14)=  0.23294897
    zpar(15)=  0.12500000
    zpar(16)=  1.00000000
    zpar(17)=  1.04206384
    zpar(18)=  1.05007809
    zpar(19)=  1.04145461
    zpar(20)=  1.03344036
    zpar(21)=  1.04207904
    zpar(22)=  1.04992188
    zpar(23)=  1.04145461
    zpar(24)=  1.03344036
    zpar(25)=  1.04206417
    zpar(26)=  1.05007842
    zpar(27)=  1.04201871
    zpar(28)=  1.02759398
    zpar(29)= -0.00002603
    zpar(30)=  0.21220659


 ***************************************************************************
 *                     DZface_Initializion ended                           *
 ***************************************************************************

 DZface_Tabluj: pretabulation, basic LEP1 range
 a: i,ww=  0  0.01
 a: i,ww=  10  0.0249903513
 a: i,ww=  20  0.0624517656
 a: i,ww=  30  0.156069156
 a: i,ww=  40  0.390022303
 a: i,ww=  50  0.974679434
 a: i,ww=  60  2.43575814
 a: i,ww=  70  6.08704516
 a: i,ww=  80  15.2117397
 a: i,ww=  90  38.0146717
 a: i,ww=  100  95.
 DZface_Tabluj: pretabulation, near Z0:
 b: i,ww=  0  86.187
 b: i,ww=  10  91.187
 b: i,ww=  20  96.187
 DZface_Tabluj: LEP2 energy zone: pretabulation starts
 c: i,ww=  0  95.
 c: i,ww=  10  105.000069
 c: i,ww=  20  115.000138
 c: i,ww=  30  125.000207
 c: i,ww=  40  135.000276
 c: i,ww=  50  145.000345
 c: i,ww=  60  155.000414
 c: i,ww=  70  165.000483
 c: i,ww=  80  175.000552
 c: i,ww=  90  185.000621
 c: i,ww=  100  195.00069
 c: i,ww=  110  205.000759
 c: i,ww=  120  215.000828
 c: i,ww=  130  225.000897
 c: i,ww=  140  235.000966
 DZface_Tabluj: NLC energy range: pretabulation starts
 d: i,ww=  0  240.001
 d: i,ww=  10  340.001
 d: i,ww=  20  440.001
 d: i,ww=  30  540.001
 d: i,ww=  40  640.001
 d: i,ww=  50  740.001
 d: i,ww=  60  840.001
 d: i,ww=  70  940.001
 d: i,ww=  80  1040.001
 DZface_Tabluj: pretabulatin finished  now !
 DZface_WriteFile: finished  now !!!


 ***************************************************************************
 *   DZface_Initialize, Interface to Dizet 6.xx                            *
 *      91.18700000                 Z mass                   amz        a1 *
 *     100.00000000                 Higgs mass               amh        a2 *
 *     175.00000000                 Top mass                 amtop      a3 *
 *               11                 KF code of beam          KFini      a5 *
 *               15                 KF of final fermion      KFfin      a6 *
 *                2                 IV code of beam          IVini      a7 *
 *                2                 IV of final fermion      IVfin      a8 *
 *                1                 EW box switch            ibox       a9 *
 *     128.86674175                 QED alfa inv. at Z       alfinv     a1 *
 *       0.12500000                 QCD alfa at Z mass       alfQCD     a2 *
 ***************************************************************************

 DIZET flags, see routine Dizet for explanation:
  Ihvp = 1 Iamt4 = 4
  Iqcd = 3 Imoms = 1
 Imass = 0 Iscre = 0
 Ialem = 3 Imask = 0
 Iscal = 0 Ibarb = 2
 IFtjr = 1 Ifacr = 0
 IFact = 0 Ihigs = 0
 Iafmt = 1 Iewlc = 1
 Iczak = 1 Ihig2 = 1
 Iale2 = 3 Igfer = 2
 Iddzz = 1
    
 Alpha-QED   (MZ)  =0.007759
 Alfa strong (MZ)  =  0.1250
 Alfa strong (Mt)  =  0.1132
zpard(20): QCD corr.fact. to Z-width (no b)  =   1.0334403631
zpard(25): QCD corr.fact. to Z-width (into b)=   1.0420641692
    
 zpar-matrix: standard output of dizet:
    zpar( 1)=  0.03542132
    zpar( 2)=  0.01157806
    zpar( 3)=  0.22302485
    zpar( 4)=  1.16637000
    zpar( 5)=  0.23120067
    zpar( 6)=  0.23158158
    zpar( 7)=  0.23158158
    zpar( 8)=  0.23158158
    zpar( 9)=  0.23147509
    zpar(10)=  0.23134812
    zpar(11)=  0.23147509
    zpar(12)=  0.23134812
    zpar(13)=  0.00000000
    zpar(14)=  0.23294897
    zpar(15)=  0.12500000
    zpar(16)=  1.00000000
    zpar(17)=  1.04206384
    zpar(18)=  1.05007809
    zpar(19)=  1.04145461
    zpar(20)=  1.03344036
    zpar(21)=  1.04207904
    zpar(22)=  1.04992188
    zpar(23)=  1.04145461
    zpar(24)=  1.03344036
    zpar(25)=  1.04206417
    zpar(26)=  1.05007842
    zpar(27)=  1.04201871
    zpar(28)=  1.02759398
    zpar(29)= -0.00002603
    zpar(30)=  0.21220659


 ***************************************************************************
 *                     DZface_Initializion ended                           *
 ***************************************************************************

 DZface_Tabluj: pretabulation, basic LEP1 range
 a: i,ww=  0  0.01
 a: i,ww=  10  0.0249903513
 a: i,ww=  20  0.0624517656
 a: i,ww=  30  0.156069156
 a: i,ww=  40  0.390022303
 a: i,ww=  50  0.974679434
 a: i,ww=  60  2.43575814
 a: i,ww=  70  6.08704516
 a: i,ww=  80  15.2117397
 a: i,ww=  90  38.0146717
 a: i,ww=  100  95.
 DZface_Tabluj: pretabulation, near Z0:
 b: i,ww=  0  86.187
 b: i,ww=  10  91.187
 b: i,ww=  20  96.187
 DZface_Tabluj: LEP2 energy zone: pretabulation starts
 c: i,ww=  0  95.
 c: i,ww=  10  105.000069
 c: i,ww=  20  115.000138
 c: i,ww=  30  125.000207
 c: i,ww=  40  135.000276
 c: i,ww=  50  145.000345
 c: i,ww=  60  155.000414
 c: i,ww=  70  165.000483
 c: i,ww=  80  175.000552
 c: i,ww=  90  185.000621
 c: i,ww=  100  195.00069
 c: i,ww=  110  205.000759
 c: i,ww=  120  215.000828
 c: i,ww=  130  225.000897
 c: i,ww=  140  235.000966
 DZface_Tabluj: NLC energy range: pretabulation starts
 d: i,ww=  0  240.001
 d: i,ww=  10  340.001
 d: i,ww=  20  440.001
 d: i,ww=  30  540.001
 d: i,ww=  40  640.001
 d: i,ww=  50  740.001
 d: i,ww=  60  840.001
 d: i,ww=  70  940.001
 d: i,ww=  80  1040.001
 DZface_Tabluj: pretabulatin finished  now !
 DZface_WriteFile: finished  now !!!


 ***************************************************************************
 *   DZface_Initialize, Interface to Dizet 6.xx                            *
 *      91.18700000                 Z mass                   amz        a1 *
 *     100.00000000                 Higgs mass               amh        a2 *
 *     175.00000000                 Top mass                 amtop      a3 *
 *               11                 KF code of beam          KFini      a5 *
 *               16                 KF of final fermion      KFfin      a6 *
 *                2                 IV code of beam          IVini      a7 *
 *                1                 IV of final fermion      IVfin      a8 *
 *                1                 EW box switch            ibox       a9 *
 *     128.86674175                 QED alfa inv. at Z       alfinv     a1 *
 *       0.12500000                 QCD alfa at Z mass       alfQCD     a2 *
 ***************************************************************************

 DIZET flags, see routine Dizet for explanation:
  Ihvp = 1 Iamt4 = 4
  Iqcd = 3 Imoms = 1
 Imass = 0 Iscre = 0
 Ialem = 3 Imask = 0
 Iscal = 0 Ibarb = 2
 IFtjr = 1 Ifacr = 0
 IFact = 0 Ihigs = 0
 Iafmt = 1 Iewlc = 1
 Iczak = 1 Ihig2 = 1
 Iale2 = 3 Igfer = 2
 Iddzz = 1
    
 Alpha-QED   (MZ)  =0.007759
 Alfa strong (MZ)  =  0.1250
 Alfa strong (Mt)  =  0.1132
zpard(20): QCD corr.fact. to Z-width (no b)  =   1.0334403631
zpard(25): QCD corr.fact. to Z-width (into b)=   1.0420641692
    
 zpar-matrix: standard output of dizet:
    zpar( 1)=  0.03542132
    zpar( 2)=  0.01157806
    zpar( 3)=  0.22302485
    zpar( 4)=  1.16637000
    zpar( 5)=  0.23120067
    zpar( 6)=  0.23158158
    zpar( 7)=  0.23158158
    zpar( 8)=  0.23158158
    zpar( 9)=  0.23147509
    zpar(10)=  0.23134812
    zpar(11)=  0.23147509
    zpar(12)=  0.23134812
    zpar(13)=  0.00000000
    zpar(14)=  0.23294897
    zpar(15)=  0.12500000
    zpar(16)=  1.00000000
    zpar(17)=  1.04206384
    zpar(18)=  1.05007809
    zpar(19)=  1.04145461
    zpar(20)=  1.03344036
    zpar(21)=  1.04207904
    zpar(22)=  1.04992188
    zpar(23)=  1.04145461
    zpar(24)=  1.03344036
    zpar(25)=  1.04206417
    zpar(26)=  1.05007842
    zpar(27)=  1.04201871
    zpar(28)=  1.02759398
    zpar(29)= -0.00002603
    zpar(30)=  0.21220659


 ***************************************************************************
 *                     DZface_Initializion ended                           *
 ***************************************************************************

 DZface_Tabluj: pretabulation, basic LEP1 range
 a: i,ww=  0  0.01
 a: i,ww=  10  0.0249903513
 a: i,ww=  20  0.0624517656
 a: i,ww=  30  0.156069156
 a: i,ww=  40  0.390022303
 a: i,ww=  50  0.974679434
 a: i,ww=  60  2.43575814
 a: i,ww=  70  6.08704516
 a: i,ww=  80  15.2117397
 a: i,ww=  90  38.0146717
 a: i,ww=  100  95.
 DZface_Tabluj: pretabulation, near Z0:
 b: i,ww=  0  86.187
 b: i,ww=  10  91.187
 b: i,ww=  20  96.187
 DZface_Tabluj: LEP2 energy zone: pretabulation starts
 c: i,ww=  0  95.
 c: i,ww=  10  105.000069
 c: i,ww=  20  115.000138
 c: i,ww=  30  125.000207
 c: i,ww=  40  135.000276
 c: i,ww=  50  145.000345
 c: i,ww=  60  155.000414
 c: i,ww=  70  165.000483
 c: i,ww=  80  175.000552
 c: i,ww=  90  185.000621
 c: i,ww=  100  195.00069
 c: i,ww=  110  205.000759
 c: i,ww=  120  215.000828
 c: i,ww=  130  225.000897
 c: i,ww=  140  235.000966
 DZface_Tabluj: NLC energy range: pretabulation starts
 d: i,ww=  0  240.001
 d: i,ww=  10  340.001
 d: i,ww=  20  440.001
 d: i,ww=  30  540.001
 d: i,ww=  40  640.001
 d: i,ww=  50  740.001
 d: i,ww=  60  840.001
 d: i,ww=  70  940.001
 d: i,ww=  80  1040.001
 DZface_Tabluj: pretabulatin finished  now !
 DZface_WriteFile: finished  now !!!
