        NEVT        JAK1        JAK2      ITDKRC
     2000000           0           0           1
        PTAU      XK0DEC
     .000000     .001000
 NEVTES=  2000000



 ===========================================================================
 ===========================================================================
 ===========================================================================
 ===========================================================================
                        TESTS OF TAU DECAY ROUTINES                   
                        INTERFACE OF THE KORAL-Z TYPE                 
 ===========================================================================
 ===========================================================================
     IDFF  =    -15  LUND IDENTIFIER FOR FIRST TAU             
     POL(3)=    .90  THIRD COMPONENT OF TAU POLARIZ.           
     PTAU  =    .00  THIRD COMPONENT OF TAU MOM. GEV           
 ===========================================================================
 ===========================================================================




 ***************************************************************************
 *                         *****TAUOLA LIBRARY: VERSION 2.4 ******         *
 *                         ***********NOVEMBER 1992***************         *
 *                         **AUTHORS: S.JADACH, Z.WAS*************         *
 *                         **R. DECKER, M. JEZABEK, J.H.KUEHN*****         *
 *                         **AVAILABLE FROM: WASM AT CERNVM ******         *
 *                         ***** PUBLISHED IN COMP. PHYS. COMM.***         *
 *                         *******CERN-TH-5856 SEPTEMBER 1990*****         *
 *                         *******CERN-TH-6195 SEPTEMBER 1991*****         *
 *                         *******CERN-TH-     NOVEMBER  1992*****         *
 *                         ******DEXAY ROUTINE: INITIALIZATION****         *
 *                   0     JAK1   = DECAY MODE FERMION1 (TAU+)             *
 *                   0     JAK2   = DECAY MODE FERMION2 (TAU-)             *
 ***************************************************************************

  RANMAR INITIALIZED:   54217137           0         0

 ***************************************************************************


 ***************************************************************************




 ===== EVENT NO.   1 =====



                    The Lund Monte Carlo - JETSET version 7.3
                    **  Last date of change:  20 May 1992  **




                            Event listing (standard)

    I  particle/jet  K(I,1)   K(I,2) K(I,3)     K(I,4)      K(I,5)       P(I,1)       P(I,2)       P(I,3)       P(I,4)       P(I,5)

    1  !e+!              21      -11     0           3           4       .00000       .00000      1.78420      1.78420       .00051
    2  !e-!              21       11     0           3           4       .00000       .00000     -1.78420      1.78420       .00051
    3  tau+               1      -15     1           0           0       .00000       .00000       .00000      1.78420      1.78420
    4  (tau-)            11       15     1           5           6       .00000       .00000       .00000      1.78420      1.78420
    5  nu_tau             1       16     4           0           0       .15368       .30209       .02964       .34038       .01000
    6  (W-)              11      -24     4           7           9      -.15368      -.30209      -.02964      1.44382      1.40317
    7  eta                1      221     6           0           0      -.05243      -.18715      -.30979       .65949       .54880
    8  pi-                1     -211     6           0           0      -.25587      -.31094       .26133       .49992       .13957
    9  pi0                1      111     6           0           0       .15461       .19600       .01882       .28441       .13496
                   sum charge:   .00   sum momentum and inv. mass:       .00000       .00000       .00000      3.56840      3.56840



 ===== EVENT NO.   2 =====



                            Event listing (standard)

    I  particle/jet  K(I,1)   K(I,2) K(I,3)     K(I,4)      K(I,5)       P(I,1)       P(I,2)       P(I,3)       P(I,4)       P(I,5)

    1  !e+!              21      -11     0           3           4       .00000       .00000      1.78420      1.78420       .00051
    2  !e-!              21       11     0           3           4       .00000       .00000     -1.78420      1.78420       .00051
    3  tau+               1      -15     1           0           0       .00000       .00000       .00000      1.78420      1.78420
    4  (tau-)            11       15     1           5           6       .00000       .00000       .00000      1.78420      1.78420
    5  nu_tau             1       16     4           0           0       .15962      -.37347      -.42636       .58893       .01000
    6  (rho-)            11     -213     4           7           8      -.15962       .37347       .42636      1.19527      1.04016
    7  pi-                1     -211     6           0           0      -.01804      -.33289       .03164       .36280       .13957
    8  pi0                1      111     6           0           0      -.14158       .70636       .39471       .83247       .13496
                   sum charge:   .00   sum momentum and inv. mass:       .00000       .00000       .00000      3.56840      3.56840



 ===== EVENT NO.   3 =====



                            Event listing (standard)

    I  particle/jet  K(I,1)   K(I,2) K(I,3)     K(I,4)      K(I,5)       P(I,1)       P(I,2)       P(I,3)       P(I,4)       P(I,5)

    1  !e+!              21      -11     0           3           4       .00000       .00000      1.78420      1.78420       .00051
    2  !e-!              21       11     0           3           4       .00000       .00000     -1.78420      1.78420       .00051
    3  tau+               1      -15     1           0           0       .00000       .00000       .00000      1.78420      1.78420
    4  (tau-)            11       15     1           5           6       .00000       .00000       .00000      1.78420      1.78420
    5  nu_tau             1       16     4           0           0       .40611       .07531      -.12237       .43090       .01000
    6  (W-)              11      -24     4           7          11      -.40611      -.07531       .12237      1.35330      1.28291
    7  pi-                1     -211     6           0           0      -.08133      -.10627      -.14032       .23891       .13957
    8  pi-                1     -211     6           0           0      -.28886      -.17066       .43666       .56808       .13957
    9  pi-                1     -211     6           0           0      -.04663       .13867       .01341       .20264       .13957
   10  pi+                1      211     6           0           0       .00689       .01859      -.08057       .16237       .13957
   11  pi+                1      211     6           0           0       .00383       .04435      -.10681       .18130       .13957
                   sum charge:   .00   sum momentum and inv. mass:       .00000       .00000       .00000      3.56840      3.56840



 ===== EVENT NO.   4 =====



                            Event listing (standard)

    I  particle/jet  K(I,1)   K(I,2) K(I,3)     K(I,4)      K(I,5)       P(I,1)       P(I,2)       P(I,3)       P(I,4)       P(I,5)

    1  !e+!              21      -11     0           3           4       .00000       .00000      1.78420      1.78420       .00051
    2  !e-!              21       11     0           3           4       .00000       .00000     -1.78420      1.78420       .00051
    3  tau+               1      -15     1           0           0       .00000       .00000       .00000      1.78420      1.78420
    4  (tau-)            11       15     1           5           6       .00000       .00000       .00000      1.78420      1.78420
    5  nu_tau             1       16     4           0           0      -.03065       .22416      -.06792       .23643       .00999
    6  (W-)              11      -24     4           7           9       .03065      -.22416       .06792      1.54777      1.52964
    7  K-                 1     -321     6           0           0       .01255       .14756       .20670       .55530       .49367
    8  pi-                1     -211     6           0           0       .14724       .14509      -.08774       .26440       .13957
    9  K+                 1      321     6           0           0      -.12915      -.51680      -.05104       .72806       .49367
                   sum charge:   .00   sum momentum and inv. mass:       .00000       .00000       .00000      3.56840      3.56840



 ===== EVENT NO.   5 =====



                            Event listing (standard)

    I  particle/jet  K(I,1)   K(I,2) K(I,3)     K(I,4)      K(I,5)       P(I,1)       P(I,2)       P(I,3)       P(I,4)       P(I,5)

    1  !e+!              21      -11     0           3           4       .00000       .00000      1.78420      1.78420       .00051
    2  !e-!              21       11     0           3           4       .00000       .00000     -1.78420      1.78420       .00051
    3  tau+               1      -15     1           0           0       .00000       .00000       .00000      1.78420      1.78420
    4  (tau-)            11       15     1           5           7       .00000       .00000       .00000      1.78420      1.78420
    5  nu_tau             1       16     4           0           0       .05144       .50728       .60132       .78839      -.00016
    6  mu-                1       13     4           0           0       .14393      -.55162      -.52183       .78004       .10566
    7  nu_mu~             1      -14     4           0           0      -.19537       .04434      -.07949       .21576       .01000
                   sum charge:   .00   sum momentum and inv. mass:       .00000       .00000       .00000      3.56840      3.56840



 ===== EVENT NO.   6 =====



                            Event listing (standard)

    I  particle/jet  K(I,1)   K(I,2) K(I,3)     K(I,4)      K(I,5)       P(I,1)       P(I,2)       P(I,3)       P(I,4)       P(I,5)

    1  !e+!              21      -11     0           3           4       .00000       .00000      1.78420      1.78420       .00051
    2  !e-!              21       11     0           3           4       .00000       .00000     -1.78420      1.78420       .00051
    3  tau+               1      -15     1           0           0       .00000       .00000       .00000      1.78420      1.78420
    4  (tau-)            11       15     1           5           6       .00000       .00000       .00000      1.78420      1.78420
    5  nu_tau             1       16     4           0           0       .31603       .23610      -.02758       .39557       .00999
    6  (W-)              11      -24     4           7           9      -.31603      -.23610       .02758      1.38863      1.33113
    7  K-                 1     -321     6           0           0      -.27223      -.32480      -.02248       .65101       .49367
    8  pi-                1     -211     6           0           0      -.04830       .03611       .36156       .39223       .13957
    9  pi+                1      211     6           0           0       .00450       .05259      -.31149       .34539       .13957
                   sum charge:   .00   sum momentum and inv. mass:       .00000       .00000       .00000      3.56840      3.56840



 ===== EVENT NO.   7 =====



                            Event listing (standard)

    I  particle/jet  K(I,1)   K(I,2) K(I,3)     K(I,4)      K(I,5)       P(I,1)       P(I,2)       P(I,3)       P(I,4)       P(I,5)

    1  !e+!              21      -11     0           3           4       .00000       .00000      1.78420      1.78420       .00051
    2  !e-!              21       11     0           3           4       .00000       .00000     -1.78420      1.78420       .00051
    3  tau+               1      -15     1           0           0       .00000       .00000       .00000      1.78420      1.78420
    4  (tau-)            11       15     1           5           6       .00000       .00000       .00000      1.78420      1.78420
    5  nu_tau             1       16     4           0           0       .34782      -.39949       .21664       .57236       .01000
    6  (W-)              11      -24     4           7          10      -.34782       .39949      -.21664      1.21184      1.06820
    7  pi-                1     -211     6           0           0      -.31318      -.09176      -.05913       .35983       .13957
    8  pi-                1     -211     6           0           0      -.03639       .31991      -.05965       .35596       .13957
    9  pi+                1      211     6           0           0       .06414       .14340       .11139       .23783       .13957
   10  pi0                1      111     6           0           0      -.06238       .02793      -.20925       .25821       .13496
                   sum charge:   .00   sum momentum and inv. mass:       .00000       .00000       .00000      3.56840      3.56840



 ===== EVENT NO.   8 =====



                            Event listing (standard)

    I  particle/jet  K(I,1)   K(I,2) K(I,3)     K(I,4)      K(I,5)       P(I,1)       P(I,2)       P(I,3)       P(I,4)       P(I,5)

    1  !e+!              21      -11     0           3           4       .00000       .00000      1.78420      1.78420       .00051
    2  !e-!              21       11     0           3           4       .00000       .00000     -1.78420      1.78420       .00051
    3  tau+               1      -15     1           0           0       .00000       .00000       .00000      1.78420      1.78420
    4  (tau-)            11       15     1           5           6       .00000       .00000       .00000      1.78420      1.78420
    5  nu_tau             1       16     4           0           0       .01466       .04345       .03080       .05613       .01000
    6  (W-)              11      -24     4           7          12      -.01466      -.04345      -.03080      1.72807      1.72718
    7  pi-                1     -211     6           0           0       .19283       .00831      -.12258       .26787       .13957
    8  pi-                1     -211     6           0           0      -.27680      -.07411       .14489       .35012       .13957
    9  pi-                1     -211     6           0           0      -.18767      -.10603      -.19722       .32379       .13957
   10  pi+                1      211     6           0           0       .00467       .18492      -.03003       .23366       .13957
   11  pi+                1      211     6           0           0       .30184       .06157       .10443       .35395       .13957
   12  pi0                1      111     6           0           0      -.04953      -.11810       .06970       .19868       .13496
                   sum charge:   .00   sum momentum and inv. mass:       .00000       .00000       .00000      3.56840      3.56840



 ===== EVENT NO.   9 =====



                            Event listing (standard)

    I  particle/jet  K(I,1)   K(I,2) K(I,3)     K(I,4)      K(I,5)       P(I,1)       P(I,2)       P(I,3)       P(I,4)       P(I,5)

    1  !e+!              21      -11     0           3           4       .00000       .00000      1.78420      1.78420       .00051
    2  !e-!              21       11     0           3           4       .00000       .00000     -1.78420      1.78420       .00051
    3  tau+               1      -15     1           0           0       .00000       .00000       .00000      1.78420      1.78420
    4  (tau-)            11       15     1           5           6       .00000       .00000       .00000      1.78420      1.78420
    5  nu_tau             1       16     4           0           0       .13684       .06836      -.23845       .28348       .01000
    6  (W-)              11      -24     4           7          10      -.13684      -.06836       .23845      1.50072      1.47374
    7  pi-                1     -211     6           0           0      -.31529      -.02506      -.13549       .37131       .13957
    8  pi-                1     -211     6           0           0      -.31635      -.20245       .18722       .44226       .13957
    9  pi+                1      211     6           0           0       .42157       .04550       .21248       .49439       .13957
   10  pi0                1      111     6           0           0       .07322       .11366      -.02576       .19277       .13496
                   sum charge:   .00   sum momentum and inv. mass:       .00000       .00000       .00000      3.56840      3.56840



 ===== EVENT NO.  10 =====



                            Event listing (standard)

    I  particle/jet  K(I,1)   K(I,2) K(I,3)     K(I,4)      K(I,5)       P(I,1)       P(I,2)       P(I,3)       P(I,4)       P(I,5)

    1  !e+!              21      -11     0           3           4       .00000       .00000      1.78420      1.78420       .00051
    2  !e-!              21       11     0           3           4       .00000       .00000     -1.78420      1.78420       .00051
    3  tau+               1      -15     1           0           0       .00000       .00000       .00000      1.78420      1.78420
    4  (tau-)            11       15     1           5           6       .00000       .00000       .00000      1.78420      1.78420
    5  nu_tau             1       16     4           0           0      -.27864      -.10253       .10113       .31382       .01000
    6  (W-)              11      -24     4           7          12       .27864       .10253      -.10113      1.47038      1.43654
    7  pi-                1     -211     6           0           0       .00125       .29826       .10102       .34444       .13957
    8  pi-                1     -211     6           0           0       .28223      -.26900      -.07089       .42014       .13957
    9  pi-                1     -211     6           0           0       .07326       .15475      -.00691       .22100       .13957
   10  pi+                1      211     6           0           0       .04369      -.03090      -.08867       .17380       .13957
   11  pi+                1      211     6           0           0      -.08481      -.01216      -.02199       .16524       .13957
   12  pi0                1      111     6           0           0      -.03697      -.03842      -.01368       .14576       .13496
                   sum charge:   .00   sum momentum and inv. mass:       .00000       .00000       .00000      3.56840      3.56840



 ===== EVENT NO.  11 =====



                            Event listing (standard)

    I  particle/jet  K(I,1)   K(I,2) K(I,3)     K(I,4)      K(I,5)       P(I,1)       P(I,2)       P(I,3)       P(I,4)       P(I,5)

    1  !e+!              21      -11     0           3           4       .00000       .00000      1.78420      1.78420       .00051
    2  !e-!              21       11     0           3           4       .00000       .00000     -1.78420      1.78420       .00051
    3  tau+               1      -15     1           0           0       .00000       .00000       .00000      1.78420      1.78420
    4  (tau-)            11       15     1           5           6       .00000       .00000       .00000      1.78420      1.78420
    5  nu_tau             1       16     4           0           0       .03817       .27674       .51927       .58973       .01000
    6  (a_1-)            11   -20213     4           7           9      -.03817      -.27674      -.51927      1.19447      1.03879
    7  pi0                1      111     6           0           0      -.08411       .12997      -.27072       .33981       .13496
    8  pi0                1      111     6           0           0       .14645       .13888      -.10715       .26539       .13496
    9  pi-                1     -211     6           0           0      -.10051      -.54559      -.14139       .58927       .13957
                   sum charge:   .00   sum momentum and inv. mass:       .00000       .00000       .00000      3.56840      3.56840



 ===== EVENT NO.  12 =====



                            Event listing (standard)

    I  particle/jet  K(I,1)   K(I,2) K(I,3)     K(I,4)      K(I,5)       P(I,1)       P(I,2)       P(I,3)       P(I,4)       P(I,5)

    1  !e+!              21      -11     0           3           4       .00000       .00000      1.78420      1.78420       .00051
    2  !e-!              21       11     0           3           4       .00000       .00000     -1.78420      1.78420       .00051
    3  tau+               1      -15     1           0           0       .00000       .00000       .00000      1.78420      1.78420
    4  (tau-)            11       15     1           5           6       .00000       .00000       .00000      1.78420      1.78420
    5  nu_tau             1       16     4           0           0       .14304      -.37174       .25281       .47187       .01000
    6  (W-)              11      -24     4           7           9      -.14304       .37174      -.25281      1.31233      1.22459
    7  pi0                1      111     6           0           0      -.05660       .06218      -.27650       .31897       .13496
    8  pi0                1      111     6           0           0      -.06910       .17814      -.30594       .38513       .13496
    9  K-                 1     -321     6           0           0      -.01734       .13142       .32964       .60823       .49367
                   sum charge:   .00   sum momentum and inv. mass:       .00000       .00000       .00000      3.56840      3.56840



 ===== EVENT NO.  13 =====



                            Event listing (standard)

    I  particle/jet  K(I,1)   K(I,2) K(I,3)     K(I,4)      K(I,5)       P(I,1)       P(I,2)       P(I,3)       P(I,4)       P(I,5)

    1  !e+!              21      -11     0           3           4       .00000       .00000      1.78420      1.78420       .00051
    2  !e-!              21       11     0           3           4       .00000       .00000     -1.78420      1.78420       .00051
    3  tau+               1      -15     1           0           0       .00000       .00000       .00000      1.78420      1.78420
    4  (tau-)            11       15     1           5           6       .00000       .00000       .00000      1.78420      1.78420
    5  nu_tau             1       16     4           0           0      -.56170      -.17024       .20017       .62021       .01001
    6  (W-)              11      -24     4           7          10       .56170       .17024      -.20017      1.16399       .98504
    7  pi0                1      111     6           0           0       .57134       .19794      -.01348       .61968       .13496
    8  pi0                1      111     6           0           0       .05394       .04201       .01440       .15198       .13496
    9  pi0                1      111     6           0           0       .00255      -.09949      -.05188       .17553       .13496
   10  pi-                1     -211     6           0           0      -.06613       .02978      -.14921       .21680       .13957
                   sum charge:   .00   sum momentum and inv. mass:       .00000       .00000       .00000      3.56840      3.56840



 ===== EVENT NO.  14 =====



                            Event listing (standard)

    I  particle/jet  K(I,1)   K(I,2) K(I,3)     K(I,4)      K(I,5)       P(I,1)       P(I,2)       P(I,3)       P(I,4)       P(I,5)

    1  !e+!              21      -11     0           3           4       .00000       .00000      1.78420      1.78420       .00051
    2  !e-!              21       11     0           3           4       .00000       .00000     -1.78420      1.78420       .00051
    3  tau+               1      -15     1           0           0       .00000       .00000       .00000      1.78420      1.78420
    4  (tau-)            11       15     1           5           6       .00000       .00000       .00000      1.78420      1.78420
    5  nu_tau             1       16     4           0           0      -.24828      -.05041       .15132       .29527       .01000
    6  (W-)              11      -24     4           7           9       .24828       .05041      -.15132      1.48893      1.45939
    7  K-                 1     -321     6           0           0       .12036       .15797       .07713       .53768       .49367
    8  pi-                1     -211     6           0           0      -.05157      -.08441       .20701       .26854       .13957
    9  K+                 1      321     6           0           0       .17950      -.02315      -.43546       .68271       .49367
                   sum charge:   .00   sum momentum and inv. mass:       .00000       .00000       .00000      3.56840      3.56840



 ***************************************************************************
 *                         ******** DADMEL FINAL REPORT  ********          *
 *              862087     NEVRAW = NO. OF EL  DECAYS TOTAL                *
 *              210590     NEVACC = NO. OF EL   DECS. ACCEPTED             *
 *                   0     NEVOVR = NO. OF OVERWEIGHTED EVENTS             *
 *          .41171E-12     PARTIAL WTDTH ( ELECTRON) IN GEV UNITS          *
 *          .996432066     IN UNITS GFERMI**2*MASS**5/192/PI**3            *
 *          .001006952     RELATIVE ERROR OF PARTIAL WIDTH                 *
 *                         COMPLETE QED CORRECTIONS INCLUDED               *
 *                         BUT ONLY V-A CUPLINGS                           *
 ***************************************************************************




 ***************************************************************************
 *                         ******** DADMMU FINAL REPORT  ********          *
 *              881827     NEVRAW = NO. OF MU  DECAYS TOTAL                *
 *              209656     NEVACC = NO. OF MU   DECS. ACCEPTED             *
 *                   0     NEVOVR = NO. OF OVERWEIGHTED EVENTS             *
 *          .40063E-12     PARTIAL WTDTH (MU  DECAY) IN GEV UNITS          *
 *          .969619691     IN UNITS GFERMI**2*MASS**5/192/PI**3            *
 *          .001096057     RELATIVE ERROR OF PARTIAL WIDTH                 *
 *                         COMPLETE QED CORRECTIONS INCLUDED               *
 *                         BUT ONLY V-A CUPLINGS                           *
 ***************************************************************************




 ***************************************************************************
 *                         ******** DADMPI FINAL REPORT  ********          *
 *              211239     NEVTOT = NO. OF PI  DECAYS TOTAL                *
 *          .25032E-12     PARTIAL WTDTH ( PI DECAY) IN GEV UNITS          *
 *          .605830729     IN UNITS GFERMI**2*MASS**5/192/PI**3            *
 *           .00000000     RELATIVE ERROR OF PARTIAL WIDTH (STAT.)         *
 ***************************************************************************




 ***************************************************************************
 *                         ******** DADMRO FINAL REPORT  ********          *
 *              677046     NEVRAW = NO. OF RHO DECAYS TOTAL                *
 *              210547     NEVACC = NO. OF RHO  DECS. ACCEPTED             *
 *                   0     NEVOVR = NO. OF OVERWEIGHTED EVENTS             *
 *          .54845E-12     PARTIAL WTDTH (RHO DECAY) IN GEV UNITS          *
 *         1.327384949     IN UNITS GFERMI**2*MASS**5/192/PI**3            *
 *           .00069127     RELATIVE ERROR OF PARTIAL WIDTH                 *
 ***************************************************************************




 ***************************************************************************
 *                         ******** DADMAA FINAL REPORT  ********          *
 *             2111794     NEVRAW = NO. OF A1  DECAYS TOTAL                *
 *              212032     NEVACC = NO. OF A1   DECS. ACCEPTED             *
 *                 286     NEVOVR = NO. OF OVERWEIGHTED EVENTS             *
 *          .29724E-12     PARTIAL WTDTH (A1  DECAY) IN GEV UNITS          *
 *          .719404757     IN UNITS GFERMI**2*MASS**5/192/PI**3            *
 *           .00078738     RELATIVE ERROR OF PARTIAL WIDTH                 *
 ***************************************************************************




 ***************************************************************************
 *                         ******** DADMKK FINAL REPORT   ********         *
 *              209849     NEVTOT = NO. OF K  DECAYS TOTAL                 *
 *          .16425E-13     PARTIAL WTDTH ( K DECAY) IN GEV UNITS           *
 *          .039753322     IN UNITS GFERMI**2*MASS**5/192/PI**3            *
 *           .00000000     RELATIVE ERROR OF PARTIAL WIDTH (STAT.)         *
 ***************************************************************************




 ***************************************************************************
 *                         ******** DADMKS FINAL REPORT   ********         *
 *              553162     NEVRAW = NO. OF K* DECAYS TOTAL                 *
 *              210507     NEVACC = NO. OF K*  DECS. ACCEPTED              *
 *                   0     NEVOVR = NO. OF OVERWEIGHTED EVENTS             *
 *          .28985E-13     PARTIAL WTDTH (K* DECAY) IN GEV UNITS           *
 *          .070150167     IN UNITS GFERMI**2*MASS**5/192/PI**3            *
 *           .00064765     RELATIVE ERROR OF PARTIAL WIDTH                 *
 ***************************************************************************




 ***************************************************************************
 *                         ******** DAD4PI FINAL REPORT  ********          *
 *                         CHANNEL:  TAU-  --> 2PI-,  PI0,  PI+            *
 *             4065511     NEVRAW = NO. OF DECAYS TOTAL                    *
 *              210992     NEVACC = NO. OF DECAYS ACCEPTED                 *
 *                3682     NEVOVR = NO. OF OVERWEIGHTED EVENTS             *
 *          .34703E-13     PARTIAL WTDTH IN GEV UNITS                      *
 *          .083989836     IN UNITS GFERMI**2*MASS**5/192/PI**3            *
 *           .00090303     RELATIVE ERROR OF PARTIAL WIDTH                 *
 ***************************************************************************




 ***************************************************************************
 *                         ******** DAD4PI FINAL REPORT  ********          *
 *                         CHANNEL:  TAU-  --> 3PI0,        PI-            *
 *             4099846     NEVRAW = NO. OF DECAYS TOTAL                    *
 *              211487     NEVACC = NO. OF DECAYS ACCEPTED                 *
 *                1970     NEVOVR = NO. OF OVERWEIGHTED EVENTS             *
 *          .71047E-14     PARTIAL WTDTH IN GEV UNITS                      *
 *          .017195091     IN UNITS GFERMI**2*MASS**5/192/PI**3            *
 *           .00094534     RELATIVE ERROR OF PARTIAL WIDTH                 *
 ***************************************************************************




 ***************************************************************************
 *                         ******** DADNPI FINAL REPORT  ********          *
 *                         CHANNEL:  TAU-  --> 3PI-, 2PI+,                 *
 *              330301     NEVRAW = NO. OF DECAYS TOTAL                    *
 *              104882     NEVACC = NO. OF DECAYS ACCEPTED                 *
 *                   0     NEVOVR = NO. OF OVERWEIGHTED EVENTS             *
 *          .11952E-13     PARTIAL WTDTH IN GEV UNITS                      *
 *          .028926944     IN UNITS GFERMI**2*MASS**5/192/PI**3            *
 *           .00171015     RELATIVE ERROR OF PARTIAL WIDTH                 *
 ***************************************************************************




 ***************************************************************************
 *                         ******** DADNPI FINAL REPORT  ********          *
 *                         CHANNEL:  TAU-  --> 3PI-, 2PI+,  PI0            *
 *              419919     NEVRAW = NO. OF DECAYS TOTAL                    *
 *              105187     NEVACC = NO. OF DECAYS ACCEPTED                 *
 *                   0     NEVOVR = NO. OF OVERWEIGHTED EVENTS             *
 *          .17439E-14     PARTIAL WTDTH IN GEV UNITS                      *
 *          .004220685     IN UNITS GFERMI**2*MASS**5/192/PI**3            *
 *           .00197536     RELATIVE ERROR OF PARTIAL WIDTH                 *
 ***************************************************************************




 ***************************************************************************
 *                         ******** DADMPK FINAL REPORT  ********          *
 *                         CHANNEL:  TAU-  -->  K-, PI-,  K+               *
 *             1927476     NEVRAW = NO. OF DECAYS TOTAL                    *
 *              209175     NEVACC = NO. OF DECAYS ACCEPTED                 *
 *                   0     NEVOVR = NO. OF OVERWEIGHTED EVENTS             *
 *          .25059E-14     PARTIAL WTDTH IN GEV UNITS                      *
 *          .006064856     IN UNITS GFERMI**2*MASS**5/192/PI**3            *
 *           .00100515     RELATIVE ERROR OF PARTIAL WIDTH                 *
 ***************************************************************************




 ***************************************************************************
 *                         ******** DADMPK FINAL REPORT  ********          *
 *                         CHANNEL:  TAU-  -->  K0, PI-, K0B               *
 *             1995435     NEVRAW = NO. OF DECAYS TOTAL                    *
 *              210709     NEVACC = NO. OF DECAYS ACCEPTED                 *
 *                   0     NEVOVR = NO. OF OVERWEIGHTED EVENTS             *
 *          .23139E-14     PARTIAL WTDTH IN GEV UNITS                      *
 *          .005600267     IN UNITS GFERMI**2*MASS**5/192/PI**3            *
 *           .00098763     RELATIVE ERROR OF PARTIAL WIDTH                 *
 ***************************************************************************




 ***************************************************************************
 *                         ******** DADMPK FINAL REPORT  ********          *
 *                         CHANNEL:  TAU-  -->  K-,  K0, PI0               *
 *             3096309     NEVRAW = NO. OF DECAYS TOTAL                    *
 *              210573     NEVACC = NO. OF DECAYS ACCEPTED                 *
 *                 600     NEVOVR = NO. OF OVERWEIGHTED EVENTS             *
 *          .21330E-15     PARTIAL WTDTH IN GEV UNITS                      *
 *          .000516241     IN UNITS GFERMI**2*MASS**5/192/PI**3            *
 *           .00099114     RELATIVE ERROR OF PARTIAL WIDTH                 *
 ***************************************************************************




 ***************************************************************************
 *                         ******** DADMPK FINAL REPORT  ********          *
 *                         CHANNEL:  TAU-  --> PI0, PI0,  K-               *
 *             1825302     NEVRAW = NO. OF DECAYS TOTAL                    *
 *              210702     NEVACC = NO. OF DECAYS ACCEPTED                 *
 *                 712     NEVOVR = NO. OF OVERWEIGHTED EVENTS             *
 *          .25295E-14     PARTIAL WTDTH IN GEV UNITS                      *
 *          .006122142     IN UNITS GFERMI**2*MASS**5/192/PI**3            *
 *           .00081921     RELATIVE ERROR OF PARTIAL WIDTH                 *
 ***************************************************************************




 ***************************************************************************
 *                         ******** DADMPK FINAL REPORT  ********          *
 *                         CHANNEL:  TAU-  -->  K-, PI-, PI+               *
 *             1557338     NEVRAW = NO. OF DECAYS TOTAL                    *
 *              210033     NEVACC = NO. OF DECAYS ACCEPTED                 *
 *                 647     NEVOVR = NO. OF OVERWEIGHTED EVENTS             *
 *          .13019E-13     PARTIAL WTDTH IN GEV UNITS                      *
 *          .031508114     IN UNITS GFERMI**2*MASS**5/192/PI**3            *
 *           .00096169     RELATIVE ERROR OF PARTIAL WIDTH                 *
 ***************************************************************************




 ***************************************************************************
 *                         ******** DADMPK FINAL REPORT  ********          *
 *                         CHANNEL:  TAU-  --> PI-, K0B, PI0               *
 *             2866654     NEVRAW = NO. OF DECAYS TOTAL                    *
 *              209951     NEVACC = NO. OF DECAYS ACCEPTED                 *
 *                  45     NEVOVR = NO. OF OVERWEIGHTED EVENTS             *
 *          .13170E-13     PARTIAL WTDTH IN GEV UNITS                      *
 *          .031875204     IN UNITS GFERMI**2*MASS**5/192/PI**3            *
 *           .00104999     RELATIVE ERROR OF PARTIAL WIDTH                 *
 ***************************************************************************




 ***************************************************************************
 *                         ******** DADMPK FINAL REPORT  ********          *
 *                         CHANNEL:  TAU-  --> ETA, PI-, PI0               *
 *             2615605     NEVRAW = NO. OF DECAYS TOTAL                    *
 *              210997     NEVACC = NO. OF DECAYS ACCEPTED                 *
 *                   4     NEVOVR = NO. OF OVERWEIGHTED EVENTS             *
 *          .45223E-14     PARTIAL WTDTH IN GEV UNITS                      *
 *          .010945023     IN UNITS GFERMI**2*MASS**5/192/PI**3            *
 *           .00108294     RELATIVE ERROR OF PARTIAL WIDTH                 *
 ***************************************************************************




 ***************************************************************************
 *                         ******** DADMPK FINAL REPORT  ********          *
 *                         CHANNEL:  TAU-  --> PI-, PI0, GAM               *
 *             1038627     NEVRAW = NO. OF DECAYS TOTAL                    *
 *              209512     NEVACC = NO. OF DECAYS ACCEPTED                 *
 *                  33     NEVOVR = NO. OF OVERWEIGHTED EVENTS             *
 *          .13104E-14     PARTIAL WTDTH IN GEV UNITS                      *
 *          .003171602     IN UNITS GFERMI**2*MASS**5/192/PI**3            *
 *           .00085465     RELATIVE ERROR OF PARTIAL WIDTH                 *
 ***************************************************************************




 ***************************************************************************
 *                         *****TAUOLA LIBRARY: VERSION 2.4 ******         *
 *                         ***********NOVEMBER 1992***************         *
 *                         **AUTHORS: S.JADACH, Z.WAS*************         *
 *                         **R. DECKER, M. JEZABEK, J.H.KUEHN*****         *
 *                         **AVAILABLE FROM: WASM AT CERNVM ******         *
 *                         ***** PUBLISHED IN COMP. PHYS. COMM.***         *
 *                         *******CERN-TH-5856 SEPTEMBER 1990*****         *
 *                         *******CERN-TH-6195 SEPTEMBER 1991*****         *
 *                         *******CERN-TH-     NOVEMBER  1992*****         *
 *                         ******DEXAY ROUTINE: FINAL REPORT******         *
 *                   0     NEV1   = NO. OF TAU+ DECS. ACCEPTED             *
 *             2000000     NEV2   = NO. OF TAU- DECS. ACCEPTED             *
 *             2000000     NEVTOT = SUM                                    *
 *    NOEVTS  PART.WIDTH     ERROR       ROUTINE    DECAY MODE             *
 *    105251    .9964321    .0010070     DADMEL     ELECTRON               *
 *    104682    .9696197    .0010961     DADMMU     MUON                   *
 *    105540    .6058307    .0000000     DADMPI     PION                   *
 *    105088   1.3273849    .0006913     DADMRO     RHO (->2PI)            *
 *    105588    .7194048    .0007874     DADMAA     A1  (->3PI)            *
 *    105216    .0397533    .0000000     DADMKK     KAON                   *
 *    105589    .0701502    .0006477     DADMKS     K*                     *
 *    105557    .0839898    .0009030     DAD4PI     PI- 2PI+ PI0           *
 *    105730    .0171951    .0009453     DAD4PI     PI- 3PI0               *
 *    104882    .0289269    .0017102     DADNPI     3PI- 2PI+              *
 *    105187    .0042207    .0019754     DADNPI     3PI- 2PI+ PI0          *
 *    104877    .0060649    .0010051     DADMPK     K+ K- PI+              *
 *    105394    .0056003    .0009876     DADMPK     K0B K0 PI+             *
 *    105415    .0005162    .0009911     DADMPK     K+ K0B PI0             *
 *    105274    .0061221    .0008192     DADMPK     K+ PI0 PI0             *
 *    105323    .0315081    .0009617     DADMPK     K+ PI- PI+             *
 *    105234    .0318752    .0010500     DADMPK     K0 PI0 PI+             *
 *    105061    .0109450    .0010829     DADMPK     ET PI- PI0             *
 *    105112    .0031716    .0008547     DADMPK     PI-PI0 GAM             *
 *                    THE ERROR IS RELATIVE AND  PART.WIDTH                *
 *                    IN UNITS GFERMI**2*MASS**5/192/PI**3                 *
 ***************************************************************************

