    
 ==============================================
 ==========*********************===============
 ==========***    YFSPRO     ***===============
 ==========*********************===============
 ==============================================
    
    
 ==============================================
 ==========*********************===============
 ==========***  Y F S P R O  ***===============
 ==========*********************===============
 ==============================================
    
  kat1  kat2  kat3  kat4  kat5  kat6  kat7  kat8
     0     1     0     0     0     0     0     0
 500000 requested events 
           
            *************************************************************
            *  ****   ****    ****  ****    ***       ***     ******    *
            *  ****   ****    ****  ****    ****     ****   **********  *
            *  ****   ****    ****  ****    *****   *****  *****   ***  *
            *  **********     *********     *************  ****         *
            *  *******        ******        *************  ****         *
            *  **********     ********      **** *** ****  *****   ***  *
            *  ****  *****    ****  ****    ****  *  ****   **********  *
            *  ****   *****   ****   ****   ****     ****     *******   *
            *************************************************************
           


 ***************************************************************************
 *                         KK Monte Carlo                                  *
 *            Version       4.19          25 Sept  2002                    *
 *     140.00000000                 CMS energy average       CMSene     a1 *
 *       0.00000000                 Beam energy spread       DelEne     a2 *
 *              100                 Max. photon mult.        npmax      a3 *
 *                1                 wt-ed or wt=1 evts.      KeyWgt     a4 *
 *                0                 ISR switch               KeyISR     a4 *
 *                1                 FSR switch               KeyFSR     a5 *
 *                2                 ISR/FSR interferenc      KeyINT     a6 *
 *                0                 New exponentiation       KeyGPS     a7 *
 *                1                 Hadroniz.  switch        KeyHad     a7 *
 *       0.20000000                 Hadroniz. min. mass      HadMin     a9 *
 *       1.00000000                 Maximum weight           WTmax     a10 *
 *              100                 Max. photon mult.        npmax     a11 *
 *               11                 Beam ident               KFini     a12 *
 *       0.00070000                 Manimum phot. ener.      Ene       a13 *
 *   0.10000000E-59                 Phot.mass, IR regul      MasPho    a14 *
 *    2.0000000                     Phot. mult. enhanc.      Xenph     a15 *
 *   0.10000000E-08                 Vcut1                    Vcut1     a16 *
 *   0.50000000E-01                 Vcut2                    Vcut2     a16 *
 *    0.0000000                     Vcut3                    Vcut2     a16 *
 *       0.00000000                    PolBeam1(1)           Pol1x     a17 *
 *       0.00000000                    PolBeam1(2)           Pol1y     a18 *
 *       0.00000000                    PolBeam1(3)           Pol1z     a19 *
 *       0.00000000                    PolBeam2(1)           Pol2x     a20 *
 *       0.00000000                    PolBeam2(2)           Pol2y     a21 *
 *       0.00000000                    PolBeam2(3)           Pol2z     a22 *
 ***************************************************************************

 +++WARNING: for WT=0 events NO hadronization!


 ***************************************************************************
 *            BornV  Initializator                                         *
 *      91.18700000                 Z mass     [GeV]         amz        a1 *
 *     100.00000000                 Higgs mass [GeV]         amh        a2 *
 *     175.00000000                 Top mass   [GeV]         amtop      a3 *
 *       2.50072032                 Z width    [GeV]         gammz      a4 *
 *       0.22276773                 sin(theta_w)**2          sinw2      a5 *
 *     137.03598950                 1/alfa_QED  at  Q=0      AlfInv     a6 *
 *       0.20000000                 MassCut light qqbar      HadMin     a6 *
 *               11                 KF code of beam          KFini      a7 *
 *    1.0000000                     Input vvmax              vvmax      a8 *
 *   0.99999772                     reduced vvmax in MC      vvmax      a9 *
 *         Test switches:                                                  *
 *                0                 Electroweak lib.         KeyElw     10 *
 *               -2                 Z on/off   switch        KeyZet     11 *
 *                0                 mass terms on/off        KeyWtm     12 *
 *                0                 R for gamma* on/off      KeyRes     12 *
 ***************************************************************************



 ***************************************************************************
 *                         KarLud_Initialize START                         *
 *     140.00000000                  CMS energy average      CMSene     == *
 *       0.00000000                  Beam energy spread      DelEne     == *
 *                0                  ISR on/off switch       KeyISR     == *
 *                0                  Type of ISR             KeyFix     == *
 *               -2                  Elect_weak switch       KeyZet     == *
 *                0                  Fixed nphot mult.       MltISR     == *
 *               50                  Max. photon mult.       nmax       == *
 ***************************************************************************

 *       1.41638529                 xs_crude  Born           xborn         *


 ***************************************************************************
 *                          KarLud_Initialize END                          *
 ***************************************************************************



 ***************************************************************************
 *                        KarFin Initialize  START                         *
 *                1                FSR radiation on/off      KeyFSR     a1 *
 *                1                radiation from quark      KeyQSR     a2 *
 *                1                removal    switch         KeyPia     a3 *
 *   0.10000000E-02                infrared cut FACTOR       delfac     a4 *
 *   0.10000000E-07                infrared cut itself       delta      a5 *
 *   0.70000000E-03                EminCMS for removal       [GeV]      a6 *
 *               50                Max. photon mult.         nmax       a7 *
 *                        KarFin Initialize  END                           *
 ***************************************************************************



 ***************************************************************************
 *                           KK2f: Initialization                          *
 *   0.62765057E-02                 x-crude [nb]             Xcrunb     ** *
 *         List of final fermions:                                         *
 *               13                 KF of final fermion      KFfin      ** *
 *   0.10565830                     mass of final ferm.      amferm     ** *
 *    1.4163853                     Xborn [R]                Xborn      ** *
 *    1.0000000                     WtMax sampling par.      WtMax      ** *
 *    1.0000000                     Auxiliary Parameter      AuxPar     ** *
 ***************************************************************************



 ***************************************************************************
 *        KK interface of Tauola                                           *
 *                2                Cloning procedure       KeyClone    t01 *
 ***************************************************************************



 ***************************************************************************
 *        Parameters passed from KK  to Tauola:                            *
 *                0                dec. type 1-st tau        Jak1      t01 *
 *                0                dec. type 2-nd tau        Jak2      t02 *
 *                1                current type a1 dec.      KeyA1     t03 *
 *               15                PDG id 1-st tau           idff      t04 *
 *                1                R.c. switch lept dec      itdkRC    t05 *
 *   0.10000000E-02                IR-cut for lept r.c.      xk0dec    t06 *
 ***************************************************************************



 ***************************************************************************
 *                 !!!!! Tauola inhibited !!!!                             *
 ***************************************************************************

     MSTU(11)       changed from              6 to             16



                            Event listing (summary)

    I particle/jet KS     KF  orig    p_x      p_y      p_z       E        m

    1 !e-!         21      11    0    0.000    0.000   70.000   70.000    0.001
    2 !e+!         21     -11    0    0.000    0.000  -70.000   70.000    0.001
    3 (Z0)         11      23    1   -0.037    0.014   -0.100  139.893  139.893
    4 gamma         1      22    1    0.037   -0.014    0.099    0.107    0.000
    5 mu-           1      13    3  -13.645   14.566  -67.093   69.999    0.106
    6 mu+           1     -13    3   13.608  -14.552   66.994   69.893    0.106
                   sum:  0.00         0.000    0.000    0.000  139.999  139.999
     MSTU(11)       changed from              6 to             16



                            Event listing (summary)

    I particle/jet KS     KF  orig    p_x      p_y      p_z       E        m

    1 !e-!         21      11    0    0.000    0.000   70.000   70.000    0.001
    2 !e+!         21     -11    0    0.000    0.000  -70.000   70.000    0.001
    3 (Z0)         11      23    1    0.045    0.034   -0.004  139.944  139.944
    4 gamma         1      22    1   -0.044   -0.032    0.004    0.055    0.000
    5 gamma         1      22    1   -0.001   -0.001    0.000    0.002    0.000
    6 mu-           1      13    3   47.068   50.677  -10.789   69.999    0.106
    7 mu+           1     -13    3  -47.023  -50.643   10.785   69.944    0.106
                   sum:  0.00         0.000    0.000    0.000  140.000  140.000
     MSTU(11)       changed from              6 to             16



                            Event listing (summary)

    I particle/jet KS     KF  orig    p_x      p_y      p_z       E        m

    1 !e-!         21      11    0    0.000    0.000   70.000   70.000    0.001
    2 !e+!         21     -11    0    0.000    0.000  -70.000   70.000    0.001
    3 (Z0)         11      23    1   -5.681    6.907  -10.308  126.332  125.592
    4 gamma         1      22    1    5.547   -6.873   10.177   13.475    0.000
    5 gamma         1      22    1    0.135   -0.034    0.132    0.192    0.000
    6 gamma         1      22    1   -0.001    0.000   -0.001    0.002    0.000
    7 mu-           1      13    3   39.853  -10.110   39.300   56.877    0.106
    8 mu+           1     -13    3  -45.534   17.017  -49.608   69.454    0.106
                   sum:  0.00         0.000    0.000    0.000  140.000  140.000
     MSTU(11)       changed from              6 to             16



                            Event listing (summary)

    I particle/jet KS     KF  orig    p_x      p_y      p_z       E        m

    1 !e-!         21      11    0    0.000    0.000   70.000   70.000    0.001
    2 !e+!         21     -11    0    0.000    0.000  -70.000   70.000    0.001
    3 (Z0)         11      23    1    0.011   -0.019   -0.107  139.890  139.890
    4 gamma         1      22    1   -0.011    0.019    0.107    0.110    0.000
    5 mu-           1      13    3    6.996  -12.649  -68.491   69.999    0.106
    6 mu+           1     -13    3   -6.985   12.630   68.384   69.890    0.106
                   sum:  0.00         0.000    0.000    0.001  139.999  139.999
     MSTU(11)       changed from              6 to             16



                            Event listing (summary)

    I particle/jet KS     KF  orig    p_x      p_y      p_z       E        m

    1 !e-!         21      11    0    0.000    0.000   70.000   70.000    0.001
    2 !e+!         21     -11    0    0.000    0.000  -70.000   70.000    0.001
    3 (Z0)         11      23    1    0.036    0.004    0.043  139.944  139.944
    4 gamma         1      22    1   -0.035   -0.004   -0.043    0.055    0.000
    5 gamma         1      22    1   -0.001    0.000    0.000    0.001    0.000
    6 mu-           1      13    3   69.464   -4.384    7.377   69.992    0.106
    7 mu+           1     -13    3  -69.428    4.388   -7.335   69.952    0.106
                   sum:  0.00         0.000    0.000    0.000  140.000  140.000
     MSTU(11)       changed from              6 to             16



                            Event listing (summary)

    I particle/jet KS     KF  orig    p_x      p_y      p_z       E        m

    1 !e-!         21      11    0    0.000    0.000   70.000   70.000    0.001
    2 !e+!         21     -11    0    0.000    0.000  -70.000   70.000    0.001
    3 (Z0)         11      23    1    6.002  -30.473   27.379   96.810   87.510
    4 gamma         1      22    1   -5.094   31.024  -27.870   42.014    0.000
    5 gamma         1      22    1   -0.911   -0.551    0.491    1.172    0.000
    6 gamma         1      22    1    0.003    0.000    0.000    0.003    0.000
    7 mu-           1      13    3  -39.071  -23.985   22.323   50.992    0.106
    8 mu+           1     -13    3   45.074   -6.488    5.057   45.818    0.106
                   sum:  0.00         0.000    0.000    0.000  140.000  140.000
     MSTU(11)       changed from              6 to             16



                            Event listing (summary)

    I particle/jet KS     KF  orig    p_x      p_y      p_z       E        m

    1 !e-!         21      11    0    0.000    0.000   70.000   70.000    0.001
    2 !e+!         21     -11    0    0.000    0.000  -70.000   70.000    0.001
    3 (Z0)         11      23    1   -0.066    2.470    0.288  137.512  137.489
    4 gamma         1      22    1    0.066   -2.470   -0.288    2.488    0.000
    5 mu-           1      13    3    2.966   69.707    5.625   69.996    0.106
    6 mu+           1     -13    3   -3.032  -67.236   -5.337   67.516    0.106
                   sum:  0.00         0.000    0.000    0.000  140.000  140.000
     MSTU(11)       changed from              6 to             16



                            Event listing (summary)

    I particle/jet KS     KF  orig    p_x      p_y      p_z       E        m

    1 !e-!         21      11    0    0.000    0.000   70.000   70.000    0.001
    2 !e+!         21     -11    0    0.000    0.000  -70.000   70.000    0.001
    3 (Z0)         11      23    1    0.942   -0.131   -0.973  138.639  138.632
    4 gamma         1      22    1   -0.942    0.131    0.973    1.361    0.000
    5 mu-           1      13    3   48.729   -6.157  -49.876   70.000    0.106
    6 mu+           1     -13    3  -47.786    6.026   48.903   68.639    0.106
                   sum:  0.00         0.000    0.000    0.000  140.000  140.000
     MSTU(11)       changed from              6 to             16



                            Event listing (summary)

    I particle/jet KS     KF  orig    p_x      p_y      p_z       E        m

    1 !e-!         21      11    0    0.000    0.000   70.000   70.000    0.001
    2 !e+!         21     -11    0    0.000    0.000  -70.000   70.000    0.001
    3 (Z0)         11      23    1    0.016    0.009   -0.004  139.981  139.981
    4 gamma         1      22    1   -0.016   -0.009    0.004    0.018    0.000
    5 mu-           1      13    3  -58.305  -30.560   23.748   69.982    0.106
    6 mu+           1     -13    3   58.321   30.569  -23.752   70.000    0.106
                   sum:  0.00         0.000    0.000    0.000  140.000  140.000
     MSTU(11)       changed from              6 to             16



                            Event listing (summary)

    I particle/jet KS     KF  orig    p_x      p_y      p_z       E        m

    1 !e-!         21      11    0    0.000    0.000   70.000   70.000    0.001
    2 !e+!         21     -11    0    0.000    0.000  -70.000   70.000    0.001
    3 (Z0)         11      23    1   23.007   -3.635   34.916   97.129   87.592
    4 gamma         1      22    1  -19.784    2.798  -30.208   36.218    0.000
    5 gamma         1      22    1   -3.709    0.677   -4.827    6.125    0.000
    6 gamma         1      22    1    0.481    0.157    0.115    0.518    0.000
    7 gamma         1      22    1    0.007    0.004    0.005    0.009    0.000
    8 gamma         1      22    1    0.000    0.000   -0.001    0.001    0.000
    9 mu-           1      13    3  -16.987    3.372  -21.509   27.614    0.106
   10 mu+           1     -13    3   39.994   -7.006   56.424   69.515    0.106
                   sum:  0.00         0.000    0.000    0.000  140.000  140.000


 ***************************************************************************
 *           500000                  total no of events     nevtot      a0 *
 *       1.41638529                 xs_crude  Born           xborn         *
 ***************************************************************************



 ***************************************************************************
 *                   KarLud_Finalize END  <<<                              *
 ***************************************************************************

1
      -664          YFSfin: photon raw multiplicity                                                 
           nent            sum           bmin           bmax
         493115    0.00000E+00    0.12000E+02    0.16464E+06
           undf           ovef           sumw           avex
    0.00000E+00    0.00000E+00    0.75164E+06    0.25270E+01
  0.0000   0.107119E+06 XXXXXXXXXXXXXXXXXXXXXXXXXXXXXXXXXXXXXXXXXXX                       I
  1.0000   0.164635E+06 XXXXXXXXXXXXXXXXXXXXXXXXXXXXXXXXXXXXXXXXXXXXXXXXXXXXXXXXXXXXXXXXXXX
  2.0000   0.124177E+06 XXXXXXXXXXXXXXXXXXXXXXXXXXXXXXXXXXXXXXXXXXXXXXXXXX                I
  3.0000   0.630410E+05 XXXXXXXXXXXXXXXXXXXXXXXXXX                                        I
  4.0000   0.242980E+05 XXXXXXXXXX                                                        I
  5.0000   0.736800E+04 XXX                                                               I
  6.0000   0.197000E+04 X                                                                 I
  7.0000   0.394000E+03 X                                                                 I
  8.0000   0.101000E+03 X                                                                 I
  9.0000   0.120000E+02 X                                                                 I


 ***************************************************************************
 *                        KarFin Finalize    START                         *
 *          1000000                  generated events        nevgen     a2 *
 *       0.98623000  +- 0.00016711   kinematics, smin        wt1        a5 *
 *       0.99358803  +- 0.00007065   jacobian                wt2        a6 *
 *       1.00863438  +- 0.00106247   photon ang. dist.       wt3        a7 *
 *                            ON MASS WEIGHTS                              *
 *       0.61185437  +- 0.00080107  removal wgt wtrem                   b1 *
 *           493115                 no. of raw events                   b2 *
 *                0                 wt6=0      events                   b3 *
 *       1.00080188  +- 0.00080096  control wgt wctrl                   b4 *
 *                5                 marked photons           MarTot     a5 *
 *   0.70000000E-03                 emin                                b6 *
 *   0.10000000E-07                 delta                               b7 *
 *       1.52426716                 raw ph. multipl.                    b8 *
 *      10.00000000                 Highest phot. mult.                 b9 *
 *                        YFSfin Finalize    END                           *
 ***************************************************************************



 ***************************************************************************
 *                            KarFin Finalize                              *
 *          1000000                  generated events        nevgen     a2 *
 *       0.99378084  +- 0.00109243   general weight          wt         a1 *
 *       1.50327800                  aver. ph. multi.        avmlt      a3 *
 ***************************************************************************

1
      -640          KK2f: Photon raw multiplicity                                                   
           nent            sum           bmin           bmax
         500000    0.00000E+00    0.12000E+02    0.16699E+06
           undf           ovef           sumw           avex
    0.00000E+00    0.00000E+00    0.76210E+06    0.25270E+01
  0.0000   0.108591E+06 XXXXXXXXXXXXXXXXXXXXXXXXXXXXXXXXXXXXXXXXXXX                       I
  1.0000   0.166986E+06 XXXXXXXXXXXXXXXXXXXXXXXXXXXXXXXXXXXXXXXXXXXXXXXXXXXXXXXXXXXXXXXXXXX
  2.0000   0.125928E+06 XXXXXXXXXXXXXXXXXXXXXXXXXXXXXXXXXXXXXXXXXXXXXXXXXX                I
  3.0000   0.638870E+05 XXXXXXXXXXXXXXXXXXXXXXXXXX                                        I
  4.0000   0.246190E+05 XXXXXXXXXX                                                        I
  5.0000   0.746400E+04 XXX                                                               I
  6.0000   0.200600E+04 X                                                                 I
  7.0000   0.404000E+03 X                                                                 I
  8.0000   0.103000E+03 X                                                                 I
  9.0000   0.120000E+02 X                                                                 I


 ***************************************************************************
 *                       KK2f_Finalize  printouts                          *
 *     140.00000000                 cms energy total         cmsene     a0 *
 *           500000                 total no of events       nevgen     a1 *
 *               ** principal info on x-section **                         *
 *       1.42084124  +- 0.00267484  xs_tot MC R-units        xsmc       a1 *
 *       6.29625158                 xs_tot    picob.         xSecPb     a3 *
 *       0.01185316                 error     picob.         xErrPb     a4 *
 *       0.00188257                 relative error           erel       a5 *
 *       6.82866255                 WTsup, largest WT        WTsup     a10 *
 *                       ** some auxiliary info **                         *
 *       6.27650570                 xs_born   picobarns       xborn    a11 *
 *       1.52419200                 Raw phot. multipl.                 === *
 *      10.00000000                 Highest phot. mult.                === *
 *                         End of KK2f  Finalize                           *
 ***************************************************************************

1
      -700          MBrA: KK2f main weight                                                          
           nent            sum           bmin           bmax
         500000    0.00000E+00    0.23720E+04    0.32754E+05
           undf           ovef           sumw           avex
    0.27000E+02    0.15510E+06    0.50157E+06    0.27808E+01
  0.0000   0.327540E+05 XXXXXXXXXXXXXXXXXXXXXXXXXXXXXXXXXXXXXXXXXXXXXXXXXXXXXXXXXXXXXXXXXXI
  0.0200   0.168440E+05 XXXXXXXXXXXXXXXXXXXXXXXXXXXXXXXX                                  I
  0.0400   0.158810E+05 XXXXXXXXXXXXXXXXXXXXXXXXXXXXXX                                    I
  0.0600   0.140120E+05 XXXXXXXXXXXXXXXXXXXXXXXXXX                                        I
  0.0800   0.178850E+05 XXXXXXXXXXXXXXXXXXXXXXXXXXXXXXXXXX                                I
  0.1000   0.112970E+05 XXXXXXXXXXXXXXXXXXXX                                              I
  0.1200   0.101600E+05 XXXXXXXXXXXXXXXXX                                                 I
  0.1400   0.100310E+05 XXXXXXXXXXXXXXXXX                                                 I
  0.1600   0.165670E+05 XXXXXXXXXXXXXXXXXXXXXXXXXXXXXXX                                   I
  0.1800   0.134710E+05 XXXXXXXXXXXXXXXXXXXXXXXXX                                         I
  0.2000   0.930700E+04 XXXXXXXXXXXXXXXX                                                  I
  0.2200   0.805600E+04 XXXXXXXXXXXXX                                                     I
  0.2400   0.736200E+04 XXXXXXXXXXX                                                       I
  0.2600   0.691700E+04 XXXXXXXXXX                                                        I
  0.2800   0.624900E+04 XXXXXXXXX                                                         I
  0.3000   0.591800E+04 XXXXXXXX                                                          I
  0.3200   0.547000E+04 XXXXXXX                                                           I
  0.3400   0.113220E+05 XXXXXXXXXXXXXXXXXXXX                                              I
  0.3600   0.106120E+05 XXXXXXXXXXXXXXXXXX                                                I
  0.3800   0.683400E+04 XXXXXXXXXX                                                        I
  0.4000   0.607300E+04 XXXXXXXXX                                                         I
  0.4200   0.566000E+04 XXXXXXXX                                                          I
  0.4400   0.527500E+04 XXXXXXX                                                           I
  0.4600   0.510300E+04 XXXXXX                                                            I
  0.4800   0.492200E+04 XXXXXX                                                            I
  0.5000   0.474600E+04 XXXXXX                                                            I
  0.5200   0.453000E+04 XXXXX                                                             I
  0.5400   0.433700E+04 XXXXX                                                             I
  0.5600   0.421600E+04 XXXXX                                                             I
  0.5800   0.392900E+04 XXXX                                                              I
  0.6000   0.377300E+04 XXXX                                                              I
  0.6200   0.378400E+04 XXXX                                                              I
  0.6400   0.367200E+04 XXX                                                               I
  0.6600   0.350900E+04 XXX                                                               I
  0.6800   0.340600E+04 XXX                                                               I
  0.7000   0.337200E+04 XXX                                                               I
  0.7200   0.327900E+04 XX                                                                I
  0.7400   0.308800E+04 XX                                                                I
  0.7600   0.298200E+04 XX                                                                I
  0.7800   0.305800E+04 XX                                                                I
  0.8000   0.271400E+04 X                                                                 I
  0.8200   0.273900E+04 X                                                                 I
  0.8400   0.259900E+04 X                                                                 I
  0.8600   0.251300E+04 X                                                                 I
  0.8800   0.251300E+04 X                                                                 I
  0.9000   0.247900E+04 X                                                                 I
  0.9200   0.242400E+04 X                                                                 I
  0.9400   0.244000E+04 X                                                                 I
  0.9600   0.237200E+04 X                                                                 I
  0.9800   0.241900E+04 X                                                                 I


 ***************************************************************************
 *                MBrA: report on the main Weight                          *
 *           500000                 no of raw events         Ntot       b1 *
 *           499973                 accepted    events       Nacc       b2 *
 *               27                 wt<0        events       Nneg       b3 *
 *           155098                 wt>WTmax    events       Nove       b4 *
 *       6.82866255                 WTsup, largest WT        WTsup      b5 *
 *       0.47834721                 <Wt-WtMax>  Overfl.      AvOve      b6 *
 *      -0.00000006                 <Wt> for Wt<0            AvUnd      b7 *
 *       0.47684705                 AvOve/<Wt>,WT>WtMax      ROverf     b8 *
 *      -0.00000006                 AvUnd/<Wt>,Wt<0          RUnder     b9 *
 ***************************************************************************

 
=====================================================================================================
            MBrA:    Detailed statistics for all branches    
=====================================================================================================
  KF     AveWt     ERela     WtSup      Wt<0   Wt>Wmax       Ntot       Nacc   Nneg   Nove   Nzer
  13  1.003146  0.001883 6.829      0.000000  0.476847     500000     499973     27 155098   6885
All:  1.003146  0.001883 6.829      0.000000  0.476847     500000     499973     27 155098   6885
=====================================================================================================
 ===================================
 ============ robol2 ===============
 ===================================
