  kat1  kat2  kat3  kat4
     0     1     0     0
 10000 requested events 
           
            *************************************************************
            *  ****   ****    ****  ****    ***       ***     ******    *
            *  ****   ****    ****  ****    ****     ****   **********  *
            *  ****   ****    ****  ****    *****   *****  *****   ***  *
            *  **********     *********     *************  ****         *
            *  *******        ******        *************  ****         *
            *  **********     ********      **** *** ****  *****   ***  *
            *  ****  *****    ****  ****    ****  *  ****   **********  *
            *  ****   *****   ****   ****   ****     ****     *******   *
            *************************************************************
           


 ***************************************************************************
 *                         KK Monte Carlo                                  *
 *            Version       4.16          30 Oct  2001                     *
 *     189.00000000                 CMS energy average       CMSene     a1 *
 *       0.00000000                 Beam energy spread       DelEne     a2 *
 *              100                 Max. photon mult.        npmax      a3 *
 *                1                 ISR switch               KeyISR     a4 *
 *                1                 FSR switch               KeyFSR     a5 *
 *                2                 ISR/FSR interferenc      KeyINT     a6 *
 *                1                 New exponentiation       KeyGPS     a7 *
 *                1                 Hadroniz.  switch        KeyHad     a7 *
 *       0.20000000                 Hadroniz. min. mass      HadMin     a9 *
 *       1.00000000                 Maximum weight           WTmax     a10 *
 *              100                 Max. photon mult.        npmax     a11 *
 *               11                 Beam ident               KFini     a12 *
 *       0.00094500                 Manimum phot. ener.      Ene       a13 *
 *   0.10000000E-59                 Phot.mass, IR regul      MasPho    a14 *
 *    1.2500000                     Phot. mult. enhanc.      Xenph     a15 *
 *   0.10000000E-08                 Vcut1                    Vcut1     a16 *
 *   0.50000000E-01                 Vcut2                    Vcut2     a16 *
 *    0.0000000                     Vcut3                    Vcut2     a16 *
 *       0.00000000                    PolBeam1(1)           Pol1x     a17 *
 *       0.00000000                    PolBeam1(2)           Pol1y     a18 *
 *       0.00000000                    PolBeam1(3)           Pol1z     a19 *
 *       0.00000000                    PolBeam2(1)           Pol2x     a20 *
 *       0.00000000                    PolBeam2(2)           Pol2y     a21 *
 *       0.00000000                    PolBeam2(3)           Pol2z     a22 *
 ***************************************************************************

 +++WARNING: for WT=0 events NO hadronization!


 ***************************************************************************
 *            BornV  Initializator                                         *
 *      91.18700000                 Z mass     [GeV]         amz        a1 *
 *     120.00000000                 Higgs mass [GeV]         amh        a2 *
 *     173.80000000                 Top mass   [GeV]         amtop      a3 *
 *       2.50072032                 Z width    [GeV]         gammz      a4 *
 *       0.22276773                 sin(theta_w)**2          sinw2      a5 *
 *     137.03598950                 1/alfa_QED  at  Q=0      AlfInv     a6 *
 *       0.20000000                 MassCut light qqbar      HadMin     a6 *
 *               11                 KF code of beam          KFini      a7 *
 *   0.99000000                     Input vvmax              vvmax      a8 *
 *   0.99000000                     reduced vvmax in MC      vvmax      a9 *
 *         Test switches:                                                  *
 *                1                 Electroweak lib.         KeyElw     10 *
 *                1                 Z on/off   switch        KeyZet     11 *
 *                0                 mass terms on/off        KeyWtm     12 *
 ***************************************************************************

 =========== BornV_StartDZ: e   neutrino =========


 ***************************************************************************
 *   DZface_Initialize, Interface to Dizet 6.xx                            *
 *      91.18700000                 Z mass                   amz        a1 *
 *     120.00000000                 Higgs mass               amh        a2 *
 *     173.80000000                 Top mass                 amtop      a3 *
 *               11                 KF code of beam          KFini      a5 *
 *               12                 KF of final fermion      KFfin      a6 *
 *                2                 IV code of beam          IVini      a7 *
 *                1                 IV of final fermion      IVfin      a8 *
 *                1                 EW box switch            ibox       a9 *
 *     128.88524000                 QED alfa inv. at Z       alfinv     a1 *
 *       0.11900000                 QCD alfa at Z mass       alfQCD     a2 *
 ***************************************************************************

 DIZET flags, see routine Dizet for explanation:
  Ihvp = 1 Iamt4 = 4
  Iqcd = 3 Imoms = 1
 Imass = 0 Iscre = 0
 Ialem = 3 Imask = 0
 Iscal = 0 Ibarb = 2
 IFtjr = 1 Ifacr = 0
 IFact = 0 Ihigs = 0
 Iafmt = 1 Iewlc = 1
 Iczak = 1 Ihig2 = 0
 Iale2 = 3 Igfer = 2
 Iddzz = 1
    
 Alpha-QED   (MZ)  =0.007759
 Alfa strong (MZ)  =  0.1190
 Alfa strong (Mt)  =  0.1084
zpard(20): QCD corr.fact. to Z-width (no b)  =   1.0322473187
zpard(25): QCD corr.fact. to Z-width (into b)=   1.0400531148
    
 zpar-matrix: standard output of dizet:
    zpar( 1)=  0.03628683
    zpar( 2)=  0.01166485
    zpar( 3)=  0.22330593
    zpar( 4)=  1.16637000
    zpar( 5)=  0.23130963
    zpar( 6)=  0.23169086
    zpar( 7)=  0.23169086
    zpar( 8)=  0.23169086
    zpar( 9)=  0.23158431
    zpar(10)=  0.23145723
    zpar(11)=  0.23158431
    zpar(12)=  0.23145723
    zpar(13)=  0.00000000
    zpar(14)=  0.23303644
    zpar(15)=  0.11900000
    zpar(16)=  1.00000000
    zpar(17)=  1.04005280
    zpar(18)=  1.04724864
    zpar(19)=  1.03944317
    zpar(20)=  1.03224732
    zpar(21)=  1.04007561
    zpar(22)=  1.04699996
    zpar(23)=  1.03944317
    zpar(24)=  1.03224732
    zpar(25)=  1.04005311
    zpar(26)=  1.04724896
    zpar(27)=  1.04003358
    zpar(28)=  1.02574996
    zpar(29)= -0.00002246
    zpar(30)=  0.20202067


 ***************************************************************************
 *                     DZface_Initializion ended                           *
 ***************************************************************************

 DZface_Tabluj: pretabulation, basic LEP1 range
 a: i,ww=  0  0.01
 a: i,ww=  10  0.0249903513
 a: i,ww=  20  0.0624517656
 a: i,ww=  30  0.156069156
 a: i,ww=  40  0.390022303
 a: i,ww=  50  0.974679434
 a: i,ww=  60  2.43575814
 a: i,ww=  70  6.08704516
 a: i,ww=  80  15.2117397
 a: i,ww=  90  38.0146717
 a: i,ww=  100  95.
 DZface_Tabluj: pretabulation, near Z0:
 b: i,ww=  0  86.187
 b: i,ww=  10  91.187
 b: i,ww=  20  96.187
 DZface_Tabluj: LEP2 energy zone: pretabulation starts
 c: i,ww=  0  95.
 c: i,ww=  10  105.000069
 c: i,ww=  20  115.000138
 c: i,ww=  30  125.000207
 c: i,ww=  40  135.000276
 c: i,ww=  50  145.000345
 c: i,ww=  60  155.000414
 c: i,ww=  70  165.000483
 c: i,ww=  80  175.000552
 c: i,ww=  90  185.000621
 c: i,ww=  100  195.00069
 c: i,ww=  110  205.000759
 c: i,ww=  120  215.000828
 c: i,ww=  130  225.000897
 c: i,ww=  140  235.000966
 DZface_Tabluj: NLC energy range: pretabulation starts
 d: i,ww=  0  240.001
 d: i,ww=  10  340.001
 d: i,ww=  20  440.001
 d: i,ww=  30  540.001
 d: i,ww=  40  640.001
 d: i,ww=  50  740.001
 d: i,ww=  60  840.001
 d: i,ww=  70  940.001
 d: i,ww=  80  1040.001
 DZface_Tabluj: pretabulatin finished  now !
 =========== BornV_StartDZ: MU neutrino ==========


 ***************************************************************************
 *   DZface_Initialize, Interface to Dizet 6.xx                            *
 *      91.18700000                 Z mass                   amz        a1 *
 *     120.00000000                 Higgs mass               amh        a2 *
 *     173.80000000                 Top mass                 amtop      a3 *
 *               11                 KF code of beam          KFini      a5 *
 *               14                 KF of final fermion      KFfin      a6 *
 *                2                 IV code of beam          IVini      a7 *
 *                1                 IV of final fermion      IVfin      a8 *
 *                1                 EW box switch            ibox       a9 *
 *     128.88524000                 QED alfa inv. at Z       alfinv     a1 *
 *       0.11900000                 QCD alfa at Z mass       alfQCD     a2 *
 ***************************************************************************

 DIZET flags, see routine Dizet for explanation:
  Ihvp = 1 Iamt4 = 4
  Iqcd = 3 Imoms = 1
 Imass = 0 Iscre = 0
 Ialem = 3 Imask = 0
 Iscal = 0 Ibarb = 2
 IFtjr = 1 Ifacr = 0
 IFact = 0 Ihigs = 0
 Iafmt = 1 Iewlc = 1
 Iczak = 1 Ihig2 = 0
 Iale2 = 3 Igfer = 2
 Iddzz = 1
    
 Alpha-QED   (MZ)  =0.007759
 Alfa strong (MZ)  =  0.1190
 Alfa strong (Mt)  =  0.1084
zpard(20): QCD corr.fact. to Z-width (no b)  =   1.0322473164
zpard(25): QCD corr.fact. to Z-width (into b)=   1.0400531058
    
 zpar-matrix: standard output of dizet:
    zpar( 1)=  0.03628683
    zpar( 2)=  0.01166485
    zpar( 3)=  0.22330593
    zpar( 4)=  1.16637000
    zpar( 5)=  0.23130963
    zpar( 6)=  0.23169086
    zpar( 7)=  0.23169086
    zpar( 8)=  0.23169086
    zpar( 9)=  0.23158431
    zpar(10)=  0.23145723
    zpar(11)=  0.23158431
    zpar(12)=  0.23145723
    zpar(13)=  0.00000000
    zpar(14)=  0.23303644
    zpar(15)=  0.11900000
    zpar(16)=  1.00000000
    zpar(17)=  1.04005279
    zpar(18)=  1.04724864
    zpar(19)=  1.03944316
    zpar(20)=  1.03224732
    zpar(21)=  1.04007560
    zpar(22)=  1.04699995
    zpar(23)=  1.03944316
    zpar(24)=  1.03224732
    zpar(25)=  1.04005311
    zpar(26)=  1.04724895
    zpar(27)=  1.04003357
    zpar(28)=  1.02574995
    zpar(29)= -0.00002246
    zpar(30)=  0.20202067


 ***************************************************************************
 *                     DZface_Initializion ended                           *
 ***************************************************************************

 DZface_Tabluj: pretabulation, basic LEP1 range
 a: i,ww=  0  0.01
 a: i,ww=  10  0.0249903513
 a: i,ww=  20  0.0624517656
 a: i,ww=  30  0.156069156
 a: i,ww=  40  0.390022303
 a: i,ww=  50  0.974679434
 a: i,ww=  60  2.43575814
 a: i,ww=  70  6.08704516
 a: i,ww=  80  15.2117397
 a: i,ww=  90  38.0146717
 a: i,ww=  100  95.
 DZface_Tabluj: pretabulation, near Z0:
 b: i,ww=  0  86.187
 b: i,ww=  10  91.187
 b: i,ww=  20  96.187
 DZface_Tabluj: LEP2 energy zone: pretabulation starts
 c: i,ww=  0  95.
 c: i,ww=  10  105.000069
 c: i,ww=  20  115.000138
 c: i,ww=  30  125.000207
 c: i,ww=  40  135.000276
 c: i,ww=  50  145.000345
 c: i,ww=  60  155.000414
 c: i,ww=  70  165.000483
 c: i,ww=  80  175.000552
 c: i,ww=  90  185.000621
 c: i,ww=  100  195.00069
 c: i,ww=  110  205.000759
 c: i,ww=  120  215.000828
 c: i,ww=  130  225.000897
 c: i,ww=  140  235.000966
 DZface_Tabluj: NLC energy range: pretabulation starts
 d: i,ww=  0  240.001
 d: i,ww=  10  340.001
 d: i,ww=  20  440.001
 d: i,ww=  30  540.001
 d: i,ww=  40  640.001
 d: i,ww=  50  740.001
 d: i,ww=  60  840.001
 d: i,ww=  70  940.001
 d: i,ww=  80  1040.001
 DZface_Tabluj: pretabulatin finished  now !
 =========== BornV_StartDZ: TAU lepton ===========


 ***************************************************************************
 *   DZface_Initialize, Interface to Dizet 6.xx                            *
 *      91.18700000                 Z mass                   amz        a1 *
 *     120.00000000                 Higgs mass               amh        a2 *
 *     173.80000000                 Top mass                 amtop      a3 *
 *               11                 KF code of beam          KFini      a5 *
 *               16                 KF of final fermion      KFfin      a6 *
 *                2                 IV code of beam          IVini      a7 *
 *                1                 IV of final fermion      IVfin      a8 *
 *                1                 EW box switch            ibox       a9 *
 *     128.88524000                 QED alfa inv. at Z       alfinv     a1 *
 *       0.11900000                 QCD alfa at Z mass       alfQCD     a2 *
 ***************************************************************************

 DIZET flags, see routine Dizet for explanation:
  Ihvp = 1 Iamt4 = 4
  Iqcd = 3 Imoms = 1
 Imass = 0 Iscre = 0
 Ialem = 3 Imask = 0
 Iscal = 0 Ibarb = 2
 IFtjr = 1 Ifacr = 0
 IFact = 0 Ihigs = 0
 Iafmt = 1 Iewlc = 1
 Iczak = 1 Ihig2 = 0
 Iale2 = 3 Igfer = 2
 Iddzz = 1
    
 Alpha-QED   (MZ)  =0.007759
 Alfa strong (MZ)  =  0.1190
 Alfa strong (Mt)  =  0.1084
zpard(20): QCD corr.fact. to Z-width (no b)  =   1.0322473164
zpard(25): QCD corr.fact. to Z-width (into b)=   1.0400531058
    
 zpar-matrix: standard output of dizet:
    zpar( 1)=  0.03628683
    zpar( 2)=  0.01166485
    zpar( 3)=  0.22330593
    zpar( 4)=  1.16637000
    zpar( 5)=  0.23130963
    zpar( 6)=  0.23169086
    zpar( 7)=  0.23169086
    zpar( 8)=  0.23169086
    zpar( 9)=  0.23158431
    zpar(10)=  0.23145723
    zpar(11)=  0.23158431
    zpar(12)=  0.23145723
    zpar(13)=  0.00000000
    zpar(14)=  0.23303644
    zpar(15)=  0.11900000
    zpar(16)=  1.00000000
    zpar(17)=  1.04005279
    zpar(18)=  1.04724864
    zpar(19)=  1.03944316
    zpar(20)=  1.03224732
    zpar(21)=  1.04007560
    zpar(22)=  1.04699995
    zpar(23)=  1.03944316
    zpar(24)=  1.03224732
    zpar(25)=  1.04005311
    zpar(26)=  1.04724895
    zpar(27)=  1.04003357
    zpar(28)=  1.02574995
    zpar(29)= -0.00002246
    zpar(30)=  0.20202067


 ***************************************************************************
 *                     DZface_Initializion ended                           *
 ***************************************************************************

 DZface_Tabluj: pretabulation, basic LEP1 range
 a: i,ww=  0  0.01
 a: i,ww=  10  0.0249903513
 a: i,ww=  20  0.0624517656
 a: i,ww=  30  0.156069156
 a: i,ww=  40  0.390022303
 a: i,ww=  50  0.974679434
 a: i,ww=  60  2.43575814
 a: i,ww=  70  6.08704516
 a: i,ww=  80  15.2117397
 a: i,ww=  90  38.0146717
 a: i,ww=  100  95.
 DZface_Tabluj: pretabulation, near Z0:
 b: i,ww=  0  86.187
 b: i,ww=  10  91.187
 b: i,ww=  20  96.187
 DZface_Tabluj: LEP2 energy zone: pretabulation starts
 c: i,ww=  0  95.
 c: i,ww=  10  105.000069
 c: i,ww=  20  115.000138
 c: i,ww=  30  125.000207
 c: i,ww=  40  135.000276
 c: i,ww=  50  145.000345
 c: i,ww=  60  155.000414
 c: i,ww=  70  165.000483
 c: i,ww=  80  175.000552
 c: i,ww=  90  185.000621
 c: i,ww=  100  195.00069
 c: i,ww=  110  205.000759
 c: i,ww=  120  215.000828
 c: i,ww=  130  225.000897
 c: i,ww=  140  235.000966
 DZface_Tabluj: NLC energy range: pretabulation starts
 d: i,ww=  0  240.001
 d: i,ww=  10  340.001
 d: i,ww=  20  440.001
 d: i,ww=  30  540.001
 d: i,ww=  40  640.001
 d: i,ww=  50  740.001
 d: i,ww=  60  840.001
 d: i,ww=  70  940.001
 d: i,ww=  80  1040.001
 DZface_Tabluj: pretabulatin finished  now !


 ***************************************************************************
 *                         KarLud_Initialize START                         *
 *     189.00000000                  CMS energy average      CMSene     == *
 *       0.00000000                  Beam energy spread      DelEne     == *
 *                1                  ISR on/off switch       KeyISR     == *
 *                0                  Type of ISR             KeyFix     == *
 *                1                  Elect_weak switch       KeyZet     == *
 *                0                  Fixed nphot mult.       MltISR     == *
 *               50                  Max. photon mult.       nmax       == *
 ***************************************************************************

 *     409.17899344                 xs_crude  vesko          xcvesk        *
 *     408.79935775                 xs_crude  gauss          xcgaus        *
 *       0.00092866                 xcvesk/xcgaus-1                        *


 ***************************************************************************
 *                          KarLud_Initialize END                          *
 ***************************************************************************



 ***************************************************************************
 *                        KarFin Initialize  START                         *
 *                1                FSR radiation on/off      KeyFSR     a1 *
 *                1                radiation from quark      KeyQSR     a2 *
 *                1                removal    switch         KeyPia     a3 *
 *   0.10000000E-02                infrared cut FACTOR       delfac     a4 *
 *   0.10000000E-07                infrared cut itself       delta      a5 *
 *   0.94500000E-03                EminCMS for removal       [GeV]      a6 *
 *               50                Max. photon mult.         nmax       a7 *
 *                        KarFin Initialize  END                           *
 ***************************************************************************



 ***************************************************************************
 *             GPS   Initializator                                         *
 *      91.18700000                 Z mass     [GeV]         MZ         a1 *
 *       2.49534270                 Z width    [GeV]         GammZ      a2 *
 *       0.22330593                 sin(theta_w)**2          Sw2        a3 *
 *     137.03598950                 1/alfa_QED  at  Q=0      AlfInv     a4 *
 *         Test switches:                                                  *
 *                1                 Z on/off   switch        KeyZet     a5 *
 *                1                 Electroweak lib.         KeyElw     a6 *
 *                1                 CEEX level               KeyGPS     a7 *
 *                1                 ISR emission             KeyISR     a8 *
 *                1                 FSR emission             KeyFSR     a9 *
 *                2                 ISR*FSR interferenc      KeyINT    a10 *
 ***************************************************************************



 ***************************************************************************
 *               Initialization of GPS class                               *
 ***************************************************************************



 ***************************************************************************
 *                           KK2f: Initialization                          *
 *   0.99490660                     x-crude [nb]             Xcrunb     ** *
 *         List of final fermions:                                         *
 *               12                 KF of final fermion      KFfin      ** *
 *   0.10000000E-29                 mass of final ferm.      amferm     ** *
 *    57.961360                     Xborn [R]                Xborn      ** *
 *    3.5000000                     WtMax sampling par.      WtMax      ** *
 *    1.0000000                     vmax for CEEX           vmaxGPS     ** *
 *               14                 KF of final fermion      KFfin      ** *
 *   0.10000000E-29                 mass of final ferm.      amferm     ** *
 *   0.44567568                     Xborn [R]                Xborn      ** *
 *    3.5000000                     WtMax sampling par.      WtMax      ** *
 *    1.0000000                     vmax for CEEX           vmaxGPS     ** *
 *               16                 KF of final fermion      KFfin      ** *
 *   0.10000000E-29                 mass of final ferm.      amferm     ** *
 *   0.44567568                     Xborn [R]                Xborn      ** *
 *    3.5000000                     WtMax sampling par.      WtMax      ** *
 *    1.0000000                     vmax for CEEX           vmaxGPS     ** *
 ***************************************************************************



 ***************************************************************************
 *        KK interface of Tauola                                           *
 *                2                Cloning procedure       KeyClone    t01 *
 ***************************************************************************



 ***************************************************************************
 *        Parameters passed from KK  to Tauola:                            *
 *                0                dec. type 1-st tau        Jak1      t01 *
 *                0                dec. type 2-nd tau        Jak2      t02 *
 *                1                current type a1 dec.      KeyA1     t03 *
 *               15                PDG id 1-st tau           idff      t04 *
 *                1                R.c. switch lept dec      itdkRC    t05 *
 *   0.10000000E-02                IR-cut for lept r.c.      xk0dec    t06 *
 ***************************************************************************



 ***************************************************************************
 *                 !!!!! Tauola inhibited !!!!                             *
 ***************************************************************************

     MSTU(11)       changed from              6 to             16



                            Event listing (summary)

    I particle/jet KS     KF  orig    p_x      p_y      p_z       E        m

    1 !e-!         21      11    0    0.000    0.000   94.500   94.500    0.001
    2 !e+!         21     -11    0    0.000    0.000  -94.500   94.500    0.001
    3 (Z0)         11      23    1    0.000    0.000    0.000  189.000  189.000
    4 nu_e          1      12    3  -83.545  -44.158    0.783   94.500    0.000
    5 nu_ebar       1     -12    3   83.545   44.158   -0.783   94.500    0.000
                   sum:  0.00         0.000    0.000    0.000  189.000  189.000
     MSTU(11)       changed from              6 to             16



                            Event listing (summary)

    I particle/jet KS     KF  orig    p_x      p_y      p_z       E        m

    1 !e-!         21      11    0    0.000    0.000   94.500   94.500    0.001
    2 !e+!         21     -11    0    0.000    0.000  -94.500   94.500    0.001
    3 (Z0)         11      23    1   -0.021    0.005   73.416  115.584   89.274
    4 gamma         1      22    1    0.021   -0.005  -73.410   73.410    0.000
    5 gamma         1      22    1    0.000    0.000   -0.006    0.006    0.000
    6 nu_e          1      12    3    2.999  -39.427    9.896   40.760    0.000
    7 nu_ebar       1     -12    3   -3.020   39.432   63.519   74.824    0.000
                   sum:  0.00         0.000    0.000    0.000  189.000  189.000
     MSTU(11)       changed from              6 to             16



                            Event listing (summary)

    I particle/jet KS     KF  orig    p_x      p_y      p_z       E        m

    1 !e-!         21      11    0    0.000    0.000   94.500   94.500    0.001
    2 !e+!         21     -11    0    0.000    0.000  -94.500   94.500    0.001
    3 (Z0)         11      23    1    0.000    0.000    0.002  188.998  188.998
    4 gamma         1      22    1    0.000    0.000   -0.002    0.002    0.000
    5 nu_e          1      12    3  -31.841   35.735  -81.480   94.498    0.000
    6 nu_ebar       1     -12    3   31.841  -35.735   81.482   94.500    0.000
                   sum:  0.00         0.000    0.000    0.000  189.000  189.000
     MSTU(11)       changed from              6 to             16



                            Event listing (summary)

    I particle/jet KS     KF  orig    p_x      p_y      p_z       E        m

    1 !e-!         21      11    0    0.000    0.000   94.500   94.500    0.001
    2 !e+!         21     -11    0    0.000    0.000  -94.500   94.500    0.001
    3 (Z0)         11      23    1    0.000    0.001    0.294  188.706  188.705
    4 gamma         1      22    1    0.000   -0.001   -0.294    0.294    0.000
    5 nu_e          1      12    3  -21.691  -18.197  -89.857   94.212    0.000
    6 nu_ebar       1     -12    3   21.690   18.198   90.152   94.493    0.000
                   sum:  0.00         0.000    0.000    0.000  189.000  189.000
     MSTU(11)       changed from              6 to             16



                            Event listing (summary)

    I particle/jet KS     KF  orig    p_x      p_y      p_z       E        m

    1 !e-!         21      11    0    0.000    0.000   94.500   94.500    0.001
    2 !e+!         21     -11    0    0.000    0.000  -94.500   94.500    0.001
    3 (Z0)         11      23    1    0.028    0.102  -39.729  149.176  143.788
    4 gamma         1      22    1   -0.028   -0.102   39.766   39.766    0.000
    5 gamma         1      22    1    0.000    0.000   -0.047    0.047    0.000
    6 gamma         1      22    1    0.000    0.000    0.011    0.011    0.000
    7 nu_e          1      12    3  -56.169   30.534  -54.011   83.693    0.000
    8 nu_ebar       1     -12    3   56.196  -30.431   14.282   65.483    0.000
                   sum:  0.00         0.000    0.000    0.000  189.000  189.000
     MSTU(11)       changed from              6 to             16



                            Event listing (summary)

    I particle/jet KS     KF  orig    p_x      p_y      p_z       E        m

    1 !e-!         21      11    0    0.000    0.000   94.500   94.500    0.001
    2 !e+!         21     -11    0    0.000    0.000  -94.500   94.500    0.001
    3 (Z0)         11      23    1  -21.477   -2.815   69.861  115.858   89.851
    4 gamma         1      22    1   21.477    2.815  -69.861   73.142    0.000
    5 nu_mu         1      14    3  -42.836   25.934   18.799   53.487    0.000
    6 nu_mubar      1     -14    3   21.359  -28.749   51.062   62.370    0.000
                   sum:  0.00         0.000    0.000    0.000  189.000  189.000
     MSTU(11)       changed from              6 to             16



                            Event listing (summary)

    I particle/jet KS     KF  orig    p_x      p_y      p_z       E        m

    1 !e-!         21      11    0    0.000    0.000   94.500   94.500    0.001
    2 !e+!         21     -11    0    0.000    0.000  -94.500   94.500    0.001
    3 (Z0)         11      23    1   -0.013    0.164   -6.266  182.608  182.500
    4 gamma         1      22    1    0.013   -0.164    6.288    6.290    0.000
    5 gamma         1      22    1    0.000    0.000   -0.062    0.062    0.000
    6 gamma         1      22    1    0.000    0.000    0.039    0.039    0.000
    7 gamma         1      22    1    0.000    0.000    0.001    0.001    0.000
    8 nu_e          1      12    3   26.400   -4.935   84.120   88.304    0.000
    9 nu_ebar       1     -12    3  -26.413    5.099  -90.386   94.304    0.000
                   sum:  0.00         0.000    0.000    0.000  189.000  189.000
     MSTU(11)       changed from              6 to             16



                            Event listing (summary)

    I particle/jet KS     KF  orig    p_x      p_y      p_z       E        m

    1 !e-!         21      11    0    0.000    0.000   94.500   94.500    0.001
    2 !e+!         21     -11    0    0.000    0.000  -94.500   94.500    0.001
    3 (Z0)         11      23    1   42.766  -14.751   42.413  112.105   93.393
    4 gamma         1      22    1  -38.140   13.152   -7.165   40.975    0.000
    5 gamma         1      22    1   -4.639    1.590  -35.415   35.752    0.000
    6 gamma         1      22    1    0.013    0.008    0.166    0.167    0.000
    7 nu_e          1      12    3   -5.040  -15.665  -24.714   29.691    0.000
    8 nu_ebar       1     -12    3   47.805    0.914   67.127   82.415    0.000
                   sum:  0.00         0.000    0.000    0.000  189.000  189.000
     MSTU(11)       changed from              6 to             16



                            Event listing (summary)

    I particle/jet KS     KF  orig    p_x      p_y      p_z       E        m

    1 !e-!         21      11    0    0.000    0.000   94.500   94.500    0.001
    2 !e+!         21     -11    0    0.000    0.000  -94.500   94.500    0.001
    3 (Z0)         11      23    1   -0.046    0.006  -71.310  117.678   93.612
    4 gamma         1      22    1    0.046   -0.006   71.316   71.316    0.000
    5 gamma         1      22    1    0.000    0.000   -0.006    0.006    0.000
    6 nu_tau        1      16    3   -7.946   43.881  -17.763   48.002    0.000
    7 nu_taubar     1     -16    3    7.901  -43.875  -53.547   69.676    0.000
                   sum:  0.00         0.000    0.000    0.000  189.000  189.000
     MSTU(11)       changed from              6 to             16



                            Event listing (summary)

    I particle/jet KS     KF  orig    p_x      p_y      p_z       E        m

    1 !e-!         21      11    0    0.000    0.000   94.500   94.500    0.001
    2 !e+!         21     -11    0    0.000    0.000  -94.500   94.500    0.001
    3 (Z0)         11      23    1    3.904  -12.094  -41.630  145.473  138.809
    4 gamma         1      22    1   -3.904   12.094   41.630   43.527    0.000
    5 nu_e          1      12    3  -60.899   10.447    5.806   62.061    0.000
    6 nu_ebar       1     -12    3   64.803  -22.541  -47.436   83.413    0.000
                   sum:  0.00         0.000    0.000    0.000  189.000  189.000


 ***************************************************************************
 *                      KarLud  final  report                              *
 *             5000                  total no of events     nevtot      == *
 *     409.17899344                  ISRcru  [R]            ISRcru      == *
 *     408.79169407  +- 0.01525001   ISRbest [R],ISRerr     ISRbest     == *
 *    409.17899                      XKarlud [R]            XKarlud     == *
 *    0.0000000                      KError  [R]            KError      == *
 ***************************************************************************



 ***************************************************************************
 *                   Report on wt_ISR of KarLud                            *
 *             5000                 total no of events      nevtot      == *
 *                0                 wt<0        events      nevneg      == *
 *       0.16185217  +- 0.00659823  <wt>                    wt_ISR      == *
 *      66.22650769  +- 0.43697794  sigma of KarLud [R]     xskarl      == *
 ***************************************************************************



 ***************************************************************************
 *       0.99905347  +- 0.00003731  Average WT of Vesk1      AVesk1     == *
 *     408.79935775  +- 0.00408799  xs_est gauss    [R]      xcgaus     == *
 *      -0.00001875  +- 0.00003831  xcve/xcgs-1                         == *
 ***************************************************************************

1
      -658          KarLud, wtvesk                                                                  
           nent            sum           bmin           bmax
           5000    0.00000E+00    0.00000E+00    0.47110E+04
           undf           ovef           sumw           avex
    0.00000E+00    0.00000E+00    0.49953E+04    0.99906E+00
  0.0000   0.000000E+00 0                                                                 I
  0.0120   0.000000E+00 0                                                                 I
  0.0240   0.000000E+00 0                                                                 I
  0.0360   0.000000E+00 0                                                                 I
  0.0480   0.000000E+00 0                                                                 I
  0.0600   0.000000E+00 0                                                                 I
  0.0720   0.000000E+00 0                                                                 I
  0.0840   0.000000E+00 0                                                                 I
  0.0960   0.000000E+00 0                                                                 I
  0.1080   0.000000E+00 0                                                                 I
  0.1200   0.000000E+00 0                                                                 I
  0.1320   0.000000E+00 0                                                                 I
  0.1440   0.000000E+00 0                                                                 I
  0.1560   0.000000E+00 0                                                                 I
  0.1680   0.000000E+00 0                                                                 I
  0.1800   0.000000E+00 0                                                                 I
  0.1920   0.000000E+00 0                                                                 I
  0.2040   0.000000E+00 0                                                                 I
  0.2160   0.000000E+00 0                                                                 I
  0.2280   0.000000E+00 0                                                                 I
  0.2400   0.000000E+00 0                                                                 I
  0.2520   0.000000E+00 0                                                                 I
  0.2640   0.000000E+00 0                                                                 I
  0.2760   0.000000E+00 0                                                                 I
  0.2880   0.000000E+00 0                                                                 I
  0.3000   0.000000E+00 0                                                                 I
  0.3120   0.000000E+00 0                                                                 I
  0.3240   0.000000E+00 0                                                                 I
  0.3360   0.000000E+00 0                                                                 I
  0.3480   0.000000E+00 0                                                                 I
  0.3600   0.000000E+00 0                                                                 I
  0.3720   0.000000E+00 0                                                                 I
  0.3840   0.000000E+00 0                                                                 I
  0.3960   0.000000E+00 0                                                                 I
  0.4080   0.000000E+00 0                                                                 I
  0.4200   0.000000E+00 0                                                                 I
  0.4320   0.000000E+00 0                                                                 I
  0.4440   0.000000E+00 0                                                                 I
  0.4560   0.000000E+00 0                                                                 I
  0.4680   0.000000E+00 0                                                                 I
  0.4800   0.000000E+00 0                                                                 I
  0.4920   0.000000E+00 0                                                                 I
  0.5040   0.000000E+00 0                                                                 I
  0.5160   0.000000E+00 0                                                                 I
  0.5280   0.000000E+00 0                                                                 I
  0.5400   0.000000E+00 0                                                                 I
  0.5520   0.000000E+00 0                                                                 I
  0.5640   0.000000E+00 0                                                                 I
  0.5760   0.000000E+00 0                                                                 I
  0.5880   0.000000E+00 0                                                                 I
  0.6000   0.000000E+00 0                                                                 I
  0.6120   0.000000E+00 0                                                                 I
  0.6240   0.000000E+00 0                                                                 I
  0.6360   0.000000E+00 0                                                                 I
  0.6480   0.000000E+00 0                                                                 I
  0.6600   0.000000E+00 0                                                                 I
  0.6720   0.000000E+00 0                                                                 I
  0.6840   0.000000E+00 0                                                                 I
  0.6960   0.000000E+00 0                                                                 I
  0.7080   0.000000E+00 0                                                                 I
  0.7200   0.000000E+00 0                                                                 I
  0.7320   0.000000E+00 0                                                                 I
  0.7440   0.000000E+00 0                                                                 I
  0.7560   0.000000E+00 0                                                                 I
  0.7680   0.000000E+00 0                                                                 I
  0.7800   0.000000E+00 0                                                                 I
  0.7920   0.000000E+00 0                                                                 I
  0.8040   0.000000E+00 0                                                                 I
  0.8160   0.000000E+00 0                                                                 I
  0.8280   0.000000E+00 0                                                                 I
  0.8400   0.000000E+00 0                                                                 I
  0.8520   0.000000E+00 0                                                                 I
  0.8640   0.000000E+00 0                                                                 I
  0.8760   0.000000E+00 0                                                                 I
  0.8880   0.000000E+00 0                                                                 I
  0.9000   0.000000E+00 0                                                                 I
  0.9120   0.000000E+00 0                                                                 I
  0.9240   0.100000E+01 0                                                                 I
  0.9360   0.000000E+00 0                                                                 I
  0.9480   0.000000E+00 0                                                                 I
  0.9600   0.600000E+01 0                                                                 I
  0.9720   0.220000E+02 0                                                                 I
  0.9840   0.260000E+03 0XXX                                                              I
  0.9960   0.471100E+04 0XXXXXXXXXXXXXXXXXXXXXXXXXXXXXXXXXXXXXXXXXXXXXXXXXXXXXXXXXXXXXXXXXX
  1.0080   0.000000E+00 0                                                                 I
  1.0200   0.000000E+00 0                                                                 I
  1.0320   0.000000E+00 0                                                                 I
  1.0440   0.000000E+00 0                                                                 I
  1.0560   0.000000E+00 0                                                                 I
  1.0680   0.000000E+00 0                                                                 I
  1.0800   0.000000E+00 0                                                                 I
  1.0920   0.000000E+00 0                                                                 I
  1.1040   0.000000E+00 0                                                                 I
  1.1160   0.000000E+00 0                                                                 I
  1.1280   0.000000E+00 0                                                                 I
  1.1400   0.000000E+00 0                                                                 I
  1.1520   0.000000E+00 0                                                                 I
  1.1640   0.000000E+00 0                                                                 I
  1.1760   0.000000E+00 0                                                                 I
  1.1880   0.000000E+00 0                                                                 I


 ***************************************************************************
 *                   KarLud_Finalize END  <<<                              *
 ***************************************************************************

1
      -640          KK2f: Photon raw multiplicity                                                   
           nent            sum           bmin           bmax
           5000    0.00000E+00    0.00000E+00    0.14110E+04
           undf           ovef           sumw           avex
    0.00000E+00    0.00000E+00    0.96950E+04    0.29078E+01
  0.0000   0.716000E+03 0XXXXXXXXXXXXXXXXXXXXXXXXXXXXXXXXX                                I
  1.0000   0.134600E+04 0XXXXXXXXXXXXXXXXXXXXXXXXXXXXXXXXXXXXXXXXXXXXXXXXXXXXXXXXXXXXXX   I
  2.0000   0.141100E+04 0XXXXXXXXXXXXXXXXXXXXXXXXXXXXXXXXXXXXXXXXXXXXXXXXXXXXXXXXXXXXXXXXXX
  3.0000   0.886000E+03 0XXXXXXXXXXXXXXXXXXXXXXXXXXXXXXXXXXXXXXXXX                        I
  4.0000   0.426000E+03 0XXXXXXXXXXXXXXXXXXX                                              I
  5.0000   0.148000E+03 0XXXXXX                                                           I
  6.0000   0.440000E+02 0XX                                                               I
  7.0000   0.230000E+02 0X                                                                I
  8.0000   0.000000E+00 0                                                                 I
  9.0000   0.000000E+00 0                                                                 I


 ***************************************************************************
 *                       KK2f_Finalize  printouts                          *
 *     189.00000000                 cms energy total         cmsene     a0 *
 *             5000                 total no of events       nevgen     a1 *
 *               ** principal info on x-section **                         *
 *      25.14955205  +- 0.54864095  xs_tot MC R-units        xsmc       a1 *
 *      61.15039073                 xs_tot    picob.         xSecPb     a3 *
 *       1.33400421                 error     picob.         xErrPb     a4 *
 *       0.02181514                 relative error           erel       a5 *
 *       0.75647110                 WTsup, largest WT        WTsup     a10 *
 *                       ** some auxiliary info **                         *
 *     143.09862386                 xs_born   picobarns       xborn    a11 *
 *       1.93900000                 Raw phot. multipl.                 === *
 *       7.00000000                 Highest phot. mult.                === *
 *                         End of KK2f  Finalize                           *
 ***************************************************************************

1
      -700          MBrA: KK2f main weight                                                          
           nent            sum           bmin           bmax
           5000    0.00000E+00    0.00000E+00    0.23890E+04
           undf           ovef           sumw           avex
    0.00000E+00    0.00000E+00    0.30732E+03    0.20772E+00
  0.0000   0.238900E+04 0XXXXXXXXXXXXXXXXXXXXXXXXXXXXXXXXXXXXXXXXXXXXXXXXXXXXXXXXXXXXXXXXXI
  0.0200   0.725000E+03 0XXXXXXXXXXXXXXXXXXXX                                             I
  0.0400   0.435000E+03 0XXXXXXXXXXXX                                                     I
  0.0600   0.278000E+03 0XXXXXXX                                                          I
  0.0800   0.208000E+03 0XXXXX                                                            I
  0.1000   0.150000E+03 0XXXX                                                             I
  0.1200   0.141000E+03 0XXX                                                              I
  0.1400   0.110000E+03 0XXX                                                              I
  0.1600   0.950000E+02 0XX                                                               I
  0.1800   0.720000E+02 0X                                                                I
  0.2000   0.550000E+02 0X                                                                I
  0.2200   0.580000E+02 0X                                                                I
  0.2400   0.500000E+02 0X                                                                I
  0.2600   0.310000E+02 0                                                                 I
  0.2800   0.210000E+02 0                                                                 I
  0.3000   0.260000E+02 0                                                                 I
  0.3200   0.180000E+02 0                                                                 I
  0.3400   0.250000E+02 0                                                                 I
  0.3600   0.130000E+02 0                                                                 I
  0.3800   0.110000E+02 0                                                                 I
  0.4000   0.140000E+02 0                                                                 I
  0.4200   0.170000E+02 0                                                                 I
  0.4400   0.110000E+02 0                                                                 I
  0.4600   0.900000E+01 0                                                                 I
  0.4800   0.500000E+01 0                                                                 I
  0.5000   0.600000E+01 0                                                                 I
  0.5200   0.100000E+01 0                                                                 I
  0.5400   0.300000E+01 0                                                                 I
  0.5600   0.600000E+01 0                                                                 I
  0.5800   0.100000E+01 0                                                                 I
  0.6000   0.100000E+01 0                                                                 I
  0.6200   0.300000E+01 0                                                                 I
  0.6400   0.300000E+01 0                                                                 I
  0.6600   0.100000E+01 0                                                                 I
  0.6800   0.200000E+01 0                                                                 I
  0.7000   0.200000E+01 0                                                                 I
  0.7200   0.200000E+01 0                                                                 I
  0.7400   0.200000E+01 0                                                                 I
  0.7600   0.000000E+00 0                                                                 I
  0.7800   0.000000E+00 0                                                                 I
  0.8000   0.000000E+00 0                                                                 I
  0.8200   0.000000E+00 0                                                                 I
  0.8400   0.000000E+00 0                                                                 I
  0.8600   0.000000E+00 0                                                                 I
  0.8800   0.000000E+00 0                                                                 I
  0.9000   0.000000E+00 0                                                                 I
  0.9200   0.000000E+00 0                                                                 I
  0.9400   0.000000E+00 0                                                                 I
  0.9600   0.000000E+00 0                                                                 I
  0.9800   0.000000E+00 0                                                                 I


 ***************************************************************************
 *                MBrA: report on the main Weight                          *
 *             5000                 no of raw events         Ntot       b1 *
 *             5000                 accepted    events       Nacc       b2 *
 *                0                 wt<0        events       Nneg       b3 *
 *                0                 wt>WTmax    events       Nove       b4 *
 *       0.75647110                 WTsup, largest WT        WTsup      b5 *
 *       0.00000000                 <Wt-WtMax>  Overfl.      AvOve      b6 *
 *       0.00000000                 <Wt> for Wt<0            AvUnd      b7 *
 *       0.00000000                 AvOve/<Wt>,WT>WtMax      ROverf     b8 *
 *       0.00000000                 AvUnd/<Wt>,Wt<0          RUnder     b9 *
 ***************************************************************************

 
=====================================================================================================
            MBrA:    Detailed statistics for all branches    
=====================================================================================================
  KF     AveWt     ERela     WtSup      Wt<0   Wt>Wmax       Ntot       Nacc   Nneg   Nove   Nzer
  12  0.060041  0.0270250.7565      0.000000  0.000000       3881       3881      0      0     47
  14  0.067059  0.0428620.4241      0.000000  0.000000        566        566      0      0     12
  16  0.065719  0.0444380.4205      0.000000  0.000000        553        553      0      0      7
All:  0.061463  0.0218150.7565      0.000000  0.000000       5000       5000      0      0     66
=====================================================================================================
