

 ***************************************************************************
 *   DZface_Initialize, Interface to Dizet 6.xx                            *
 *      91.18760000                 Z mass                   amz        a1 *
 *     125.10000000                 Higgs mass               amh        a2 *
 *     173.00000000                 Top mass                 amtop      a3 *
 *               11                 KF code of beam          KFini      a5 *
 *                1                 KF of final fermion      KFfin      a6 *
 *                2                 IV code of beam          IVini      a7 *
 *                4                 IV of final fermion      IVfin      a8 *
 *                1                 EW box switch            ibox       a9 *
 *     128.86674175                 QED alfa inv. at Z       alfinv     a1 *
 *       0.12017890                 QCD alfa at Z mass       alfQCD     a2 *
 ***************************************************************************

 DIZET flags, see routine Dizet for explanation:
  Ihvp = 1 Iamt4 = 4
  Iqcd = 3 Imoms = 1
 Imass = 0 Iscre = 0
 Ialem = 3 Imask = 0
 Iscal = 0 Ibarb = 2
 IFtjr = 1 Ifacr = 0
 IFact = 0 Ihigs = 0
 Iafmt = 1 Iewlc = 1
 Iczak = 1 Ihig2 = 1
 Iale2 = 3 Igfer = 2
 Iddzz = 1
    
 Alpha-QED   (MZ)  =0.007759
 Alfa strong (MZ)  =  0.1202
 Alfa strong (Mt)  =  0.1094
zpard(20): QCD corr.fact. to Z-width (no b)  =   1.0325032061
zpard(25): QCD corr.fact. to Z-width (into b)=   1.0404486231
    
 zpar-matrix: standard output of dizet:
    zpar( 1)=  0.03676912
    zpar( 2)=  0.01168085
    zpar( 3)=  0.22345877
    zpar( 4)=  1.16637000
    zpar( 5)=  0.23135423
    zpar( 6)=  0.23173559
    zpar( 7)=  0.23173559
    zpar( 8)=  0.23173559
    zpar( 9)=  0.23162902
    zpar(10)=  0.23150190
    zpar(11)=  0.23162902
    zpar(12)=  0.23150190
    zpar(13)=  0.00000000
    zpar(14)=  0.23306148
    zpar(15)=  0.12017890
    zpar(16)=  1.00000000
    zpar(17)=  1.04044830
    zpar(18)=  1.04778385
    zpar(19)=  1.03983875
    zpar(20)=  1.03250321
    zpar(21)=  1.04046967
    zpar(22)=  1.04755357
    zpar(23)=  1.03983875
    zpar(24)=  1.03250321
    zpar(25)=  1.04044862
    zpar(26)=  1.04778417
    zpar(27)=  1.04042462
    zpar(28)=  1.02613257
    zpar(29)= -0.00002313
    zpar(30)=  0.20402204


 ***************************************************************************
 *                     DZface_Initializion ended                           *
 ***************************************************************************

 DZface_Tabluj: pretabulation, basic LEP1 range
 a: i,ww=            0   1.0000000000000000E-002
 a: i,ww=           10   2.4990351259560770E-002
 a: i,ww=           20   6.2451765607623048E-002
 a: i,ww=           30  0.15606915593142559     
 a: i,ww=           40  0.39002230275094890     
 a: i,ww=           50  0.97467943448089644     
 a: i,ww=           60   2.4357581433147639     
 a: i,ww=           70   6.0870451584771494     
 a: i,ww=           80   15.211739664315283     
 a: i,ww=           90   38.014671748023183     
 a: i,ww=          100   95.000000000000000     
 DZface_Tabluj: pretabulation, near Z0:
 b: i,ww=            0   31.187600000000003     
 b: i,ww=           10   41.187600000000003     
 b: i,ww=           20   51.187600000000003     
 b: i,ww=           30   61.187600000000003     
 b: i,ww=           40   71.187600000000003     
 b: i,ww=           50   81.187600000000003     
 b: i,ww=           60   91.187600000000003     
 b: i,ww=           70   101.18760000000000     
 b: i,ww=           80   111.18760000000000     
 b: i,ww=           90   121.18760000000000     
 b: i,ww=          100   131.18760000000000     
 b: i,ww=          110   141.18760000000000     
 b: i,ww=          120   151.18760000000000     
 DZface_Tabluj: LEP2 energy zone: pretabulation starts
 c: i,ww=            0   95.000000000000000     
 c: i,ww=           10   105.00006896551724     
 c: i,ww=           20   115.00013793103449     
 c: i,ww=           30   125.00020689655173     
 c: i,ww=           40   135.00027586206897     
 c: i,ww=           50   145.00034482758622     
 c: i,ww=           60   155.00041379310346     
 c: i,ww=           70   165.00048275862071     
 c: i,ww=           80   175.00055172413795     
 c: i,ww=           90   185.00062068965519     
 c: i,ww=          100   195.00068965517244     
 c: i,ww=          110   205.00075862068965     
 c: i,ww=          120   215.00082758620690     
 c: i,ww=          130   225.00089655172414     
 c: i,ww=          140   235.00096551724138     
 DZface_Tabluj: NLC energy range: pretabulation starts
 d: i,ww=            0   240.00100000000000     
 d: i,ww=           10   340.00099999999998     
 d: i,ww=           20   440.00099999999998     
 d: i,ww=           30   540.00099999999998     
 d: i,ww=           40   640.00099999999998     
 d: i,ww=           50   740.00099999999998     
 d: i,ww=           60   840.00099999999998     
 d: i,ww=           70   940.00099999999998     
 d: i,ww=           80   1040.0010000000000     
 DZface_Tabluj: pretabulatin finished  now !
 DZface_WriteFile: finished  now !!!


 ***************************************************************************
 *   DZface_Initialize, Interface to Dizet 6.xx                            *
 *      91.18760000                 Z mass                   amz        a1 *
 *     125.10000000                 Higgs mass               amh        a2 *
 *     173.00000000                 Top mass                 amtop      a3 *
 *               11                 KF code of beam          KFini      a5 *
 *                2                 KF of final fermion      KFfin      a6 *
 *                2                 IV code of beam          IVini      a7 *
 *                3                 IV of final fermion      IVfin      a8 *
 *                1                 EW box switch            ibox       a9 *
 *     128.86674175                 QED alfa inv. at Z       alfinv     a1 *
 *       0.12017890                 QCD alfa at Z mass       alfQCD     a2 *
 ***************************************************************************

 DIZET flags, see routine Dizet for explanation:
  Ihvp = 1 Iamt4 = 4
  Iqcd = 3 Imoms = 1
 Imass = 0 Iscre = 0
 Ialem = 3 Imask = 0
 Iscal = 0 Ibarb = 2
 IFtjr = 1 Ifacr = 0
 IFact = 0 Ihigs = 0
 Iafmt = 1 Iewlc = 1
 Iczak = 1 Ihig2 = 1
 Iale2 = 3 Igfer = 2
 Iddzz = 1
    
 Alpha-QED   (MZ)  =0.007759
 Alfa strong (MZ)  =  0.1202
 Alfa strong (Mt)  =  0.1094
zpard(20): QCD corr.fact. to Z-width (no b)  =   1.0325032038
zpard(25): QCD corr.fact. to Z-width (into b)=   1.0404486139
    
 zpar-matrix: standard output of dizet:
    zpar( 1)=  0.03676912
    zpar( 2)=  0.01168085
    zpar( 3)=  0.22345877
    zpar( 4)=  1.16637000
    zpar( 5)=  0.23135423
    zpar( 6)=  0.23173559
    zpar( 7)=  0.23173559
    zpar( 8)=  0.23173559
    zpar( 9)=  0.23162902
    zpar(10)=  0.23150190
    zpar(11)=  0.23162902
    zpar(12)=  0.23150190
    zpar(13)=  0.00000000
    zpar(14)=  0.23306148
    zpar(15)=  0.12017890
    zpar(16)=  1.00000000
    zpar(17)=  1.04044830
    zpar(18)=  1.04778384
    zpar(19)=  1.03983875
    zpar(20)=  1.03250320
    zpar(21)=  1.04046966
    zpar(22)=  1.04755356
    zpar(23)=  1.03983875
    zpar(24)=  1.03250320
    zpar(25)=  1.04044861
    zpar(26)=  1.04778416
    zpar(27)=  1.04042462
    zpar(28)=  1.02613257
    zpar(29)= -0.00002313
    zpar(30)=  0.20402204


 ***************************************************************************
 *                     DZface_Initializion ended                           *
 ***************************************************************************

 DZface_Tabluj: pretabulation, basic LEP1 range
 a: i,ww=            0   1.0000000000000000E-002
 a: i,ww=           10   2.4990351259560770E-002
 a: i,ww=           20   6.2451765607623048E-002
 a: i,ww=           30  0.15606915593142559     
 a: i,ww=           40  0.39002230275094890     
 a: i,ww=           50  0.97467943448089644     
 a: i,ww=           60   2.4357581433147639     
 a: i,ww=           70   6.0870451584771494     
 a: i,ww=           80   15.211739664315283     
 a: i,ww=           90   38.014671748023183     
 a: i,ww=          100   95.000000000000000     
 DZface_Tabluj: pretabulation, near Z0:
 b: i,ww=            0   31.187600000000003     
 b: i,ww=           10   41.187600000000003     
 b: i,ww=           20   51.187600000000003     
 b: i,ww=           30   61.187600000000003     
 b: i,ww=           40   71.187600000000003     
 b: i,ww=           50   81.187600000000003     
 b: i,ww=           60   91.187600000000003     
 b: i,ww=           70   101.18760000000000     
 b: i,ww=           80   111.18760000000000     
 b: i,ww=           90   121.18760000000000     
 b: i,ww=          100   131.18760000000000     
 b: i,ww=          110   141.18760000000000     
 b: i,ww=          120   151.18760000000000     
 DZface_Tabluj: LEP2 energy zone: pretabulation starts
 c: i,ww=            0   95.000000000000000     
 c: i,ww=           10   105.00006896551724     
 c: i,ww=           20   115.00013793103449     
 c: i,ww=           30   125.00020689655173     
 c: i,ww=           40   135.00027586206897     
 c: i,ww=           50   145.00034482758622     
 c: i,ww=           60   155.00041379310346     
 c: i,ww=           70   165.00048275862071     
 c: i,ww=           80   175.00055172413795     
 c: i,ww=           90   185.00062068965519     
 c: i,ww=          100   195.00068965517244     
 c: i,ww=          110   205.00075862068965     
 c: i,ww=          120   215.00082758620690     
 c: i,ww=          130   225.00089655172414     
 c: i,ww=          140   235.00096551724138     
 DZface_Tabluj: NLC energy range: pretabulation starts
 d: i,ww=            0   240.00100000000000     
 d: i,ww=           10   340.00099999999998     
 d: i,ww=           20   440.00099999999998     
 d: i,ww=           30   540.00099999999998     
 d: i,ww=           40   640.00099999999998     
 d: i,ww=           50   740.00099999999998     
 d: i,ww=           60   840.00099999999998     
 d: i,ww=           70   940.00099999999998     
 d: i,ww=           80   1040.0010000000000     
 DZface_Tabluj: pretabulatin finished  now !
 DZface_WriteFile: finished  now !!!


 ***************************************************************************
 *   DZface_Initialize, Interface to Dizet 6.xx                            *
 *      91.18760000                 Z mass                   amz        a1 *
 *     125.10000000                 Higgs mass               amh        a2 *
 *     173.00000000                 Top mass                 amtop      a3 *
 *               11                 KF code of beam          KFini      a5 *
 *                5                 KF of final fermion      KFfin      a6 *
 *                2                 IV code of beam          IVini      a7 *
 *                4                 IV of final fermion      IVfin      a8 *
 *                1                 EW box switch            ibox       a9 *
 *     128.86674175                 QED alfa inv. at Z       alfinv     a1 *
 *       0.12017890                 QCD alfa at Z mass       alfQCD     a2 *
 ***************************************************************************

 DIZET flags, see routine Dizet for explanation:
  Ihvp = 1 Iamt4 = 4
  Iqcd = 3 Imoms = 1
 Imass = 0 Iscre = 0
 Ialem = 3 Imask = 0
 Iscal = 0 Ibarb = 2
 IFtjr = 1 Ifacr = 0
 IFact = 0 Ihigs = 0
 Iafmt = 1 Iewlc = 1
 Iczak = 1 Ihig2 = 1
 Iale2 = 3 Igfer = 2
 Iddzz = 1
    
 Alpha-QED   (MZ)  =0.007759
 Alfa strong (MZ)  =  0.1202
 Alfa strong (Mt)  =  0.1094
zpard(20): QCD corr.fact. to Z-width (no b)  =   1.0325032038
zpard(25): QCD corr.fact. to Z-width (into b)=   1.0404486139
    
 zpar-matrix: standard output of dizet:
    zpar( 1)=  0.03676912
    zpar( 2)=  0.01168085
    zpar( 3)=  0.22345877
    zpar( 4)=  1.16637000
    zpar( 5)=  0.23135423
    zpar( 6)=  0.23173559
    zpar( 7)=  0.23173559
    zpar( 8)=  0.23173559
    zpar( 9)=  0.23162902
    zpar(10)=  0.23150190
    zpar(11)=  0.23162902
    zpar(12)=  0.23150190
    zpar(13)=  0.00000000
    zpar(14)=  0.23306148
    zpar(15)=  0.12017890
    zpar(16)=  1.00000000
    zpar(17)=  1.04044830
    zpar(18)=  1.04778384
    zpar(19)=  1.03983875
    zpar(20)=  1.03250320
    zpar(21)=  1.04046966
    zpar(22)=  1.04755356
    zpar(23)=  1.03983875
    zpar(24)=  1.03250320
    zpar(25)=  1.04044861
    zpar(26)=  1.04778416
    zpar(27)=  1.04042462
    zpar(28)=  1.02613257
    zpar(29)= -0.00002313
    zpar(30)=  0.20402204


 ***************************************************************************
 *                     DZface_Initializion ended                           *
 ***************************************************************************

 DZface_Tabluj: pretabulation, basic LEP1 range
 a: i,ww=            0   1.0000000000000000E-002
 a: i,ww=           10   2.4990351259560770E-002
 a: i,ww=           20   6.2451765607623048E-002
 a: i,ww=           30  0.15606915593142559     
 a: i,ww=           40  0.39002230275094890     
 a: i,ww=           50  0.97467943448089644     
 a: i,ww=           60   2.4357581433147639     
 a: i,ww=           70   6.0870451584771494     
 a: i,ww=           80   15.211739664315283     
 a: i,ww=           90   38.014671748023183     
 a: i,ww=          100   95.000000000000000     
 DZface_Tabluj: pretabulation, near Z0:
 b: i,ww=            0   31.187600000000003     
 b: i,ww=           10   41.187600000000003     
 b: i,ww=           20   51.187600000000003     
 b: i,ww=           30   61.187600000000003     
 b: i,ww=           40   71.187600000000003     
 b: i,ww=           50   81.187600000000003     
 b: i,ww=           60   91.187600000000003     
 b: i,ww=           70   101.18760000000000     
 b: i,ww=           80   111.18760000000000     
 b: i,ww=           90   121.18760000000000     
 b: i,ww=          100   131.18760000000000     
 b: i,ww=          110   141.18760000000000     
 b: i,ww=          120   151.18760000000000     
 DZface_Tabluj: LEP2 energy zone: pretabulation starts
 c: i,ww=            0   95.000000000000000     
 c: i,ww=           10   105.00006896551724     
 c: i,ww=           20   115.00013793103449     
 c: i,ww=           30   125.00020689655173     
 c: i,ww=           40   135.00027586206897     
 c: i,ww=           50   145.00034482758622     
 c: i,ww=           60   155.00041379310346     
 c: i,ww=           70   165.00048275862071     
 c: i,ww=           80   175.00055172413795     
 c: i,ww=           90   185.00062068965519     
 c: i,ww=          100   195.00068965517244     
 c: i,ww=          110   205.00075862068965     
 c: i,ww=          120   215.00082758620690     
 c: i,ww=          130   225.00089655172414     
 c: i,ww=          140   235.00096551724138     
 DZface_Tabluj: NLC energy range: pretabulation starts
 d: i,ww=            0   240.00100000000000     
 d: i,ww=           10   340.00099999999998     
 d: i,ww=           20   440.00099999999998     
 d: i,ww=           30   540.00099999999998     
 d: i,ww=           40   640.00099999999998     
 d: i,ww=           50   740.00099999999998     
 d: i,ww=           60   840.00099999999998     
 d: i,ww=           70   940.00099999999998     
 d: i,ww=           80   1040.0010000000000     
 DZface_Tabluj: pretabulatin finished  now !
 DZface_WriteFile: finished  now !!!


 ***************************************************************************
 *   DZface_Initialize, Interface to Dizet 6.xx                            *
 *      91.18760000                 Z mass                   amz        a1 *
 *     125.10000000                 Higgs mass               amh        a2 *
 *     173.00000000                 Top mass                 amtop      a3 *
 *               11                 KF code of beam          KFini      a5 *
 *               12                 KF of final fermion      KFfin      a6 *
 *                2                 IV code of beam          IVini      a7 *
 *                1                 IV of final fermion      IVfin      a8 *
 *                1                 EW box switch            ibox       a9 *
 *     128.86674175                 QED alfa inv. at Z       alfinv     a1 *
 *       0.12017890                 QCD alfa at Z mass       alfQCD     a2 *
 ***************************************************************************

 DIZET flags, see routine Dizet for explanation:
  Ihvp = 1 Iamt4 = 4
  Iqcd = 3 Imoms = 1
 Imass = 0 Iscre = 0
 Ialem = 3 Imask = 0
 Iscal = 0 Ibarb = 2
 IFtjr = 1 Ifacr = 0
 IFact = 0 Ihigs = 0
 Iafmt = 1 Iewlc = 1
 Iczak = 1 Ihig2 = 1
 Iale2 = 3 Igfer = 2
 Iddzz = 1
    
 Alpha-QED   (MZ)  =0.007759
 Alfa strong (MZ)  =  0.1202
 Alfa strong (Mt)  =  0.1094
zpard(20): QCD corr.fact. to Z-width (no b)  =   1.0325032038
zpard(25): QCD corr.fact. to Z-width (into b)=   1.0404486139
    
 zpar-matrix: standard output of dizet:
    zpar( 1)=  0.03676912
    zpar( 2)=  0.01168085
    zpar( 3)=  0.22345877
    zpar( 4)=  1.16637000
    zpar( 5)=  0.23135423
    zpar( 6)=  0.23173559
    zpar( 7)=  0.23173559
    zpar( 8)=  0.23173559
    zpar( 9)=  0.23162902
    zpar(10)=  0.23150190
    zpar(11)=  0.23162902
    zpar(12)=  0.23150190
    zpar(13)=  0.00000000
    zpar(14)=  0.23306148
    zpar(15)=  0.12017890
    zpar(16)=  1.00000000
    zpar(17)=  1.04044830
    zpar(18)=  1.04778384
    zpar(19)=  1.03983875
    zpar(20)=  1.03250320
    zpar(21)=  1.04046966
    zpar(22)=  1.04755356
    zpar(23)=  1.03983875
    zpar(24)=  1.03250320
    zpar(25)=  1.04044861
    zpar(26)=  1.04778416
    zpar(27)=  1.04042462
    zpar(28)=  1.02613257
    zpar(29)= -0.00002313
    zpar(30)=  0.20402204


 ***************************************************************************
 *                     DZface_Initializion ended                           *
 ***************************************************************************

 DZface_Tabluj: pretabulation, basic LEP1 range
 a: i,ww=            0   1.0000000000000000E-002
 a: i,ww=           10   2.4990351259560770E-002
 a: i,ww=           20   6.2451765607623048E-002
 a: i,ww=           30  0.15606915593142559     
 a: i,ww=           40  0.39002230275094890     
 a: i,ww=           50  0.97467943448089644     
 a: i,ww=           60   2.4357581433147639     
 a: i,ww=           70   6.0870451584771494     
 a: i,ww=           80   15.211739664315283     
 a: i,ww=           90   38.014671748023183     
 a: i,ww=          100   95.000000000000000     
 DZface_Tabluj: pretabulation, near Z0:
 b: i,ww=            0   31.187600000000003     
 b: i,ww=           10   41.187600000000003     
 b: i,ww=           20   51.187600000000003     
 b: i,ww=           30   61.187600000000003     
 b: i,ww=           40   71.187600000000003     
 b: i,ww=           50   81.187600000000003     
 b: i,ww=           60   91.187600000000003     
 b: i,ww=           70   101.18760000000000     
 b: i,ww=           80   111.18760000000000     
 b: i,ww=           90   121.18760000000000     
 b: i,ww=          100   131.18760000000000     
 b: i,ww=          110   141.18760000000000     
 b: i,ww=          120   151.18760000000000     
 DZface_Tabluj: LEP2 energy zone: pretabulation starts
 c: i,ww=            0   95.000000000000000     
 c: i,ww=           10   105.00006896551724     
 c: i,ww=           20   115.00013793103449     
 c: i,ww=           30   125.00020689655173     
 c: i,ww=           40   135.00027586206897     
 c: i,ww=           50   145.00034482758622     
 c: i,ww=           60   155.00041379310346     
 c: i,ww=           70   165.00048275862071     
 c: i,ww=           80   175.00055172413795     
 c: i,ww=           90   185.00062068965519     
 c: i,ww=          100   195.00068965517244     
 c: i,ww=          110   205.00075862068965     
 c: i,ww=          120   215.00082758620690     
 c: i,ww=          130   225.00089655172414     
 c: i,ww=          140   235.00096551724138     
 DZface_Tabluj: NLC energy range: pretabulation starts
 d: i,ww=            0   240.00100000000000     
 d: i,ww=           10   340.00099999999998     
 d: i,ww=           20   440.00099999999998     
 d: i,ww=           30   540.00099999999998     
 d: i,ww=           40   640.00099999999998     
 d: i,ww=           50   740.00099999999998     
 d: i,ww=           60   840.00099999999998     
 d: i,ww=           70   940.00099999999998     
 d: i,ww=           80   1040.0010000000000     
 DZface_Tabluj: pretabulatin finished  now !
 DZface_WriteFile: finished  now !!!


 ***************************************************************************
 *   DZface_Initialize, Interface to Dizet 6.xx                            *
 *      91.18760000                 Z mass                   amz        a1 *
 *     125.10000000                 Higgs mass               amh        a2 *
 *     173.00000000                 Top mass                 amtop      a3 *
 *               11                 KF code of beam          KFini      a5 *
 *               13                 KF of final fermion      KFfin      a6 *
 *                2                 IV code of beam          IVini      a7 *
 *                2                 IV of final fermion      IVfin      a8 *
 *                1                 EW box switch            ibox       a9 *
 *     128.86674175                 QED alfa inv. at Z       alfinv     a1 *
 *       0.12017890                 QCD alfa at Z mass       alfQCD     a2 *
 ***************************************************************************

 DIZET flags, see routine Dizet for explanation:
  Ihvp = 1 Iamt4 = 4
  Iqcd = 3 Imoms = 1
 Imass = 0 Iscre = 0
 Ialem = 3 Imask = 0
 Iscal = 0 Ibarb = 2
 IFtjr = 1 Ifacr = 0
 IFact = 0 Ihigs = 0
 Iafmt = 1 Iewlc = 1
 Iczak = 1 Ihig2 = 1
 Iale2 = 3 Igfer = 2
 Iddzz = 1
    
 Alpha-QED   (MZ)  =0.007759
 Alfa strong (MZ)  =  0.1202
 Alfa strong (Mt)  =  0.1094
zpard(20): QCD corr.fact. to Z-width (no b)  =   1.0325032038
zpard(25): QCD corr.fact. to Z-width (into b)=   1.0404486139
    
 zpar-matrix: standard output of dizet:
    zpar( 1)=  0.03676912
    zpar( 2)=  0.01168085
    zpar( 3)=  0.22345877
    zpar( 4)=  1.16637000
    zpar( 5)=  0.23135423
    zpar( 6)=  0.23173559
    zpar( 7)=  0.23173559
    zpar( 8)=  0.23173559
    zpar( 9)=  0.23162902
    zpar(10)=  0.23150190
    zpar(11)=  0.23162902
    zpar(12)=  0.23150190
    zpar(13)=  0.00000000
    zpar(14)=  0.23306148
    zpar(15)=  0.12017890
    zpar(16)=  1.00000000
    zpar(17)=  1.04044830
    zpar(18)=  1.04778384
    zpar(19)=  1.03983875
    zpar(20)=  1.03250320
    zpar(21)=  1.04046966
    zpar(22)=  1.04755356
    zpar(23)=  1.03983875
    zpar(24)=  1.03250320
    zpar(25)=  1.04044861
    zpar(26)=  1.04778416
    zpar(27)=  1.04042462
    zpar(28)=  1.02613257
    zpar(29)= -0.00002313
    zpar(30)=  0.20402204


 ***************************************************************************
 *                     DZface_Initializion ended                           *
 ***************************************************************************

 DZface_Tabluj: pretabulation, basic LEP1 range
 a: i,ww=            0   1.0000000000000000E-002
 a: i,ww=           10   2.4990351259560770E-002
 a: i,ww=           20   6.2451765607623048E-002
 a: i,ww=           30  0.15606915593142559     
 a: i,ww=           40  0.39002230275094890     
 a: i,ww=           50  0.97467943448089644     
 a: i,ww=           60   2.4357581433147639     
 a: i,ww=           70   6.0870451584771494     
 a: i,ww=           80   15.211739664315283     
 a: i,ww=           90   38.014671748023183     
 a: i,ww=          100   95.000000000000000     
 DZface_Tabluj: pretabulation, near Z0:
 b: i,ww=            0   31.187600000000003     
 b: i,ww=           10   41.187600000000003     
 b: i,ww=           20   51.187600000000003     
 b: i,ww=           30   61.187600000000003     
 b: i,ww=           40   71.187600000000003     
 b: i,ww=           50   81.187600000000003     
 b: i,ww=           60   91.187600000000003     
 b: i,ww=           70   101.18760000000000     
 b: i,ww=           80   111.18760000000000     
 b: i,ww=           90   121.18760000000000     
 b: i,ww=          100   131.18760000000000     
 b: i,ww=          110   141.18760000000000     
 b: i,ww=          120   151.18760000000000     
 DZface_Tabluj: LEP2 energy zone: pretabulation starts
 c: i,ww=            0   95.000000000000000     
 c: i,ww=           10   105.00006896551724     
 c: i,ww=           20   115.00013793103449     
 c: i,ww=           30   125.00020689655173     
 c: i,ww=           40   135.00027586206897     
 c: i,ww=           50   145.00034482758622     
 c: i,ww=           60   155.00041379310346     
 c: i,ww=           70   165.00048275862071     
 c: i,ww=           80   175.00055172413795     
 c: i,ww=           90   185.00062068965519     
 c: i,ww=          100   195.00068965517244     
 c: i,ww=          110   205.00075862068965     
 c: i,ww=          120   215.00082758620690     
 c: i,ww=          130   225.00089655172414     
 c: i,ww=          140   235.00096551724138     
 DZface_Tabluj: NLC energy range: pretabulation starts
 d: i,ww=            0   240.00100000000000     
 d: i,ww=           10   340.00099999999998     
 d: i,ww=           20   440.00099999999998     
 d: i,ww=           30   540.00099999999998     
 d: i,ww=           40   640.00099999999998     
 d: i,ww=           50   740.00099999999998     
 d: i,ww=           60   840.00099999999998     
 d: i,ww=           70   940.00099999999998     
 d: i,ww=           80   1040.0010000000000     
 DZface_Tabluj: pretabulatin finished  now !
 DZface_WriteFile: finished  now !!!


 ***************************************************************************
 *   DZface_Initialize, Interface to Dizet 6.xx                            *
 *      91.18760000                 Z mass                   amz        a1 *
 *     125.10000000                 Higgs mass               amh        a2 *
 *     173.00000000                 Top mass                 amtop      a3 *
 *               11                 KF code of beam          KFini      a5 *
 *               14                 KF of final fermion      KFfin      a6 *
 *                2                 IV code of beam          IVini      a7 *
 *                1                 IV of final fermion      IVfin      a8 *
 *                1                 EW box switch            ibox       a9 *
 *     128.86674175                 QED alfa inv. at Z       alfinv     a1 *
 *       0.12017890                 QCD alfa at Z mass       alfQCD     a2 *
 ***************************************************************************

 DIZET flags, see routine Dizet for explanation:
  Ihvp = 1 Iamt4 = 4
  Iqcd = 3 Imoms = 1
 Imass = 0 Iscre = 0
 Ialem = 3 Imask = 0
 Iscal = 0 Ibarb = 2
 IFtjr = 1 Ifacr = 0
 IFact = 0 Ihigs = 0
 Iafmt = 1 Iewlc = 1
 Iczak = 1 Ihig2 = 1
 Iale2 = 3 Igfer = 2
 Iddzz = 1
    
 Alpha-QED   (MZ)  =0.007759
 Alfa strong (MZ)  =  0.1202
 Alfa strong (Mt)  =  0.1094
zpard(20): QCD corr.fact. to Z-width (no b)  =   1.0325032038
zpard(25): QCD corr.fact. to Z-width (into b)=   1.0404486139
    
 zpar-matrix: standard output of dizet:
    zpar( 1)=  0.03676912
    zpar( 2)=  0.01168085
    zpar( 3)=  0.22345877
    zpar( 4)=  1.16637000
    zpar( 5)=  0.23135423
    zpar( 6)=  0.23173559
    zpar( 7)=  0.23173559
    zpar( 8)=  0.23173559
    zpar( 9)=  0.23162902
    zpar(10)=  0.23150190
    zpar(11)=  0.23162902
    zpar(12)=  0.23150190
    zpar(13)=  0.00000000
    zpar(14)=  0.23306148
    zpar(15)=  0.12017890
    zpar(16)=  1.00000000
    zpar(17)=  1.04044830
    zpar(18)=  1.04778384
    zpar(19)=  1.03983875
    zpar(20)=  1.03250320
    zpar(21)=  1.04046966
    zpar(22)=  1.04755356
    zpar(23)=  1.03983875
    zpar(24)=  1.03250320
    zpar(25)=  1.04044861
    zpar(26)=  1.04778416
    zpar(27)=  1.04042462
    zpar(28)=  1.02613257
    zpar(29)= -0.00002313
    zpar(30)=  0.20402204


 ***************************************************************************
 *                     DZface_Initializion ended                           *
 ***************************************************************************

 DZface_Tabluj: pretabulation, basic LEP1 range
 a: i,ww=            0   1.0000000000000000E-002
 a: i,ww=           10   2.4990351259560770E-002
 a: i,ww=           20   6.2451765607623048E-002
 a: i,ww=           30  0.15606915593142559     
 a: i,ww=           40  0.39002230275094890     
 a: i,ww=           50  0.97467943448089644     
 a: i,ww=           60   2.4357581433147639     
 a: i,ww=           70   6.0870451584771494     
 a: i,ww=           80   15.211739664315283     
 a: i,ww=           90   38.014671748023183     
 a: i,ww=          100   95.000000000000000     
 DZface_Tabluj: pretabulation, near Z0:
 b: i,ww=            0   31.187600000000003     
 b: i,ww=           10   41.187600000000003     
 b: i,ww=           20   51.187600000000003     
 b: i,ww=           30   61.187600000000003     
 b: i,ww=           40   71.187600000000003     
 b: i,ww=           50   81.187600000000003     
 b: i,ww=           60   91.187600000000003     
 b: i,ww=           70   101.18760000000000     
 b: i,ww=           80   111.18760000000000     
 b: i,ww=           90   121.18760000000000     
 b: i,ww=          100   131.18760000000000     
 b: i,ww=          110   141.18760000000000     
 b: i,ww=          120   151.18760000000000     
 DZface_Tabluj: LEP2 energy zone: pretabulation starts
 c: i,ww=            0   95.000000000000000     
 c: i,ww=           10   105.00006896551724     
 c: i,ww=           20   115.00013793103449     
 c: i,ww=           30   125.00020689655173     
 c: i,ww=           40   135.00027586206897     
 c: i,ww=           50   145.00034482758622     
 c: i,ww=           60   155.00041379310346     
 c: i,ww=           70   165.00048275862071     
 c: i,ww=           80   175.00055172413795     
 c: i,ww=           90   185.00062068965519     
 c: i,ww=          100   195.00068965517244     
 c: i,ww=          110   205.00075862068965     
 c: i,ww=          120   215.00082758620690     
 c: i,ww=          130   225.00089655172414     
 c: i,ww=          140   235.00096551724138     
 DZface_Tabluj: NLC energy range: pretabulation starts
 d: i,ww=            0   240.00100000000000     
 d: i,ww=           10   340.00099999999998     
 d: i,ww=           20   440.00099999999998     
 d: i,ww=           30   540.00099999999998     
 d: i,ww=           40   640.00099999999998     
 d: i,ww=           50   740.00099999999998     
 d: i,ww=           60   840.00099999999998     
 d: i,ww=           70   940.00099999999998     
 d: i,ww=           80   1040.0010000000000     
 DZface_Tabluj: pretabulatin finished  now !
 DZface_WriteFile: finished  now !!!


 ***************************************************************************
 *   DZface_Initialize, Interface to Dizet 6.xx                            *
 *      91.18760000                 Z mass                   amz        a1 *
 *     125.10000000                 Higgs mass               amh        a2 *
 *     173.00000000                 Top mass                 amtop      a3 *
 *               11                 KF code of beam          KFini      a5 *
 *               15                 KF of final fermion      KFfin      a6 *
 *                2                 IV code of beam          IVini      a7 *
 *                2                 IV of final fermion      IVfin      a8 *
 *                1                 EW box switch            ibox       a9 *
 *     128.86674175                 QED alfa inv. at Z       alfinv     a1 *
 *       0.12017890                 QCD alfa at Z mass       alfQCD     a2 *
 ***************************************************************************

 DIZET flags, see routine Dizet for explanation:
  Ihvp = 1 Iamt4 = 4
  Iqcd = 3 Imoms = 1
 Imass = 0 Iscre = 0
 Ialem = 3 Imask = 0
 Iscal = 0 Ibarb = 2
 IFtjr = 1 Ifacr = 0
 IFact = 0 Ihigs = 0
 Iafmt = 1 Iewlc = 1
 Iczak = 1 Ihig2 = 1
 Iale2 = 3 Igfer = 2
 Iddzz = 1
    
 Alpha-QED   (MZ)  =0.007759
 Alfa strong (MZ)  =  0.1202
 Alfa strong (Mt)  =  0.1094
zpard(20): QCD corr.fact. to Z-width (no b)  =   1.0325032038
zpard(25): QCD corr.fact. to Z-width (into b)=   1.0404486139
    
 zpar-matrix: standard output of dizet:
    zpar( 1)=  0.03676912
    zpar( 2)=  0.01168085
    zpar( 3)=  0.22345877
    zpar( 4)=  1.16637000
    zpar( 5)=  0.23135423
    zpar( 6)=  0.23173559
    zpar( 7)=  0.23173559
    zpar( 8)=  0.23173559
    zpar( 9)=  0.23162902
    zpar(10)=  0.23150190
    zpar(11)=  0.23162902
    zpar(12)=  0.23150190
    zpar(13)=  0.00000000
    zpar(14)=  0.23306148
    zpar(15)=  0.12017890
    zpar(16)=  1.00000000
    zpar(17)=  1.04044830
    zpar(18)=  1.04778384
    zpar(19)=  1.03983875
    zpar(20)=  1.03250320
    zpar(21)=  1.04046966
    zpar(22)=  1.04755356
    zpar(23)=  1.03983875
    zpar(24)=  1.03250320
    zpar(25)=  1.04044861
    zpar(26)=  1.04778416
    zpar(27)=  1.04042462
    zpar(28)=  1.02613257
    zpar(29)= -0.00002313
    zpar(30)=  0.20402204


 ***************************************************************************
 *                     DZface_Initializion ended                           *
 ***************************************************************************

 DZface_Tabluj: pretabulation, basic LEP1 range
 a: i,ww=            0   1.0000000000000000E-002
 a: i,ww=           10   2.4990351259560770E-002
 a: i,ww=           20   6.2451765607623048E-002
 a: i,ww=           30  0.15606915593142559     
 a: i,ww=           40  0.39002230275094890     
 a: i,ww=           50  0.97467943448089644     
 a: i,ww=           60   2.4357581433147639     
 a: i,ww=           70   6.0870451584771494     
 a: i,ww=           80   15.211739664315283     
 a: i,ww=           90   38.014671748023183     
 a: i,ww=          100   95.000000000000000     
 DZface_Tabluj: pretabulation, near Z0:
 b: i,ww=            0   31.187600000000003     
 b: i,ww=           10   41.187600000000003     
 b: i,ww=           20   51.187600000000003     
 b: i,ww=           30   61.187600000000003     
 b: i,ww=           40   71.187600000000003     
 b: i,ww=           50   81.187600000000003     
 b: i,ww=           60   91.187600000000003     
 b: i,ww=           70   101.18760000000000     
 b: i,ww=           80   111.18760000000000     
 b: i,ww=           90   121.18760000000000     
 b: i,ww=          100   131.18760000000000     
 b: i,ww=          110   141.18760000000000     
 b: i,ww=          120   151.18760000000000     
 DZface_Tabluj: LEP2 energy zone: pretabulation starts
 c: i,ww=            0   95.000000000000000     
 c: i,ww=           10   105.00006896551724     
 c: i,ww=           20   115.00013793103449     
 c: i,ww=           30   125.00020689655173     
 c: i,ww=           40   135.00027586206897     
 c: i,ww=           50   145.00034482758622     
 c: i,ww=           60   155.00041379310346     
 c: i,ww=           70   165.00048275862071     
 c: i,ww=           80   175.00055172413795     
 c: i,ww=           90   185.00062068965519     
 c: i,ww=          100   195.00068965517244     
 c: i,ww=          110   205.00075862068965     
 c: i,ww=          120   215.00082758620690     
 c: i,ww=          130   225.00089655172414     
 c: i,ww=          140   235.00096551724138     
 DZface_Tabluj: NLC energy range: pretabulation starts
 d: i,ww=            0   240.00100000000000     
 d: i,ww=           10   340.00099999999998     
 d: i,ww=           20   440.00099999999998     
 d: i,ww=           30   540.00099999999998     
 d: i,ww=           40   640.00099999999998     
 d: i,ww=           50   740.00099999999998     
 d: i,ww=           60   840.00099999999998     
 d: i,ww=           70   940.00099999999998     
 d: i,ww=           80   1040.0010000000000     
 DZface_Tabluj: pretabulatin finished  now !
 DZface_WriteFile: finished  now !!!


 ***************************************************************************
 *   DZface_Initialize, Interface to Dizet 6.xx                            *
 *      91.18760000                 Z mass                   amz        a1 *
 *     125.10000000                 Higgs mass               amh        a2 *
 *     173.00000000                 Top mass                 amtop      a3 *
 *               11                 KF code of beam          KFini      a5 *
 *               16                 KF of final fermion      KFfin      a6 *
 *                2                 IV code of beam          IVini      a7 *
 *                1                 IV of final fermion      IVfin      a8 *
 *                1                 EW box switch            ibox       a9 *
 *     128.86674175                 QED alfa inv. at Z       alfinv     a1 *
 *       0.12017890                 QCD alfa at Z mass       alfQCD     a2 *
 ***************************************************************************

 DIZET flags, see routine Dizet for explanation:
  Ihvp = 1 Iamt4 = 4
  Iqcd = 3 Imoms = 1
 Imass = 0 Iscre = 0
 Ialem = 3 Imask = 0
 Iscal = 0 Ibarb = 2
 IFtjr = 1 Ifacr = 0
 IFact = 0 Ihigs = 0
 Iafmt = 1 Iewlc = 1
 Iczak = 1 Ihig2 = 1
 Iale2 = 3 Igfer = 2
 Iddzz = 1
    
 Alpha-QED   (MZ)  =0.007759
 Alfa strong (MZ)  =  0.1202
 Alfa strong (Mt)  =  0.1094
zpard(20): QCD corr.fact. to Z-width (no b)  =   1.0325032038
zpard(25): QCD corr.fact. to Z-width (into b)=   1.0404486139
    
 zpar-matrix: standard output of dizet:
    zpar( 1)=  0.03676912
    zpar( 2)=  0.01168085
    zpar( 3)=  0.22345877
    zpar( 4)=  1.16637000
    zpar( 5)=  0.23135423
    zpar( 6)=  0.23173559
    zpar( 7)=  0.23173559
    zpar( 8)=  0.23173559
    zpar( 9)=  0.23162902
    zpar(10)=  0.23150190
    zpar(11)=  0.23162902
    zpar(12)=  0.23150190
    zpar(13)=  0.00000000
    zpar(14)=  0.23306148
    zpar(15)=  0.12017890
    zpar(16)=  1.00000000
    zpar(17)=  1.04044830
    zpar(18)=  1.04778384
    zpar(19)=  1.03983875
    zpar(20)=  1.03250320
    zpar(21)=  1.04046966
    zpar(22)=  1.04755356
    zpar(23)=  1.03983875
    zpar(24)=  1.03250320
    zpar(25)=  1.04044861
    zpar(26)=  1.04778416
    zpar(27)=  1.04042462
    zpar(28)=  1.02613257
    zpar(29)= -0.00002313
    zpar(30)=  0.20402204


 ***************************************************************************
 *                     DZface_Initializion ended                           *
 ***************************************************************************

 DZface_Tabluj: pretabulation, basic LEP1 range
 a: i,ww=            0   1.0000000000000000E-002
 a: i,ww=           10   2.4990351259560770E-002
 a: i,ww=           20   6.2451765607623048E-002
 a: i,ww=           30  0.15606915593142559     
 a: i,ww=           40  0.39002230275094890     
 a: i,ww=           50  0.97467943448089644     
 a: i,ww=           60   2.4357581433147639     
 a: i,ww=           70   6.0870451584771494     
 a: i,ww=           80   15.211739664315283     
 a: i,ww=           90   38.014671748023183     
 a: i,ww=          100   95.000000000000000     
 DZface_Tabluj: pretabulation, near Z0:
 b: i,ww=            0   31.187600000000003     
 b: i,ww=           10   41.187600000000003     
 b: i,ww=           20   51.187600000000003     
 b: i,ww=           30   61.187600000000003     
 b: i,ww=           40   71.187600000000003     
 b: i,ww=           50   81.187600000000003     
 b: i,ww=           60   91.187600000000003     
 b: i,ww=           70   101.18760000000000     
 b: i,ww=           80   111.18760000000000     
 b: i,ww=           90   121.18760000000000     
 b: i,ww=          100   131.18760000000000     
 b: i,ww=          110   141.18760000000000     
 b: i,ww=          120   151.18760000000000     
 DZface_Tabluj: LEP2 energy zone: pretabulation starts
 c: i,ww=            0   95.000000000000000     
 c: i,ww=           10   105.00006896551724     
 c: i,ww=           20   115.00013793103449     
 c: i,ww=           30   125.00020689655173     
 c: i,ww=           40   135.00027586206897     
 c: i,ww=           50   145.00034482758622     
 c: i,ww=           60   155.00041379310346     
 c: i,ww=           70   165.00048275862071     
 c: i,ww=           80   175.00055172413795     
 c: i,ww=           90   185.00062068965519     
 c: i,ww=          100   195.00068965517244     
 c: i,ww=          110   205.00075862068965     
 c: i,ww=          120   215.00082758620690     
 c: i,ww=          130   225.00089655172414     
 c: i,ww=          140   235.00096551724138     
 DZface_Tabluj: NLC energy range: pretabulation starts
 d: i,ww=            0   240.00100000000000     
 d: i,ww=           10   340.00099999999998     
 d: i,ww=           20   440.00099999999998     
 d: i,ww=           30   540.00099999999998     
 d: i,ww=           40   640.00099999999998     
 d: i,ww=           50   740.00099999999998     
 d: i,ww=           60   840.00099999999998     
 d: i,ww=           70   940.00099999999998     
 d: i,ww=           80   1040.0010000000000     
 DZface_Tabluj: pretabulatin finished  now !
 DZface_WriteFile: finished  now !!!
