 ******************************************************
 ******************************************************
 **           This is ZFITTER version 6.35           **
 **                   01/02/18                       **
 ******************************************************
 ** http://www.ifh.de/theory/publist.html            **
 ******************************************************
 
 ZUINIT> ZFITTER defaults:
 
 ZFITTER flag values:
 AFBC: 1 SCAL: 0 SCRE: 0 AMT4: 4 BORN: 0
 BOXD: 1 CONV: 1 FINR: 1 FOT2: 3 GAMS: 1
 DIAG: 1 INTF: 1 BARB: 2 PART: 0 POWR: 1
 PRNT: 0 ALEM: 3 QCDC: 3 VPOL: 1 WEAK: 1
 FTJR: 1 EXPR: 0 EXPF: 0 HIGS: 0 AFMT: 1
 CZAK: 1 PREC:10 HIG2: 0 ALE2: 3 GFER: 2
 ISPP: 2 FSRS: 1 MISC: 0 MISD: 1 IPFC: 5
 IPSC: 0 IPTO: 3 FBHO: 0 FSPP: 0 FUNA: 0
 ASCR: 1 SFSR: 1 ENUE: 1 TUPV: 1
 
 
 ZFITTER cut values:
   INDF  ICUT    ACOL    EMIN    S_PR    ANG0    ANG1     SPP
      0    -1    0.00    0.00    0.00    0.00  180.00    0.00
      1    -1    0.00    0.00    0.00    0.00  180.00    0.00
      2    -1    0.00    0.00    0.00    0.00  180.00    0.00
      3    -1    0.00    0.00    0.00    0.00  180.00    0.00
      4    -1    0.00    0.00    0.00    0.00  180.00    0.00
      5    -1    0.00    0.00    0.00    0.00  180.00    0.00
      6    -1    0.00    0.00    0.00    0.00  180.00    0.00
      7    -1    0.00    0.00    0.00    0.00  180.00    0.00
      8    -1    0.00    0.00    0.00    0.00  180.00    0.00
      9    -1    0.00    0.00    0.00    0.00  180.00    0.00
     10    -1    0.00    0.00    0.00    0.00  180.00    0.00
     11    -1    0.00    0.00    0.00    0.00  180.00    0.00
 
 
 ZFITTER flag values:
 AFBC: 1 SCAL: 0 SCRE: 0 AMT4: 4 BORN: 1
 BOXD: 0 CONV:-1 FINR:-1 FOT2:-1 GAMS: 0
 DIAG: 1 INTF: 0 BARB: 2 PART: 0 POWR: 0
 PRNT: 0 ALEM: 3 QCDC: 3 VPOL: 1 WEAK: 0
 FTJR: 2 EXPR: 0 EXPF: 0 HIGS: 0 AFMT: 1
 CZAK: 2 PREC:10 HIG2: 0 ALE2: 3 GFER: 2
 ISPP: 0 FSRS: 0 MISC: 0 MISD: 1 IPFC: 5
 IPSC: 0 IPTO: 3 FBHO: 0 FSPP: 0 FUNA: 0
 ASCR: 1 SFSR: 1 ENUE: 1 TUPV: 1
 
 GAMMAZ=    2495.3427050359
 SIN2TW=   0.22330592993199
 AMW   =    80.363329699738
INDF=  2  RS= 91.19   Total cross-sec=2.00557303705247
INDF=  2  RS= 91.19   Tot/Afb/Dev.Tcs=2.00557303705247  0.03351915384479  0.0000 normer
INDF=  2  RS=100.00   Total cross-sec=0.05208955209159
INDF=  2  RS=100.00   Tot/Afb/Dev.Tcs=0.05208955209159  0.57269426974425  0.0000 normer
INDF=  2  RS=140.00   Total cross-sec=0.00640805872136
INDF=  2  RS=140.00   Tot/Afb/Dev.Tcs=0.00640805872136  0.68335773110215  0.0000 normer
INDF=  2  RS=189.00   Total cross-sec=0.00304924583604
INDF=  2  RS=189.00   Tot/Afb/Dev.Tcs=0.00304924583604  0.58938447014186  0.0000 normer
INDF=  2  RS=200.00   Total cross-sec=0.00268965550654
INDF=  2  RS=200.00   Tot/Afb/Dev.Tcs=0.00268965550654  0.57775500961563  0.0000 normer
INDF=  2  RS=206.00   Total cross-sec=0.00252119053337
INDF=  2  RS=206.00   Tot/Afb/Dev.Tcs=0.00252119053337  0.57227008525132  0.0000 normer
 
 ENUE=  -1
 
INDF=  0  RS= 91.19   Total cross-sec=3.94526031817583
INDF=  0  RS= 91.19   Tot/Afb/Dev.Tcs=3.94526031817583  0.15835894254512  0.0000 normer
INDF= -1  RS= 91.19   Total cross-sec=3.94526031817583
INDF= -1  RS= 91.19   Tot/Afb/Dev.Tcs=3.94526031817583  0.15835894254512  0.0000 normer
INDF=  0  RS=100.00   Total cross-sec=0.08497608383105
INDF=  0  RS=100.00   Tot/Afb/Dev.Tcs=0.08497608383105  0.15835894254512  0.0000 normer
INDF= -1  RS=100.00   Total cross-sec=0.08497608383105
INDF= -1  RS=100.00   Tot/Afb/Dev.Tcs=0.08497608383105  0.15835894254512  0.0000 normer
INDF=  0  RS=140.00   Total cross-sec=0.00377912901529
INDF=  0  RS=140.00   Tot/Afb/Dev.Tcs=0.00377912901529  0.15835894254512  0.0000 normer
INDF= -1  RS=140.00   Total cross-sec=0.00377912901529
INDF= -1  RS=140.00   Tot/Afb/Dev.Tcs=0.00377912901529  0.15835894254512  0.0000 normer
INDF=  0  RS=189.00   Total cross-sec=0.00116819286268
INDF=  0  RS=189.00   Tot/Afb/Dev.Tcs=0.00116819286268  0.15835894254512  0.0000 normer
INDF= -1  RS=189.00   Total cross-sec=0.00116819286268
INDF= -1  RS=189.00   Tot/Afb/Dev.Tcs=0.00116819286268  0.15835894254512  0.0000 normer
INDF=  0  RS=200.00   Total cross-sec=0.00097868303435
INDF=  0  RS=200.00   Tot/Afb/Dev.Tcs=0.00097868303435  0.15835894254512  0.0000 normer
INDF= -1  RS=200.00   Total cross-sec=0.00097868303435
INDF= -1  RS=200.00   Tot/Afb/Dev.Tcs=0.00097868303435  0.15835894254512  0.0000 normer
INDF=  0  RS=206.00   Total cross-sec=0.00089533050038
INDF=  0  RS=206.00   Tot/Afb/Dev.Tcs=0.00089533050038  0.15835894254512  0.0000 normer
INDF= -1  RS=206.00   Total cross-sec=0.00089533050038
INDF= -1  RS=206.00   Tot/Afb/Dev.Tcs=0.00089533050038  0.15835894254512  0.0000 normer
 
 ENUE=  0
 
INDF=  0  RS= 91.19   Total cross-sec=3.94526031817583
INDF=  0  RS= 91.19   Tot/Afb/Dev.Tcs=3.94526031817583  0.15835894254512  0.0000 normer
INDF= -1  RS= 91.19   Total cross-sec=3.94526031817583
INDF= -1  RS= 91.19   Tot/Afb/Dev.Tcs=3.95994428993340  0.16102078571118   1.004 times 
INDF=  0  RS=100.00   Total cross-sec=0.08497608383105
INDF=  0  RS=100.00   Tot/Afb/Dev.Tcs=0.08497608383105  0.15835894254512  0.0000 normer
INDF= -1  RS=100.00   Total cross-sec=0.08497608383105
INDF= -1  RS=100.00   Tot/Afb/Dev.Tcs=0.10147397607175  0.27702199885141   1.194 times 
INDF=  0  RS=140.00   Total cross-sec=0.00377912901529
INDF=  0  RS=140.00   Tot/Afb/Dev.Tcs=0.00377912901529  0.15835894254512  0.0000 normer
INDF= -1  RS=140.00   Total cross-sec=0.00377912901529
INDF= -1  RS=140.00   Tot/Afb/Dev.Tcs=0.02756189618681  0.82335661578372   7.293 times 
INDF=  0  RS=189.00   Total cross-sec=0.00116819286268
INDF=  0  RS=189.00   Tot/Afb/Dev.Tcs=0.00116819286268  0.15835894254512  0.0000 normer
INDF= -1  RS=189.00   Total cross-sec=0.00116819286268
INDF= -1  RS=189.00   Tot/Afb/Dev.Tcs=0.03167845997069  0.92748917348372  27.117 times 
INDF=  0  RS=200.00   Total cross-sec=0.00097868303435
INDF=  0  RS=200.00   Tot/Afb/Dev.Tcs=0.00097868303435  0.15835894254512  0.0000 normer
INDF= -1  RS=200.00   Total cross-sec=0.00097868303435
INDF= -1  RS=200.00   Tot/Afb/Dev.Tcs=0.03271465153811  0.93710100843765  33.427 times 
INDF=  0  RS=206.00   Total cross-sec=0.00089533050038
INDF=  0  RS=206.00   Tot/Afb/Dev.Tcs=0.00089533050038  0.15835894254512  0.0000 normer
INDF= -1  RS=206.00   Total cross-sec=0.00089533050038
INDF= -1  RS=206.00   Tot/Afb/Dev.Tcs=0.03326228813910  0.94150230196887  37.151 times 
 
 ENUE=  1
 
INDF=  0  RS= 91.19   Total cross-sec=3.94526031817583
INDF=  0  RS= 91.19   Tot/Afb/Dev.Tcs=3.94526031817583  0.15835894254512  0.0000 normer
INDF= -1  RS= 91.19   Total cross-sec=3.94526031817583
INDF= -1  RS= 91.19   Tot/Afb/Dev.Tcs=3.96083208034549  0.16116891500574   1.004 times 
INDF=  0  RS=100.00   Total cross-sec=0.08497608383105
INDF=  0  RS=100.00   Tot/Afb/Dev.Tcs=0.08497608383105  0.15835894254512  0.0000 normer
INDF= -1  RS=100.00   Total cross-sec=0.08497608383105
INDF= -1  RS=100.00   Tot/Afb/Dev.Tcs=0.15815100384124  0.47523472069280   1.861 times 
INDF=  0  RS=140.00   Total cross-sec=0.00377912901529
INDF=  0  RS=140.00   Tot/Afb/Dev.Tcs=0.00377912901529  0.15835894254512  0.0000 normer
INDF= -1  RS=140.00   Total cross-sec=0.00377912901529
INDF= -1  RS=140.00   Tot/Afb/Dev.Tcs=0.04168116682476  0.83626016736387  11.029 times 
INDF=  0  RS=189.00   Total cross-sec=0.00116819286268
INDF=  0  RS=189.00   Tot/Afb/Dev.Tcs=0.00116819286268  0.15835894254512  0.0000 normer
INDF= -1  RS=189.00   Total cross-sec=0.00116819286268
INDF= -1  RS=189.00   Tot/Afb/Dev.Tcs=0.04023159308633  0.91909022952781  34.439 times 
INDF=  0  RS=200.00   Total cross-sec=0.00097868303435
INDF=  0  RS=200.00   Tot/Afb/Dev.Tcs=0.00097868303435  0.15835894254512  0.0000 normer
INDF= -1  RS=200.00   Total cross-sec=0.00097868303435
INDF= -1  RS=200.00   Tot/Afb/Dev.Tcs=0.04062421161928  0.92843251758820  41.509 times 
INDF=  0  RS=206.00   Total cross-sec=0.00089533050038
INDF=  0  RS=206.00   Tot/Afb/Dev.Tcs=0.00089533050038  0.15835894254512  0.0000 normer
INDF= -1  RS=206.00   Total cross-sec=0.00089533050038
INDF= -1  RS=206.00   Tot/Afb/Dev.Tcs=0.04086273398276  0.93283762013659  45.640 times 
