    
 ==============================================
 ==========*********************===============
 ==========***    YFSPRO     ***===============
 ==========*********************===============
 ==============================================
    
    
 ==============================================
 ==========*********************===============
 ==========***  Y F S P R O  ***===============
 ==========*********************===============
 ==============================================
    
  kat1  kat2  kat3  kat4  kat5  kat6  kat7  kat8
     0     0     0     1     0     0     0     0
 100000000  requested events 
           
            *************************************************************
            *  ****   ****    ****  ****      *******      ***********  *
            *  ****   ****    ****  ****    ***********    ***********  *
            *  ****   ****    ****  ****    ****   ****    ****         *
            *  **********     *********     ****   ****    *********    *
            *  *******        ******            *****      *********    *
            *  **********     ********        *****        ****         *
            *  ****  *****    ****  ****    **********     ****         *
            *  ****   *****   ****   ****   **********     ****         *
            *************************************************************
           


 ***************************************************************************
 *                         KK Monte Carlo                                  *
 *            Version       4.02          25 Apr. 1999                     *
 *     500.00000000                 CMS energy average       CMSene     a1 *
 *        .00000000                 Beam energy spread       DelEne     a2 *
 *              100                 Max. photon mult.        npmax      a3 *
 *                1                 ISR switch               KeyISR     a4 *
 *                1                 FSR switch               KeyFSR     a5 *
 *                2                 ISR/FSR interferenc      KeyINT     a6 *
 *                1                 New exponentiation       KeyGPS     a7 *
 *                1                 Hadroniz.  switch        KeyHad     a7 *
 *        .20000000                 Hadroniz. min. mass      HadMin     a9 *
 *       1.00000000                 Maximum weight           WTmax     a10 *
 *              100                 Max. photon mult.        npmax     a11 *
 *               11                 Beam ident               KFini     a12 *
 *        .00250000                 Manimum phot. ener.      Ene       a13 *
 *    .10000000E-59                 Phot.mass, IR regul      MasPho    a14 *
 *    1.2500000                     Phot. mult. enhanc.      Xenph     a15 *
 *    .00000000E+00                 Vcut1                    Vcut1     a16 *
 *    .00000000E+00                 Vcut2                    Vcut2     a16 *
 *    .00000000E+00                 Vcut3                    Vcut2     a16 *
 *        .00000000                    PolBeam1(1)           Pol1x     a17 *
 *        .00000000                    PolBeam1(2)           Pol1y     a18 *
 *        .00000000                    PolBeam1(3)           Pol1z     a19 *
 *        .00000000                    PolBeam2(1)           Pol2x     a20 *
 *        .00000000                    PolBeam2(2)           Pol2y     a21 *
 *        .00000000                    PolBeam2(3)           Pol2z     a22 *
 ***************************************************************************

 +++WARNING: for WT=0 events NO hadronization!


 ***************************************************************************
 *            BornV  Initializator                                         *
 *      91.18700000                 Z mass     [GeV]         amz        a1 *
 *     100.00000000                 Higgs mass [GeV]         amh        a2 *
 *     175.00000000                 Top mass   [GeV]         amtop      a3 *
 *       2.50072032                 Z width    [GeV]         gammz      a4 *
 *        .22276773                 sin(theta_w)**2          sinw2      a5 *
 *     137.03598950                 1/alfa_QED  at  Q=0      AlfInv     a6 *
 *        .20000000                 MassCut light qqbar      HadMin     a6 *
 *               11                 KF code of beam          KFini      a7 *
 *    .99000000                     Input vvmax              vvmax      a8 *
 *    .99000000                     reduced vvmax in MC      vvmax      a9 *
 *         Test switches:                                                  *
 *                1                 Electroweak lib.         KeyElw     10 *
 *                1                 Z on/off   switch        KeyZet     11 *
 *                0                 mass terms on/off        KeyWtm     12 *
 ***************************************************************************



 ***************************************************************************
 *         BornV  Reading from disk file:                                  *
 *        ../../dizet/table.down.340pt                                     *
 *      91.18700000                 Z mass                   amz        a1 *
 *     100.00000000                 Higgs mass               amh        a2 *
 *     175.00000000                 Top mass                 amtop      a3 *
 *        .22276773                 sin**2(thetaW)           swsq       a3 *
 *       2.50072032                 Z width                  gammz      a3 *
 *      80.39116842                 W mass                   amw        a3 *
 *       2.08932690                 W width                  gammw      a3 *
 ***************************************************************************



 ***************************************************************************
 *         BornV  Reading from disk file:                                  *
 *        ../../dizet/table.up.340pt                                       *
 *      91.18700000                 Z mass                   amz        a1 *
 *     100.00000000                 Higgs mass               amh        a2 *
 *     175.00000000                 Top mass                 amtop      a3 *
 *        .22276773                 sin**2(thetaW)           swsq       a3 *
 *       2.50072032                 Z width                  gammz      a3 *
 *      80.39116842                 W mass                   amw        a3 *
 *       2.08932690                 W width                  gammw      a3 *
 ***************************************************************************



 ***************************************************************************
 *         BornV  Reading from disk file:                                  *
 *        ../../dizet/table.down.340pt                                     *
 *      91.18700000                 Z mass                   amz        a1 *
 *     100.00000000                 Higgs mass               amh        a2 *
 *     175.00000000                 Top mass                 amtop      a3 *
 *        .22276773                 sin**2(thetaW)           swsq       a3 *
 *       2.50072032                 Z width                  gammz      a3 *
 *      80.39116842                 W mass                   amw        a3 *
 *       2.08932690                 W width                  gammw      a3 *
 ***************************************************************************



 ***************************************************************************
 *         BornV  Reading from disk file:                                  *
 *        ../../dizet/table.up.340pt                                       *
 *      91.18700000                 Z mass                   amz        a1 *
 *     100.00000000                 Higgs mass               amh        a2 *
 *     175.00000000                 Top mass                 amtop      a3 *
 *        .22276773                 sin**2(thetaW)           swsq       a3 *
 *       2.50072032                 Z width                  gammz      a3 *
 *      80.39116842                 W mass                   amw        a3 *
 *       2.08932690                 W width                  gammw      a3 *
 ***************************************************************************



 ***************************************************************************
 *         BornV  Reading from disk file:                                  *
 *        ../../dizet/table.botom.340pt                                    *
 *      91.18700000                 Z mass                   amz        a1 *
 *     100.00000000                 Higgs mass               amh        a2 *
 *     175.00000000                 Top mass                 amtop      a3 *
 *        .22276773                 sin**2(thetaW)           swsq       a3 *
 *       2.50072032                 Z width                  gammz      a3 *
 *      80.39116842                 W mass                   amw        a3 *
 *       2.08932690                 W width                  gammw      a3 *
 ***************************************************************************



 ***************************************************************************
 *         BornV  Reading from disk file:                                  *
 *        ../../dizet/table.mu.340pt                                       *
 *      91.18700000                 Z mass                   amz        a1 *
 *     100.00000000                 Higgs mass               amh        a2 *
 *     175.00000000                 Top mass                 amtop      a3 *
 *        .22276773                 sin**2(thetaW)           swsq       a3 *
 *       2.50072032                 Z width                  gammz      a3 *
 *      80.39116842                 W mass                   amw        a3 *
 *       2.08932690                 W width                  gammw      a3 *
 ***************************************************************************



 ***************************************************************************
 *         BornV  Reading from disk file:                                  *
 *        ../../dizet/table.tau.340pt                                      *
 *      91.18700000                 Z mass                   amz        a1 *
 *     100.00000000                 Higgs mass               amh        a2 *
 *     175.00000000                 Top mass                 amtop      a3 *
 *        .22276773                 sin**2(thetaW)           swsq       a3 *
 *       2.50072032                 Z width                  gammz      a3 *
 *      80.39116842                 W mass                   amw        a3 *
 *       2.08932690                 W width                  gammw      a3 *
 ***************************************************************************



 ***************************************************************************
 *                         KarLud_Initialize START                         *
 *     500.00000000                  CMS energy average      CMSene     == *
 *        .00000000                  Beam energy spread      DelEne     == *
 *                1                  ISR on/off switch       KeyISR     == *
 *                0                  Type of ISR             KeyFix     == *
 *                1                  Elect_weak switch       KeyZet     == *
 *                0                  Fixed nphot mult.       MltISR     == *
 *               50                  Max. photon mult.       nmax       == *
 ***************************************************************************

 *     136.46019455                 xs_crude  vesko          xcvesk        *
 *     136.30113709                 xs_crude  gauss          xcgaus        *
 *        .00116696                 xcvesk/xcgaus-1                        *


 ***************************************************************************
 *                          KarLud_Initialize END                          *
 ***************************************************************************



 ***************************************************************************
 *                        KarFin Initialize  START                         *
 *                1                FSR radiation on/off      KeyFSR     a1 *
 *                0                radiation from quark      KeyQSR     a2 *
 *                1                removal    switch         KeyPia     a3 *
 *    .10000000E-02                infrared cut FACTOR       delfac     a4 *
 *    .10000000E-07                infrared cut itself       delta      a5 *
 *    .25000000E-02                EminCMS for removal       [GeV]      a6 *
 *               50                Max. photon mult.         nmax       a7 *
 *                        KarFin Initialize  END                           *
 ***************************************************************************



 ***************************************************************************
 *             GPS   Initializator                                         *
 *      91.18700000                 Z mass     [GeV]         MZ         a1 *
 *       2.50072032                 Z width    [GeV]         GammZ      a2 *
 *        .22276773                 sin(theta_w)**2          Sw2        a3 *
 *     137.03598950                 1/alfa_QED  at  Q=0      AlfInv     a4 *
 *         Test switches:                                                  *
 *                1                 Z on/off   switch        KeyZet     a5 *
 *                1                 Electroweak lib.         KeyElw     a6 *
 *                1                 CEEX level               KeyGPS     a7 *
 *                1                 ISR emission             KeyISR     a8 *
 *                1                 FSR emission             KeyFSR     a9 *
 *                2                 ISR*FSR interferenc      KeyINT    a10 *
 ***************************************************************************



 ***************************************************************************
 *               Initialization of GPS class                               *
 ***************************************************************************



 ***************************************************************************
 *                           KK2f: Initialization                          *
 *    .47408757E-01                 x-crude [nb]             Xcrunb     ** *
 *         List of final fermions:                                         *
 *               13                 KF of final fermion      KFfin      ** *
 *    .10565830                     mass of final ferm.      amferm     ** *
 *    1.1514905                     Xborn [R]                Xborn      ** *
 *    8.0000000                     WtMax sampling par.      WtMax      ** *
 *    .99900000                     vmax for CEEX           vmaxGPS     ** *
 ***************************************************************************



 ***************************************************************************
 *        KK interface of Tauola                                           *
 *                2                Cloning procedure       KeyClone    t01 *
 ***************************************************************************



 ***************************************************************************
 *        Parameters passed from KK  to Tauola:                            *
 *                0                dec. type 1-st tau        Jak1      t01 *
 *                0                dec. type 2-nd tau        Jak2      t02 *
 *                1                current type a1 dec.      KeyA1     t03 *
 *               15                PDG id 1-st tau           idff      t04 *
 *                1                R.c. switch lept dec      itdkRC    t05 *
 *    .10000000E-02                IR-cut for lept r.c.      xk0dec    t06 *
 ***************************************************************************



 ***************************************************************************
 *                 !!!!! Tauola inhibited !!!!                             *
 ***************************************************************************

     MSTU(11)       changed from              6 to             16



                            Event listing (summary)

    I  particle/jet KS     KF orig    p_x      p_y      p_z       E        m

                   sum:   .00          .000     .000     .000     .000     .000
     MSTU(11)       changed from              6 to             16



                            Event listing (summary)

    I  particle/jet KS     KF orig    p_x      p_y      p_z       E        m

    1  !e-!         21     11    0     .000     .000  250.000  250.000     .001
    2  !e+!         21    -11    0     .000     .000 -250.000  250.000     .001
    3  (mu-)        11     13    1  -15.163   28.823   30.733   44.780     .106
    4  (mu+)        11    -13    1   15.150  -28.794  210.629  213.127     .106
    5  gamma         1     22    1    -.004     .002 -241.727  241.727     .000
    6  gamma         1     22    3     .011    -.033     .251     .253     .000
    7  gamma         1     22    3     .006     .002     .113     .114     .000
                   sum:   .00          .013    -.028 -241.362  242.093   18.798
     MSTU(11)       changed from              6 to             16



                            Event listing (summary)

    I  particle/jet KS     KF orig    p_x      p_y      p_z       E        m

    1  !e-!         21     11    0     .000     .000  250.000  250.000     .001
    2  !e+!         21    -11    0     .000     .000 -250.000  250.000     .001
    3  mu-           1     13    1  -12.342  -23.866   14.170   30.376     .106
    4  mu+           1    -13    1   12.407   24.251 -227.897  229.519     .106
    5  gamma         1     22    1    -.096    -.353  226.885  226.885     .000
    6  gamma         1     22    1     .027    -.032  -13.188   13.188     .000
    7  gamma         1     22    1     .000     .000     .025     .025     .000
    8  gamma         1     22    1     .003     .000     .005     .006     .000
                   sum:   .00          .000     .000     .000  500.000  500.000
     MSTU(11)       changed from              6 to             16



                            Event listing (summary)

    I  particle/jet KS     KF orig    p_x      p_y      p_z       E        m

    1  !e-!         21     11    0     .000     .000  250.000  250.000     .001
    2  !e+!         21    -11    0     .000     .000 -250.000  250.000     .001
    3  (mu-)        11     13    1    2.920    9.564 -124.751  125.152     .106
    4  (mu+)        11    -13    1   -3.786  -11.942    8.364   15.064     .106
    5  gamma         1     22    1     .332    -.151  176.136  176.136     .000
    6  gamma         1     22    1    -.027     .044  -76.647   76.647     .000
    7  gamma         1     22    1     .007    -.009   57.528   57.528     .000
    8  gamma         1     22    1     .097   -1.023    4.292    4.413     .000
    9  gamma         1     22    1     .000     .000    -.012     .012     .000
   10  gamma         1     22    3     .458    3.517  -44.908   45.048     .000
                   sum:   .00          .866    2.378  116.388  359.784  340.430
     MSTU(11)       changed from              6 to             16



                            Event listing (summary)

    I  particle/jet KS     KF orig    p_x      p_y      p_z       E        m

    1  !e-!         21     11    0     .000     .000  250.000  250.000     .001
    2  !e+!         21    -11    0     .000     .000 -250.000  250.000     .001
    3  (mu-)        11     13    1   16.677  -27.831  -25.042   40.986     .106
    4  (mu+)        11    -13    1  -51.473   -9.302 -210.398  216.803     .106
    5  gamma         1     22    1   34.941   37.171  236.053  241.503     .000
    6  gamma         1     22    1     .000     .000     .033     .033     .000
    7  gamma         1     22    1     .000     .000     .007     .007     .000
    8  gamma         1     22    3    -.090    -.017    -.354     .366     .000
    9  gamma         1     22    3    -.055    -.020    -.298     .303     .000
                   sum:   .00        34.796   37.134  235.441  242.211   25.382
     MSTU(11)       changed from              6 to             16



                            Event listing (summary)

    I  particle/jet KS     KF orig    p_x      p_y      p_z       E        m

    1  !e-!         21     11    0     .000     .000  250.000  250.000     .001
    2  !e+!         21    -11    0     .000     .000 -250.000  250.000     .001
    3  (mu-)        11     13    1   22.391   53.939  -22.367   62.539     .106
    4  (mu+)        11    -13    1  122.585   35.572 -133.749  184.882     .106
    5  gamma         1     22    1 -149.316  -95.722  162.311  240.422     .000
    6  gamma         1     22    1    -.054   -1.273   -1.398    1.891     .000
    7  gamma         1     22    1     .001     .011     .020     .023     .000
    8  gamma         1     22    1     .001    -.001     .006     .006     .000
    9  gamma         1     22    3    3.675    7.255   -3.818    8.984     .000
   10  gamma         1     22    3     .716     .219   -1.005    1.253     .000
                   sum:   .00      -144.976  -89.511  156.116  252.579  101.950
     MSTU(11)       changed from              6 to             16



                            Event listing (summary)

    I  particle/jet KS     KF orig    p_x      p_y      p_z       E        m

    1  !e-!         21     11    0     .000     .000  250.000  250.000     .001
    2  !e+!         21    -11    0     .000     .000 -250.000  250.000     .001
    3  (mu-)        11     13    1  -23.473    4.572   10.782   26.233     .106
    4  (mu+)        11    -13    1   27.343   -4.276  174.033  176.219     .106
    5  gamma         1     22    1     .000    -.001 -239.211  239.211     .000
    6  gamma         1     22    1    -.001     .000   54.306   54.306     .000
    7  gamma         1     22    1   -3.859    -.295    -.003    3.870     .000
    8  gamma         1     22    1     .000     .000     .122     .122     .000
    9  gamma         1     22    1     .000     .000    -.029     .029     .000
   10  gamma         1     22    3    -.010     .001     .000     .010     .000
                   sum:   .00        -3.870    -.296 -184.814  297.548  233.159
     MSTU(11)       changed from              6 to             16



                            Event listing (summary)

    I  particle/jet KS     KF orig    p_x      p_y      p_z       E        m

    1  !e-!         21     11    0     .000     .000  250.000  250.000     .001
    2  !e+!         21    -11    0     .000     .000 -250.000  250.000     .001
    3  mu-           1     13    1    4.290  -39.473  -50.598   64.317     .106
    4  mu+           1    -13    1   -5.827   49.581 -113.323  123.832     .106
    5  gamma         1     22    1    -.048     .360  237.496  237.496     .000
    6  gamma         1     22    1    1.574  -10.454  -71.307   72.086     .000
    7  gamma         1     22    1    -.002    -.003   -1.201    1.201     .000
    8  gamma         1     22    1     .013    -.011   -1.067    1.068     .000
                   sum:   .00          .000     .000     .000  500.000  500.000
     MSTU(11)       changed from              6 to             16



                            Event listing (summary)

    I  particle/jet KS     KF orig    p_x      p_y      p_z       E        m

    1  !e-!         21     11    0     .000     .000  250.000  250.000     .001
    2  !e+!         21    -11    0     .000     .000 -250.000  250.000     .001
    3  (mu-)        11     13    1  -13.812    1.148   -3.952   14.412     .106
    4  (mu+)        11    -13    1   14.042   -1.135 -240.381  240.794     .106
    5  gamma         1     22    1     .002    -.001  244.426  244.426     .000
    6  gamma         1     22    1     .000     .000     .048     .048     .000
    7  gamma         1     22    3    -.229     .013    -.064     .238     .000
    8  gamma         1     22    3    -.004    -.025    -.078     .082     .000
                   sum:   .00         -.230    -.013  244.334  244.794   15.006
     MSTU(11)       changed from              6 to             16



                            Event listing (summary)

    I  particle/jet KS     KF orig    p_x      p_y      p