 GLK_ReadFile: Reading histos from 
 ../189GeV/MuIFIon189GeVreal.hst.39M                         
 ============================================================================================
      ID                 TITLE                                                nb, xmin, xmax
      -6  KK2f signature                                                                         1   0.00000       1.00000    
    -640  KK2f: Photon raw multiplicity                                                         10   0.00000       10.0000    
    -700  MBrA: KK2f main weight                                                                50   0.00000       1.00000    
    -701  MBrA: next branch                                                                      5   0.00000       1.00000    
    -658  KarLud, wtvesk                                                                       100   0.00000       1.20000    
    -659  KarLud, wt_ISR                                                                         1   0.00000       2.00000    
    -660  KarLud: phot. mult. raw                                                                1   0.00000       50.0000    
    -669  KarLud: totat weight                                                                   1   0.00000       2.00000    
    -664  YFSfin: photon raw multiplicity                                                       10   0.00000       10.0000    
    -661  YFSfin: wt1, kinematics                                                                1   0.00000       2.00000    
    -662  YFSfin: wt2, jacobian                                                                  1   0.00000       2.00000    
    -663  YFSfin: wt3, mass                                                                      1   0.00000       2.00000    
    -665  YFSfin: piatek, wtctrl                                                                 1   0.00000       2.00000    
    -666  YFSfin: piatek, wtrem                                                                  1   0.00000       2.00000    
  100000  Sigma and AFB grand storage                                                        16000   0.00000       16000.0    
  200000  dSigma/dTheta grand storage                                                        10000   0.00000       10000.0    
           
            *************************************************************
            *  ****   ****    ****  ****    ***       ***     ******    *
            *  ****   ****    ****  ****    ****     ****   **********  *
            *  ****   ****    ****  ****    *****   *****  *****   ***  *
            *  **********     *********     *************  ****         *
            *  *******        ******        *************  ****         *
            *  **********     ********      **** *** ****  *****   ***  *
            *  ****  *****    ****  ****    ****  *  ****   **********  *
            *  ****   *****   ****   ****   ****     ****     *******   *
            *************************************************************
           


 ***************************************************************************
 *                         KK Monte Carlo                                  *
 *            Version       4.19          25 Sept  2002                    *
 *     189.00000000                 CMS energy average       CMSene     a1 *
 *       0.00000000                 Beam energy spread       DelEne     a2 *
 *              100                 Max. photon mult.        npmax      a3 *
 *                1                 wt-ed or wt=1 evts.      KeyWgt     a4 *
 *                1                 ISR switch               KeyISR     a4 *
 *                1                 FSR switch               KeyFSR     a5 *
 *                2                 ISR/FSR interferenc      KeyINT     a6 *
 *                1                 New exponentiation       KeyGPS     a7 *
 *                0                 Hadroniz.  switch        KeyHad     a7 *
 *       0.20000000                 Hadroniz. min. mass      HadMin     a9 *
 *       1.00000000                 Maximum weight           WTmax     a10 *
 *              100                 Max. photon mult.        npmax     a11 *
 *               11                 Beam ident               KFini     a12 *
 *       0.00094500                 Manimum phot. ener.      Ene       a13 *
 *   0.10000000E-59                 Phot.mass, IR regul      MasPho    a14 *
 *    1.2500000                     Phot. mult. enhanc.      Xenph     a15 *
 *   0.10000000E-08                 Vcut1                    Vcut1     a16 *
 *   0.50000000E-01                 Vcut2                    Vcut2     a16 *
 *    0.0000000                     Vcut3                    Vcut2     a16 *
 *       0.00000000                    PolBeam1(1)           Pol1x     a17 *
 *       0.00000000                    PolBeam1(2)           Pol1y     a18 *
 *       0.00000000                    PolBeam1(3)           Pol1z     a19 *
 *       0.00000000                    PolBeam2(1)           Pol2x     a20 *
 *       0.00000000                    PolBeam2(2)           Pol2y     a21 *
 *       0.00000000                    PolBeam2(3)           Pol2z     a22 *
 ***************************************************************************

++++++++++++++++++++++++++++++++++++++++++++++++++++++
++  WARNING GLK_Mbook: already exists id=         -6 ++
++++++++++++++++++++++++++++++++++++++++++++++++++++++
++++++++++++++++++++++++++++++++++++++++++++++++++++++
++  WARNING GLK_Mbook: already exists id=       -640 ++
++++++++++++++++++++++++++++++++++++++++++++++++++++++
++++++++++++++++++++++++++++++++++++++++++++++++++++++
++  WARNING GLK_Mbook: already exists id=       -700 ++
++++++++++++++++++++++++++++++++++++++++++++++++++++++
++++++++++++++++++++++++++++++++++++++++++++++++++++++
++  WARNING GLK_Mbook: already exists id=       -701 ++
++++++++++++++++++++++++++++++++++++++++++++++++++++++


 ***************************************************************************
 *            BornV  Initializator                                         *
 *      91.18700000                 Z mass     [GeV]         amz        a1 *
 *     120.00000000                 Higgs mass [GeV]         amh        a2 *
 *     173.80000000                 Top mass   [GeV]         amtop      a3 *
 *       2.50072032                 Z width    [GeV]         gammz      a4 *
 *       0.22276773                 sin(theta_w)**2          sinw2      a5 *
 *     137.03598950                 1/alfa_QED  at  Q=0      AlfInv     a6 *
 *       0.20000000                 MassCut light qqbar      HadMin     a6 *
 *               11                 KF code of beam          KFini      a7 *
 *   0.99000000                     Input vvmax              vvmax      a8 *
 *   0.99000000                     reduced vvmax in MC      vvmax      a9 *
 *         Test switches:                                                  *
 *                1                 Electroweak lib.         KeyElw     10 *
 *                1                 Z on/off   switch        KeyZet     11 *
 *                0                 mass terms on/off        KeyWtm     12 *
 *                0                 R for gamma* on/off      KeyRes     12 *
 ***************************************************************************



 ***************************************************************************
 *         BornV  Reading from disk file:                                  *
 *        ../../dizet/table.down.current                                   *
 *      91.18700000                 Z mass                   amz        a1 *
 *     100.00000000                 Higgs mass               amh        a2 *
 *     175.00000000                 Top mass                 amtop      a3 *
 *       0.22302485                 sin**2(thetaW)           swsq       a3 *
 *       2.49925439                 Z width                  gammz      a3 *
 *      80.37787000                 W mass                   amw        a3 *
 *       2.08825839                 W width                  gammw      a3 *
 ***************************************************************************

 +++ STOP in BornV_ReadFile: CHECK mz,mh,mtop
