    
 ==============================================
 ==========*********************===============
 ==========***    MainPro    ***===============
 ==========*********************===============
 ==============================================
    
    
 ==============================================
 ==========*********************===============
 ==========***    MainPro    ***===============
 ==========*********************===============
 ==============================================
    
 10  requested events 
           
            *************************************************************
            *  ****   ****    ****  ****      *******      ***********  *
            *  ****   ****    ****  ****    ***********    ***********  *
            *  ****   ****    ****  ****    ****   ****    ****         *
            *  **********     *********     ****   ****    *********    *
            *  *******        ******            *****      *********    *
            *  **********     ********        *****        ****         *
            *  ****  *****    ****  ****    **********     ****         *
            *  ****   *****   ****   ****   **********     ****         *
            *************************************************************
           


 ***************************************************************************
 *                         KK Monte Carlo                                  *
 *            Version       4.10          16 Jul. 1999                     *
 *     200.00000000                 CMS energy average       CMSene     a1 *
 *        .00000000                 Beam energy spread       DelEne     a2 *
 *              100                 Max. photon mult.        npmax      a3 *
 *                1                 ISR switch               KeyISR     a4 *
 *                1                 FSR switch               KeyFSR     a5 *
 *                2                 ISR/FSR interferenc      KeyINT     a6 *
 *                1                 New exponentiation       KeyGPS     a7 *
 *                1                 Hadroniz.  switch        KeyHad     a7 *
 *        .20000000                 Hadroniz. min. mass      HadMin     a9 *
 *       1.00000000                 Maximum weight           WTmax     a10 *
 *              100                 Max. photon mult.        npmax     a11 *
 *               11                 Beam ident               KFini     a12 *
 *        .00100000                 Manimum phot. ener.      Ene       a13 *
 *    .10000000E-59                 Phot.mass, IR regul      MasPho    a14 *
 *    1.2500000                     Phot. mult. enhanc.      Xenph     a15 *
 *    .10000000E-08                 Vcut1                    Vcut1     a16 *
 *    .50000000E-01                 Vcut2                    Vcut2     a16 *
 *    .00000000E+00                 Vcut3                    Vcut2     a16 *
 *        .00000000                    PolBeam1(1)           Pol1x     a17 *
 *        .00000000                    PolBeam1(2)           Pol1y     a18 *
 *        .00000000                    PolBeam1(3)           Pol1z     a19 *
 *        .00000000                    PolBeam2(1)           Pol2x     a20 *
 *        .00000000                    PolBeam2(2)           Pol2y     a21 *
 *        .00000000                    PolBeam2(3)           Pol2z     a22 *
 ***************************************************************************

 +++WARNING: for WT=0 events NO hadronization!


 ***************************************************************************
 *            BornV  Initializator                                         *
 *      91.18700000                 Z mass     [GeV]         amz        a1 *
 *     100.00000000                 Higgs mass [GeV]         amh        a2 *
 *     175.00000000                 Top mass   [GeV]         amtop      a3 *
 *       2.50072032                 Z width    [GeV]         gammz      a4 *
 *        .22276773                 sin(theta_w)**2          sinw2      a5 *
 *     137.03598950                 1/alfa_QED  at  Q=0      AlfInv     a6 *
 *        .20000000                 MassCut light qqbar      HadMin     a6 *
 *               11                 KF code of beam          KFini      a7 *
 *    1.0000000                     Input vvmax              vvmax      a8 *
 *    .99999888                     reduced vvmax in MC      vvmax      a9 *
 *         Test switches:                                                  *
 *                1                 Electroweak lib.         KeyElw     10 *
 *                1                 Z on/off   switch        KeyZet     11 *
 *                0                 mass terms on/off        KeyWtm     12 *
 ***************************************************************************



 ***************************************************************************
 *         BornV  Reading from disk file:                                  *
 *        ../../dizet/table.down.340pt                                     *
 *      91.18700000                 Z mass                   amz        a1 *
 *     100.00000000                 Higgs mass               amh        a2 *
 *     175.00000000                 Top mass                 amtop      a3 *
 *        .22302485                 sin**2(thetaW)           swsq       a3 *
 *       2.49925439                 Z width                  gammz      a3 *
 *      80.37787000                 W mass                   amw        a3 *
 *       2.08825838                 W width                  gammw      a3 *
 ***************************************************************************



 ***************************************************************************
 *         BornV  Reading from disk file:                                  *
 *        ../../dizet/table.up.340pt                                       *
 *      91.18700000                 Z mass                   amz        a1 *
 *     100.00000000                 Higgs mass               amh        a2 *
 *     175.00000000                 Top mass                 amtop      a3 *
 *        .22302485                 sin**2(thetaW)           swsq       a3 *
 *       2.49925439                 Z width                  gammz      a3 *
 *      80.37787000                 W mass                   amw        a3 *
 *       2.08825838                 W width                  gammw      a3 *
 ***************************************************************************



 ***************************************************************************
 *         BornV  Reading from disk file:                                  *
 *        ../../dizet/table.down.340pt                                     *
 *      91.18700000                 Z mass                   amz        a1 *
 *     100.00000000                 Higgs mass               amh        a2 *
 *     175.00000000                 Top mass                 amtop      a3 *
 *        .22302485                 sin**2(thetaW)           swsq       a3 *
 *       2.49925439                 Z width                  gammz      a3 *
 *      80.37787000                 W mass                   amw        a3 *
 *       2.08825838                 W width                  gammw      a3 *
 ***************************************************************************



 ***************************************************************************
 *         BornV  Reading from disk file:                                  *
 *        ../../dizet/table.up.340pt                                       *
 *      91.18700000                 Z mass                   amz        a1 *
 *     100.00000000                 Higgs mass               amh        a2 *
 *     175.00000000                 Top mass                 amtop      a3 *
 *        .22302485                 sin**2(thetaW)           swsq       a3 *
 *       2.49925439                 Z width                  gammz      a3 *
 *      80.37787000                 W mass                   amw        a3 *
 *       2.08825838                 W width                  gammw      a3 *
 ***************************************************************************



 ***************************************************************************
 *         BornV  Reading from disk file:                                  *
 *        ../../dizet/table.botom.340pt                                    *
 *      91.18700000                 Z mass                   amz        a1 *
 *     100.00000000                 Higgs mass               amh        a2 *
 *     175.00000000                 Top mass                 amtop      a3 *
 *        .22302485                 sin**2(thetaW)           swsq       a3 *
 *       2.49925439                 Z width                  gammz      a3 *
 *      80.37787000                 W mass                   amw        a3 *
 *       2.08825838                 W width                  gammw      a3 *
 ***************************************************************************



 ***************************************************************************
 *         BornV  Reading from disk file:                                  *
 *        ../../dizet/table.mu.340pt                                       *
 *      91.18700000                 Z mass                   amz        a1 *
 *     100.00000000                 Higgs mass               amh        a2 *
 *     175.00000000                 Top mass                 amtop      a3 *
 *        .22302485                 sin**2(thetaW)           swsq       a3 *
 *       2.49925439                 Z width                  gammz      a3 *
 *      80.37787000                 W mass                   amw        a3 *
 *       2.08825838                 W width                  gammw      a3 *
 ***************************************************************************



 ***************************************************************************
 *         BornV  Reading from disk file:                                  *
 *        ../../dizet/table.tau.340pt                                      *
 *      91.18700000                 Z mass                   amz        a1 *
 *     100.00000000                 Higgs mass               amh        a2 *
 *     175.00000000                 Top mass                 amtop      a3 *
 *        .22302485                 sin**2(thetaW)           swsq       a3 *
 *       2.49925439                 Z width                  gammz      a3 *
 *      80.37787000                 W mass                   amw        a3 *
 *       2.08825838                 W width                  gammw      a3 *
 ***************************************************************************



 ***************************************************************************
 *                         KarLud_Initialize START                         *
 *     200.00000000                  CMS energy average      CMSene     == *
 *        .00000000                  Beam energy spread      DelEne     == *
 *                1                  ISR on/off switch       KeyISR     == *
 *                0                  Type of ISR             KeyFix     == *
 *                1                  Elect_weak switch       KeyZet     == *
 *                0                  Fixed nphot mult.       MltISR     == *
 *               50                  Max. photon mult.       nmax       == *
 ***************************************************************************

 *    1573.51123501                 xs_crude  vesko          xcvesk        *
 *    1571.64052774                 xs_crude  gauss          xcgaus        *
 *        .00119029                 xcvesk/xcgaus-1                        *


 ***************************************************************************
 *                          KarLud_Initialize END                          *
 ***************************************************************************



 ***************************************************************************
 *                        KarFin Initialize  START                         *
 *                1                FSR radiation on/off      KeyFSR     a1 *
 *                0                radiation from quark      KeyQSR     a2 *
 *                1                removal    switch         KeyPia     a3 *
 *    .10000000E-02                infrared cut FACTOR       delfac     a4 *
 *    .10000000E-07                infrared cut itself       delta      a5 *
 *    .10000000E-02                EminCMS for removal       [GeV]      a6 *
 *               50                Max. photon mult.         nmax       a7 *
 *                        KarFin Initialize  END                           *
 ***************************************************************************



 ***************************************************************************
 *             GPS   Initializator                                         *
 *      91.18700000                 Z mass     [GeV]         MZ         a1 *
 *       2.49925439                 Z width    [GeV]         GammZ      a2 *
 *        .22302485                 sin(theta_w)**2          Sw2        a3 *
 *     137.03598950                 1/alfa_QED  at  Q=0      AlfInv     a4 *
 *         Test switches:                                                  *
 *                1                 Z on/off   switch        KeyZet     a5 *
 *                1                 Electroweak lib.         KeyElw     a6 *
 *                1                 CEEX level               KeyGPS     a7 *
 *                1                 ISR emission             KeyISR     a8 *
 *                1                 FSR emission             KeyFSR     a9 *
 *                2                 ISR*FSR interferenc      KeyINT    a10 *
 ***************************************************************************



 ***************************************************************************
 *               Initialization of GPS class                               *
 ***************************************************************************



 ***************************************************************************
 *                           KK2f: Initialization                          *
 *    3.4166654                     x-crude [nb]             Xcrunb     ** *
 *         List of final fermions:                                         *
 *               13                 KF of final fermion      KFfin      ** *
 *    .10565830                     mass of final ferm.      amferm     ** *
 *    1.2225177                     Xborn [R]                Xborn      ** *
 *    8.0000000                     WtMax sampling par.      WtMax      ** *
 *    .99900000                     vmax for CEEX           vmaxGPS     ** *
 ***************************************************************************



 ***************************************************************************
 *        KK interface of Tauola                                           *
 *                2                Cloning procedure       KeyClone    t01 *
 ***************************************************************************



 ***************************************************************************
 *        Parameters passed from KK  to Tauola:                            *
 *                0                dec. type 1-st tau        Jak1      t01 *
 *                0                dec. type 2-nd tau        Jak2      t02 *
 *                1                current type a1 dec.      KeyA1     t03 *
 *               15                PDG id 1-st tau           idff      t04 *
 *                1                R.c. switch lept dec      itdkRC    t05 *
 *    .10000000E-02                IR-cut for lept r.c.      xk0dec    t06 *
 ***************************************************************************



 ***************************************************************************
 *                 !!!!! Tauola inhibited !!!!                             *
 ***************************************************************************



 ***************************************************************************
 *                      STest   Initializator                              *
 ***************************************************************************

     MSTU(11)       changed from              6 to             16



                            Event listing (summary)

    I  particle/jet KS     KF orig    p_x      p_y      p_z       E        m

    1  !e-!         21     11    0     .000     .000  100.000  100.000     .001
    2  !e+!         21    -11    0     .000     .000 -100.000  100.000     .001
    3  (mu-)        11     13    1    -.775   -1.391  -40.013   40.045     .106
    4  (mu+)        11    -13    1     .190     .637  -11.178   11.198     .106
    5  gamma         1     22    1     .003     .066   55.932   55.933     .000
    6  gamma         1     22    1    -.073     .011   44.030   44.030     .000
    7  gamma         1     22    1     .000     .000  -19.157   19.157     .000
    8  gamma         1     22    1     .023    -.018    -.050     .058     .000
    9  gamma         1     22    3     .632     .696  -29.564   29.579     .000
                   sum:   .00          .585     .755   51.191  148.757  139.668
  
///////////////////////////////////////// STest_BornXsTest /////////////////////////////////////////
vv,vQ, betaf=            .99972954419613          .99988949415445          .99493600793719
Born4 =                 1.05495373311604
Born5, Born6 =           .17275021454573         1.05496503702415
Born0, BornX =           .99998928504006         1.09319233454540
BornX/Born0, BornX/Born4         1.09320404818298         1.03624670943285
Born1/Born2, Born3/Born0         1.00152041896539          .42279934182169
 GPS_MakeBorn, BornSimple, ratio=          1.09319233454540         1.07095326501530         1.02076567695022
  
///////////////////////////////////////// STest_BornXsTest /////////////////////////////////////////
vv,vQ, betaf=            .99994526585223          .99994526585223          .98974937133844
Born4 =                 1.00475056555581
Born5, Born6 =           .50001915767793         1.00475277868378
Born0, BornX =           .99999779734078         1.04299150770975
BornX/Born0, BornX/Born4         1.04299380506967         1.03806013498762
Born1/Born2, Born3/Born0         1.00993184822836          .50002025905159
 GPS_MakeBorn, BornSimple, ratio=          1.04299150770975         1.01004476417387         1.03261909244471
  
///////////////////////////////////////// STest_BornXsTest /////////////////////////////////////////
vv,vQ, betaf=            .99997971580215          .99997971580215          .97209242277661
Born4 =                 1.83673361745271
Born5, Born6 =           .91630176883222         1.83673512047687
Born0, BornX =           .99999918168704         1.88443093693775
BornX/Born0, BornX/Born4         1.88443247899327         1.02596855582748
Born1/Born2, Born3/Born0          .97534263597815          .91630251865408
 GPS_MakeBorn, BornSimple, ratio=          1.88443093693775         1.83908618948036         1.02465612961304
  
///////////////////////////////////////// STest_BornXsTest /////////////////////////////////////////
vv,vQ, betaf=            .99999724990097          .99999725995344          .76978794428448
Born4 =             33486.15642695371935
Born5, Born6 =           .30761615937525     36115.60451018463209
Born0, BornX =           .92719357411034     28195.79711414465419
BornX/Born0, BornX/Born4     30409.82800295932248          .84201354000274
Born1/Born2, Born3/Born0         1.10543620648339          .33298841450666
 GPS_MakeBorn, BornSimple, ratio=      28195.79711414465419         1.13101217128459     24929.70264159063663
  
///////////////////////////////////////// STest_BornXsTest /////////////////////////////////////////
vv,vQ, betaf=            .99999512654530          .99999512654530          .87802556837339
Born4 =                 1.01428319772634
Born5, Born6 =           .50879146709182         1.01428339736129
Born0, BornX =           .99999980317636         1.11167442091887
BornX/Born0, BornX/Born4         1.11167463972272         1.09601975405966
Born1/Born2, Born3/Born0         1.07176434638914          .50879156722601
 GPS_MakeBorn, BornSimple, ratio=          1.11167442091887         1.09182886293637         1.01817643648760
  
///////////////////////////////////////// STest_BornXsTest /////////////////////////////////////////
vv,vQ, betaf=            .99999795005024          .99999795005026          .67484595997859
Born4 =                 1.19934487970900
Born5, Born6 =           .58246384539233         1.39685990959668
Born0, BornX =           .85860068820738         1.32493513234675
BornX/Born0, BornX/Born4         1.54313308915814         1.10471571168772
Born1/Born2, Born3/Born0          .88776834723785          .67838735828936
 GPS_MakeBorn, BornSimple, ratio=          1.32493513234675         1.23159850030478         1.07578495103629
  
///////////////////////////////////////// STest_BornXsTest /////////////////////////////////////////
vv,vQ, betaf=            .99994131450604          .99994136177263          .99043514538940
Born4 =                 1.19587152746462
Born5, Born6 =           .59510461842326         1.19587435092709
Born0, BornX =           .99999763899738         1.23736595960667
BornX/Born0, BornX/Born4         1.23736888103783         1.03469806847063
Born1/Born2, Born3/Born0         1.00301107458003          .59558572134596
 GPS_MakeBorn, BornSimple, ratio=          1.23736595960667         1.20343390847633         1.02819602380433
  
///////////////////////////////////////// STest_BornXsTest /////////////////////////////////////////
vv,vQ, betaf=            .99999878320703          .99999878320703          .28728522525445
Born4 =                  .41971202137640
Born5, Born6 =           .17951838085730         1.00152582457417
Born0, BornX =           .41907259012003          .55281410898280
BornX/Born0, BornX/Born4         1.31913687990060         1.31712717488985
Born1/Born2, Born3/Born0         1.31338685885164          .42837060949718
 GPS_MakeBorn, BornSimple, ratio=           .55281410898280          .55088054031339         1.00350996001477


 ***************************************************************************
 *                      KarLud  final  report                              *
 *               10                  total no of events     nevtot      == *
 *    1573.51123501                  ISRcru  [R]            ISRcru      == *
 *    1563.20122793  +- 6.33174666   ISRbest [R],ISRerr     ISRbest     == *
 *    1573.5112                      XKarlud [R]            XKarlud     == *
 *    .00000000E+00                  KError  [R]            KError      == *
 ***************************************************************************



 ***************************************************************************
 *                   Report on wt_ISR of KarLud                            *
 *               10                 total no of events      nevtot      == *
 *                0                 wt<0        events      nevneg      == *
 *        .00728273  +-  .64898611  <wt>                    wt_ISR      == *
 *      11.45946334  +- 7.43703259  sigma of KarLud [R]     xskarl      == *
 ***************************************************************************



 ***************************************************************************
 *        .99344777  +-  .00405050  Average WT of Vesk1      AVesk1     == *
 *    1571.64052774  +-  .01571641  xs_est gauss    [R]      xcgaus     == *
 *       -.00536974  +-  .00405150  xcve/xcgs-1                         == *
 ***************************************************************************

1
      -658          KarLud, wtvesk                                                                  
           nent            sum           bmin           bmax
             10     .99345E+01     .00000E+00     .80000E+01
           undf           ovef           avex
     .00000E+00     .00000E+00     .99345E+00
   .0000    .000000D+00 0                                                                 I
   .0120    .000000D+00 0                                                                 I
   .0240    .000000D+00 0                                                                 I
   .0360    .000000D+00 0                                                                 I
   .0480    .000000D+00 0                                                                 I
   .0600    .000000D+00 0                                                                 I
   .0720    .000000D+00 0                                                                 I
   .0840    .000000D+00 0                                                                 I
   .0960    .000000D+00 0                                                                 I
   .1080    .000000D+00 0                                                                 I
   .1200    .000000D+00 0                                                                 I
   .1320    .000000D+00 0                                                                 I
   .1440    .000000D+00 0                                                                 I
   .1560    .000000D+00 0                                                                 I
   .1680    .000000D+00 0                                                                 I
   .1800    .000000D+00 0                                                                 I
   .1920    .000000D+00 0                                                                 I
   .2040    .000000D+00 0                                                                 I
   .2160    .000000D+00 0                                                                 I
   .2280    .000000D+00 0                                                                 I
   .2400    .000000D+00 0                                                                 I
   .2520    .000000D+00 0                                                                 I
   .2640    .000000D+00 0                                                                 I
   .2760    .000000D+00 0                                                                 I
   .2880    .000000D+00 0                                                                 I
   .3000    .000000D+00 0                                                                 I
   .3120    .000000D+00 0                                                                 I
   .3240    .000000D+00 0                                                                 I
   .3360    .000000D+00 0                                                                 I
   .3480    .000000D+00 0                                                                 I
   .3600    .000000D+00 0                                                                 I
   .3720    .000000D+00 0                                                                 I
   .3840    .000000D+00 0                                                                 I
   .3960    .000000D+00 0                                                                 I
   .4080    .000000D+00 0                                                                 I
   .4200    .000000D+00 0                                                                 I
   .4320    .000000D+00 0                                                                 I
   .4440    .000000D+00 0                                                                 I
   .4560    .000000D+00 0                                                                 I
   .4680    .000000D+00 0                                                                 I
   .4800    .000000D+00 0                                                                 I
   .4920    .000000D+00 0                                                                 I
   .5040    .000000D+00 0                                                                 I
   .5160    .000000D+00 0                                                                 I
   .5280    .000000D+00 0                                                                 I
   .5400    .000000D+00 0                                                                 I
   .5520    .000000D+00 0                                                                 I
   .5640    .000000D+00 0                                                                 I
   .5760    .000000D+00 0                                                                 I
   .5880    .000000D+00 0                                                                 I
   .6000    .000000D+00 0                                                                 I
   .6120    .000000D+00 0                                                                 I
   .6240    .000000D+00 0                                                                 I
   .6360    .000000D+00 0                                                                 I
   .6480    .000000D+00 0                                                                 I
   .6600    .000000D+00 0                                                                 I
   .6720    .000000D+00 0                                                                 I
   .6840    .000000D+00 0                                                                 I
   .6960    .000000D+00 0                                                                 I
   .7080    .000000D+00 0                                                                 I
   .7200    .000000D+00 0                                                                 I
   .7320    .000000D+00 0                                                                 I
   .7440    .000000D+00 0                                                                 I
   .7560    .000000D+00 0                                                                 I
   .7680    .000000D+00 0                                                                 I
   .7800    .000000D+00 0                                                                 I
   .7920    .000000D+00 0                                                                 I
   .8040    .000000D+00 0                                                                 I
   .8160    .000000D+00 0                                                                 I
   .8280    .000000D+00 0                                                                 I
   .8400    .000000D+00 0                                                                 I
   .8520    .000000D+00 0                                                                 I
   .8640    .000000D+00 0                                                                 I
   .8760    .000000D+00 0                                                                 I
   .8880    .000000D+00 0                                                                 I
   .9000    .000000D+00 0                                                                 I
   .9120    .000000D+00 0                                                                 I
   .9240    .000000D+00 0                                                                 I
   .9360    .000000D+00 0                                                                 I
   .9480    .000000D+00 0                                                                 I
   .9600    .200000D+01 0XXXXXXXXXXXXXXXX                                                 I
   .9720    .000000D+00 0                                                                 I
   .9840    .000000D+00 0                                                                 I
   .9960    .800000D+01 0XXXXXXXXXXXXXXXXXXXXXXXXXXXXXXXXXXXXXXXXXXXXXXXXXXXXXXXXXXXXXXXXXX
  1.0080    .000000D+00 0                                                                 I
  1.0200    .000000D+00 0                                                                 I
  1.0320    .000000D+00 0                                                                 I
  1.0440    .000000D+00 0                                                                 I
  1.0560    .000000D+00 0                                                                 I
  1.0680    .000000D+00 0                                                                 I
  1.0800    .000000D+00 0                                                                 I
  1.0920    .000000D+00 0                                                                 I
  1.1040    .000000D+00 0                                                                 I
  1.1160    .000000D+00 0                                                                 I
  1.1280    .000000D+00 0                                                                 I
  1.1400    .000000D+00 0                                                                 I
  1.1520    .000000D+00 0                                                                 I
  1.1640    .000000D+00 0                                                                 I
  1.1760    .000000D+00 0                                                                 I
  1.1880    .000000D+00 0                                                                 I


 ***************************************************************************
 *                   KarLud_Finalize END  <<<                              *
 ***************************************************************************

1
      -664          YFSfin: photon raw multiplicity                                                 
           nent            sum           bmin           bmax
             10     .40000E+01     .00000E+00     .60001E+01
           undf           ovef           avex
     .00000E+00     .00000E+00     .40000E+00
   .0000    .600000D+01 0XXXXXXXXXXXXXXXXXXXXXXXXXXXXXXXXXXXXXXXXXXXXXXXXXXXXXXXXXXXXXXXXXI
  1.0000    .400000D+01 0XXXXXXXXXXXXXXXXXXXXXXXXXXXXXXXXXXXXXXXXXXX                      I
  2.0000    .000000D+00 0                                                                 I
  3.0000    .000000D+00 0                                                                 I
  4.0000    .000000D+00 0                                                                 I
  5.0000    .000000D+00 0                                                                 I
  6.0000    .000000D+00 0                                                                 I
  7.0000    .000000D+00 0                                                                 I
  8.0000    .000000D+00 0                                                                 I
  9.0000    .000000D+00 0                                                                 I


 ***************************************************************************
 *                        KarFin Finalize    START                         *
 *               20                  generated events        nevgen     a2 *
 *       1.00000000  +-  .00000000   kinematics, smin        wt1        a5 *
 *        .99999995  +-  .00000005   jacobian                wt2        a6 *
 *        .86172918  +-  .13750827   photon ang. dist.       wt3        a7 *
 *                            ON MASS WEIGHTS                              *
 *        .87530361  +-  .07455536  removal wgt wtrem                   b1 *
 *               10                 no. of raw events                   b2 *
 *                0                 wt6=0      events                   b3 *
 *        .95976503  +-  .07601372  control wgt wctrl                   b4 *
 *                0                 marked photons           MarTot     a5 *
 *    .10000000E-02                 emin                                b6 *
 *    .10000000E-07                 delta                               b7 *
 *        .40000000                 raw ph. multipl.                    b8 *
 *       1.00000000                 Highest phot. mult.                 b9 *
 *                        YFSfin Finalize    END                           *
 ***************************************************************************



 ***************************************************************************
 *                            KarFin Finalize                              *
 *               20                  generated events        nevgen     a2 *
 *        .86172913  +-  .13750827   general weight          wt         a1 *
 *        .40000000                  aver. ph. multi.        avmlt      a3 *
 ***************************************************************************

1
      -640          KK2f: Photon raw multiplicity                                                   
           nent            sum           bmin           bmax
             10     .30000E+02     .00000E+00     .30000E+01
           undf           ovef           avex
     .00000E+00     .00000E+00     .30000E+01
   .0000    .000000D+00 0                                                                 I
  1.0000    .100000D+01 0XXXXXXXXXXXXXXXXXXXXXX                                           I
  2.0000    .300000D+01 0XXXXXXXXXXXXXXXXXXXXXXXXXXXXXXXXXXXXXXXXXXXXXXXXXXXXXXXXXXXXXXXXXX
  3.0000    .300000D+01 0XXXXXXXXXXXXXXXXXXXXXXXXXXXXXXXXXXXXXXXXXXXXXXXXXXXXXXXXXXXXXXXXXX
  4.0000    .100000D+01 0XXXXXXXXXXXXXXXXXXXXXX                                           I
  5.0000    .200000D+01 0XXXXXXXXXXXXXXXXXXXXXXXXXXXXXXXXXXXXXXXXXXXX                     I
  6.0000    .000000D+00 0                                                                 I
  7.0000    .000000D+00 0                                                                 I
  8.0000    .000000D+00 0                                                                 I
  9.0000    .000000D+00 0                                                                 I


 ***************************************************************************
 *                       KK2f_Finalize  printouts                          *
 *     200.00000000                 cms energy total         cmsene     a0 *
 *               10                 total no of events       nevgen     a1 *
 *               ** principal info on x-section **                         *
 *       3.84510274  +- 2.68858637  xs_tot MC R-units        xsmc       a1 *
 *       8.34911702                 xs_tot    picob.         xSecPb     a3 *
 *       5.83789921                 error     picob.         xErrPb     a4 *
 *        .69922355                 relative error           erel       a5 *
 *        .01834543                 WTsup, largest WT        WTsup     a10 *
 *                       ** some auxiliary info **                         *
 *       2.65453071                 xs_born   picobarns       xborn    a11 *
 *       3.00000000                 Raw phot. multipl.                 === *
 *       5.00000000                 Highest phot. mult.                === *
 *                         End of KK2f  Finalize                           *
 ***************************************************************************

1
      -700          MBrA: KK2f main weight                                                          
           nent            sum           bmin           bmax
             10     .24436E-01     .00000E+00     .10000E+02
           undf           ovef           avex
     .00000E+00     .00000E+00     .24436E-02
   .0000    .100000D+02 0XXXXXXXXXXXXXXXXXXXXXXXXXXXXXXXXXXXXXXXXXXXXXXXXXXXXXXXXXXXXXXXXXI
   .0200    .000000D+00 0                                                                 I
   .0400    .000000D+00 0                                                                 I
   .0600    .000000D+00 0                                                                 I
   .0800    .000000D+00 0                                                                 I
   .1000    .000000D+00 0                                                                 I
   .1200    .000000D+00 0                                                                 I
   .1400    .000000D+00 0                                                                 I
   .1600    .000000D+00 0                                                                 I
   .1800    .000000D+00 0                                                                 I
   .2000    .000000D+00 0                                                                 I
   .2200    .000000D+00 0                                                                 I
   .2400    .000000D+00 0                                                                 I
   .2600    .000000D+00 0                                                                 I
   .2800    .000000D+00 0                                                                 I
   .3000    .000000D+00 0                                                                 I
   .3200    .000000D+00 0                                                                 I
   .3400    .000000D+00 0                                                                 I
   .3600    .000000D+00 0                                                                 I
   .3800    .000000D+00 0                                                                 I
   .4000    .000000D+00 0                                                                 I
   .4200    .000000D+00 0                                                                 I
   .4400    .000000D+00 0                                                                 I
   .4600    .000000D+00 0                                                                 I
   .4800    .000000D+00 0                                                                 I
   .5000    .000000D+00 0                                                                 I
   .5200    .000000D+00 0                                                                 I
   .5400    .000000D+00 0                                                                 I
   .5600    .000000D+00 0                                                                 I
   .5800    .000000D+00 0                                                                 I
   .6000    .000000D+00 0                                                                 I
   .6200    .000000D+00 0                                                                 I
   .6400    .000000D+00 0                                                                 I
   .6600    .000000D+00 0                                                                 I
   .6800    .000000D+00 0                                                                 I
   .7000    .000000D+00 0                                                                 I
   .7200    .000000D+00 0                                                                 I
   .7400    .000000D+00 0                                                                 I
   .7600    .000000D+00 0                                                                 I
   .7800    .000000D+00 0                                                                 I
   .8000    .000000D+00 0                                                                 I
   .8200    .000000D+00 0                                                                 I
   .8400    .000000D+00 0                                                                 I
   .8600    .000000D+00 0                                                                 I
   .8800    .000000D+00 0                                                                 I
   .9000    .000000D+00 0                                                                 I
   .9200    .000000D+00 0                                                                 I
   .9400    .000000D+00 0                                                                 I
   .9600    .000000D+00 0                                                                 I
   .9800    .000000D+00 0                                                                 I


 ***************************************************************************
 *                MBrA: report on the main Weight                          *
 *               10                 no of raw events         Ntot       b1 *
 *               10                 accepted    events       Nacc       b2 *
 *                0                 wt<0        events       Nneg       b3 *
 *                0                 wt>WTmax    events       Nove       b4 *
 *        .01834543                 WTsup, largest WT        WTsup      b5 *
 *        .00000000                 <Wt-WtMax>  Overfl.      AvOve      b6 *
 *        .00000000                 <Wt> for Wt<0            AvUnd      b7 *
 *        .00000000                 AvOve/<Wt>,WT>WtMax      ROverf     b8 *
 *        .00000000                 AvUnd/<Wt>,Wt<0          RUnder     b9 *
 ***************************************************************************

 
=====================================================================================================
            MBrA:    Detailed statistics for all branches    
=====================================================================================================
  KF     AveWt     ERela     WtSup      Wt<0   Wt>Wmax       Ntot       Nacc   Nneg   Nove   Nzer
  13   .002444   .699224 .1835E-01   .000000   .000000         10         10      0      0      0
All:   .002444   .699224 .1835E-01   .000000   .000000         10         10      0      0      0
=====================================================================================================
