    
 ==============================================
 ==========*********************===============
 ==========***    MainPro    ***===============
 ==========*********************===============
 ==============================================
    
    
 ==============================================
 ==========*********************===============
 ==========***    MainPro    ***===============
 ==========*********************===============
 ==============================================
    
 5  requested events 
           
            *************************************************************
            *  ****   ****    ****  ****      *******      ***********  *
            *  ****   ****    ****  ****    ***********    ***********  *
            *  ****   ****    ****  ****    ****   ****    ****         *
            *  **********     *********     ****   ****    *********    *
            *  *******        ******            *****      *********    *
            *  **********     ********        *****        ****         *
            *  ****  *****    ****  ****    **********     ****         *
            *  ****   *****   ****   ****   **********     ****         *
            *************************************************************
           


 ***************************************************************************
 *                         KK Monte Carlo                                  *
 *            Version       4.10          16 Jul. 1999                     *
 *     200.00000000                 CMS energy average       CMSene     a1 *
 *        .00000000                 Beam energy spread       DelEne     a2 *
 *              100                 Max. photon mult.        npmax      a3 *
 *                1                 ISR switch               KeyISR     a4 *
 *                1                 FSR switch               KeyFSR     a5 *
 *                0                 ISR/FSR interferenc      KeyINT     a6 *
 *                1                 New exponentiation       KeyGPS     a7 *
 *                1                 Hadroniz.  switch        KeyHad     a7 *
 *        .20000000                 Hadroniz. min. mass      HadMin     a9 *
 *       1.00000000                 Maximum weight           WTmax     a10 *
 *              100                 Max. photon mult.        npmax     a11 *
 *               11                 Beam ident               KFini     a12 *
 *        .00100000                 Manimum phot. ener.      Ene       a13 *
 *    .10000000E-59                 Phot.mass, IR regul      MasPho    a14 *
 *    1.0000000                     Phot. mult. enhanc.      Xenph     a15 *
 *    .10000000E-08                 Vcut1                    Vcut1     a16 *
 *    .50000000E-01                 Vcut2                    Vcut2     a16 *
 *    .00000000E+00                 Vcut3                    Vcut2     a16 *
 *        .00000000                    PolBeam1(1)           Pol1x     a17 *
 *        .00000000                    PolBeam1(2)           Pol1y     a18 *
 *        .00000000                    PolBeam1(3)           Pol1z     a19 *
 *        .00000000                    PolBeam2(1)           Pol2x     a20 *
 *        .00000000                    PolBeam2(2)           Pol2y     a21 *
 *        .00000000                    PolBeam2(3)           Pol2z     a22 *
 ***************************************************************************

 +++WARNING: for WT=0 events NO hadronization!


 ***************************************************************************
 *            BornV  Initializator                                         *
 *      91.18700000                 Z mass     [GeV]         amz        a1 *
 *     100.00000000                 Higgs mass [GeV]         amh        a2 *
 *     175.00000000                 Top mass   [GeV]         amtop      a3 *
 *       2.50072032                 Z width    [GeV]         gammz      a4 *
 *        .22276773                 sin(theta_w)**2          sinw2      a5 *
 *     137.03598950                 1/alfa_QED  at  Q=0      AlfInv     a6 *
 *        .20000000                 MassCut light qqbar      HadMin     a6 *
 *               11                 KF code of beam          KFini      a7 *
 *    .99000000                     Input vvmax              vvmax      a8 *
 *    .99000000                     reduced vvmax in MC      vvmax      a9 *
 *         Test switches:                                                  *
 *                0                 Electroweak lib.         KeyElw     10 *
 *                1                 Z on/off   switch        KeyZet     11 *
 *                0                 mass terms on/off        KeyWtm     12 *
 ***************************************************************************



 ***************************************************************************
 *                         KarLud_Initialize START                         *
 *     200.00000000                  CMS energy average      CMSene     == *
 *        .00000000                  Beam energy spread      DelEne     == *
 *                1                  ISR on/off switch       KeyISR     == *
 *                0                  Type of ISR             KeyFix     == *
 *                1                  Elect_weak switch       KeyZet     == *
 *                0                  Fixed nphot mult.       MltISR     == *
 *               50                  Max. photon mult.       nmax       == *
 ***************************************************************************

 *      52.19806799                 xs_crude  vesko          xcvesk        *
 *      52.15764384                 xs_crude  gauss          xcgaus        *
 *        .00077504                 xcvesk/xcgaus-1                        *


 ***************************************************************************
 *                          KarLud_Initialize END                          *
 ***************************************************************************



 ***************************************************************************
 *                        KarFin Initialize  START                         *
 *                1                FSR radiation on/off      KeyFSR     a1 *
 *                0                radiation from quark      KeyQSR     a2 *
 *                1                removal    switch         KeyPia     a3 *
 *    .10000000E-02                infrared cut FACTOR       delfac     a4 *
 *    .10000000E-07                infrared cut itself       delta      a5 *
 *    .10000000E-02                EminCMS for removal       [GeV]      a6 *
 *               50                Max. photon mult.         nmax       a7 *
 *                        KarFin Initialize  END                           *
 ***************************************************************************



 ***************************************************************************
 *             GPS   Initializator                                         *
 *      91.18700000                 Z mass     [GeV]         MZ         a1 *
 *       2.50072032                 Z width    [GeV]         GammZ      a2 *
 *        .22276773                 sin(theta_w)**2          Sw2        a3 *
 *     137.03598950                 1/alfa_QED  at  Q=0      AlfInv     a4 *
 *         Test switches:                                                  *
 *                1                 Z on/off   switch        KeyZet     a5 *
 *                0                 Electroweak lib.         KeyElw     a6 *
 *                1                 CEEX level               KeyGPS     a7 *
 *                1                 ISR emission             KeyISR     a8 *
 *                1                 FSR emission             KeyFSR     a9 *
 *                0                 ISR*FSR interferenc      KeyINT    a10 *
 ***************************************************************************



 ***************************************************************************
 *               Initialization of GPS class                               *
 ***************************************************************************



 ***************************************************************************
 *                           KK2f: Initialization                          *
 *    .11334100                     x-crude [nb]             Xcrunb     ** *
 *         List of final fermions:                                         *
 *               15                 KF of final fermion      KFfin      ** *
 *    1.7770000                     mass of final ferm.      amferm     ** *
 *    1.2231717                     Xborn [R]                Xborn      ** *
 *    8.0000000                     WtMax sampling par.      WtMax      ** *
 *    1.0000000                     vmax for CEEX           vmaxGPS     ** *
 ***************************************************************************



 ***************************************************************************
 *        KK interface of Tauola                                           *
 *                2                Cloning procedure       KeyClone    t01 *
 ***************************************************************************



 ***************************************************************************
 *        Parameters passed from KK  to Tauola:                            *
 *               -1                dec. type 1-st tau        Jak1      t01 *
 *               -1                dec. type 2-nd tau        Jak2      t02 *
 *                1                current type a1 dec.      KeyA1     t03 *
 *               15                PDG id 1-st tau           idff      t04 *
 *                1                R.c. switch lept dec      itdkRC    t05 *
 *    .10000000E-02                IR-cut for lept r.c.      xk0dec    t06 *
 ***************************************************************************



 ***************************************************************************
 *                 !!!!! Tauola inhibited !!!!                             *
 ***************************************************************************



 ***************************************************************************
 *                      STest   Initializator                              *
 ***************************************************************************

     MSTU(11)       changed from              6 to             16



                            Event listing (summary)

    I  particle/jet KS     KF orig    p_x      p_y      p_z       E        m

    1  !e-!         21     11    0     .000     .000  100.000  100.000     .001
    2  !e+!         21    -11    0     .000     .000 -100.000  100.000     .001
    3  (tau-)       11     15    1  -41.146  -88.757  -18.056   99.499    1.777
    4  (tau+)       11    -15    1   37.689   81.876   15.597   91.490    1.777
    5  gamma         1     22    1     .002    -.001     .581     .581     .000
    6  gamma         1     22    1    -.014    -.035     .429     .431     .000
    7  gamma         1     22    1     .000     .001     .152     .152     .000
    8  gamma         1     22    3    3.464    6.888    1.298    7.818     .000
    9  gamma         1     22    3     .006     .028    -.001     .029     .000
                   sum:   .00         3.457    6.881    2.459    9.011    3.981
////////////// KK2f_DsigOverDtau ///////////////
/// SfacIniProd*SfacFinProd  =    9464.39961974    
///   vx,vq =    .116360124111E-01   .897137599581E-01  1.000000000000       .999826537920    
///   Yisr  =    .275605882036       .275605868515       1.00000004906    
///   Yfsr  =    .651336486397       .651327763540       1.00001339242    
///   Rho   =    363.806953684    
//////////////////////////////////////////////////
////////////// KK2f_DsigOverDtau ///////////////
/// SfacIniProd*SfacFinProd  =    1.00000000000    
///   vx,vq =    .000000000000E+00   .000000000000E+00                 INF   .999842101084    
///   Yisr  =    .275605882036       .275605868515       1.00000004906    
///   Yfsr  =    .646964423899       .646956458957       1.00001231140    
///   Rho   =    .347172254458E-01
//////////////////////////////////////////////////
////////////// KK2f_DsigOverDtau ///////////////
/// SfacIniProd*SfacFinProd  =    164404050.956    
///   vx,vq =    .187164746865       .187210296827       1.00000000000       .999805728607    
///   Yisr  =    .275605882036       .275605868515       1.00000004906    
///   Yfsr  =    .656521563780       .656511834093       1.00001482028    
///   Rho   =    7294374.61002    
//////////////////////////////////////////////////
////////////// KK2f_DsigOverDtau ///////////////
/// SfacIniProd*SfacFinProd  =    .898213596029E-06
///   vx,vq =    .976751686018       .976751689947       1.00000000000       .993185472421    
///   Yisr  =    .275605882036       .275605868515       1.00000004906    
///   Yfsr  =    .805328611287       .805067815047       1.00032394319    
///   Rho   =    .137559191063E-05
//////////////////////////////////////////////////
////////////// KK2f_DsigOverDtau ///////////////
/// SfacIniProd*SfacFinProd  =    293891.033628    
///   vx,vq =    .781584436011       .781584436011      1.000000000000       .999276866748    
///   Yisr  =    .275605882036       .275605868515       1.00000004906    
///   Yfsr  =    .713526896055       .713493038605       1.00004745309    
///   Rho   =    1873150.46924    
//////////////////////////////////////////////////


 ***************************************************************************
 *                      KarLud  final  report                              *
 *                5                  total no of events     nevtot      == *
 *      52.19806799                  ISRcru  [R]            ISRcru      == *
 *      52.16299923  +-  .01591642   ISRbest [R],ISRerr     ISRbest     == *
 *    52.198068                      XKarlud [R]            XKarlud     == *
 *    .00000000E+00                  KError  [R]            KError      == *
 ***************************************************************************



 ***************************************************************************
 *                   Report on wt_ISR of KarLud                            *
 *                5                 total no of events      nevtot      == *
 *                0                 wt<0        events      nevneg      == *
 *        .08402428  +-  .25161982  <wt>                    wt_ISR      == *
 *       4.38590498  +- 1.10358064  sigma of KarLud [R]     xskarl      == *
 ***************************************************************************



 ***************************************************************************
 *        .99932816  +-  .00030513  Average WT of Vesk1      AVesk1     == *
 *      52.15764384  +-  .00052158  xs_est gauss    [R]      xcgaus     == *
 *        .00010268  +-  .00030613  xcve/xcgs-1                         == *
 ***************************************************************************

1
      -658          KarLud, wtvesk                                                                  
           nent            sum           bmin           bmax
              5     .49966E+01     .00000E+00     .50000E+01
           undf           ovef           avex
     .00000E+00     .00000E+00     .99933E+00
   .0000    .000000D+00 0                                                                 I
   .0120    .000000D+00 0                                                                 I
   .0240    .000000D+00 0                                                                 I
   .0360    .000000D+00 0                                                                 I
   .0480    .000000D+00 0                                                                 I
   .0600    .000000D+00 0                                                                 I
   .0720    .000000D+00 0                                                                 I
   .0840    .000000D+00 0                                                                 I
   .0960    .000000D+00 0                                                                 I
   .1080    .000000D+00 0                                                                 I
   .1200    .000000D+00 0                                                                 I
   .1320    .000000D+00 0                                                                 I
   .1440    .000000D+00 0                                                                 I
   .1560    .000000D+00 0                                                                 I
   .1680    .000000D+00 0                                                                 I
   .1800    .000000D+00 0                                                                 I
   .1920    .000000D+00 0                                                                 I
   .2040    .000000D+00 0                                                                 I
   .2160    .000000D+00 0                                                                 I
   .2280    .000000D+00 0                                                                 I
   .2400    .000000D+00 0                                                                 I
   .2520    .000000D+00 0                                                                 I
   .2640    .000000D+00 0                                                                 I
   .2760    .000000D+00 0                                                                 I
   .2880    .000000D+00 0                                                                 I
   .3000    .000000D+00 0                                                                 I
   .3120    .000000D+00 0                                                                 I
   .3240    .000000D+00 0                                                                 I
   .3360    .000000D+00 0                                                                 I
   .3480    .000000D+00 0                                                                 I
   .3600    .000000D+00 0                                                                 I
   .3720    .000000D+00 0                                                                 I
   .3840    .000000D+00 0                                                                 I
   .3960    .000000D+00 0                                                                 I
   .4080    .000000D+00 0                                                                 I
   .4200    .000000D+00 0                                                                 I
   .4320    .000000D+00 0                                                                 I
   .4440    .000000D+00 0                                                                 I
   .4560    .000000D+00 0                                                                 I
   .4680    .000000D+00 0                                                                 I
   .4800    .000000D+00 0                                                                 I
   .4920    .000000D+00 0                                                                 I
   .5040    .000000D+00 0                                                                 I
   .5160    .000000D+00 0                                                                 I
   .5280    .000000D+00 0                                                                 I
   .5400    .000000D+00 0                                                                 I
   .5520    .000000D+00 0                                                                 I
   .5640    .000000D+00 0                                                                 I
   .5760    .000000D+00 0                                                                 I
   .5880    .000000D+00 0                                                                 I
   .6000    .000000D+00 0                                                                 I
   .6120    .000000D+00 0                                                                 I
   .6240    .000000D+00 0                                                                 I
   .6360    .000000D+00 0                                                                 I
   .6480    .000000D+00 0                                                                 I
   .6600    .000000D+00 0                                                                 I
   .6720    .000000D+00 0                                                                 I
   .6840    .000000D+00 0                                                                 I
   .6960    .000000D+00 0                                                                 I
   .7080    .000000D+00 0                                                                 I
   .7200    .000000D+00 0                                                                 I
   .7320    .000000D+00 0                                                                 I
   .7440    .000000D+00 0                                                                 I
   .7560    .000000D+00 0                                                                 I
   .7680    .000000D+00 0                                                                 I
   .7800    .000000D+00 0                                                                 I
   .7920    .000000D+00 0                                                                 I
   .8040    .000000D+00 0                                                                 I
   .8160    .000000D+00 0                                                                 I
   .8280    .000000D+00 0                                                                 I
   .8400    .000000D+00 0                                                                 I
   .8520    .000000D+00 0                                                                 I
   .8640    .000000D+00 0                                                                 I
   .8760    .000000D+00 0                                                                 I
   .8880    .000000D+00 0                                                                 I
   .9000    .000000D+00 0                                                                 I
   .9120    .000000D+00 0                                                                 I
   .9240    .000000D+00 0                                                                 I
   .9360    .000000D+00 0                                                                 I
   .9480    .000000D+00 0                                                                 I
   .9600    .000000D+00 0                                                                 I
   .9720    .000000D+00 0                                                                 I
   .9840    .000000D+00 0                                                                 I
   .9960    .500000D+01 0XXXXXXXXXXXXXXXXXXXXXXXXXXXXXXXXXXXXXXXXXXXXXXXXXXXXXXXXXXXXXXXXXX
  1.0080    .000000D+00 0                                                                 I
  1.0200    .000000D+00 0                                                                 I
  1.0320    .000000D+00 0                                                                 I
  1.0440    .000000D+00 0                                                                 I
  1.0560    .000000D+00 0                                                                 I
  1.0680    .000000D+00 0                                                                 I
  1.0800    .000000D+00 0                                                                 I
  1.0920    .000000D+00 0                                                                 I
  1.1040    .000000D+00 0                                                                 I
  1.1160    .000000D+00 0                                                                 I
  1.1280    .000000D+00 0                                                                 I
  1.1400    .000000D+00 0                                                                 I
  1.1520    .000000D+00 0                                                                 I
  1.1640    .000000D+00 0                                                                 I
  1.1760    .000000D+00 0                                                                 I
  1.1880    .000000D+00 0                                                                 I


 ***************************************************************************
 *                   KarLud_Finalize END  <<<                              *
 ***************************************************************************

1
      -664          YFSfin: photon raw multiplicity                                                 
           nent            sum           bmin           bmax
              5     .30000E+01     .00000E+00     .30000E+01
           undf           ovef           avex
     .00000E+00     .00000E+00     .60000E+00
   .0000    .300000D+01 0XXXXXXXXXXXXXXXXXXXXXXXXXXXXXXXXXXXXXXXXXXXXXXXXXXXXXXXXXXXXXXXXXI
  1.0000    .100000D+01 0XXXXXXXXXXXXXXXXXXXXX                                            I
  2.0000    .100000D+01 0XXXXXXXXXXXXXXXXXXXXX                                            I
  3.0000    .000000D+00 0                                                                 I
  4.0000    .000000D+00 0                                                                 I
  5.0000    .000000D+00 0                                                                 I
  6.0000    .000000D+00 0                                                                 I
  7.0000    .000000D+00 0                                                                 I
  8.0000    .000000D+00 0                                                                 I
  9.0000    .000000D+00 0                                                                 I


 ***************************************************************************
 *                        KarFin Finalize    START                         *
 *               10                  generated events        nevgen     a2 *
 *       1.00000000  +-  .00000000   kinematics, smin        wt1        a5 *
 *        .99999987  +-  .00000011   jacobian                wt2        a6 *
 *        .99915310  +-  .04757575   photon ang. dist.       wt3        a7 *
 *                            ON MASS WEIGHTS                              *
 *        .98224754  +-  .01035279  removal wgt wtrem                   b1 *
 *                5                 no. of raw events                   b2 *
 *                0                 wt6=0      events                   b3 *
 *       1.01636274  +-  .00970940  control wgt wctrl                   b4 *
 *                0                 marked photons           MarTot     a5 *
 *    .10000000E-02                 emin                                b6 *
 *    .10000000E-07                 delta                               b7 *
 *        .60000000                 raw ph. multipl.                    b8 *
 *       2.00000000                 Highest phot. mult.                 b9 *
 *                        YFSfin Finalize    END                           *
 ***************************************************************************



 ***************************************************************************
 *                            KarFin Finalize                              *
 *               10                  generated events        nevgen     a2 *
 *        .99915300  +-  .04757584   general weight          wt         a1 *
 *        .60000000                  aver. ph. multi.        avmlt      a3 *
 ***************************************************************************

1
      -640          KK2f: Photon raw multiplicity                                                   
           nent            sum           bmin           bmax
              5     .13000E+02     .00000E+00     .10000E+01
           undf           ovef           avex
     .00000E+00     .00000E+00     .26000E+01
   .0000    .100000D+01 0XXXXXXXXXXXXXXXXXXXXXXXXXXXXXXXXXXXXXXXXXXXXXXXXXXXXXXXXXXXXXXXXXI
  1.0000    .100000D+01 0XXXXXXXXXXXXXXXXXXXXXXXXXXXXXXXXXXXXXXXXXXXXXXXXXXXXXXXXXXXXXXXXXI
  2.0000    .000000D+00 0                                                                 I
  3.0000    .100000D+01 0XXXXXXXXXXXXXXXXXXXXXXXXXXXXXXXXXXXXXXXXXXXXXXXXXXXXXXXXXXXXXXXXXI
  4.0000    .100000D+01 0XXXXXXXXXXXXXXXXXXXXXXXXXXXXXXXXXXXXXXXXXXXXXXXXXXXXXXXXXXXXXXXXXI
  5.0000    .100000D+01 0XXXXXXXXXXXXXXXXXXXXXXXXXXXXXXXXXXXXXXXXXXXXXXXXXXXXXXXXXXXXXXXXXI
  6.0000    .000000D+00 0                                                                 I
  7.0000    .000000D+00 0                                                                 I
  8.0000    .000000D+00 0                                                                 I
  9.0000    .000000D+00 0                                                                 I


 ***************************************************************************
 *                       KK2f_Finalize  printouts                          *
 *     200.00000000                 cms energy total         cmsene     a0 *
 *                5                 total no of events       nevgen     a1 *
 *               ** principal info on x-section **                         *
 *       1.98613942  +-  .42878511  xs_tot MC R-units        xsmc       a1 *
 *       4.31263130                 xs_tot    picob.         xSecPb     a3 *
 *        .93104848                 error     picob.         xErrPb     a4 *
 *        .21588873                 relative error           erel       a5 *
 *        .05822882                 WTsup, largest WT        WTsup     a10 *
 *                       ** some auxiliary info **                         *
 *       2.65595074                 xs_born   picobarns       xborn    a11 *
 *       2.60000000                 Raw phot. multipl.                 === *
 *       5.00000000                 Highest phot. mult.                === *
 *                         End of KK2f  Finalize                           *
 ***************************************************************************

1
      -700          MBrA: KK2f main weight                                                          
           nent            sum           bmin           bmax
              5     .19025E+00     .00000E+00     .30000E+01
           undf           ovef           avex
     .00000E+00     .00000E+00     .38050E-01
   .0000    .100000D+01 0XXXXXXXXXXXXXXXXXXXXXX                                           I
   .0200    .100000D+01 0XXXXXXXXXXXXXXXXXXXXXX                                           I
   .0400    .300000D+01 0XXXXXXXXXXXXXXXXXXXXXXXXXXXXXXXXXXXXXXXXXXXXXXXXXXXXXXXXXXXXXXXXXX
   .0600    .000000D+00 0                                                                 I
   .0800    .000000D+00 0                                                                 I
   .1000    .000000D+00 0                                                                 I
   .1200    .000000D+00 0                                                                 I
   .1400    .000000D+00 0                                                                 I
   .1600    .000000D+00 0                                                                 I
   .1800    .000000D+00 0                                                                 I
   .2000    .000000D+00 0                                                                 I
   .2200    .000000D+00 0                                                                 I
   .2400    .000000D+00 0                                                                 I
   .2600    .000000D+00 0                                                                 I
   .2800    .000000D+00 0                                                                 I
   .3000    .000000D+00 0                                                                 I
   .3200    .000000D+00 0                                                                 I
   .3400    .000000D+00 0                                                                 I
   .3600    .000000D+00 0                                                                 I
   .3800    .000000D+00 0                                                                 I
   .4000    .000000D+00 0                                                                 I
   .4200    .000000D+00 0                                                                 I
   .4400    .000000D+00 0                                                                 I
   .4600    .000000D+00 0                                                                 I
   .4800    .000000D+00 0                                                                 I
   .5000    .000000D+00 0                                                                 I
   .5200    .000000D+00 0                                                                 I
   .5400    .000000D+00 0                                                                 I
   .5600    .000000D+00 0                                                                 I
   .5800    .000000D+00 0                                                                 I
   .6000    .000000D+00 0                                                                 I
   .6200    .000000D+00 0                                                                 I
   .6400    .000000D+00 0                                                                 I
   .6600    .000000D+00 0                                                                 I
   .6800    .000000D+00 0                                                                 I
   .7000    .000000D+00 0                                                                 I
   .7200    .000000D+00 0                                                                 I
   .7400    .000000D+00 0                                                                 I
   .7600    .000000D+00 0                                                                 I
   .7800    .000000D+00 0                                                                 I
   .8000    .000000D+00 0                                                                 I
   .8200    .000000D+00 0                                                                 I
   .8400    .000000D+00 0                                                                 I
   .8600    .000000D+00 0                                                                 I
   .8800    .000000D+00 0                                                                 I
   .9000    .000000D+00 0                                                                 I
   .9200    .000000D+00 0                                                                 I
   .9400    .000000D+00 0                                                                 I
   .9600    .000000D+00 0                                                                 I
   .9800    .000000D+00 0                                                                 I


 ***************************************************************************
 *                MBrA: report on the main Weight                          *
 *                5                 no of raw events         Ntot       b1 *
 *                5                 accepted    events       Nacc       b2 *
 *                0                 wt<0        events       Nneg       b3 *
 *                0                 wt>WTmax    events       Nove       b4 *
 *        .05822882                 WTsup, largest WT        WTsup      b5 *
 *        .00000000                 <Wt-WtMax>  Overfl.      AvOve      b6 *
 *        .00000000                 <Wt> for Wt<0            AvUnd      b7 *
 *        .00000000                 AvOve/<Wt>,WT>WtMax      ROverf     b8 *
 *        .00000000                 AvUnd/<Wt>,Wt<0          RUnder     b9 *
 ***************************************************************************

 
=====================================================================================================
            MBrA:    Detailed statistics for all branches    
=====================================================================================================
  KF     AveWt     ERela     WtSup      Wt<0   Wt>Wmax       Ntot       Nacc   Nneg   Nove   Nzer
  15   .038050   .215889 .5823E-01   .000000   .000000          5          5      0      0      0
All:   .038050   .215889 .5823E-01   .000000   .000000          5          5      0      0      0
=====================================================================================================
