    
 ==============================================
 ==========*********************===============
 ==========***    MainPro    ***===============
 ==========*********************===============
 ==============================================
    
    
 ==============================================
 ==========*********************===============
 ==========***    MainPro    ***===============
 ==========*********************===============
 ==============================================
    
 500  requested events 
           
            *************************************************************
            *  ****   ****    ****  ****      *******      ***********  *
            *  ****   ****    ****  ****    ***********    ***********  *
            *  ****   ****    ****  ****    ****   ****    ****         *
            *  **********     *********     ****   ****    *********    *
            *  *******        ******            *****      *********    *
            *  **********     ********        *****        ****         *
            *  ****  *****    ****  ****    **********     ****         *
            *  ****   *****   ****   ****   **********     ****         *
            *************************************************************
           


 ***************************************************************************
 *                         KK Monte Carlo                                  *
 *            Version       4.10          16 Jul. 1999                     *
 *     200.00000000                 CMS energy average       CMSene     a1 *
 *        .00000000                 Beam energy spread       DelEne     a2 *
 *              100                 Max. photon mult.        npmax      a3 *
 *                0                 ISR switch               KeyISR     a4 *
 *                1                 FSR switch               KeyFSR     a5 *
 *                0                 ISR/FSR interferenc      KeyINT     a6 *
 *                1                 New exponentiation       KeyGPS     a7 *
 *                1                 Hadroniz.  switch        KeyHad     a7 *
 *        .20000000                 Hadroniz. min. mass      HadMin     a9 *
 *       1.00000000                 Maximum weight           WTmax     a10 *
 *              100                 Max. photon mult.        npmax     a11 *
 *               11                 Beam ident               KFini     a12 *
 *        .00100000                 Manimum phot. ener.      Ene       a13 *
 *    .10000000E-59                 Phot.mass, IR regul      MasPho    a14 *
 *    1.0000000                     Phot. mult. enhanc.      Xenph     a15 *
 *    .10000000E-08                 Vcut1                    Vcut1     a16 *
 *    .50000000E-01                 Vcut2                    Vcut2     a16 *
 *    .00000000E+00                 Vcut3                    Vcut2     a16 *
 *        .00000000                    PolBeam1(1)           Pol1x     a17 *
 *        .00000000                    PolBeam1(2)           Pol1y     a18 *
 *        .00000000                    PolBeam1(3)           Pol1z     a19 *
 *        .00000000                    PolBeam2(1)           Pol2x     a20 *
 *        .00000000                    PolBeam2(2)           Pol2y     a21 *
 *        .00000000                    PolBeam2(3)           Pol2z     a22 *
 ***************************************************************************

 +++WARNING: for WT=0 events NO hadronization!


 ***************************************************************************
 *            BornV  Initializator                                         *
 *      91.18700000                 Z mass     [GeV]         amz        a1 *
 *     100.00000000                 Higgs mass [GeV]         amh        a2 *
 *     175.00000000                 Top mass   [GeV]         amtop      a3 *
 *       2.50072032                 Z width    [GeV]         gammz      a4 *
 *        .22276773                 sin(theta_w)**2          sinw2      a5 *
 *     137.03598950                 1/alfa_QED  at  Q=0      AlfInv     a6 *
 *        .20000000                 MassCut light qqbar      HadMin     a6 *
 *               11                 KF code of beam          KFini      a7 *
 *    .99000000                     Input vvmax              vvmax      a8 *
 *    .99000000                     reduced vvmax in MC      vvmax      a9 *
 *         Test switches:                                                  *
 *                0                 Electroweak lib.         KeyElw     10 *
 *                1                 Z on/off   switch        KeyZet     11 *
 *                0                 mass terms on/off        KeyWtm     12 *
 ***************************************************************************



 ***************************************************************************
 *                         KarLud_Initialize START                         *
 *     200.00000000                  CMS energy average      CMSene     == *
 *        .00000000                  Beam energy spread      DelEne     == *
 *                0                  ISR on/off switch       KeyISR     == *
 *                0                  Type of ISR             KeyFix     == *
 *                1                  Elect_weak switch       KeyZet     == *
 *                0                  Fixed nphot mult.       MltISR     == *
 *               50                  Max. photon mult.       nmax       == *
 ***************************************************************************

 *       1.22317168                 xs_crude  Born           xborn         *


 ***************************************************************************
 *                          KarLud_Initialize END                          *
 ***************************************************************************



 ***************************************************************************
 *                        KarFin Initialize  START                         *
 *                1                FSR radiation on/off      KeyFSR     a1 *
 *                0                radiation from quark      KeyQSR     a2 *
 *                1                removal    switch         KeyPia     a3 *
 *    .10000000E-02                infrared cut FACTOR       delfac     a4 *
 *    .10000000E-07                infrared cut itself       delta      a5 *
 *    .10000000E-02                EminCMS for removal       [GeV]      a6 *
 *               50                Max. photon mult.         nmax       a7 *
 *                        KarFin Initialize  END                           *
 ***************************************************************************



 ***************************************************************************
 *             GPS   Initializator                                         *
 *      91.18700000                 Z mass     [GeV]         MZ         a1 *
 *       2.50072032                 Z width    [GeV]         GammZ      a2 *
 *        .22276773                 sin(theta_w)**2          Sw2        a3 *
 *     137.03598950                 1/alfa_QED  at  Q=0      AlfInv     a4 *
 *         Test switches:                                                  *
 *                1                 Z on/off   switch        KeyZet     a5 *
 *                0                 Electroweak lib.         KeyElw     a6 *
 *                1                 CEEX level               KeyGPS     a7 *
 *                0                 ISR emission             KeyISR     a8 *
 *                1                 FSR emission             KeyFSR     a9 *
 *                0                 ISR*FSR interferenc      KeyINT    a10 *
 ***************************************************************************



 ***************************************************************************
 *               Initialization of GPS class                               *
 ***************************************************************************



 ***************************************************************************
 *                           KK2f: Initialization                          *
 *    .26559507E-02                 x-crude [nb]             Xcrunb     ** *
 *         List of final fermions:                                         *
 *               15                 KF of final fermion      KFfin      ** *
 *    1.7770000                     mass of final ferm.      amferm     ** *
 *    1.2231717                     Xborn [R]                Xborn      ** *
 *    1.0000000                     WtMax sampling par.      WtMax      ** *
 *    1.0000000                     vmax for CEEX           vmaxGPS     ** *
 ***************************************************************************



 ***************************************************************************
 *        KK interface of Tauola                                           *
 *                2                Cloning procedure       KeyClone    t01 *
 ***************************************************************************



 ***************************************************************************
 *        Parameters passed from KK  to Tauola:                            *
 *               -1                dec. type 1-st tau        Jak1      t01 *
 *               -1                dec. type 2-nd tau        Jak2      t02 *
 *                1                current type a1 dec.      KeyA1     t03 *
 *               15                PDG id 1-st tau           idff      t04 *
 *                1                R.c. switch lept dec      itdkRC    t05 *
 *    .10000000E-02                IR-cut for lept r.c.      xk0dec    t06 *
 ***************************************************************************



 ***************************************************************************
 *                 !!!!! Tauola inhibited !!!!                             *
 ***************************************************************************



 ***************************************************************************
 *                      STest   Initializator                              *
 ***************************************************************************

     MSTU(11)       changed from              6 to             16



                            Event listing (summary)

    I  particle/jet KS     KF orig    p_x      p_y      p_z       E        m

    1  !e-!         21     11    0     .000     .000  100.000  100.000     .001
    2  !e+!         21    -11    0     .000     .000 -100.000  100.000     .001
    3  tau-          1     15    1  -46.721   88.393     .829  100.000    1.777
    4  tau+          1    -15    1   46.721  -88.393    -.829  100.000    1.777
                   sum:   .00          .000     .000     .000  200.000  200.000
  
/////////////////////////////////////////////// STest_fsrSingle ///////////////////////////////////////////////
wm0,wmd,wm1 =      .76348974363882    1.18969247900190     .95349683932290
ph=          63.0586942186314    -10.1210981838442     63.9031605954629     90.3462754024504       .0000017726906
y+z, y/(z*delq), z/(y*delq) =      .903462754025        .4257640E+01        .3512296E+06
 Dig1=                 1057.5593861870    
 Make1fsr: Xdist,Xdist0,X/X0/2=  .52932911989482E-01 .82778267294778E-01 .31972710784695    
 ratio = Xdist/Dig1*(svar/2d0)            =  1.0010390467117    
 Xsect3, Xdist/Xsect3    =  .42787455178977E-01 1.2371128819900    
2*KLsect, Xdist/(2*KLsect)= .58523251259950E-01 .90447661143026    
  
/////////////////////////////////////////////// STest_fsrSingle ///////////////////////////////////////////////
wm0,wmd,wm1 =      .39580430754426    1.41360826647040     .80972070781209
ph=           7.0705969356349       .4528900800504     83.5937816815174     83.8934966863823       .0000041304951
y+z, y/(z*delq), z/(y*delq) =      .838938831230        .1657784E+01        .2510834E+07
 Dig1=                 6199.2536768616    
 Make1fsr: Xdist,Xdist0,X/X0/2=  .31008078238491     .29462613741617     .52622755249122    
 ratio = Xdist/Dig1*(svar/2d0)            =  1.0003810089020    
 Xsect3, Xdist/Xsect3    =  .15972414242571     1.9413519939800    
2*KLsect, Xdist/(2*KLsect)= .48677999196777     .63700395969733    


 ***************************************************************************
 *              500                  total no of events     nevtot      a0 *
 *       1.22317168                 xs_crude  Born           xborn         *
 ***************************************************************************



 ***************************************************************************
 *                   KarLud_Finalize END  <<<                              *
 ***************************************************************************

1
      -664          YFSfin: photon raw multiplicity                                                 
           nent            sum           bmin           bmax
            499     .27100E+03     .00000E+00     .29000E+03
           undf           ovef           avex
     .00000E+00     .00000E+00     .54309E+00
   .0000    .290000D+03 0XXXXXXXXXXXXXXXXXXXXXXXXXXXXXXXXXXXXXXXXXXXXXXXXXXXXXXXXXXXXXXXXXI
  1.0000    .158000D+03 0XXXXXXXXXXXXXXXXXXXXXXXXXXXXXXXXXXX                              I
  2.0000    .410000D+02 0XXXXXXXXX                                                        I
  3.0000    .900000D+01 0XX                                                               I
  4.0000    .100000D+01 0                                                                 I
  5.0000    .000000D+00 0                                                                 I
  6.0000    .000000D+00 0                                                                 I
  7.0000    .000000D+00 0                                                                 I
  8.0000    .000000D+00 0                                                                 I
  9.0000    .000000D+00 0                                                                 I


 ***************************************************************************
 *                        KarFin Finalize    START                         *
 *             1000                  generated events        nevgen     a2 *
 *        .99800000  +-  .00200200   kinematics, smin        wt1        a5 *
 *        .99987910  +-  .00006028   jacobian                wt2        a6 *
 *        .98692302  +-  .00896090   photon ang. dist.       wt3        a7 *
 *                            ON MASS WEIGHTS                              *
 *        .96102318  +-  .00674042  removal wgt wtrem                   b1 *
 *              499                 no. of raw events                   b2 *
 *                0                 wt6=0      events                   b3 *
 *        .99404177  +-  .00673802  control wgt wctrl                   b4 *
 *                0                 marked photons           MarTot     a5 *
 *    .10000000E-02                 emin                                b6 *
 *    .10000000E-07                 delta                               b7 *
 *        .54308617                 raw ph. multipl.                    b8 *
 *       4.00000000                 Highest phot. mult.                 b9 *
 *                        YFSfin Finalize    END                           *
 ***************************************************************************



 ***************************************************************************
 *                            KarFin Finalize                              *
 *             1000                  generated events        nevgen     a2 *
 *        .98487442  +-  .00920256   general weight          wt         a1 *
 *        .54200000                  aver. ph. multi.        avmlt      a3 *
 ***************************************************************************

1
      -640          KK2f: Photon raw multiplicity                                                   
           nent            sum           bmin           bmax
            500     .27100E+03     .00000E+00     .29100E+03
           undf           ovef           avex
     .00000E+00     .00000E+00     .54200E+00
   .0000    .291000D+03 0XXXXXXXXXXXXXXXXXXXXXXXXXXXXXXXXXXXXXXXXXXXXXXXXXXXXXXXXXXXXXXXXXI
  1.0000    .158000D+03 0XXXXXXXXXXXXXXXXXXXXXXXXXXXXXXXXXXX                              I
  2.0000    .410000D+02 0XXXXXXXXX                                                        I
  3.0000    .900000D+01 0XX                                                               I
  4.0000    .100000D+01 0                                                                 I
  5.0000    .000000D+00 0                                                                 I
  6.0000    .000000D+00 0                                                                 I
  7.0000    .000000D+00 0                                                                 I
  8.0000    .000000D+00 0                                                                 I
  9.0000    .000000D+00 0                                                                 I


 ***************************************************************************
 *                       KK2f_Finalize  printouts                          *
 *     200.00000000                 cms energy total         cmsene     a0 *
 *              500                 total no of events       nevgen     a1 *
 *               ** principal info on x-section **                         *
 *       1.20878792  +-  .03908602  xs_tot MC R-units        xsmc       a1 *
 *       2.62471836                 xs_tot    picob.         xSecPb     a3 *
 *        .08486997                 error     picob.         xErrPb     a4 *
 *        .03233489                 relative error           erel       a5 *
 *       2.82301508                 WTsup, largest WT        WTsup     a10 *
 *                       ** some auxiliary info **                         *
 *       2.65595074                 xs_born   picobarns       xborn    a11 *
 *        .54200000                 Raw phot. multipl.                 === *
 *       4.00000000                 Highest phot. mult.                === *
 *                         End of KK2f  Finalize                           *
 ***************************************************************************

1
      -700          MBrA: KK2f main weight                                                          
           nent            sum           bmin           bmax
            500     .49412E+03     .00000E+00     .45000E+02
           undf           ovef           avex
     .00000E+00     .20000E+03     .98824E+00
   .0000    .500000D+01 0XXXXXXX                                                          I
   .0200    .100000D+01 0X                                                                I
   .0400    .000000D+00 0                                                                 I
   .0600    .200000D+01 0XX                                                               I
   .0800    .100000D+01 0X                                                                I
   .1000    .000000D+00 0                                                                 I
   .1200    .300000D+01 0XXXX                                                             I
   .1400    .200000D+01 0XX                                                               I
   .1600    .000000D+00 0                                                                 I
   .1800    .200000D+01 0XX                                                               I
   .2000    .600000D+01 0XXXXXXXX                                                         I
   .2200    .400000D+01 0XXXXX                                                            I
   .2400    .300000D+01 0XXXX                                                             I
   .2600    .400000D+01 0XXXXX                                                            I
   .2800    .700000D+01 0XXXXXXXXXX                                                       I
   .3000    .800000D+01 0XXXXXXXXXXX                                                      I
   .3200    .600000D+01 0XXXXXXXX                                                         I
   .3400    .290000D+02 0XXXXXXXXXXXXXXXXXXXXXXXXXXXXXXXXXXXXXXXXXX                       I
   .3600    .450000D+02 0XXXXXXXXXXXXXXXXXXXXXXXXXXXXXXXXXXXXXXXXXXXXXXXXXXXXXXXXXXXXXXXXXX
   .3800    .180000D+02 0XXXXXXXXXXXXXXXXXXXXXXXXXX                                       I
   .4000    .900000D+01 0XXXXXXXXXXXXX                                                    I
   .4200    .800000D+01 0XXXXXXXXXXX                                                      I
   .4400    .800000D+01 0XXXXXXXXXXX                                                      I
   .4600    .600000D+01 0XXXXXXXX                                                         I
   .4800    .600000D+01 0XXXXXXXX                                                         I
   .5000    .500000D+01 0XXXXXXX                                                          I
   .5200    .800000D+01 0XXXXXXXXXXX                                                      I
   .5400    .800000D+01 0XXXXXXXXXXX                                                      I
   .5600    .300000D+01 0XXXX                                                             I
   .5800    .700000D+01 0XXXXXXXXXX                                                       I
   .6000    .300000D+01 0XXXX                                                             I
   .6200    .500000D+01 0XXXXXXX                                                          I
   .6400    .600000D+01 0XXXXXXXX                                                         I
   .6600    .300000D+01 0XXXX                                                             I
   .6800    .400000D+01 0XXXXX                                                            I
   .7000    .100000D+02 0XXXXXXXXXXXXXX                                                   I
   .7200    .400000D+01 0XXXXX                                                            I
   .7400    .400000D+01 0XXXXX                                                            I
   .7600    .300000D+01 0XXXX                                                             I
   .7800    .400000D+01 0XXXXX                                                            I
   .8000    .000000D+00 0                                                                 I
   .8200    .800000D+01 0XXXXXXXXXXX                                                      I
   .8400    .200000D+01 0XX                                                               I
   .8600    .200000D+01 0XX                                                               I
   .8800    .500000D+01 0XXXXXXX                                                          I
   .9000    .200000D+01 0XX                                                               I
   .9200    .600000D+01 0XXXXXXXX                                                         I
   .9400    .400000D+01 0XXXXX                                                            I
   .9600    .500000D+01 0XXXXXXX                                                          I
   .9800    .600000D+01 0XXXXXXXX                                                         I


 ***************************************************************************
 *                MBrA: report on the main Weight                          *
 *              500                 no of raw events         Ntot       b1 *
 *              500                 accepted    events       Nacc       b2 *
 *                0                 wt<0        events       Nneg       b3 *
 *              200                 wt>WTmax    events       Nove       b4 *
 *       2.82301508                 WTsup, largest WT        WTsup      b5 *
 *        .40000000                 <Wt-WtMax>  Overfl.      AvOve      b6 *
 *        .00000000                 <Wt> for Wt<0            AvUnd      b7 *
 *        .40475973                 AvOve/<Wt>,WT>WtMax      ROverf     b8 *
 *        .00000000                 AvUnd/<Wt>,Wt<0          RUnder     b9 *
 ***************************************************************************

 
=====================================================================================================
            MBrA:    Detailed statistics for all branches    
=====================================================================================================
  KF     AveWt     ERela     WtSup      Wt<0   Wt>Wmax       Ntot       Nacc   Nneg   Nove   Nzer
  15   .988241   .032335 2.823       .000000   .404760        500        500      0    200      1
All:   .988241   .032335 2.823       .000000   .404760        500        500      0    200      1
=====================================================================================================
