    
 ==============================================
 ==========*********************===============
 ==========***    MainPro    ***===============
 ==========*********************===============
 ==============================================
    
    
 ==============================================
 ==========*********************===============
 ==========***    MainPro    ***===============
 ==========*********************===============
 ==============================================
    
 500  requested events 
           
            *************************************************************
            *  ****   ****    ****  ****      *******      ***********  *
            *  ****   ****    ****  ****    ***********    ***********  *
            *  ****   ****    ****  ****    ****   ****    ****         *
            *  **********     *********     ****   ****    *********    *
            *  *******        ******            *****      *********    *
            *  **********     ********        *****        ****         *
            *  ****  *****    ****  ****    **********     ****         *
            *  ****   *****   ****   ****   **********     ****         *
            *************************************************************
           


 ***************************************************************************
 *                         KK Monte Carlo                                  *
 *            Version       4.10          16 Jul. 1999                     *
 *     200.00000000                 CMS energy average       CMSene     a1 *
 *        .00000000                 Beam energy spread       DelEne     a2 *
 *              100                 Max. photon mult.        npmax      a3 *
 *                1                 ISR switch               KeyISR     a4 *
 *                0                 FSR switch               KeyFSR     a5 *
 *                0                 ISR/FSR interferenc      KeyINT     a6 *
 *                1                 New exponentiation       KeyGPS     a7 *
 *                1                 Hadroniz.  switch        KeyHad     a7 *
 *        .20000000                 Hadroniz. min. mass      HadMin     a9 *
 *       1.00000000                 Maximum weight           WTmax     a10 *
 *              100                 Max. photon mult.        npmax     a11 *
 *               11                 Beam ident               KFini     a12 *
 *        .00100000                 Manimum phot. ener.      Ene       a13 *
 *    .10000000E-59                 Phot.mass, IR regul      MasPho    a14 *
 *    1.0000000                     Phot. mult. enhanc.      Xenph     a15 *
 *    .10000000E-08                 Vcut1                    Vcut1     a16 *
 *    .50000000E-01                 Vcut2                    Vcut2     a16 *
 *    .00000000E+00                 Vcut3                    Vcut2     a16 *
 *        .00000000                    PolBeam1(1)           Pol1x     a17 *
 *        .00000000                    PolBeam1(2)           Pol1y     a18 *
 *        .00000000                    PolBeam1(3)           Pol1z     a19 *
 *        .00000000                    PolBeam2(1)           Pol2x     a20 *
 *        .00000000                    PolBeam2(2)           Pol2y     a21 *
 *        .00000000                    PolBeam2(3)           Pol2z     a22 *
 ***************************************************************************

 +++WARNING: for WT=0 events NO hadronization!


 ***************************************************************************
 *            BornV  Initializator                                         *
 *      91.18700000                 Z mass     [GeV]         amz        a1 *
 *     100.00000000                 Higgs mass [GeV]         amh        a2 *
 *     175.00000000                 Top mass   [GeV]         amtop      a3 *
 *       2.50072032                 Z width    [GeV]         gammz      a4 *
 *        .22276773                 sin(theta_w)**2          sinw2      a5 *
 *     137.03598950                 1/alfa_QED  at  Q=0      AlfInv     a6 *
 *        .20000000                 MassCut light qqbar      HadMin     a6 *
 *               11                 KF code of beam          KFini      a7 *
 *    .99000000                     Input vvmax              vvmax      a8 *
 *    .99000000                     reduced vvmax in MC      vvmax      a9 *
 *         Test switches:                                                  *
 *                0                 Electroweak lib.         KeyElw     10 *
 *                0                 Z on/off   switch        KeyZet     11 *
 *                0                 mass terms on/off        KeyWtm     12 *
 ***************************************************************************



 ***************************************************************************
 *                         KarLud_Initialize START                         *
 *     200.00000000                  CMS energy average      CMSene     == *
 *        .00000000                  Beam energy spread      DelEne     == *
 *                1                  ISR on/off switch       KeyISR     == *
 *                0                  Type of ISR             KeyFix     == *
 *                0                  Elect_weak switch       KeyZet     == *
 *                0                  Fixed nphot mult.       MltISR     == *
 *               50                  Max. photon mult.       nmax       == *
 ***************************************************************************

 *      20.17617528                 xs_crude  vesko          xcvesk        *
 *      20.17172414                 xs_crude  gauss          xcgaus        *
 *        .00022066                 xcvesk/xcgaus-1                        *


 ***************************************************************************
 *                          KarLud_Initialize END                          *
 ***************************************************************************



 ***************************************************************************
 *             GPS   Initializator                                         *
 *      91.18700000                 Z mass     [GeV]         MZ         a1 *
 *       2.50072032                 Z width    [GeV]         GammZ      a2 *
 *        .22276773                 sin(theta_w)**2          Sw2        a3 *
 *     137.03598950                 1/alfa_QED  at  Q=0      AlfInv     a4 *
 *         Test switches:                                                  *
 *                0                 Z on/off   switch        KeyZet     a5 *
 *                0                 Electroweak lib.         KeyElw     a6 *
 *                1                 CEEX level               KeyGPS     a7 *
 *                1                 ISR emission             KeyISR     a8 *
 *                0                 FSR emission             KeyFSR     a9 *
 *                0                 ISR*FSR interferenc      KeyINT    a10 *
 ***************************************************************************



 ***************************************************************************
 *               Initialization of GPS class                               *
 ***************************************************************************



 ***************************************************************************
 *                           KK2f: Initialization                          *
 *    .43809817E-01                 x-crude [nb]             Xcrunb     ** *
 *         List of final fermions:                                         *
 *               15                 KF of final fermion      KFfin      ** *
 *    1.7770000                     mass of final ferm.      amferm     ** *
 *    1.0000000                     Xborn [R]                Xborn      ** *
 *    8.0000000                     WtMax sampling par.      WtMax      ** *
 *    1.0000000                     vmax for CEEX           vmaxGPS     ** *
 ***************************************************************************



 ***************************************************************************
 *        KK interface of Tauola                                           *
 *                2                Cloning procedure       KeyClone    t01 *
 ***************************************************************************



 ***************************************************************************
 *        Parameters passed from KK  to Tauola:                            *
 *               -1                dec. type 1-st tau        Jak1      t01 *
 *               -1                dec. type 2-nd tau        Jak2      t02 *
 *                1                current type a1 dec.      KeyA1     t03 *
 *               15                PDG id 1-st tau           idff      t04 *
 *                1                R.c. switch lept dec      itdkRC    t05 *
 *    .10000000E-02                IR-cut for lept r.c.      xk0dec    t06 *
 ***************************************************************************



 ***************************************************************************
 *                 !!!!! Tauola inhibited !!!!                             *
 ***************************************************************************



 ***************************************************************************
 *                      STest   Initializator                              *
 ***************************************************************************

     MSTU(11)       changed from              6 to             16



                            Event listing (summary)

    I  particle/jet KS     KF orig    p_x      p_y      p_z       E        m

                   sum:   .00          .000     .000     .000     .000     .000
  
/////////////////////////////////////////////// STest_isrSingle ///////////////////////////////////////////////
wm0,wmd,wm1 =      .99856204703233    1.00050336518950     .99906541223032
ph=            .0078595293424      -.0032187307022     63.0710464499110     63.0710470217457       .0000008344946
y+z, y/(z*delp), z/(y*delp) =      .630710470217        .6954330E+03        .3374306E+20
Make1isr:  Xdist,Xdist0,Xdist/Xdist0=  130375.31660561     229334.95113531     .56849300972308    
 ratio = Xdist/Dig1*(svar/2d0)            =  1.0002616782366    
 KLsect =  64653.681904632     .99180862739858    
 Xsect3 =  130485.56762690     1.0008456433638    
  
/////////////////////////////////////////////// STest_isrSingle ///////////////////////////////////////////////
wm0,wmd,wm1 =      .99995157820804    1.00002160046072     .99997317867599
ph=            .0386254425083      -.0336646961940     69.7742215248891     69.7742403372539      -.0000000000014
y+z, y/(z*delp), z/(y*delp) =      .697742403373        .2065186E+05        .1136267E+19
Make1isr:  Xdist,Xdist0,Xdist/Xdist0=  4489.4601956451     8225.9477272663     .54576814058325    
 ratio = Xdist/Dig1*(svar/2d0)            =  1.0002357044860    
 KLsect =  2225.2670050289     .99132942850789    
 Xsect3 =  4491.1603396629     1.0003786967572    
  
/////////////////////////////////////////////// STest_isrSingle ///////////////////////////////////////////////
wm0,wmd,wm1 =      .99999999980583    1.00000000001519     .99999999983298
ph=          -9.3108598163913      9.1325452842361     33.0870472046308     35.5647042249838       .0000004359178
y+z, y/(z*delp), z/(y*delp) =      .355647042250        .5528527E+10        .4244537E+13
Make1isr:  Xdist,Xdist0,Xdist/Xdist0=  .25944421282081E-01 .36798511917100E-01 .70503995760831    
 ratio = Xdist/Dig1*(svar/2d0)            =  1.0004801262352    
 KLsect =  .12959756259992E-01 .99903991837684    
 Xsect3 =  .25919904505007E-01 .99905502702074    
  
/////////////////////////////////////////////// STest_isrSingle ///////////////////////////////////////////////
wm0,wmd,wm1 =      .99681109680681    1.00177693461371     .99858803142630
ph=            .0048622102599       .0049315259370     76.6546428580727     76.6546431709111       .0000008187051
y+z, y/(z*delp), z/(y*delp) =      .766546431709        .3135874E+03        .7483093E+20
Make1isr:  Xdist,Xdist0,Xdist/Xdist0=  353270.93773336     668838.05058370     .52818606451153    
 ratio = Xdist/Dig1*(svar/2d0)            =  1.0000831092447    
 KLsect =  176426.36320166     .99881617397477    
 Xsect3 =  352792.56612644     .99864587896759    
  
/////////////////////////////////////////////// STest_isrSingle ///////////////////////////////////////////////
wm0,wmd,wm1 =      .99999330460117    1.00000059026251     .99999389487559
ph=            .0548554322867       .0431957827836    -35.3554060966540     35.3554750392838       .0000007079580
y+z, y/(z*delp), z/(y*delp) =      .353554750393        .1571142E+18        .1493566E+06
Make1isr:  Xdist,Xdist0,Xdist/Xdist0=  1066.0653831058     1503.8605921552     .70888577615963    
 ratio = Xdist/Dig1*(svar/2d0)            =  1.0003364117488    
 KLsect =  531.82965181245     .99774302822411    
 Xsect3 =  1066.1178878182     1.0000492509308    
  
/////////////////////////////////////////////// STest_isrSingle ///////////////////////////////////////////////
wm0,wmd,wm1 =      .99996967677030    1.00000174691110     .99997142369371
ph=           -.0113134397179      -.0248084504663    -29.3833205681287     29.3833332190640       .0000000849998
y+z, y/(z*delp), z/(y*delp) =      .293833332191        .7115658E+18        .3297803E+05
Make1isr:  Xdist,Xdist0,Xdist/Xdist0=  7554.8981906318     10081.859112652     .74935566012334    
 ratio = Xdist/Dig1*(svar/2d0)            =  1.0002287951531    
 KLsect =  3772.3247630538     .99864344108080    
 Xsect3 =  7552.7717378894     .99971853323648    
  
/////////////////////////////////////////////// STest_isrSingle ///////////////////////////////////////////////
wm0,wmd,wm1 =      .99999941552115    1.00000003397466     .99999944950810
ph=            .1912846711867      -.0478372011679     29.4990466141724     29.4997055810455      -.0000000000001
y+z, y/(z*delp), z/(y*delp) =      .294997055810        .1710964E+07        .1371510E+17
Make1isr:  Xdist,Xdist0,Xdist/Xdist0=  109.44296906794     146.21372419406     .74851365472831    
 ratio = Xdist/Dig1*(svar/2d0)            =  1.0004465993170    
 KLsect =  54.669706388382     .99905378762971    
 Xsect3 =  109.35101891235     .99915983496823    
  
/////////////////////////////////////////////// STest_isrSingle ///////////////////////////////////////////////
wm0,wmd,wm1 =      .99999999997308    1.00000000000143     .99999999998622
ph=           5.7706214855760    -47.0837483533970      8.3646499557069     48.1679021778748      -.0000000000002
y+z, y/(z*delp), z/(y*delp) =      .481679021779        .1078549E+12        .2175705E+12
Make1isr:  Xdist,Xdist0,Xdist/Xdist0=  .24914655145354E-02 .46066666433604E-02 .54083911587706    
 ratio = Xdist/Dig1*(svar/2d0)            =  1.0003606955994    
 KLsect =  .12443831294894E-02 .99891659927027    
 Xsect3 =  .24894061632620E-02 .99917343777733    
  
/////////////////////////////////////////////// STest_isrSingle ///////////////////////////////////////////////
wm0,wmd,wm1 =      .99999999956777    1.00000000032381     .99999999989454
ph=          15.8916844076900     14.9431107508871     86.0280197535121     88.7505626739209      -.0000000000030
y+z, y/(z*delp), z/(y*delp) =      .887505626739        .2386198E+10        .9834072E+13
Make1isr:  Xdist,Xdist0,Xdist/Xdist0=  .37870246653932E-01 .89311202229130E-01 .42402571803675    
 ratio = Xdist/Dig1*(svar/2d0)            =  1.0026847632417    
 KLsect =  .18856309935397E-01 .99583771437827    
 Xsect3 =  .37792909978560E-01 .99795785128946    
  
/////////////////////////////////////////////// STest_isrSingle ///////////////////////////////////////////////
wm0,wmd,wm1 =      .99989152833488    1.00008288959413     .99997441793209
ph=           -.0254655725580       .0348876967538     88.0392464974647     88.0392570930044       .0000007730237
y+z, y/(z*delp), z/(y*delp) =      .880392570930        .9218999E+04        .2545400E+19
Make1isr:  Xdist,Xdist0,Xdist/Xdist0=  15107.682195801     29794.584887464     .50706134194731    
 ratio = Xdist/Dig1*(svar/2d0)            =  1.0005385390356    
 KLsect =  6727.2435027607     .89057254654597    
 Xsect3 =  15379.835864484     1.0180142569294    


 ***************************************************************************
 *                      KarLud  final  report                              *
 *              500                  total no of events     nevtot      == *
 *      20.17617528                  ISRcru  [R]            ISRcru      == *
 *      20.15495587  +-  .01818243   ISRbest [R],ISRerr     ISRbest     == *
 *    20.176175                      XKarlud [R]            XKarlud     == *
 *    .00000000E+00                  KError  [R]            KError      == *
 ***************************************************************************



 ***************************************************************************
 *                   Report on wt_ISR of KarLud                            *
 *              500                 total no of events      nevtot      == *
 *                0                 wt<0        events      nevneg      == *
 *        .07450116  +-  .02572949  <wt>                    wt_ISR      == *
 *       1.50314846  +-  .03867524  sigma of KarLud [R]     xskarl      == *
 ***************************************************************************



 ***************************************************************************
 *        .99894829  +-  .00090213  Average WT of Vesk1      AVesk1     == *
 *      20.17172414  +-  .00020172  xs_est gauss    [R]      xcgaus     == *
 *       -.00083128  +-  .00090313  xcve/xcgs-1                         == *
 ***************************************************************************

1
      -658          KarLud, wtvesk                                                                  
           nent            sum           bmin           bmax
            500     .49947E+03     .00000E+00     .49800E+03
           undf           ovef           avex
     .00000E+00     .00000E+00     .99895E+00
   .0000    .000000D+00 0                                                                 I
   .0120    .000000D+00 0                                                                 I
   .0240    .000000D+00 0                                                                 I
   .0360    .000000D+00 0                                                                 I
   .0480    .000000D+00 0                                                                 I
   .0600    .000000D+00 0                                                                 I
   .0720    .000000D+00 0                                                                 I
   .0840    .000000D+00 0                                                                 I
   .0960    .000000D+00 0                                                                 I
   .1080    .000000D+00 0                                                                 I
   .1200    .000000D+00 0                                                                 I
   .1320    .000000D+00 0                                                                 I
   .1440    .000000D+00 0                                                                 I
   .1560    .000000D+00 0                                                                 I
   .1680    .000000D+00 0                                                                 I
   .1800    .000000D+00 0                                                                 I
   .1920    .000000D+00 0                                                                 I
   .2040    .000000D+00 0                                                                 I
   .2160    .000000D+00 0                                                                 I
   .2280    .000000D+00 0                                                                 I
   .2400    .000000D+00 0                                                                 I
   .2520    .000000D+00 0                                                                 I
   .2640    .000000D+00 0                                                                 I
   .2760    .000000D+00 0                                                                 I
   .2880    .000000D+00 0                                                                 I
   .3000    .000000D+00 0                                                                 I
   .3120    .000000D+00 0                                                                 I
   .3240    .000000D+00 0                                                                 I
   .3360    .000000D+00 0                                                                 I
   .3480    .000000D+00 0                                                                 I
   .3600    .000000D+00 0                                                                 I
   .3720    .000000D+00 0                                                                 I
   .3840    .000000D+00 0                                                                 I
   .3960    .000000D+00 0                                                                 I
   .4080    .000000D+00 0                                                                 I
   .4200    .000000D+00 0                                                                 I
   .4320    .000000D+00 0                                                                 I
   .4440    .000000D+00 0                                                                 I
   .4560    .000000D+00 0                                                                 I
   .4680    .000000D+00 0                                                                 I
   .4800    .000000D+00 0                                                                 I
   .4920    .000000D+00 0                                                                 I
   .5040    .000000D+00 0                                                                 I
   .5160    .000000D+00 0                                                                 I
   .5280    .000000D+00 0                                                                 I
   .5400    .100000D+01 0                                                                 I
   .5520    .000000D+00 0                                                                 I
   .5640    .000000D+00 0                                                                 I
   .5760    .000000D+00 0                                                                 I
   .5880    .000000D+00 0                                                                 I
   .6000    .000000D+00 0                                                                 I
   .6120    .000000D+00 0                                                                 I
   .6240    .000000D+00 0                                                                 I
   .6360    .000000D+00 0                                                                 I
   .6480    .000000D+00 0                                                                 I
   .6600    .000000D+00 0                                                                 I
   .6720    .000000D+00 0                                                                 I
   .6840    .000000D+00 0                                                                 I
   .6960    .000000D+00 0                                                                 I
   .7080    .000000D+00 0                                                                 I
   .7200    .000000D+00 0                                                                 I
   .7320    .000000D+00 0                                                                 I
   .7440    .000000D+00 0                                                                 I
   .7560    .000000D+00 0                                                                 I
   .7680    .000000D+00 0                                                                 I
   .7800    .000000D+00 0                                                                 I
   .7920    .000000D+00 0                                                                 I
   .8040    .000000D+00 0                                                                 I
   .8160    .000000D+00 0                                                                 I
   .8280    .000000D+00 0                                                                 I
   .8400    .000000D+00 0                                                                 I
   .8520    .000000D+00 0                                                                 I
   .8640    .000000D+00 0                                                                 I
   .8760    .000000D+00 0                                                                 I
   .8880    .000000D+00 0                                                                 I
   .9000    .000000D+00 0                                                                 I
   .9120    .000000D+00 0                                                                 I
   .9240    .000000D+00 0                                                                 I
   .9360    .000000D+00 0                                                                 I
   .9480    .000000D+00 0                                                                 I
   .9600    .000000D+00 0                                                                 I
   .9720    .000000D+00 0                                                                 I
   .9840    .100000D+01 0                                                                 I
   .9960    .498000D+03 0XXXXXXXXXXXXXXXXXXXXXXXXXXXXXXXXXXXXXXXXXXXXXXXXXXXXXXXXXXXXXXXXXX
  1.0080    .000000D+00 0                                                                 I
  1.0200    .000000D+00 0                                                                 I
  1.0320    .000000D+00 0                                                                 I
  1.0440    .000000D+00 0                                                                 I
  1.0560    .000000D+00 0                                                                 I
  1.0680    .000000D+00 0                                                                 I
  1.0800    .000000D+00 0                                                                 I
  1.0920    .000000D+00 0                                                                 I
  1.1040    .000000D+00 0                                                                 I
  1.1160    .000000D+00 0                                                                 I
  1.1280    .000000D+00 0                                                                 I
  1.1400    .000000D+00 0                                                                 I
  1.1520    .000000D+00 0                                                                 I
  1.1640    .000000D+00 0                                                                 I
  1.1760    .000000D+00 0                                                                 I
  1.1880    .000000D+00 0                                                                 I


 ***************************************************************************
 *                   KarLud_Finalize END  <<<                              *
 ***************************************************************************

1
      -640          KK2f: Photon raw multiplicity                                                   
           nent            sum           bmin           bmax
            500     .10140E+04     .00000E+00     .15700E+03
           undf           ovef           avex
     .00000E+00     .00000E+00     .20280E+01
   .0000    .510000D+02 0XXXXXXXXXXXXXXXXXXXXX                                            I
  1.0000    .129000D+03 0XXXXXXXXXXXXXXXXXXXXXXXXXXXXXXXXXXXXXXXXXXXXXXXXXXXXXX           I
  2.0000    .157000D+03 0XXXXXXXXXXXXXXXXXXXXXXXXXXXXXXXXXXXXXXXXXXXXXXXXXXXXXXXXXXXXXXXXXX
  3.0000    .106000D+03 0XXXXXXXXXXXXXXXXXXXXXXXXXXXXXXXXXXXXXXXXXXXX                     I
  4.0000    .350000D+02 0XXXXXXXXXXXXXX                                                   I
  5.0000    .190000D+02 0XXXXXXX                                                          I
  6.0000    .300000D+01 0X                                                                I
  7.0000    .000000D+00 0                                                                 I
  8.0000    .000000D+00 0                                                                 I
  9.0000    .000000D+00 0                                                                 I


 ***************************************************************************
 *                       KK2f_Finalize  printouts                          *
 *     200.00000000                 cms energy total         cmsene     a0 *
 *              500                 total no of events       nevgen     a1 *
 *               ** principal info on x-section **                         *
 *       1.31084481  +-  .04968961  xs_tot MC R-units        xsmc       a1 *
 *       2.84632101                 xs_tot    picob.         xSecPb     a3 *
 *        .10789422                 error     picob.         xErrPb     a4 *
 *        .03790655                 relative error           erel       a5 *
 *        .20418881                 WTsup, largest WT        WTsup     a10 *
 *                       ** some auxiliary info **                         *
 *       2.17136383                 xs_born   picobarns       xborn    a11 *
 *       2.02800000                 Raw phot. multipl.                 === *
 *       6.00000000                 Highest phot. mult.                === *
 *                         End of KK2f  Finalize                           *
 ***************************************************************************

1
      -700          MBrA: KK2f main weight                                                          
           nent            sum           bmin           bmax
            501     .32550E+02     .00000E+00     .15600E+03
           undf           ovef           avex
     .00000E+00     .00000E+00     .64970E-01
   .0000    .156000D+03 0XXXXXXXXXXXXXXXXXXXXXXXXXXXXXXXXXXXXXXXXXXXXXXXXXXXXXXXXXXXXXXXXXI
   .0200    .890000D+02 0XXXXXXXXXXXXXXXXXXXXXXXXXXXXXXXXXXXXX                            I
   .0400    .420000D+02 0XXXXXXXXXXXXXXXXX                                                I
   .0600    .250000D+02 0XXXXXXXXXX                                                       I
   .0800    .280000D+02 0XXXXXXXXXXX                                                      I
   .1000    .590000D+02 0XXXXXXXXXXXXXXXXXXXXXXXX                                         I
   .1200    .400000D+02 0XXXXXXXXXXXXXXXX                                                 I
   .1400    .270000D+02 0XXXXXXXXXXX                                                      I
   .1600    .180000D+02 0XXXXXXX                                                          I
   .1800    .140000D+02 0XXXXX                                                            I
   .2000    .300000D+01 0X                                                                I
   .2200    .000000D+00 0                                                                 I
   .2400    .000000D+00 0                                                                 I
   .2600    .000000D+00 0                                                                 I
   .2800    .000000D+00 0                                                                 I
   .3000    .000000D+00 0                                                                 I
   .3200    .000000D+00 0                                                                 I
   .3400    .000000D+00 0                                                                 I
   .3600    .000000D+00 0                                                                 I
   .3800    .000000D+00 0                                                                 I
   .4000    .000000D+00 0                                                                 I
   .4200    .000000D+00 0                                                                 I
   .4400    .000000D+00 0                                                                 I
   .4600    .000000D+00 0                                                                 I
   .4800    .000000D+00 0                                                                 I
   .5000    .000000D+00 0                                                                 I
   .5200    .000000D+00 0                                                                 I
   .5400    .000000D+00 0                                                                 I
   .5600    .000000D+00 0                                                                 I
   .5800    .000000D+00 0                                                                 I
   .6000    .000000D+00 0                                                                 I
   .6200    .000000D+00 0                                                                 I
   .6400    .000000D+00 0                                                                 I
   .6600    .000000D+00 0                                                                 I
   .6800    .000000D+00 0                                                                 I
   .7000    .000000D+00 0                                                                 I
   .7200    .000000D+00 0                                                                 I
   .7400    .000000D+00 0                                                                 I
   .7600    .000000D+00 0                                                                 I
   .7800    .000000D+00 0                                                                 I
   .8000    .000000D+00 0                                                                 I
   .8200    .000000D+00 0                                                                 I
   .8400    .000000D+00 0                                                                 I
   .8600    .000000D+00 0                                                                 I
   .8800    .000000D+00 0                                                                 I
   .9000    .000000D+00 0                                                                 I
   .9200    .000000D+00 0                                                                 I
   .9400    .000000D+00 0                                                                 I
   .9600    .000000D+00 0                                                                 I
   .9800    .000000D+00 0                                                                 I


 ***************************************************************************
 *                MBrA: report on the main Weight                          *
 *              501                 no of raw events         Ntot       b1 *
 *              501                 accepted    events       Nacc       b2 *
 *                0                 wt<0        events       Nneg       b3 *
 *                0                 wt>WTmax    events       Nove       b4 *
 *        .20418881                 WTsup, largest WT        WTsup      b5 *
 *        .00000000                 <Wt-WtMax>  Overfl.      AvOve      b6 *
 *        .00000000                 <Wt> for Wt<0            AvUnd      b7 *
 *        .00000000                 AvOve/<Wt>,WT>WtMax      ROverf     b8 *
 *        .00000000                 AvUnd/<Wt>,Wt<0          RUnder     b9 *
 ***************************************************************************

 
=====================================================================================================
            MBrA:    Detailed statistics for all branches    
=====================================================================================================
  KF     AveWt     ERela     WtSup      Wt<0   Wt>Wmax       Ntot       Nacc   Nneg   Nove   Nzer
  15   .065230   .037801 .2042       .000000   .000000        499        499      0      0      9
All:   .064970   .037907 .2042       .000000   .000000        501        501      0      0     11
=====================================================================================================
