    
 ==============================================
 ==========*********************===============
 ==========***    MainPro    ***===============
 ==========*********************===============
 ==============================================
    
    
 ==============================================
 ==========*********************===============
 ==========***    MainPro    ***===============
 ==========*********************===============
 ==============================================
    
 5000  requested events 
           
            *************************************************************
            *  ****   ****    ****  ****      *******      ***********  *
            *  ****   ****    ****  ****    ***********    ***********  *
            *  ****   ****    ****  ****    ****   ****    ****         *
            *  **********     *********     ****   ****    *********    *
            *  *******        ******            *****      *********    *
            *  **********     ********        *****        ****         *
            *  ****  *****    ****  ****    **********     ****         *
            *  ****   *****   ****   ****   **********     ****         *
            *************************************************************
           


 ***************************************************************************
 *                         KK Monte Carlo                                  *
 *            Version       4.10          16 Jul. 1999                     *
 *     200.00000000                 CMS energy average       CMSene     a1 *
 *        .00000000                 Beam energy spread       DelEne     a2 *
 *              100                 Max. photon mult.        npmax      a3 *
 *                0                 ISR switch               KeyISR     a4 *
 *                1                 FSR switch               KeyFSR     a5 *
 *                0                 ISR/FSR interferenc      KeyINT     a6 *
 *                1                 New exponentiation       KeyGPS     a7 *
 *                1                 Hadroniz.  switch        KeyHad     a7 *
 *        .20000000                 Hadroniz. min. mass      HadMin     a9 *
 *       1.00000000                 Maximum weight           WTmax     a10 *
 *              100                 Max. photon mult.        npmax     a11 *
 *               11                 Beam ident               KFini     a12 *
 *        .00100000                 Manimum phot. ener.      Ene       a13 *
 *    .10000000E-59                 Phot.mass, IR regul      MasPho    a14 *
 *    1.0000000                     Phot. mult. enhanc.      Xenph     a15 *
 *    .10000000E-08                 Vcut1                    Vcut1     a16 *
 *    .50000000E-01                 Vcut2                    Vcut2     a16 *
 *    .00000000E+00                 Vcut3                    Vcut2     a16 *
 *        .00000000                    PolBeam1(1)           Pol1x     a17 *
 *        .00000000                    PolBeam1(2)           Pol1y     a18 *
 *        .00000000                    PolBeam1(3)           Pol1z     a19 *
 *        .00000000                    PolBeam2(1)           Pol2x     a20 *
 *        .00000000                    PolBeam2(2)           Pol2y     a21 *
 *        .00000000                    PolBeam2(3)           Pol2z     a22 *
 ***************************************************************************

 +++WARNING: for WT=0 events NO hadronization!


 ***************************************************************************
 *            BornV  Initializator                                         *
 *      91.18700000                 Z mass     [GeV]         amz        a1 *
 *     100.00000000                 Higgs mass [GeV]         amh        a2 *
 *     175.00000000                 Top mass   [GeV]         amtop      a3 *
 *       2.50072032                 Z width    [GeV]         gammz      a4 *
 *        .22276773                 sin(theta_w)**2          sinw2      a5 *
 *     137.03598950                 1/alfa_QED  at  Q=0      AlfInv     a6 *
 *        .20000000                 MassCut light qqbar      HadMin     a6 *
 *               11                 KF code of beam          KFini      a7 *
 *    .99000000                     Input vvmax              vvmax      a8 *
 *    .99000000                     reduced vvmax in MC      vvmax      a9 *
 *         Test switches:                                                  *
 *                0                 Electroweak lib.         KeyElw     10 *
 *                0                 Z on/off   switch        KeyZet     11 *
 *                0                 mass terms on/off        KeyWtm     12 *
 ***************************************************************************



 ***************************************************************************
 *                         KarLud_Initialize START                         *
 *     200.00000000                  CMS energy average      CMSene     == *
 *        .00000000                  Beam energy spread      DelEne     == *
 *                0                  ISR on/off switch       KeyISR     == *
 *                0                  Type of ISR             KeyFix     == *
 *                0                  Elect_weak switch       KeyZet     == *
 *                0                  Fixed nphot mult.       MltISR     == *
 *               50                  Max. photon mult.       nmax       == *
 ***************************************************************************

 *       1.00000000                 xs_crude  Born           xborn         *


 ***************************************************************************
 *                          KarLud_Initialize END                          *
 ***************************************************************************



 ***************************************************************************
 *                        KarFin Initialize  START                         *
 *                1                FSR radiation on/off      KeyFSR     a1 *
 *                0                radiation from quark      KeyQSR     a2 *
 *                1                removal    switch         KeyPia     a3 *
 *    .10000000E-02                infrared cut FACTOR       delfac     a4 *
 *    .10000000E-07                infrared cut itself       delta      a5 *
 *    .10000000E-02                EminCMS for removal       [GeV]      a6 *
 *               50                Max. photon mult.         nmax       a7 *
 *                        KarFin Initialize  END                           *
 ***************************************************************************



 ***************************************************************************
 *             GPS   Initializator                                         *
 *      91.18700000                 Z mass     [GeV]         MZ         a1 *
 *       2.50072032                 Z width    [GeV]         GammZ      a2 *
 *        .22276773                 sin(theta_w)**2          Sw2        a3 *
 *     137.03598950                 1/alfa_QED  at  Q=0      AlfInv     a4 *
 *         Test switches:                                                  *
 *                0                 Z on/off   switch        KeyZet     a5 *
 *                0                 Electroweak lib.         KeyElw     a6 *
 *                1                 CEEX level               KeyGPS     a7 *
 *                0                 ISR emission             KeyISR     a8 *
 *                1                 FSR emission             KeyFSR     a9 *
 *                0                 ISR*FSR interferenc      KeyINT    a10 *
 ***************************************************************************



 ***************************************************************************
 *               Initialization of GPS class                               *
 ***************************************************************************



 ***************************************************************************
 *                           KK2f: Initialization                          *
 *    .21713638E-02                 x-crude [nb]             Xcrunb     ** *
 *         List of final fermions:                                         *
 *               13                 KF of final fermion      KFfin      ** *
 *    .10565830                     mass of final ferm.      amferm     ** *
 *    1.0000000                     Xborn [R]                Xborn      ** *
 *    1.0000000                     WtMax sampling par.      WtMax      ** *
 *    .99900000                     vmax for CEEX           vmaxGPS     ** *
 ***************************************************************************



 ***************************************************************************
 *        KK interface of Tauola                                           *
 *                2                Cloning procedure       KeyClone    t01 *
 ***************************************************************************



 ***************************************************************************
 *        Parameters passed from KK  to Tauola:                            *
 *               -1                dec. type 1-st tau        Jak1      t01 *
 *               -1                dec. type 2-nd tau        Jak2      t02 *
 *                1                current type a1 dec.      KeyA1     t03 *
 *               15                PDG id 1-st tau           idff      t04 *
 *                1                R.c. switch lept dec      itdkRC    t05 *
 *    .10000000E-02                IR-cut for lept r.c.      xk0dec    t06 *
 ***************************************************************************



 ***************************************************************************
 *                 !!!!! Tauola inhibited !!!!                             *
 ***************************************************************************



 ***************************************************************************
 *                      STest   Initializator                              *
 ***************************************************************************

 ==================  KK2f    ======================> 1
 m_p      .00000000000000     .00000000000000   99.99999999869441  100.00000000000000     .00051099859771
 m_p      .00000000000000     .00000000000000  -99.99999999869441  100.00000000000000     .00051099859771
 m_q   -92.33094420955521   37.07395157381402  -10.02535247963027   99.99999999971347     .10565830000453   13
 m_q    92.33054693807259  -37.07379256596554   10.02530961415041   99.99956994729428     .10565829999380   13
 sum     -.00039727148263     .00015900784848    -.00004286547986  199.99956994700773  199.99956994654536
     MSTU(11)       changed from              6 to             16



                            Event listing (summary)

    I  particle/jet KS     KF orig    p_x      p_y      p_z       E        m

    1  !e-!         21     11    0     .000     .000  100.000  100.000     .001
    2  !e+!         21    -11    0     .000     .000 -100.000  100.000     .001
    3  mu-           1     13    1  -92.331   37.074  -10.025  100.000     .106
    4  mu+           1    -13    1   92.331  -37.074   10.025  100.000     .106
                   sum:   .00          .000     .000     .000  200.000  200.000
 POLARIZATION         E1               E2
 1              0.200000002980232239     0.500000000000000000
 2              0.300000011920928955     0.300000011920928955
 3              0.500000000000000000     -0.550000011920928955
 $$$$$$$$$$ SPIN WEIGHT       42221.042533013
 ########## SPIN WEIGHT2       .844953561E+05
  
/////////////////////////////////////////////// STest_NewSingle ///////////////////////////////////////////////
wm0,wmd,wm1 =      .99989836212873    1.00000042277906     .99989939427297
 h1=  -0.591258657911548857 -0.806059683724701603 -0.260957030613853599E-01 0.000000000000000000E+00
 h2=  -0.627573141752037933 -0.170318471034591579 -0.759699657875344547 0.000000000000000000E+00
p1=            .0000000000000       .0000000000000     99.9999999986944    100.0000000000000       .0005109985977
p2=            .0000000000000       .0000000000000    -99.9999999986944    100.0000000000000       .0005109985977
p3=         -46.5243947473309     74.6463736511991     24.2665569367252     91.2440538069171       .1056582999665
p4=          50.1863084107446    -82.0953851387049    -27.1361032317335     99.9734818601929       .1056582999656
ph=          -3.6619136634137      7.4490114875058      2.8695462950083      8.7824643328900       .0000000000000
 p3+p4= 191.015743505198998
 ph+p4= 59.1809905367383919
 p3+ph= 3.25859165886083568
y+z, y/(z*delq), z/(y*delq) =      .087824643329        .9898538E+04        .1079173E+10
 Dig1=                 84600.174848056    
 Make1fsr: Xdist,Xdist0,X/X0/2=  4.2221042214074     4.6173446585831     .45720046191040    
 ratio = Xdist/Dig1*(svar/2d0)            =  .99813132277573    
 Xsect3, Xdist/Xsect3    =  4.2300009595561     .99813315925359    
2*KLsect, Xdist/(2*KLsect)= 4.2300000386934     .99813337654522    
oldbrem ratio 1,2/Xdist   = 1.2012476384692     .99999999244598    
oldbrem ratio 3,4/Xdist   = .99936953186062     .87090419915717    
 $$$$$$$$$$ SPIN WEIGHT      302970.584810667
 ########## SPIN WEIGHT2       .606072612E+06
  
/////////////////////////////////////////////// STest_NewSingle ///////////////////////////////////////////////
wm0,wmd,wm1 =      .99991897508638    1.00001526907693     .99993513444620
 h1=  0.673362051569982856 0.715682212754222058 0.185425235210000844 0.000000000000000000E+00
 h2=  0.782246191618617193 0.291836650667196662 0.550383743424097238 0.000000000000000000E+00
p1=            .0000000000000       .0000000000000     99.9999999986944    100.0000000000000       .0005109985977
p2=            .0000000000000       .0000000000000    -99.9999999986944    100.0000000000000       .0005109985977
p3=         -36.2039220700855     15.0191247337344     32.7176555020566     51.0563828159801       .1056583000022
p4=          71.0066697363776    -39.0398210025739    -58.0228457635030     99.6630150313326       .1056583000117
ph=         -34.8027476662922     24.0206962688395     25.3051902614464     49.2806021526873      -.0000000000019
 p3+p4= 142.435105009000836
 ph+p4= 139.919469829199727
 p3+ph= 11.6105620511371050
y+z, y/(z*delq), z/(y*delq) =      .492806021527        .1251242E+05        .2639444E+09
 Dig1=                 1029.2368019965    
 Make1fsr: Xdist,Xdist0,X/X0/2=  .22128109415369E-01 .83514794285456E-01 .13248017674410    
 ratio = Xdist/Dig1*(svar/2d0)            =  .42999063718759    
 Xsect3, Xdist/Xsect3    =  .51461799269312E-01 .42999097834818    
2*KLsect, Xdist/(2*KLsect)= .51464718019999E-01 .42996659200134    
oldbrem ratio 1,2/Xdist   = .86332778142807     1.0000002520645    
oldbrem ratio 3,4/Xdist   = 1.0002297809727     .62591306941423    
  
/////////////////////////////////////////////// STest_NewSingle ///////////////////////////////////////////////
wm0,wmd,wm1 =      .00075308793199    1.98816920071178     .98892340509003
 h1=  -0.972195997181180993 -0.156595230850305411 -0.174105935395174716 0.000000000000000000E+00
 h2=  0.616240605124315888 0.155213319132274596 0.772111612501689693 0.000000000000000000E+00
p1=            .0000000000000       .0000000000000     99.9999999986944    100.0000000000000       .0005109985977
p2=            .0000000000000       .0000000000000    -99.9999999986944    100.0000000000000       .0005109985977
p3=         -28.3404767908759    -10.0263939602945    -95.3691047276227     99.9949423761313       .1056582999977
p4=            .1540234241941       .0574266259024       .5187055843742       .5542925149981       .1056583000000
ph=          28.1864533666820      9.9689673343922     94.8503991432491     99.4507651088707      -.0000000002162
 p3+p4= 14.8220766578659671
 ph+p4= 1.42625847016324636
 p3+ph= 199.444965235217694
y+z, y/(z*delq), z/(y*delq) =      .994507651089        .3869460E+09        .1000855E+01
 Dig1=                 37544.503443417    
 Make1fsr: Xdist,Xdist0,X/X0/2=  2.0760278633216     .28599321982072E-02 362.95053858671    
 ratio = Xdist/Dig1*(svar/2d0)            =  1.1059024213493    
 Xsect3, Xdist/Xsect3    =  1.8774139518913     1.1057912194752    
2*KLsect, Xdist/(2*KLsect)= 1.9193136558736     1.0816511709633    
oldbrem ratio 1,2/Xdist   = 1.0860965225011     1.0000102948589    
oldbrem ratio 3,4/Xdist   = 1.0000562591567     .78728256686234    
  
/////////////////////////////////////////////// STest_NewSingle ///////////////////////////////////////////////
wm0,wmd,wm1 =      .99976913654458    1.00017553091316     .99994578940758
 h1=  -0.665694892325611631 0.687752640214093658 -0.289562801841216355 0.000000000000000000E+00
 h2=  -0.259042683300546195 0.558740357038909119 0.787849034805834791 0.000000000000000000E+00
p1=            .0000000000000       .0000000000000     99.9999999986944    100.0000000000000       .0005109985977
p2=            .0000000000000       .0000000000000    -99.9999999986944    100.0000000000000       .0005109985977
p3=         -13.3349213278376    -57.5184860941266     79.4893831020806     99.0190363465811       .1056582999991
p4=           1.3713707304188       .9370457004598    -11.9459639566758     12.0613403424145       .1056582999988
ph=          11.9635505974188     56.5814403936668    -67.5434191454049     88.9196233110045       .0000055710321
 p3+p4= 66.5743995511655555
 ph+p4= 19.8090036358202610
 p3+ph= 187.551259731068200
y+z, y/(z*delq), z/(y*delq) =      .889196233110        .3559051E+08        .4428742E+04
 Dig1=                 190.23604756654    
 Make1fsr: Xdist,Xdist0,X/X0/2=  .14195206670693E-03 .22424103873569E-01 .31651669896661E-02
 ratio = Xdist/Dig1*(svar/2d0)            =  .14923782166708E-01
 Xsect3, Xdist/Xsect3    =  .95118278309936E-02 .14923742232212E-01
2*KLsect, Xdist/(2*KLsect)= .95129051321045E-02 .14922052173932E-01
oldbrem ratio 1,2/Xdist   = .73829206174531     1.0000335516800    
oldbrem ratio 3,4/Xdist   = 1.0019941395031     .53537926343611    
  
/////////////////////////////////////////////// STest_NewSingle ///////////////////////////////////////////////
wm0,wmd,wm1 =      .99989274666600    1.00004844776592     .99994223264862
 h1=  0.627292957882434776 0.303675102270605124 -0.717136651728276453 0.000000000000000000E+00
 h2=  -0.894222127311302906 -0.425524713286654754 0.138908262566192570 0.000000000000000000E+00
p1=            .0000000000000       .0000000000000     99.9999999986944    100.0000000000000       .0005109985977
p2=            .0000000000000       .0000000000000    -99.9999999986944    100.0000000000000       .0005109985977
p3=           -.4121464926165     -1.2345164861591     29.6477406556194     29.6764820244112       .1056583000003
p4=           8.0239140477149     27.4437969802192    -95.1550948381668     99.3581824847530       .1056582999856
ph=          -7.6117675550983    -26.2092804940600     65.5073541825474     70.9653354908358       .0000025817249
 p3+p4= 107.767647295770999
 ph+p4= 167.718270781426440
 p3+ph= 16.0230512005411221
y+z, y/(z*delq), z/(y*delq) =      .709653354908        .9494685E+04        .1139879E+09
 Dig1=                 458.29424197991    
 Make1fsr: Xdist,Xdist0,X/X0/2=  .11264173695601E-03 .44023153726218E-01 .12793465190673E-02
 ratio = Xdist/Dig1*(svar/2d0)            =  .49156950551845E-02
 Xsect3, Xdist/Xsect3    =  .22914698963031E-01 .49156978731311E-02
2*KLsect, Xdist/(2*KLsect)= .22918241756300E-01 .49149379849369E-02
oldbrem ratio 1,2/Xdist   = .90182693233970     .99996496420279    
oldbrem ratio 3,4/Xdist   = 1.0001335962371     .65403761542189    
  
/////////////////////////////////////////////// STest_NewSingle ///////////////////////////////////////////////
wm0,wmd,wm1 =      .99994573522351    1.00003205142834     .99997890436002
 h1=  -0.700711659056082126 0.462423995682317346 -0.543292940392264723 0.000000000000000000E+00
 h2=  -0.304757066402225774 -0.952137607427075205 0.236031142215216427E-01 0.000000000000000000E+00
p1=            .0000000000000       .0000000000000     99.9999999986944    100.0000000000000       .0005109985977
p2=            .0000000000000       .0000000000000    -99.9999999986944    100.0000000000000       .0005109985977
p3=         -16.4308628850695     -2.8279307442924    -12.8097994954724     21.0255219729031       .1056582999979
p4=          29.4267070595172      6.0246239345040     92.9714764108351     97.7032945790758       .1056582999860
ph=         -12.9958441744477     -3.1966931902116    -80.1616769153628     81.2711834480210       .0000036927977
 p3+p4= 86.5536054754022786
 ph+p4= 177.735202969234848
 p3+ph= 30.3099543392268487
y+z, y/(z*delq), z/(y*delq) =      .812711834480        .1951559E+05        .2307515E+08
 Dig1=                 103.62385747537    
 Make1fsr: Xdist,Xdist0,X/X0/2=  .46474652083475E-01 .95525246666272E-02 2.4325847723712    
 ratio = Xdist/Dig1*(svar/2d0)            =  8.9698749333897    
 Xsect3, Xdist/Xsect3    =  .51811950136508E-02 8.9698712287471    
2*KLsect, Xdist/(2*KLsect)= .51814430460233E-02 8.9694418467348    
oldbrem ratio 1,2/Xdist   = .92614113893337     1.0000679311830    
oldbrem ratio 3,4/Xdist   = .99960360140998     .67144892296055    


 ***************************************************************************
 *             5000                  total no of events     nevtot      a0 *
 *       1.00000000                 xs_crude  Born           xborn         *
 ***************************************************************************



 ***************************************************************************
 *                   KarLud_Finalize END  <<<                              *
 ***************************************************************************

1
      -664          YFSfin: photon raw multiplicity                                                 
           nent            sum           bmin           bmax
           5000     .30640E+04     .00000E+00     .30640E+04
           undf           ovef           avex
     .00000E+00     .00000E+00     .61280E+00
   .0000    .193600D+04 0XXXXXXXXXXXXXXXXXXXXXXXXXXXXXXXXXXXXXXXXX                        I
  1.0000    .306400D+04 0XXXXXXXXXXXXXXXXXXXXXXXXXXXXXXXXXXXXXXXXXXXXXXXXXXXXXXXXXXXXXXXXXX
  2.0000    .000000D+00 0                                                                 I
  3.0000    .000000D+00 0                                                                 I
  4.0000    .000000D+00 0                                                                 I
  5.0000    .000000D+00 0                                                                 I
  6.0000    .000000D+00 0                                                                 I
  7.0000    .000000D+00 0                                                                 I
  8.0000    .000000D+00 0                                                                 I
  9.0000    .000000D+00 0                                                                 I


 ***************************************************************************
 *                        KarFin Finalize    START                         *
 *            10000                  generated events        nevgen     a2 *
 *       1.00000000  +-  .00000000   kinematics, smin        wt1        a5 *
 *       1.00000000  +-  .00000000   jacobian                wt2        a6 *
 *       1.01273165  +-  .00237353   photon ang. dist.       wt3        a7 *
 *                            ON MASS WEIGHTS                              *
 *        .97616636  +-  .00151111  removal wgt wtrem                   b1 *
 *             5000                 no. of raw events                   b2 *
 *                0                 wt6=0      events                   b3 *
 *       1.01054508  +-  .00152077  control wgt wctrl                   b4 *
 *                0                 marked photons           MarTot     a5 *
 *    .10000000E-02                 emin                                b6 *
 *    .10000000E-07                 delta                               b7 *
 *        .61280000                 raw ph. multipl.                    b8 *
 *       1.00000000                 Highest phot. mult.                 b9 *
 *                        YFSfin Finalize    END                           *
 ***************************************************************************



 ***************************************************************************
 *                            KarFin Finalize                              *
 *            10000                  generated events        nevgen     a2 *
 *       1.01273165  +-  .00237353   general weight          wt         a1 *
 *        .61280000                  aver. ph. multi.        avmlt      a3 *
 ***************************************************************************

1
      -640          KK2f: Photon raw multiplicity                                                   
           nent            sum           bmin           bmax
           5000     .30640E+04     .00000E+00     .30640E+04
           undf           ovef           avex
     .00000E+00     .00000E+00     .61280E+00
   .0000    .193600D+04 0XXXXXXXXXXXXXXXXXXXXXXXXXXXXXXXXXXXXXXXXX                        I
  1.0000    .306400D+04 0XXXXXXXXXXXXXXXXXXXXXXXXXXXXXXXXXXXXXXXXXXXXXXXXXXXXXXXXXXXXXXXXXX
  2.0000    .000000D+00 0                                                                 I
  3.0000    .000000D+00 0                                                                 I
  4.0000    .000000D+00 0                                                                 I
  5.0000    .000000D+00 0                                                                 I
  6.0000    .000000D+00 0                                                                 I
  7.0000    .000000D+00 0                                                                 I
  8.0000    .000000D+00 0                                                                 I
  9.0000    .000000D+00 0                                                                 I


 ***************************************************************************
 *                       KK2f_Finalize  printouts                          *
 *     200.00000000                 cms energy total         cmsene     a0 *
 *             5000                 total no of events       nevgen     a1 *
 *               ** principal info on x-section **                         *
 *       1.02568213  +-  .00427151  xs_tot MC R-units        xsmc       a1 *
 *       2.22712909                 xs_tot    picob.         xSecPb     a3 *
 *        .00927501                 error     picob.         xErrPb     a4 *
 *        .00416456                 relative error           erel       a5 *
 *       1.67229087                 WTsup, largest WT        WTsup     a10 *
 *                       ** some auxiliary info **                         *
 *       2.17136383                 xs_born   picobarns       xborn    a11 *
 *        .61280000                 Raw phot. multipl.                 === *
 *       1.00000000                 Highest phot. mult.                === *
 *                         End of KK2f  Finalize                           *
 ***************************************************************************

1
      -700          MBrA: KK2f main weight                                                          
           nent            sum           bmin           bmax
           5000     .51284E+04     .40000E+01     .39100E+03
           undf           ovef           avex
     .00000E+00     .23630E+04     .10257E+01
   .0000    .600000D+01 X                                                                 I
   .0200    .500000D+01 X                                                                 I
   .0400    .400000D+01 X                                                                 I
   .0600    .400000D+01 X                                                                 I
   .0800    .400000D+01 X                                                                 I
   .1000    .600000D+01 X                                                                 I
   .1200    .900000D+01 X                                                                 I
   .1400    .600000D+01 X                                                                 I
   .1600    .120000D+02 XX                                                                I
   .1800    .600000D+01 X                                                                 I
   .2000    .800000D+01 X                                                                 I
   .2200    .110000D+02 XX                                                                I
   .2400    .500000D+01 X                                                                 I
   .2600    .100000D+02 XX                                                                I
   .2800    .800000D+01 X                                                                 I
   .3000    .100000D+02 XX                                                                I
   .3200    .700000D+01 X                                                                 I
   .3400    .500000D+01 X                                                                 I
   .3600    .120000D+02 XX                                                                I
   .3800    .600000D+01 X                                                                 I
   .4000    .700000D+01 X                                                                 I
   .4200    .170000D+02 XXX                                                               I
   .4400    .600000D+01 X                                                                 I
   .4600    .100000D+02 XX                                                                I
   .4800    .170000D+02 XXX                                                               I
   .5000    .170000D+02 XXX                                                               I
   .5200    .250000D+02 XXXX                                                              I
   .5400    .240000D+02 XXXX                                                              I
   .5600    .290000D+02 XXXXX                                                             I
   .5800    .290000D+02 XXXXX                                                             I
   .6000    .230000D+02 XXXX                                                              I
   .6200    .250000D+02 XXXX                                                              I
   .6400    .280000D+02 XXXXX                                                             I
   .6600    .380000D+02 XXXXXX                                                            I
   .6800    .390000D+02 XXXXXX                                                            I
   .7000    .430000D+02 XXXXXXX                                                           I
   .7200    .340000D+02 XXXXXX                                                            I
   .7400    .350000D+02 XXXXXX                                                            I
   .7600    .550000D+02 XXXXXXXXX                                                         I
   .7800    .530000D+02 XXXXXXXXX                                                         I
   .8000    .750000D+02 XXXXXXXXXXXXX                                                     I
   .8200    .330000D+03 XXXXXXXXXXXXXXXXXXXXXXXXXXXXXXXXXXXXXXXXXXXXXXXXXXXXXXXX          I
   .8400    .391000D+03 XXXXXXXXXXXXXXXXXXXXXXXXXXXXXXXXXXXXXXXXXXXXXXXXXXXXXXXXXXXXXXXXXXX
   .8600    .263000D+03 XXXXXXXXXXXXXXXXXXXXXXXXXXXXXXXXXXXXXXXXXXXXX                     I
   .8800    .178000D+03 XXXXXXXXXXXXXXXXXXXXXXXXXXXXXX                                    I
   .9000    .167000D+03 XXXXXXXXXXXXXXXXXXXXXXXXXXXX                                      I
   .9200    .163000D+03 XXXXXXXXXXXXXXXXXXXXXXXXXXXX                                      I
   .9400    .146000D+03 XXXXXXXXXXXXXXXXXXXXXXXXX                                         I
   .9600    .140000D+03 XXXXXXXXXXXXXXXXXXXXXXXX                                          I
   .9800    .860000D+02 XXXXXXXXXXXXXX                                                    I


 ***************************************************************************
 *                MBrA: report on the main Weight                          *
 *             5000                 no of raw events         Ntot       b1 *
 *             5000                 accepted    events       Nacc       b2 *
 *                0                 wt<0        events       Nneg       b3 *
 *             2363                 wt>WTmax    events       Nove       b4 *
 *       1.67229087                 WTsup, largest WT        WTsup      b5 *
 *        .47260000                 <Wt-WtMax>  Overfl.      AvOve      b6 *
 *        .00000000                 <Wt> for Wt<0            AvUnd      b7 *
 *        .46076653                 AvOve/<Wt>,WT>WtMax      ROverf     b8 *
 *        .00000000                 AvUnd/<Wt>,Wt<0          RUnder     b9 *
 ***************************************************************************

 
=====================================================================================================
            MBrA:    Detailed statistics for all branches    
=====================================================================================================
  KF     AveWt     ERela     WtSup      Wt<0   Wt>Wmax       Ntot       Nacc   Nneg   Nove   Nzer
  13  1.025682   .004165 1.672       .000000   .460767       5000       5000      0   2363      0
All:  1.025682   .004165 1.672       .000000   .460767       5000       5000      0   2363      0
=====================================================================================================
