    
 ==============================================
 ==========*********************===============
 ==========***    MainPro    ***===============
 ==========*********************===============
 ==============================================
    
    
 ==============================================
 ==========*********************===============
 ==========***    MainPro    ***===============
 ==========*********************===============
 ==============================================
    
 50  requested events 
           
            *************************************************************
            *  ****   ****    ****  ****      *******      ***********  *
            *  ****   ****    ****  ****    ***********    ***********  *
            *  ****   ****    ****  ****    ****   ****    ****         *
            *  **********     *********     ****   ****    *********    *
            *  *******        ******            *****      *********    *
            *  **********     ********        *****        ****         *
            *  ****  *****    ****  ****    **********     ****         *
            *  ****   *****   ****   ****   **********     ****         *
            *************************************************************
           


 ***************************************************************************
 *                         KK Monte Carlo                                  *
 *            Version       4.10          16 Jul. 1999                     *
 *       4.00000000                 CMS energy average       CMSene     a1 *
 *        .00000000                 Beam energy spread       DelEne     a2 *
 *              100                 Max. photon mult.        npmax      a3 *
 *                0                 ISR switch               KeyISR     a4 *
 *                1                 FSR switch               KeyFSR     a5 *
 *                2                 ISR/FSR interferenc      KeyINT     a6 *
 *                1                 New exponentiation       KeyGPS     a7 *
 *                1                 Hadroniz.  switch        KeyHad     a7 *
 *        .20000000                 Hadroniz. min. mass      HadMin     a9 *
 *       1.00000000                 Maximum weight           WTmax     a10 *
 *              100                 Max. photon mult.        npmax     a11 *
 *               11                 Beam ident               KFini     a12 *
 *        .00002000                 Manimum phot. ener.      Ene       a13 *
 *    .10000000E-59                 Phot.mass, IR regul      MasPho    a14 *
 *    1.2500000                     Phot. mult. enhanc.      Xenph     a15 *
 *    .10000000E-08                 Vcut1                    Vcut1     a16 *
 *    .50000000E-01                 Vcut2                    Vcut2     a16 *
 *    .00000000E+00                 Vcut3                    Vcut2     a16 *
 *        .00000000                    PolBeam1(1)           Pol1x     a17 *
 *        .00000000                    PolBeam1(2)           Pol1y     a18 *
 *        .00000000                    PolBeam1(3)           Pol1z     a19 *
 *        .00000000                    PolBeam2(1)           Pol2x     a20 *
 *        .00000000                    PolBeam2(2)           Pol2y     a21 *
 *        .00000000                    PolBeam2(3)           Pol2z     a22 *
 ***************************************************************************

 +++WARNING: for WT=0 events NO hadronization!


 ***************************************************************************
 *            BornV  Initializator                                         *
 *      91.18700000                 Z mass     [GeV]         amz        a1 *
 *     100.00000000                 Higgs mass [GeV]         amh        a2 *
 *     175.00000000                 Top mass   [GeV]         amtop      a3 *
 *       2.50072032                 Z width    [GeV]         gammz      a4 *
 *        .22276773                 sin(theta_w)**2          sinw2      a5 *
 *     137.03598950                 1/alfa_QED  at  Q=0      AlfInv     a6 *
 *        .20000000                 MassCut light qqbar      HadMin     a6 *
 *               11                 KF code of beam          KFini      a7 *
 *    .99000000                     Input vvmax              vvmax      a8 *
 *    .99000000                     reduced vvmax in MC      vvmax      a9 *
 *         Test switches:                                                  *
 *                0                 Electroweak lib.         KeyElw     10 *
 *                0                 Z on/off   switch        KeyZet     11 *
 *                0                 mass terms on/off        KeyWtm     12 *
 ***************************************************************************



 ***************************************************************************
 *                         KarLud_Initialize START                         *
 *       4.00000000                  CMS energy average      CMSene     == *
 *        .00000000                  Beam energy spread      DelEne     == *
 *                0                  ISR on/off switch       KeyISR     == *
 *                0                  Type of ISR             KeyFix     == *
 *                0                  Elect_weak switch       KeyZet     == *
 *                0                  Fixed nphot mult.       MltISR     == *
 *               50                  Max. photon mult.       nmax       == *
 ***************************************************************************

 *        .64000262                 xs_crude  Born           xborn         *


 ***************************************************************************
 *                          KarLud_Initialize END                          *
 ***************************************************************************



 ***************************************************************************
 *                        KarFin Initialize  START                         *
 *                1                FSR radiation on/off      KeyFSR     a1 *
 *                0                radiation from quark      KeyQSR     a2 *
 *                1                removal    switch         KeyPia     a3 *
 *    .10000000E-02                infrared cut FACTOR       delfac     a4 *
 *    .10000000E-07                infrared cut itself       delta      a5 *
 *    .20000000E-04                EminCMS for removal       [GeV]      a6 *
 *               50                Max. photon mult.         nmax       a7 *
 *                        KarFin Initialize  END                           *
 ***************************************************************************



 ***************************************************************************
 *             GPS   Initializator                                         *
 *      91.18700000                 Z mass     [GeV]         MZ         a1 *
 *       2.50072032                 Z width    [GeV]         GammZ      a2 *
 *        .22276773                 sin(theta_w)**2          Sw2        a3 *
 *     137.03598950                 1/alfa_QED  at  Q=0      AlfInv     a4 *
 *         Test switches:                                                  *
 *                0                 Z on/off   switch        KeyZet     a5 *
 *                0                 Electroweak lib.         KeyElw     a6 *
 *                1                 CEEX level               KeyGPS     a7 *
 *                0                 ISR emission             KeyISR     a8 *
 *                1                 FSR emission             KeyFSR     a9 *
 *                2                 ISR*FSR interferenc      KeyINT    a10 *
 ***************************************************************************



 ***************************************************************************
 *               Initialization of GPS class                               *
 ***************************************************************************



 ***************************************************************************
 *                           KK2f: Initialization                          *
 *    3.4741963                     x-crude [nb]             Xcrunb     ** *
 *         List of final fermions:                                         *
 *               15                 KF of final fermion      KFfin      ** *
 *    1.7770000                     mass of final ferm.      amferm     ** *
 *    .64000262                     Xborn [R]                Xborn      ** *
 *    1.0000000                     WtMax sampling par.      WtMax      ** *
 *    1.0000000                     vmax for CEEX           vmaxGPS     ** *
 ***************************************************************************



 ***************************************************************************
 *        KK interface of Tauola                                           *
 *                2                Cloning procedure       KeyClone    t01 *
 ***************************************************************************



 ***************************************************************************
 *        Parameters passed from KK  to Tauola:                            *
 *               -1                dec. type 1-st tau        Jak1      t01 *
 *               -1                dec. type 2-nd tau        Jak2      t02 *
 *                1                current type a1 dec.      KeyA1     t03 *
 *               15                PDG id 1-st tau           idff      t04 *
 *                1                R.c. switch lept dec      itdkRC    t05 *
 *    .10000000E-02                IR-cut for lept r.c.      xk0dec    t06 *
 ***************************************************************************



 ***************************************************************************
 *                 !!!!! Tauola inhibited !!!!                             *
 ***************************************************************************



 ***************************************************************************
 *                      STest   Initializator                              *
 ***************************************************************************

     MSTU(11)       changed from              6 to             16



                            Event listing (summary)

    I  particle/jet KS     KF orig    p_x      p_y      p_z       E        m

    1  !e-!         21     11    0     .000     .000    2.000    2.000     .001
    2  !e+!         21    -11    0     .000     .000   -2.000    2.000     .001
    3  tau-          1     15    1    -.429     .811     .008    2.000    1.777
    4  tau+          1    -15    1     .429    -.811    -.008    2.000    1.777
                   sum:   .00          .000     .000     .000    4.000    4.000
  
=============================================== STest_BornRmTest ===============================================
  
++++++++++++++++++++++++++++++++++++ Born spin amplitudes ++++++++++++++++++++++++++++++++++++
     { 1 1 1 1}  { 1 1-1 1}  { 1 1 1-1}  { 1 1-1-1}  
     { 1-1 1 1}  { 1-1-1 1}  { 1-1 1-1}  { 1-1-1-1}  
     {-1 1 1 1}  {-1 1-1 1}  {-1 1 1-1}  {-1 1-1-1}  
     {-1-1 1 1}  {-1-1-1 1}  {-1-1 1-1}  {-1-1-1-1}  
[   .000000   .000000] [   .000000   .000000] [   .000000   .000000] [   .000000   .000000] 
[   .000000  -.454829] [  -.486424  -.044529] [  -.490317  -.044529] [   .000000   .454829] 
[   .000000   .454829] [  -.490317   .044529] [  -.486424   .044529] [   .000000  -.454829] 
[   .000000   .000000] [   .000000   .000000] [   .000000   .000000] [   .000000   .000000] 
0000000000000000000000000000000000000000000000000000000000000000000000000000000000000000000
 
##################################### R-matrix GPS fram #####################################
[  1.000000   .000000] [   .000000   .000000] [   .000000   .000000] [   .000000   .000000] 
[   .000000   .000000] [   .075141   .000000] [  -.000388   .000000] [   .090546   .000000] 
[   .000000   .000000] [   .000388   .000000] [   .999983   .000000] [   .003958   .000000] 
[   .000000   .000000] [   .090546   .000000] [  -.003958   .000000] [  -.075158   .000000] 
 
##################################### R-matrix JacWick  #####################################
[  1.000000   .000000] [   .000000   .000000] [   .000000   .000000] [   .000000   .000000] 
[   .000000   .000000] [   .999923   .000000] [   .000000   .000000] [   .008229   .000000] 
[   .000000   .000000] [   .000000   .000000] [   .117664   .000000] [   .000000   .000000] 
[   .000000   .000000] [  -.008229   .000000] [   .000000   .000000] [  -.117741   .000000] 
  
*******************   R analytical     *******************
[    1.000000000000] [     .000000000000] [     .000000000000] [     .000000000000] 
[     .000000000000] [     .999923239383] [     .000000000000] [     .008229384606] 
[     .000000000000] [     .000000000000] [     .117663905236] [     .000000000000] 
[     .000000000000] [    -.008229384606] [     .000000000000] [    -.117740665853] 
  
*******************   R Difference     *******************
[     .000000000000] [     .000000000000] [     .000000000000] [     .000000000000] 
[     .000000000000] [     .000000000000] [     .000000000000] [     .000000000000] 
[     .000000000000] [     .000000000000] [     .000000000000] [     .000000000000] 
[     .000000000000] [     .000000000000] [     .000000000000] [     .000000000000] 
cos(theta),sin(theta)=      .008287310600     .999965659652
amfin,sqrt(s)=     1.777000000000    4.000000000000
  
=============================================== STest_BornRmTest ===============================================
  
++++++++++++++++++++++++++++++++++++ Born spin amplitudes ++++++++++++++++++++++++++++++++++++
     { 1 1 1 1}  { 1 1-1 1}  { 1 1 1-1}  { 1 1-1-1}  
     { 1-1 1 1}  { 1-1-1 1}  { 1-1 1-1}  { 1-1-1-1}  
     {-1 1 1 1}  {-1 1-1 1}  {-1 1 1-1}  {-1 1-1-1}  
     {-1-1 1 1}  {-1-1-1 1}  {-1-1 1-1}  {-1-1-1-1}  
[   .000000   .000000] [   .000000   .000000] [   .000000   .000000] [   .000000   .000000] 
[   .000000  -.446829] [  -.486233   .024046] [  -.507994   .024046] [   .000000   .446829] 
[   .000000   .446829] [  -.507994  -.024046] [  -.486233  -.024046] [   .000000  -.446829] 
[   .000000   .000000] [   .000000   .000000] [   .000000   .000000] [   .000000   .000000] 
0000000000000000000000000000000000000000000000000000000000000000000000000000000000000000000
 
##################################### R-matrix GPS fram #####################################
[  1.000000   .000000] [   .000000   .000000] [   .000000   .000000] [   .000000   .000000] 
[   .000000   .000000] [   .107101   .000000] [   .001169   .000000] [  -.048023   .000000] 
[   .000000   .000000] [  -.001169   .000000] [   .999471   .000000] [   .021729   .000000] 
[   .000000   .000000] [  -.048023   .000000] [  -.021729   .000000] [  -.107630   .000000] 
 
##################################### R-matrix JacWick  #####################################
[  1.000000   .000000] [   .000000   .000000] [   .000000   .000000] [   .000000   .000000] 
[   .000000   .000000] [   .997516   .000000] [   .000000   .000000] [   .046755   .000000] 
[   .000000   .000000] [   .000000   .000000] [   .117381   .000000] [   .000000   .000000] 
[   .000000   .000000] [  -.046755   .000000] [   .000000   .000000] [  -.119864   .000000] 
  
*******************   R analytical     *******************
[    1.000000000000] [     .000000000000] [     .000000000000] [     .000000000000] 
[     .000000000000] [     .997516225689] [     .000000000000] [     .046755300195] 
[     .000000000000] [     .000000000000] [     .117380664863] [     .000000000000] 
[     .000000000000] [    -.046755300195] [     .000000000000] [    -.119864439174] 
  
*******************   R Difference     *******************
[     .000000000000] [     .000000000000] [     .000000000000] [     .000000000000] 
[     .000000000000] [     .000000000000] [     .000000000000] [     .000000000000] 
[     .000000000000] [     .000000000000] [     .000000000000] [     .000000000000] 
[     .000000000000] [     .000000000000] [     .000000000000] [     .000000000000] 
cos(theta),sin(theta)=      .047147154808     .998887954574
amfin,sqrt(s)=     1.777000000000    4.000000000000
  
=============================================== STest_BornRmTest ===============================================
  
++++++++++++++++++++++++++++++++++++ Born spin amplitudes ++++++++++++++++++++++++++++++++++++
     { 1 1 1 1}  { 1 1-1 1}  { 1 1 1-1}  { 1 1-1-1}  
     { 1-1 1 1}  { 1-1-1 1}  { 1-1 1-1}  { 1-1-1-1}  
     {-1 1 1 1}  {-1 1-1 1}  {-1 1 1-1}  {-1 1-1-1}  
     {-1-1 1 1}  {-1-1-1 1}  {-1-1 1-1}  {-1-1-1-1}  
[   .000000   .000000] [   .000000   .000000] [   .000000   .000000] [   .000000   .000000] 
[   .000000  -.462204] [  -.668950   .008205] [  -.292206   .008205] [   .000000   .462204] 
[   .000000   .462204] [  -.292206  -.008205] [  -.668950  -.008205] [   .000000  -.462204] 
[   .000000   .000000] [   .000000   .000000] [   .000000   .000000] [   .000000   .000000] 
0000000000000000000000000000000000000000000000000000000000000000000000000000000000000000000
 
##################################### R-matrix GPS fram #####################################
[  1.000000   .000000] [   .000000   .000000] [   .000000   .000000] [   .000000   .000000] 
[   .000000   .000000] [  -.037684   .000000] [  -.006438   .000000] [  -.015797   .000000] 
[   .000000   .000000] [   .006438   .000000] [   .852193   .000000] [  -.362671   .000000] 
[   .000000   .000000] [  -.015797   .000000] [   .362671   .000000] [  -.110123   .000000] 
 
##################################### R-matrix JacWick  #####################################
[  1.000000   .000000] [   .000000   .000000] [   .000000   .000000] [   .000000   .000000] 
[   .000000   .000000] [   .351526   .000000] [   .000000   .000000] [  -.448477   .000000] 
[   .000000   .000000] [   .000000   .000000] [   .041365   .000000] [   .000000   .000000] 
[   .000000   .000000] [   .448477   .000000] [   .000000   .000000] [  -.689839   .000000] 
  
*******************   R analytical     *******************
[    1.000000000000] [     .000000000000] [     .000000000000] [     .000000000000] 
[     .000000000000] [     .351526480656] [     .000000000000] [    -.448476763323] 
[     .000000000000] [     .000000000000] [     .041365153722] [     .000000000000] 
[     .000000000000] [     .448476763323] [     .000000000000] [    -.689838673067] 
  
*******************   R Difference     *******************
[     .000000000000] [     .000000000000] [     .000000000000] [     .000000000000] 
[     .000000000000] [     .000000000000] [     .000000000000] [     .000000000000] 
[     .000000000000] [     .000000000000] [     .000000000000] [     .000000000000] 
[     .000000000000] [     .000000000000] [     .000000000000] [     .000000000000] 
cos(theta),sin(theta)=     -.789122819901     .614235439479
amfin,sqrt(s)=     1.777000000000    4.000000000000
  
=============================================== STest_BornRmTest ===============================================
  
++++++++++++++++++++++++++++++++++++ Born spin amplitudes ++++++++++++++++++++++++++++++++++++
     { 1 1 1 1}  { 1 1-1 1}  { 1 1 1-1}  { 1 1-1-1}  
     { 1-1 1 1}  { 1-1-1 1}  { 1-1 1-1}  { 1-1-1-1}  
     {-1 1 1 1}  {-1 1-1 1}  {-1 1 1-1}  {-1 1-1-1}  
     {-1-1 1 1}  {-1-1-1 1}  {-1-1 1-1}  {-1-1-1-1}  
[   .000000   .000000] [   .000000   .000000] [   .000000   .000000] [   .000000   .000000] 
[   .000000  -.461845] [  -.314174   .025769] [  -.647730   .025769] [   .000000   .461845] 
[   .000000   .461845] [  -.647730  -.025769] [  -.314174  -.025769] [   .000000  -.461845] 
[   .000000   .000000] [   .000000   .000000] [   .000000   .000000] [   .000000   .000000] 
0000000000000000000000000000000000000000000000000000000000000000000000000000000000000000000
 
##################################### R-matrix GPS fram #####################################
[  1.000000   .000000] [   .000000   .000000] [   .000000   .000000] [   .000000   .000000] 
[   .000000   .000000] [  -.019312   .000000] [   .018169   .000000] [  -.050313   .000000] 
[   .000000   .000000] [  -.018169   .000000] [   .882413   .000000] [   .325625   .000000] 
[   .000000   .000000] [  -.050313   .000000] [  -.325625   .000000] [  -.098275   .000000] 
 
##################################### R-matrix JacWick  #####################################
[  1.000000   .000000] [   .000000   .000000] [   .000000   .000000] [   .000000   .000000] 
[   .000000   .000000] [   .483308   .000000] [   .000000   .000000] [   .469400   .000000] 
[   .000000   .000000] [   .000000   .000000] [   .056872   .000000] [   .000000   .000000] 
[   .000000   .000000] [  -.469400   .000000] [   .000000   .000000] [  -.573564   .000000] 
  
*******************   R analytical     *******************
[    1.000000000000] [     .000000000000] [     .000000000000] [     .000000000000] 
[     .000000000000] [     .483307815227] [     .000000000000] [     .469399535144] 
[     .000000000000] [     .000000000000] [     .056872250520] [     .000000000000] 
[     .000000000000] [    -.469399535144] [     .000000000000] [    -.573564435292] 
  
*******************   R Difference     *******************
[     .000000000000] [     .000000000000] [     .000000000000] [     .000000000000] 
[     .000000000000] [     .000000000000] [     .000000000000] [     .000000000000] 
[     .000000000000] [     .000000000000] [     .000000000000] [     .000000000000] 
[     .000000000000] [     .000000000000] [     .000000000000] [     .000000000000] 
cos(theta),sin(theta)=      .699205279350     .714920958798
amfin,sqrt(s)=     1.777000000000    4.000000000000
  
=============================================== STest_BornRmTest ===============================================
  
++++++++++++++++++++++++++++++++++++ Born spin amplitudes ++++++++++++++++++++++++++++++++++++
     { 1 1 1 1}  { 1 1-1 1}  { 1 1 1-1}  { 1 1-1-1}  
     { 1-1 1 1}  { 1-1-1 1}  { 1-1 1-1}  { 1-1-1-1}  
     {-1 1 1 1}  {-1 1-1 1}  {-1 1 1-1}  {-1 1-1-1}  
     {-1-1 1 1}  {-1-1-1 1}  {-1-1 1-1}  {-1-1-1-1}  
[   .000000   .000000] [   .000000   .000000] [   .000000   .000000] [   .000000   .000000] 
[   .000000  -.456725] [  -.422948  -.044881] [  -.549738  -.044881] [   .000000   .456725] 
[   .000000   .456725] [  -.549738   .044881] [  -.422948   .044881] [   .000000  -.456725] 
[   .000000   .000000] [   .000000   .000000] [   .000000   .000000] [   .000000   .000000] 
0000000000000000000000000000000000000000000000000000000000000000000000000000000000000000000
 
##################################### R-matrix GPS fram #####################################
[  1.000000   .000000] [   .000000   .000000] [   .000000   .000000] [   .000000   .000000] 
[   .000000   .000000] [   .057467   .000000] [  -.012613   .000000] [   .090869   .000000] 
[   .000000   .000000] [   .012613   .000000] [   .982184   .000000] [   .128354   .000000] 
[   .000000   .000000] [   .090869   .000000] [  -.128354   .000000] [  -.075283   .000000] 
 
##################################### R-matrix JacWick  #####################################
[  1.000000   .000000] [   .000000   .000000] [   .000000   .000000] [   .000000   .000000] 
[   .000000   .000000] [   .919949   .000000] [   .000000   .000000] [   .254905   .000000] 
[   .000000   .000000] [   .000000   .000000] [   .108253   .000000] [   .000000   .000000] 
[   .000000   .000000] [  -.254905   .000000] [   .000000   .000000] [  -.188304   .000000] 
  
*******************   R analytical     *******************
[    1.000000000000] [     .000000000000] [     .000000000000] [     .000000000000] 
[     .000000000000] [     .919949457688] [     .000000000000] [     .254905333784] 
[     .000000000000] [     .000000000000] [     .108253155390] [     .000000000000] 
[     .000000000000] [    -.254905333784] [     .000000000000] [    -.188303697702] 
  
*******************   R Difference     *******************
[     .000000000000] [     .000000000000] [     .000000000000] [     .000000000000] 
[     .000000000000] [     .000000000000] [     .000000000000] [     .000000000000] 
[     .000000000000] [     .000000000000] [     .000000000000] [     .000000000000] 
[     .000000000000] [     .000000000000] [     .000000000000] [     .000000000000] 
cos(theta),sin(theta)=      .268758773804     .963207517362
amfin,sqrt(s)=     1.777000000000    4.000000000000


 ***************************************************************************
 *               50                  total no of events     nevtot      a0 *
 *        .64000262                 xs_crude  Born           xborn         *
 ***************************************************************************



 ***************************************************************************
 *                   KarLud_Finalize END  <<<                              *
 ***************************************************************************

1
      -664          YFSfin: photon raw multiplicity                                                 
           nent            sum           bmin           bmax
             50     .20000E+01     .00000E+00     .48000E+02
           undf           ovef           avex
     .00000E+00     .00000E+00     .40000E-01
   .0000    .480000D+02 0XXXXXXXXXXXXXXXXXXXXXXXXXXXXXXXXXXXXXXXXXXXXXXXXXXXXXXXXXXXXXXXXXI
  1.0000    .200000D+01 0XX                                                               I
  2.0000    .000000D+00 0                                                                 I
  3.0000    .000000D+00 0                                                                 I
  4.0000    .000000D+00 0                                                                 I
  5.0000    .000000D+00 0                                                                 I
  6.0000    .000000D+00 0                                                                 I
  7.0000    .000000D+00 0                                                                 I
  8.0000    .000000D+00 0                                                                 I
  9.0000    .000000D+00 0                                                                 I


 ***************************************************************************
 *                        KarFin Finalize    START                         *
 *              100                  generated events        nevgen     a2 *
 *       1.00000000  +-  .00000000   kinematics, smin        wt1        a5 *
 *       1.00000000  +-  .00000000   jacobian                wt2        a6 *
 *       1.03772636  +-  .02392183   photon ang. dist.       wt3        a7 *
 *                            ON MASS WEIGHTS                              *
 *        .98555102  +-  .01451347  removal wgt wtrem                   b1 *
 *               50                 no. of raw events                   b2 *
 *                0                 wt6=0      events                   b3 *
 *       1.02847571  +-  .01451379  control wgt wctrl                   b4 *
 *                0                 marked photons           MarTot     a5 *
 *    .20000000E-04                 emin                                b6 *
 *    .10000000E-07                 delta                               b7 *
 *        .04000000                 raw ph. multipl.                    b8 *
 *       1.00000000                 Highest phot. mult.                 b9 *
 *                        YFSfin Finalize    END                           *
 ***************************************************************************



 ***************************************************************************
 *                            KarFin Finalize                              *
 *              100                  generated events        nevgen     a2 *
 *       1.03772636  +-  .02392183   general weight          wt         a1 *
 *        .04000000                  aver. ph. multi.        avmlt      a3 *
 ***************************************************************************

1
      -640          KK2f: Photon raw multiplicity                                                   
           nent            sum           bmin           bmax
             50     .20000E+01     .00000E+00     .48000E+02
           undf           ovef           avex
     .00000E+00     .00000E+00     .40000E-01
   .0000    .480000D+02 0XXXXXXXXXXXXXXXXXXXXXXXXXXXXXXXXXXXXXXXXXXXXXXXXXXXXXXXXXXXXXXXXXI
  1.0000    .200000D+01 0XX                                                               I
  2.0000    .000000D+00 0                                                                 I
  3.0000    .000000D+00 0                                                                 I
  4.0000    .000000D+00 0                                                                 I
  5.0000    .000000D+00 0                                                                 I
  6.0000    .000000D+00 0                                                                 I
  7.0000    .000000D+00 0                                                                 I
  8.0000    .000000D+00 0                                                                 I
  9.0000    .000000D+00 0                                                                 I


 ***************************************************************************
 *                       KK2f_Finalize  printouts                          *
 *       4.00000000                 cms energy total         cmsene     a0 *
 *               50                 total no of events       nevgen     a1 *
 *               ** principal info on x-section **                         *
 *        .67133820  +-  .01662744  xs_tot MC R-units        xsmc       a1 *
 *    3644.29870896                 xs_tot    picob.         xSecPb     a3 *
 *      90.26054690                 error     picob.         xErrPb     a4 *
 *        .02476760                 relative error           erel       a5 *
 *       1.16179331                 WTsup, largest WT        WTsup     a10 *
 *                       ** some auxiliary info **                         *
 *    3474.19633956                 xs_born   picobarns       xborn    a11 *
 *        .04000000                 Raw phot. multipl.                 === *
 *       1.00000000                 Highest phot. mult.                === *
 *                         End of KK2f  Finalize                           *
 ***************************************************************************

1
      -700          MBrA: KK2f main weight                                                          
           nent            sum           bmin           bmax
             50     .52448E+02     .00000E+00     .20000E+01
           undf           ovef           avex
     .00000E+00     .48000E+02     .10490E+01
   .0000    .000000D+00 0                                                                 I
   .0200    .000000D+00 0                                                                 I
   .0400    .000000D+00 0                                                                 I
   .0600    .000000D+00 0                                                                 I
   .0800    .000000D+00 0                                                                 I
   .1000    .000000D+00 0                                                                 I
   .1200    .000000D+00 0                                                                 I
   .1400    .000000D+00 0                                                                 I
   .1600    .200000D+01 0XXXXXXXXXXXXXXXXXXXXXXXXXXXXXXXXXXXXXXXXXXXXXXXXXXXXXXXXXXXXXXXXXX
   .1800    .000000D+00 0                                                                 I
   .2000    .000000D+00 0                                                                 I
   .2200    .000000D+00 0                                                                 I
   .2400    .000000D+00 0                                                                 I
   .2600    .000000D+00 0                                                                 I
   .2800    .000000D+00 0                                                                 I
   .3000    .000000D+00 0                                                                 I
   .3200    .000000D+00 0                                                                 I
   .3400    .000000D+00 0                                                                 I
   .3600    .000000D+00 0                                                                 I
   .3800    .000000D+00 0                                                                 I
   .4000    .000000D+00 0                                                                 I
   .4200    .000000D+00 0                                                                 I
   .4400    .000000D+00 0                                                                 I
   .4600    .000000D+00 0                                                                 I
   .4800    .000000D+00 0                                                                 I
   .5000    .000000D+00 0                                                                 I
   .5200    .000000D+00 0                                                                 I
   .5400    .000000D+00 0                                                                 I
   .5600    .000000D+00 0                                                                 I
   .5800    .000000D+00 0                                                                 I
   .6000    .000000D+00 0                                                                 I
   .6200    .000000D+00 0                                                                 I
   .6400    .000000D+00 0                                                                 I
   .6600    .000000D+00 0                                                                 I
   .6800    .000000D+00 0                                                                 I
   .7000    .000000D+00 0                                                                 I
   .7200    .000000D+00 0                                                                 I
   .7400    .000000D+00 0                                                                 I
   .7600    .000000D+00 0                                                                 I
   .7800    .000000D+00 0                                                                 I
   .8000    .000000D+00 0                                                                 I
   .8200    .000000D+00 0                                                                 I
   .8400    .000000D+00 0                                                                 I
   .8600    .000000D+00 0                                                                 I
   .8800    .000000D+00 0                                                                 I
   .9000    .000000D+00 0                                                                 I
   .9200    .000000D+00 0                                                                 I
   .9400    .000000D+00 0                                                                 I
   .9600    .000000D+00 0                                                                 I
   .9800    .000000D+00 0                                                                 I


 ***************************************************************************
 *                MBrA: report on the main Weight                          *
 *               50                 no of raw events         Ntot       b1 *
 *               50                 accepted    events       Nacc       b2 *
 *                0                 wt<0        events       Nneg       b3 *
 *               48                 wt>WTmax    events       Nove       b4 *
 *       1.16179331                 WTsup, largest WT        WTsup      b5 *
 *        .96000000                 <Wt-WtMax>  Overfl.      AvOve      b6 *
 *        .00000000                 <Wt> for Wt<0            AvUnd      b7 *
 *        .91519075                 AvOve/<Wt>,WT>WtMax      ROverf     b8 *
 *        .00000000                 AvUnd/<Wt>,Wt<0          RUnder     b9 *
 ***************************************************************************

 
=====================================================================================================
            MBrA:    Detailed statistics for all branches    
=====================================================================================================
  KF     AveWt     ERela     WtSup      Wt<0   Wt>Wmax       Ntot       Nacc   Nneg   Nove   Nzer
  15  1.048962   .024768 1.162       .000000   .915191         50         50      0     48      0
All:  1.048962   .024768 1.162       .000000   .915191         50         50      0     48      0
=====================================================================================================
