    
 ==============================================
 ==========*********************===============
 ==========***    MainPro    ***===============
 ==========*********************===============
 ==============================================
    
    
 ==============================================
 ==========*********************===============
 ==========***    MainPro    ***===============
 ==========*********************===============
 ==============================================
    
 5000  requested events 
           
            *************************************************************
            *  ****   ****    ****  ****      *******      ***********  *
            *  ****   ****    ****  ****    ***********    ***********  *
            *  ****   ****    ****  ****    ****   ****    ****         *
            *  **********     *********     ****   ****    *********    *
            *  *******        ******            *****      *********    *
            *  **********     ********        *****        ****         *
            *  ****  *****    ****  ****    **********     ****         *
            *  ****   *****   ****   ****   **********     ****         *
            *************************************************************
           


 ***************************************************************************
 *                         KK Monte Carlo                                  *
 *            Version       4.10          16 Jul. 1999                     *
 *     200.00000000                 CMS energy average       CMSene     a1 *
 *        .00000000                 Beam energy spread       DelEne     a2 *
 *              100                 Max. photon mult.        npmax      a3 *
 *                1                 ISR switch               KeyISR     a4 *
 *                0                 FSR switch               KeyFSR     a5 *
 *                0                 ISR/FSR interferenc      KeyINT     a6 *
 *                1                 New exponentiation       KeyGPS     a7 *
 *                1                 Hadroniz.  switch        KeyHad     a7 *
 *        .20000000                 Hadroniz. min. mass      HadMin     a9 *
 *       1.00000000                 Maximum weight           WTmax     a10 *
 *              100                 Max. photon mult.        npmax     a11 *
 *               11                 Beam ident               KFini     a12 *
 *        .00100000                 Manimum phot. ener.      Ene       a13 *
 *    .10000000E-59                 Phot.mass, IR regul      MasPho    a14 *
 *    1.0000000                     Phot. mult. enhanc.      Xenph     a15 *
 *    .10000000E-08                 Vcut1                    Vcut1     a16 *
 *    .50000000E-01                 Vcut2                    Vcut2     a16 *
 *    .00000000E+00                 Vcut3                    Vcut2     a16 *
 *        .00000000                    PolBeam1(1)           Pol1x     a17 *
 *        .00000000                    PolBeam1(2)           Pol1y     a18 *
 *        .00000000                    PolBeam1(3)           Pol1z     a19 *
 *        .00000000                    PolBeam2(1)           Pol2x     a20 *
 *        .00000000                    PolBeam2(2)           Pol2y     a21 *
 *        .00000000                    PolBeam2(3)           Pol2z     a22 *
 ***************************************************************************

 +++WARNING: for WT=0 events NO hadronization!


 ***************************************************************************
 *            BornV  Initializator                                         *
 *      91.18700000                 Z mass     [GeV]         amz        a1 *
 *     100.00000000                 Higgs mass [GeV]         amh        a2 *
 *     175.00000000                 Top mass   [GeV]         amtop      a3 *
 *       2.50072032                 Z width    [GeV]         gammz      a4 *
 *        .22276773                 sin(theta_w)**2          sinw2      a5 *
 *     137.03598950                 1/alfa_QED  at  Q=0      AlfInv     a6 *
 *        .20000000                 MassCut light qqbar      HadMin     a6 *
 *               11                 KF code of beam          KFini      a7 *
 *    .99000000                     Input vvmax              vvmax      a8 *
 *    .99000000                     reduced vvmax in MC      vvmax      a9 *
 *         Test switches:                                                  *
 *                0                 Electroweak lib.         KeyElw     10 *
 *                0                 Z on/off   switch        KeyZet     11 *
 *                0                 mass terms on/off        KeyWtm     12 *
 ***************************************************************************



 ***************************************************************************
 *                         KarLud_Initialize START                         *
 *     200.00000000                  CMS energy average      CMSene     == *
 *        .00000000                  Beam energy spread      DelEne     == *
 *                1                  ISR on/off switch       KeyISR     == *
 *                0                  Type of ISR             KeyFix     == *
 *                0                  Elect_weak switch       KeyZet     == *
 *                0                  Fixed nphot mult.       MltISR     == *
 *               50                  Max. photon mult.       nmax       == *
 ***************************************************************************

 *      20.17617528                 xs_crude  vesko          xcvesk        *
 *      20.17172414                 xs_crude  gauss          xcgaus        *
 *        .00022066                 xcvesk/xcgaus-1                        *


 ***************************************************************************
 *                          KarLud_Initialize END                          *
 ***************************************************************************



 ***************************************************************************
 *             GPS   Initializator                                         *
 *      91.18700000                 Z mass     [GeV]         MZ         a1 *
 *       2.50072032                 Z width    [GeV]         GammZ      a2 *
 *        .22276773                 sin(theta_w)**2          Sw2        a3 *
 *     137.03598950                 1/alfa_QED  at  Q=0      AlfInv     a4 *
 *         Test switches:                                                  *
 *                0                 Z on/off   switch        KeyZet     a5 *
 *                0                 Electroweak lib.         KeyElw     a6 *
 *                1                 CEEX level               KeyGPS     a7 *
 *                1                 ISR emission             KeyISR     a8 *
 *                0                 FSR emission             KeyFSR     a9 *
 *                0                 ISR*FSR interferenc      KeyINT    a10 *
 ***************************************************************************



 ***************************************************************************
 *               Initialization of GPS class                               *
 ***************************************************************************



 ***************************************************************************
 *                           KK2f: Initialization                          *
 *    .43809817E-01                 x-crude [nb]             Xcrunb     ** *
 *         List of final fermions:                                         *
 *               15                 KF of final fermion      KFfin      ** *
 *    1.7770000                     mass of final ferm.      amferm     ** *
 *    1.0000000                     Xborn [R]                Xborn      ** *
 *    8.0000000                     WtMax sampling par.      WtMax      ** *
 *    1.0000000                     vmax for CEEX           vmaxGPS     ** *
 ***************************************************************************



 ***************************************************************************
 *        KK interface of Tauola                                           *
 *                2                Cloning procedure       KeyClone    t01 *
 ***************************************************************************



 ***************************************************************************
 *        Parameters passed from KK  to Tauola:                            *
 *               -1                dec. type 1-st tau        Jak1      t01 *
 *               -1                dec. type 2-nd tau        Jak2      t02 *
 *                1                current type a1 dec.      KeyA1     t03 *
 *               15                PDG id 1-st tau           idff      t04 *
 *                1                R.c. switch lept dec      itdkRC    t05 *
 *    .10000000E-02                IR-cut for lept r.c.      xk0dec    t06 *
 ***************************************************************************



 ***************************************************************************
 *                 !!!!! Tauola inhibited !!!!                             *
 ***************************************************************************



 ***************************************************************************
 *                      STest   Initializator                              *
 ***************************************************************************

     MSTU(11)       changed from              6 to             16



                            Event listing (summary)

    I  particle/jet KS     KF orig    p_x      p_y      p_z       E        m

                   sum:   .00          .000     .000     .000     .000     .000
------------------------------ISR-------------------------------
y+z, y/(z*delp), z/(y*delp) =      .886785662966        .2319037E+23        .1011887E+01
wm0(delp,y,z)=      .01174774900244
SfaBhl/SfaSud, SfaCur/SfaSud =  .10000000000000E+01 .10012911509837E+01
SfaSpi/SfaSud                =  .99999045199685E+00
------------------------------ISR-------------------------------
y+z, y/(z*delp), z/(y*delp) =      .739999311307        .1003312E+01        .2338857E+23
wm0(delp,y,z)=      .00330117227976
SfaBhl/SfaSud, SfaCur/SfaSud =  .99999999999998E+00 .10025620121532E+01
SfaSpi/SfaSud                =  .99998148920274E+00
------------------------------ISR-------------------------------
y+z, y/(z*delp), z/(y*delp) =      .982646345804        .2344670E+23        .1000825E+01
wm0(delp,y,z)=      .00082401593554
SfaBhl/SfaSud, SfaCur/SfaSud =  .99999999999971E+00 .10258867293869E+01
SfaSpi/SfaSud                =  .10000065922244E+01
------------------------------ISR-------------------------------
y+z, y/(z*delp), z/(y*delp) =      .036185070792        .2317819E+23        .1012419E+01
wm0(delp,y,z)=      .01226645376817
SfaBhl/SfaSud, SfaCur/SfaSud =  .99999999999999E+00 .10014751690976E+01
SfaSpi/SfaSud                =  .10000241990307E+01
------------------------------ISR-------------------------------
y+z, y/(z*delp), z/(y*delp) =      .044144512083        .2335223E+23        .1004874E+01
wm0(delp,y,z)=      .00484990358362
SfaBhl/SfaSud, SfaCur/SfaSud =  .99999999999999E+00 .10039013534445E+01
SfaSpi/SfaSud                =  .99998314592773E+00


 ***************************************************************************
 *                      KarLud  final  report                              *
 *             5000                  total no of events     nevtot      == *
 *      20.17617528                  ISRcru  [R]            ISRcru      == *
 *      20.17161455  +-  .00182146   ISRbest [R],ISRerr     ISRbest     == *
 *    20.176175                      XKarlud [R]            XKarlud     == *
 *    .00000000E+00                  KError  [R]            KError      == *
 ***************************************************************************



 ***************************************************************************
 *                   Report on wt_ISR of KarLud                            *
 *             5000                 total no of events      nevtot      == *
 *                0                 wt<0        events      nevneg      == *
 *        .07495658  +-  .00787767  <wt>                    wt_ISR      == *
 *       1.51233702  +-  .01191370  sigma of KarLud [R]     xskarl      == *
 ***************************************************************************



 ***************************************************************************
 *        .99977395  +-  .00009030  Average WT of Vesk1      AVesk1     == *
 *      20.17172414  +-  .00020172  xs_est gauss    [R]      xcgaus     == *
 *       -.00000543  +-  .00009130  xcve/xcgs-1                         == *
 ***************************************************************************

1
      -658          KarLud, wtvesk                                                                  
           nent            sum           bmin           bmax
           5000     .49989E+04     .00000E+00     .49950E+04
           undf           ovef           avex
     .00000E+00     .00000E+00     .99977E+00
   .0000    .000000D+00 0                                                                 I
   .0120    .000000D+00 0                                                                 I
   .0240    .000000D+00 0                                                                 I
   .0360    .000000D+00 0                                                                 I
   .0480    .000000D+00 0                                                                 I
   .0600    .000000D+00 0                                                                 I
   .0720    .000000D+00 0                                                                 I
   .0840    .000000D+00 0                                                                 I
   .0960    .000000D+00 0                                                                 I
   .1080    .000000D+00 0                                                                 I
   .1200    .000000D+00 0                                                                 I
   .1320    .000000D+00 0                                                                 I
   .1440    .000000D+00 0                                                                 I
   .1560    .000000D+00 0                                                                 I
   .1680    .000000D+00 0                                                                 I
   .1800    .000000D+00 0                                                                 I
   .1920    .000000D+00 0                                                                 I
   .2040    .000000D+00 0                                                                 I
   .2160    .000000D+00 0                                                                 I
   .2280    .000000D+00 0                                                                 I
   .2400    .000000D+00 0                                                                 I
   .2520    .000000D+00 0                                                                 I
   .2640    .000000D+00 0                                                                 I
   .2760    .000000D+00 0                                                                 I
   .2880    .000000D+00 0                                                                 I
   .3000    .000000D+00 0                                                                 I
   .3120    .000000D+00 0                                                                 I
   .3240    .000000D+00 0                                                                 I
   .3360    .000000D+00 0                                                                 I
   .3480    .000000D+00 0                                                                 I
   .3600    .000000D+00 0                                                                 I
   .3720    .000000D+00 0                                                                 I
   .3840    .000000D+00 0                                                                 I
   .3960    .000000D+00 0                                                                 I
   .4080    .000000D+00 0                                                                 I
   .4200    .000000D+00 0                                                                 I
   .4320    .000000D+00 0                                                                 I
   .4440    .000000D+00 0                                                                 I
   .4560    .000000D+00 0                                                                 I
   .4680    .000000D+00 0                                                                 I
   .4800    .000000D+00 0                                                                 I
   .4920    .000000D+00 0                                                                 I
   .5040    .000000D+00 0                                                                 I
   .5160    .000000D+00 0                                                                 I
   .5280    .000000D+00 0                                                                 I
   .5400    .100000D+01 0                                                                 I
   .5520    .000000D+00 0                                                                 I
   .5640    .000000D+00 0                                                                 I
   .5760    .000000D+00 0                                                                 I
   .5880    .000000D+00 0                                                                 I
   .6000    .000000D+00 0                                                                 I
   .6120    .000000D+00 0                                                                 I
   .6240    .000000D+00 0                                                                 I
   .6360    .000000D+00 0                                                                 I
   .6480    .000000D+00 0                                                                 I
   .6600    .000000D+00 0                                                                 I
   .6720    .000000D+00 0                                                                 I
   .6840    .000000D+00 0                                                                 I
   .6960    .000000D+00 0                                                                 I
   .7080    .000000D+00 0                                                                 I
   .7200    .000000D+00 0                                                                 I
   .7320    .000000D+00 0                                                                 I
   .7440    .000000D+00 0                                                                 I
   .7560    .000000D+00 0                                                                 I
   .7680    .000000D+00 0                                                                 I
   .7800    .000000D+00 0                                                                 I
   .7920    .000000D+00 0                                                                 I
   .8040    .000000D+00 0                                                                 I
   .8160    .000000D+00 0                                                                 I
   .8280    .000000D+00 0                                                                 I
   .8400    .000000D+00 0                                                                 I
   .8520    .000000D+00 0                                                                 I
   .8640    .000000D+00 0                                                                 I
   .8760    .000000D+00 0                                                                 I
   .8880    .000000D+00 0                                                                 I
   .9000    .000000D+00 0                                                                 I
   .9120    .000000D+00 0                                                                 I
   .9240    .000000D+00 0                                                                 I
   .9360    .000000D+00 0                                                                 I
   .9480    .000000D+00 0                                                                 I
   .9600    .000000D+00 0                                                                 I
   .9720    .000000D+00 0                                                                 I
   .9840    .400000D+01 0                                                                 I
   .9960    .499500D+04 0XXXXXXXXXXXXXXXXXXXXXXXXXXXXXXXXXXXXXXXXXXXXXXXXXXXXXXXXXXXXXXXXXX
  1.0080    .000000D+00 0                                                                 I
  1.0200    .000000D+00 0                                                                 I
  1.0320    .000000D+00 0                                                                 I
  1.0440    .000000D+00 0                                                                 I
  1.0560    .000000D+00 0                                                                 I
  1.0680    .000000D+00 0                                                                 I
  1.0800    .000000D+00 0                                                                 I
  1.0920    .000000D+00 0                                                                 I
  1.1040    .000000D+00 0                                                                 I
  1.1160    .000000D+00 0                                                                 I
  1.1280    .000000D+00 0                                                                 I
  1.1400    .000000D+00 0                                                                 I
  1.1520    .000000D+00 0                                                                 I
  1.1640    .000000D+00 0                                                                 I
  1.1760    .000000D+00 0                                                                 I
  1.1880    .000000D+00 0                                                                 I


 ***************************************************************************
 *                   KarLud_Finalize END  <<<                              *
 ***************************************************************************

1
      -640          KK2f: Photon raw multiplicity                                                   
           nent            sum           bmin           bmax
           5000     .96290E+04     .00000E+00     .14970E+04
           undf           ovef           avex
     .00000E+00     .00000E+00     .19258E+01
   .0000    .546000D+03 0XXXXXXXXXXXXXXXXXXXXXXXX                                         I
  1.0000    .149700D+04 0XXXXXXXXXXXXXXXXXXXXXXXXXXXXXXXXXXXXXXXXXXXXXXXXXXXXXXXXXXXXXXXXXX
  2.0000    .149600D+04 0XXXXXXXXXXXXXXXXXXXXXXXXXXXXXXXXXXXXXXXXXXXXXXXXXXXXXXXXXXXXXXXXXI
  3.0000    .917000D+03 0XXXXXXXXXXXXXXXXXXXXXXXXXXXXXXXXXXXXXXXX                         I
  4.0000    .373000D+03 0XXXXXXXXXXXXXXXX                                                 I
  5.0000    .135000D+03 0XXXXX                                                            I
  6.0000    .310000D+02 0X                                                                I
  7.0000    .400000D+01 0                                                                 I
  8.0000    .100000D+01 0                                                                 I
  9.0000    .000000D+00 0                                                                 I


 ***************************************************************************
 *                       KK2f_Finalize  printouts                          *
 *     200.00000000                 cms energy total         cmsene     a0 *
 *             5000                 total no of events       nevgen     a1 *
 *               ** principal info on x-section **                         *
 *       1.29418345  +-  .01542531  xs_tot MC R-units        xsmc       a1 *
 *       2.81014313                 xs_tot    picob.         xSecPb     a3 *
 *        .03349395                 error     picob.         xErrPb     a4 *
 *        .01191895                 relative error           erel       a5 *
 *        .20511305                 WTsup, largest WT        WTsup     a10 *
 *                       ** some auxiliary info **                         *
 *       2.17136383                 xs_born   picobarns       xborn    a11 *
 *       1.92580000                 Raw phot. multipl.                 === *
 *       8.00000000                 Highest phot. mult.                === *
 *                         End of KK2f  Finalize                           *
 ***************************************************************************

1
      -700          MBrA: KK2f main weight                                                          
           nent            sum           bmin           bmax
           5001     .32078E+03     .00000E+00     .14080E+04
           undf           ovef           avex
     .00000E+00     .00000E+00     .64144E-01
   .0000    .140800D+04 0XXXXXXXXXXXXXXXXXXXXXXXXXXXXXXXXXXXXXXXXXXXXXXXXXXXXXXXXXXXXXXXXXI
   .0200    .105100D+04 0XXXXXXXXXXXXXXXXXXXXXXXXXXXXXXXXXXXXXXXXXXXXXXXXX                I
   .0400    .472000D+03 0XXXXXXXXXXXXXXXXXXXXXX                                           I
   .0600    .256000D+03 0XXXXXXXXXXX                                                      I
   .0800    .250000D+03 0XXXXXXXXXXX                                                      I
   .1000    .659000D+03 0XXXXXXXXXXXXXXXXXXXXXXXXXXXXXX                                   I
   .1200    .333000D+03 0XXXXXXXXXXXXXXX                                                  I
   .1400    .224000D+03 0XXXXXXXXXX                                                       I
   .1600    .178000D+03 0XXXXXXXX                                                         I
   .1800    .149000D+03 0XXXXXX                                                           I
   .2000    .210000D+02 0                                                                 I
   .2200    .000000D+00 0                                                                 I
   .2400    .000000D+00 0                                                                 I
   .2600    .000000D+00 0                                                                 I
   .2800    .000000D+00 0                                                                 I
   .3000    .000000D+00 0                                                                 I
   .3200    .000000D+00 0                                                                 I
   .3400    .000000D+00 0                                                                 I
   .3600    .000000D+00 0                                                                 I
   .3800    .000000D+00 0                                                                 I
   .4000    .000000D+00 0                                                                 I
   .4200    .000000D+00 0                                                                 I
   .4400    .000000D+00 0                                                                 I
   .4600    .000000D+00 0                                                                 I
   .4800    .000000D+00 0                                                                 I
   .5000    .000000D+00 0                                                                 I
   .5200    .000000D+00 0                                                                 I
   .5400    .000000D+00 0                                                                 I
   .5600    .000000D+00 0                                                                 I
   .5800    .000000D+00 0                                                                 I
   .6000    .000000D+00 0                                                                 I
   .6200    .000000D+00 0                                                                 I
   .6400    .000000D+00 0                                                                 I
   .6600    .000000D+00 0                                                                 I
   .6800    .000000D+00 0                                                                 I
   .7000    .000000D+00 0                                                                 I
   .7200    .000000D+00 0                                                                 I
   .7400    .000000D+00 0                                                                 I
   .7600    .000000D+00 0                                                                 I
   .7800    .000000D+00 0                                                                 I
   .8000    .000000D+00 0                                                                 I
   .8200    .000000D+00 0                                                                 I
   .8400    .000000D+00 0                                                                 I
   .8600    .000000D+00 0                                                                 I
   .8800    .000000D+00 0                                                                 I
   .9000    .000000D+00 0                                                                 I
   .9200    .000000D+00 0                                                                 I
   .9400    .000000D+00 0                                                                 I
   .9600    .000000D+00 0                                                                 I
   .9800    .000000D+00 0                                                                 I


 ***************************************************************************
 *                MBrA: report on the main Weight                          *
 *             5001                 no of raw events         Ntot       b1 *
 *             5001                 accepted    events       Nacc       b2 *
 *                0                 wt<0        events       Nneg       b3 *
 *                0                 wt>WTmax    events       Nove       b4 *
 *        .20511305                 WTsup, largest WT        WTsup      b5 *
 *        .00000000                 <Wt-WtMax>  Overfl.      AvOve      b6 *
 *        .00000000                 <Wt> for Wt<0            AvUnd      b7 *
 *        .00000000                 AvOve/<Wt>,WT>WtMax      ROverf     b8 *
 *        .00000000                 AvUnd/<Wt>,Wt<0          RUnder     b9 *
 ***************************************************************************

 
=====================================================================================================
            MBrA:    Detailed statistics for all branches    
=====================================================================================================
  KF     AveWt     ERela     WtSup      Wt<0   Wt>Wmax       Ntot       Nacc   Nneg   Nove   Nzer
  15   .064170   .011916 .2051       .000000   .000000       4999       4999      0      0     56
All:   .064144   .011919 .2051       .000000   .000000       5001       5001      0      0     58
=====================================================================================================
