    
 ==============================================
 ==========*********************===============
 ==========***    MainPro    ***===============
 ==========*********************===============
 ==============================================
    
    
 ==============================================
 ==========*********************===============
 ==========***    MainPro    ***===============
 ==========*********************===============
 ==============================================
    
 500  requested events 
           
            *************************************************************
            *  ****   ****    ****  ****      *******      ***********  *
            *  ****   ****    ****  ****    ***********    ***********  *
            *  ****   ****    ****  ****    ****   ****    ****         *
            *  **********     *********     ****   ****    *********    *
            *  *******        ******            *****      *********    *
            *  **********     ********        *****        ****         *
            *  ****  *****    ****  ****    **********     ****         *
            *  ****   *****   ****   ****   **********     ****         *
            *************************************************************
           


 ***************************************************************************
 *                         KK Monte Carlo                                  *
 *            Version       4.10          16 Jul. 1999                     *
 *      10.00000000                 CMS energy average       CMSene     a1 *
 *        .00000000                 Beam energy spread       DelEne     a2 *
 *              100                 Max. photon mult.        npmax      a3 *
 *                0                 ISR switch               KeyISR     a4 *
 *                1                 FSR switch               KeyFSR     a5 *
 *                0                 ISR/FSR interferenc      KeyINT     a6 *
 *                1                 New exponentiation       KeyGPS     a7 *
 *                1                 Hadroniz.  switch        KeyHad     a7 *
 *        .20000000                 Hadroniz. min. mass      HadMin     a9 *
 *       1.00000000                 Maximum weight           WTmax     a10 *
 *              100                 Max. photon mult.        npmax     a11 *
 *               11                 Beam ident               KFini     a12 *
 *        .00005000                 Manimum phot. ener.      Ene       a13 *
 *    .10000000E-59                 Phot.mass, IR regul      MasPho    a14 *
 *    1.0000000                     Phot. mult. enhanc.      Xenph     a15 *
 *    .10000000E-08                 Vcut1                    Vcut1     a16 *
 *    .50000000E-01                 Vcut2                    Vcut2     a16 *
 *    .00000000E+00                 Vcut3                    Vcut2     a16 *
 *        .00000000                    PolBeam1(1)           Pol1x     a17 *
 *        .00000000                    PolBeam1(2)           Pol1y     a18 *
 *        .00000000                    PolBeam1(3)           Pol1z     a19 *
 *        .00000000                    PolBeam2(1)           Pol2x     a20 *
 *        .00000000                    PolBeam2(2)           Pol2y     a21 *
 *        .00000000                    PolBeam2(3)           Pol2z     a22 *
 ***************************************************************************

 +++WARNING: for WT=0 events NO hadronization!


 ***************************************************************************
 *            BornV  Initializator                                         *
 *      91.18700000                 Z mass     [GeV]         amz        a1 *
 *     100.00000000                 Higgs mass [GeV]         amh        a2 *
 *     175.00000000                 Top mass   [GeV]         amtop      a3 *
 *       2.50072032                 Z width    [GeV]         gammz      a4 *
 *        .22276773                 sin(theta_w)**2          sinw2      a5 *
 *     137.03598950                 1/alfa_QED  at  Q=0      AlfInv     a6 *
 *        .20000000                 MassCut light qqbar      HadMin     a6 *
 *               11                 KF code of beam          KFini      a7 *
 *    .99000000                     Input vvmax              vvmax      a8 *
 *    .99000000                     reduced vvmax in MC      vvmax      a9 *
 *         Test switches:                                                  *
 *                0                 Electroweak lib.         KeyElw     10 *
 *                0                 Z on/off   switch        KeyZet     11 *
 *                0                 mass terms on/off        KeyWtm     12 *
 ***************************************************************************



 ***************************************************************************
 *                         KarLud_Initialize START                         *
 *      10.00000000                  CMS energy average      CMSene     == *
 *        .00000000                  Beam energy spread      DelEne     == *
 *                0                  ISR on/off switch       KeyISR     == *
 *                0                  Type of ISR             KeyFix     == *
 *                0                  Elect_weak switch       KeyZet     == *
 *                0                  Fixed nphot mult.       MltISR     == *
 *               50                  Max. photon mult.       nmax       == *
 ***************************************************************************

 *       1.00000000                 xs_crude  Born           xborn         *


 ***************************************************************************
 *                          KarLud_Initialize END                          *
 ***************************************************************************



 ***************************************************************************
 *                        KarFin Initialize  START                         *
 *                1                FSR radiation on/off      KeyFSR     a1 *
 *                0                radiation from quark      KeyQSR     a2 *
 *                1                removal    switch         KeyPia     a3 *
 *    .10000000E-02                infrared cut FACTOR       delfac     a4 *
 *    .10000000E-07                infrared cut itself       delta      a5 *
 *    .50000000E-04                EminCMS for removal       [GeV]      a6 *
 *               50                Max. photon mult.         nmax       a7 *
 *                        KarFin Initialize  END                           *
 ***************************************************************************



 ***************************************************************************
 *             GPS   Initializator                                         *
 *      91.18700000                 Z mass     [GeV]         MZ         a1 *
 *       2.50072032                 Z width    [GeV]         GammZ      a2 *
 *        .22276773                 sin(theta_w)**2          Sw2        a3 *
 *     137.03598950                 1/alfa_QED  at  Q=0      AlfInv     a4 *
 *         Test switches:                                                  *
 *                0                 Z on/off   switch        KeyZet     a5 *
 *                0                 Electroweak lib.         KeyElw     a6 *
 *                1                 CEEX level               KeyGPS     a7 *
 *                0                 ISR emission             KeyISR     a8 *
 *                1                 FSR emission             KeyFSR     a9 *
 *                0                 ISR*FSR interferenc      KeyINT    a10 *
 ***************************************************************************



 ***************************************************************************
 *               Initialization of GPS class                               *
 ***************************************************************************



 ***************************************************************************
 *                           KK2f: Initialization                          *
 *    .86854553                     x-crude [nb]             Xcrunb     ** *
 *         List of final fermions:                                         *
 *               15                 KF of final fermion      KFfin      ** *
 *    1.7770000                     mass of final ferm.      amferm     ** *
 *    1.0000000                     Xborn [R]                Xborn      ** *
 *    1.0000000                     WtMax sampling par.      WtMax      ** *
 *    1.0000000                     vmax for CEEX           vmaxGPS     ** *
 ***************************************************************************



 ***************************************************************************
 *        KK interface of Tauola                                           *
 *                2                Cloning procedure       KeyClone    t01 *
 ***************************************************************************



 ***************************************************************************
 *        Parameters passed from KK  to Tauola:                            *
 *               -1                dec. type 1-st tau        Jak1      t01 *
 *               -1                dec. type 2-nd tau        Jak2      t02 *
 *                1                current type a1 dec.      KeyA1     t03 *
 *               15                PDG id 1-st tau           idff      t04 *
 *                1                R.c. switch lept dec      itdkRC    t05 *
 *    .10000000E-02                IR-cut for lept r.c.      xk0dec    t06 *
 ***************************************************************************



 ***************************************************************************
 *                 !!!!! Tauola inhibited !!!!                             *
 ***************************************************************************



 ***************************************************************************
 *                      STest   Initializator                              *
 ***************************************************************************

     MSTU(11)       changed from              6 to             16



                            Event listing (summary)

    I  particle/jet KS     KF orig    p_x      p_y      p_z       E        m

    1  !e-!         21     11    0     .000     .000    5.000    5.000     .001
    2  !e+!         21    -11    0     .000     .000   -5.000    5.000     .001
    3  tau-          1     15    1   -2.184    4.132     .039    5.000    1.777
    4  tau+          1    -15    1    2.184   -4.132    -.039    5.000    1.777
                   sum:   .00          .000     .000     .000   10.000   10.000
  
%%%%%%%%%%%%%%%%%%%%%%%%%%%%%%%%%%%%%%%%%% STest_UTest diag %%%%%%%%%%%%%%%%%%%%%%%%%%%%%%%%%%%%%%%%%%
ph=           -.7249966551465      2.6439267840210       .0363934673106      2.7417683114553       .0000000807766
 Nphot =    1
|||||| sigma=   -1
  
//////////////////////////////////////// T-matrix: U        ////////////////////////////////////////
[     -7.553271213317     -3.669181608505 ]     [       .000000000000       .000000000000 ]     
[       .000000000000       .000000000000 ]     [     -7.553271213317     -3.669181608505 ]     
  
//////////////////////////////////////// T-matrix: Ub       ////////////////////////////////////////
[     -7.553271902660     -3.669181608505 ]     [       .000000000000       .000000000000 ]     
[       .000000000000       .000000000000 ]     [     -7.553271902660     -3.669181608505 ]     
  
//////////////////////////////////////// T-matrix: UE       ////////////////////////////////////////
[     -7.553271902660     -3.669181608505 ]     [       .000000000000       .000000000000 ]     
[       .000000000000       .000000000000 ]     [     -7.553271902660     -3.669181608505 ]     
  
//////////////////////////////////////// T-matrix: V        ////////////////////////////////////////
[     -7.553271213317     -3.669181608505 ]     [       .000000000000       .000000000000 ]     
[       .000000000000       .000000000000 ]     [     -7.553271213317     -3.669181608505 ]     
  
//////////////////////////////////////// T-matrix: Vb       ////////////////////////////////////////
[     -7.553271902660     -3.669181608505 ]     [       .000000000000       .000000000000 ]     
[       .000000000000       .000000000000 ]     [     -7.553271902660     -3.669181608505 ]     
  
//////////////////////////////////////// T-matrix: VE       ////////////////////////////////////////
[     -7.553271902660     -3.669181608505 ]     [       .000000000000       .000000000000 ]     
[       .000000000000       .000000000000 ]     [     -7.553271902660     -3.669181608505 ]     
 Sfac, bfac 
bfact +1,-1=   7.553271213317     -3.669181608505     -7.553271213317     -3.669181608505    
bfacb +1,-1=   7.553271902660     -3.669181608505     -7.553271902660     -3.669181608505    
sm1,sm2    =  -.5867796416003E-01  .2946607853962      .5867796416003E-01  .2946607853962    
smb1,smb2  =  -.5867796416003E-01  .2946607853962      .5867796416003E-01  .2946607853962    
|smb1/sm1|, |sm1|=   1.000000000000      .9026808192825E-01
========================================== STest_UTest gen ==========================================
pk=           -.1379964542315      2.4048764679373     -2.6349188243651      6.0121433127589      4.8374162684991
%%%%%% sigma=   -1
  
//////////////////////////////////////// T-matrix: U        ////////////////////////////////////////
[     -2.557295418442      3.020475744326 ]     [      2.236323612487       .000000000000 ]     
[       .000000000000       .000000000000 ]     [     -9.546740983663     -4.637557086082 ]     
  
//////////////////////////////////////// T-matrix: Ub       ////////////////////////////////////////
[     -2.557295614356      3.020476033212 ]     [      2.236323921640      -.000000246294 ]     
[      -.000000309153      -.000000246294 ]     [     -9.546741179578     -4.637557374968 ]     
  
//////////////////////////////////////// T-matrix: UE       ////////////////////////////////////////
[     -2.557295614356      3.020476033212 ]     [      2.236323921640      -.000000246294 ]     
[      -.000000309153      -.000000246294 ]     [     -9.546741179578     -4.637557374968 ]     
  
//////////////////////////////////////// T-matrix: V        ////////////////////////////////////////
[     -9.546740983663     -4.637557086082 ]     [       .000000000000       .000000000000 ]     
[     -2.236323612487       .000000000000 ]     [     -2.557295418442      3.020475744326 ]     
  
//////////////////////////////////////// T-matrix: Vb       ////////////////////////////////////////
[     -9.546741179578     -4.637557374968 ]     [       .000000309153       .000000246294 ]     
[     -2.236323921640       .000000246294 ]     [     -2.557295614356      3.020476033212 ]     
  
//////////////////////////////////////// T-matrix: VE       ////////////////////////////////////////
[     -9.546741179578     -4.637557374968 ]     [       .000000309153       .000000246294 ]     
[     -2.236323921640       .000000246294 ]     [     -2.557295614356      3.020476033212 ]     
  
%%%%%%%%%%%%%%%%%%%%%%%%%%%%%%%%%%%%%%%%%% STest_UTest diag %%%%%%%%%%%%%%%%%%%%%%%%%%%%%%%%%%%%%%%%%%
ph=            .0537496242551      2.1761085941709      -.5119741111885      2.2361697445094       .0000000000000
 Nphot =    1
|||||| sigma=    1
  
//////////////////////////////////////// T-matrix: U        ////////////////////////////////////////
[     13.247442070808     -1.180628907283 ]     [       .000000000000       .000000000000 ]     
[       .000000000000       .000000000000 ]     [     13.247442070808     -1.180628907283 ]     
  
//////////////////////////////////////// T-matrix: Ub       ////////////////////////////////////////
[     13.247443346048     -1.180628907283 ]     [       .000000000000       .000000000000 ]     
[       .000000000000       .000000000000 ]     [     13.247443346048     -1.180628907283 ]     
  
//////////////////////////////////////// T-matrix: UE       ////////////////////////////////////////
[     13.247443346048     -1.180628907283 ]     [       .000000000000       .000000000000 ]     
[       .000000000000       .000000000000 ]     [     13.247443346048     -1.180628907283 ]     
  
//////////////////////////////////////// T-matrix: V        ////////////////////////////////////////
[     13.247442070808     -1.180628907283 ]     [       .000000000000       .000000000000 ]     
[       .000000000000       .000000000000 ]     [     13.247442070808     -1.180628907283 ]     
  
//////////////////////////////////////// T-matrix: Vb       ////////////////////////////////////////
[     13.247443346048     -1.180628907283 ]     [       .000000000000       .000000000000 ]     
[       .000000000000       .000000000000 ]     [     13.247443346048     -1.180628907283 ]     
  
//////////////////////////////////////// T-matrix: VE       ////////////////////////////////////////
[     13.247443346048     -1.180628907283 ]     [       .000000000000       .000000000000 ]     
[       .000000000000       .000000000000 ]     [     13.247443346048     -1.180628907283 ]     
 Sfac, bfac 
bfact +1,-1=   13.24744207081     -1.180628907283     -13.24744207081     -1.180628907283    
bfacb +1,-1=   13.24744334605     -1.180628907283     -13.24744334605     -1.180628907283    
sm1,sm2    =  -.1364359768728     -.4522558365913      .1364359768728     -.4522558365913    
smb1,smb2  =  -.1364359768728     -.4522558365913      .1364359768728     -.4522558365913    
|smb1/sm1|, |sm1|=   1.000000000000      .2231501175162    
========================================== STest_UTest gen ==========================================
pk=            .1842756561946      4.4193111803609       .3292981967764      5.2218795401613      2.7559607767939
%%%%%% sigma=    1
  
//////////////////////////////////////// T-matrix: U        ////////////////////////////////////////
[     13.347450610852     -1.189541795727 ]     [       .000000000000       .000000000000 ]     
[      1.336284898891       .000000000000 ]     [       .847397476101     -2.120964089585 ]     
  
//////////////////////////////////////// T-matrix: Ub       ////////////////////////////////////////
[     13.347450774091     -1.189541607112 ]     [      -.000000341883      -.000000005311 ]     
[      1.336285240774      -.000000005311 ]     [       .847397639340     -2.120964278199 ]     
  
//////////////////////////////////////// T-matrix: UE       ////////////////////////////////////////
[     13.347450774091     -1.189541607112 ]     [      -.000000341883      -.000000005311 ]     
[      1.336285240774      -.000000005311 ]     [       .847397639340     -2.120964278199 ]     
  
//////////////////////////////////////// T-matrix: V        ////////////////////////////////////////
[       .847397476101     -2.120964089585 ]     [     -1.336284898891       .000000000000 ]     
[       .000000000000       .000000000000 ]     [     13.347450610852     -1.189541795727 ]     
  
//////////////////////////////////////// T-matrix: Vb       ////////////////////////////////////////
[       .847397639340     -2.120964278199 ]     [     -1.336285240774       .000000005311 ]     
[       .000000341883       .000000005311 ]     [     13.347450774091     -1.189541607112 ]     
  
//////////////////////////////////////// T-matrix: VE       ////////////////////////////////////////
[       .847397639340     -2.120964278199 ]     [     -1.336285240774       .000000005311 ]     
[       .000000341883       .000000005311 ]     [     13.347450774091     -1.189541607112 ]     
  
%%%%%%%%%%%%%%%%%%%%%%%%%%%%%%%%%%%%%%%%%% STest_UTest diag %%%%%%%%%%%%%%%%%%%%%%%%%%%%%%%%%%%%%%%%%%
ph=            .9236214216622      1.7855637335871      -.9815239707825      2.2371195056311       .0000000297550
 Nphot =    1
|||||| sigma=   -1
  
//////////////////////////////////////// T-matrix: U        ////////////////////////////////////////
[    -17.917505393192    -10.684289127665 ]     [       .000000000000       .000000000000 ]     
[       .000000000000       .000000000000 ]     [    -17.917505393192    -10.684289127665 ]     
  
//////////////////////////////////////// T-matrix: Ub       ////////////////////////////////////////
[    -17.917507586154    -10.684289127665 ]     [       .000000000000       .000000000000 ]     
[       .000000000000       .000000000000 ]     [    -17.917507586154    -10.684289127665 ]     
  
//////////////////////////////////////// T-matrix: UE       ////////////////////////////////////////
[    -17.917507586154    -10.684289127665 ]     [       .000000000000       .000000000000 ]     
[       .000000000000       .000000000000 ]     [    -17.917507586154    -10.684289127665 ]     
  
//////////////////////////////////////// T-matrix: V        ////////////////////////////////////////
[    -17.917505393192    -10.684289127665 ]     [       .000000000000       .000000000000 ]     
[       .000000000000       .000000000000 ]     [    -17.917505393192    -10.684289127665 ]     
  
//////////////////////////////////////// T-matrix: Vb       ////////////////////////////////////////
[    -17.917507586154    -10.684289127665 ]     [       .000000000000       .000000000000 ]     
[       .000000000000       .000000000000 ]     [    -17.917507586154    -10.684289127665 ]     
  
//////////////////////////////////////// T-matrix: VE       ////////////////////////////////////////
[    -17.917507586154    -10.684289127665 ]     [       .000000000000       .000000000000 ]     
[       .000000000000       .000000000000 ]     [    -17.917507586154    -10.684289127665 ]     
 Sfac, bfac 
bfact +1,-1=   17.91750539319     -10.68428912766     -17.91750539319     -10.68428912766    
bfacb +1,-1=   17.91750758615     -10.68428912766     -17.91750758615     -10.68428912766    
sm1,sm2    =  -.7734743862817E-03  .2944586854215      .7734743862817E-03  .2944586854215    
smb1,smb2  =  -.7734743862817E-03  .2944586854215      .7734743862817E-03  .2944586854215    
|smb1/sm1|, |sm1|=  1.0000000000000      .8670651568280E-01
========================================== STest_UTest gen ==========================================
pk=           2.1066851331774      3.2159315569666     -2.3582596766996      5.1523762798469      2.4910348445851
%%%%%% sigma=   -1
  
//////////////////////////////////////// T-matrix: U        ////////////////////////////////////////
[     -1.975349742803       .175953917654 ]     [      3.660174425798       .000000000000 ]     
[       .000000000000       .000000000000 ]     [    -11.857509656964     -7.070686389034 ]     
  
//////////////////////////////////////// T-matrix: Ub       ////////////////////////////////////////
[     -1.975349975711       .175954038142 ]     [      3.660174874892      -.000000284696 ]     
[      -.000000449094      -.000000284696 ]     [    -11.857509889872     -7.070686509522 ]     
  
//////////////////////////////////////// T-matrix: UE       ////////////////////////////////////////
[     -1.975349975711       .175954038142 ]     [      3.660174874892      -.000000284696 ]     
[      -.000000449094      -.000000284696 ]     [    -11.857509889872     -7.070686509522 ]     
  
//////////////////////////////////////// T-matrix: V        ////////////////////////////////////////
[    -11.857509656964     -7.070686389034 ]     [       .000000000000       .000000000000 ]     
[     -3.660174425798       .000000000000 ]     [     -1.975349742803       .175953917654 ]     
  
//////////////////////////////////////// T-matrix: Vb       ////////////////////////////////////////
[    -11.857509889872     -7.070686509522 ]     [       .000000449094       .000000284696 ]     
[     -3.660174874892       .000000284696 ]     [     -1.975349975711       .175954038142 ]     
  
//////////////////////////////////////// T-matrix: VE       ////////////////////////////////////////
[    -11.857509889872     -7.070686509522 ]     [       .000000449094       .000000284696 ]     
[     -3.660174874892       .000000284696 ]     [     -1.975349975711       .175954038142 ]     
  
%%%%%%%%%%%%%%%%%%%%%%%%%%%%%%%%%%%%%%%%%% STest_UTest diag %%%%%%%%%%%%%%%%%%%%%%%%%%%%%%%%%%%%%%%%%%
ph=            .7005163183732     -1.4510787379321      2.6858442585425      3.1321098315882       .0000000000000
 Nphot =    1
|||||| sigma=    1
  
//////////////////////////////////////// T-matrix: U        ////////////////////////////////////////
[       .544972694020      2.210939771167 ]     [       .000000000000       .000000000000 ]     
[       .000000000000       .000000000000 ]     [       .544972694020      2.210939771167 ]     
  
//////////////////////////////////////// T-matrix: Ub       ////////////////////////////////////////
[       .544973031408      2.210939771167 ]     [       .000000000000       .000000000000 ]     
[       .000000000000       .000000000000 ]     [       .544973031408      2.210939771167 ]     
  
//////////////////////////////////////// T-matrix: UE       ////////////////////////////////////////
[       .544973031408      2.210939771167 ]     [       .000000000000       .000000000000 ]     
[       .000000000000       .000000000000 ]     [       .544973031408      2.210939771167 ]     
  
//////////////////////////////////////// T-matrix: V        ////////////////////////////////////////
[       .544972694020      2.210939771167 ]     [       .000000000000       .000000000000 ]     
[       .000000000000       .000000000000 ]     [       .544972694020      2.210939771167 ]     
  
//////////////////////////////////////// T-matrix: Vb       ////////////////////////////////////////
[       .544973031408      2.210939771167 ]     [       .000000000000       .000000000000 ]     
[       .000000000000       .000000000000 ]     [       .544973031408      2.210939771167 ]     
  
//////////////////////////////////////// T-matrix: VE       ////////////////////////////////////////
[       .544973031408      2.210939771167 ]     [       .000000000000       .000000000000 ]     
[       .000000000000       .000000000000 ]     [       .544973031408      2.210939771167 ]     
 Sfac, bfac 
bfact +1,-1=   .5449726940199      2.210939771167     -.5449726940199      2.210939771167    
bfacb +1,-1=   .5449730314076      2.210939771167     -.5449730314076      2.210939771167    
sm1,sm2    =  -.2228656675866      .7796585028065E-01  .2228656675866      .7796585028065E-01
smb1,smb2  =  -.2228656675866      .7796585028065E-01  .2228656675866      .7796585028065E-01
|smb1/sm1|, |sm1|=   1.000000000000      .5574777959880E-01
========================================== STest_UTest gen ==========================================
pk=          -1.2841998143682      1.0880107354340       .2628023060280      7.5383479986609      7.3433431741421
%%%%%% sigma=    1
  
//////////////////////////////////////// T-matrix: U        ////////////////////////////////////////
[      1.491763965856      6.052046859405 ]     [       .000000000000       .000000000000 ]     
[     -3.085160583786       .000000000000 ]     [     -3.282204299573      4.898924166587 ]     
  
//////////////////////////////////////// T-matrix: Ub       ////////////////////////////////////////
[      1.491764510828      6.052046568198 ]     [      -.000000302631       .000000115093 ]     
[     -3.085160281155       .000000115093 ]     [     -3.282203754601      4.898924457794 ]     
  
//////////////////////////////////////// T-matrix: UE       ////////////////////////////////////////
[      1.491764510828      6.052046568198 ]     [      -.000000302631       .000000115093 ]     
[     -3.085160281155       .000000115093 ]     [     -3.282203754601      4.898924457794 ]     
  
//////////////////////////////////////// T-matrix: V        ////////////////////////////////////////
[     -3.282204299573      4.898924166587 ]     [      3.085160583786       .000000000000 ]     
[       .000000000000       .000000000000 ]     [      1.491763965856      6.052046859405 ]     
  
//////////////////////////////////////// T-matrix: Vb       ////////////////////////////////////////
[     -3.282203754601      4.898924457794 ]     [      3.085160281155      -.000000115093 ]     
[       .000000302631      -.000000115093 ]     [      1.491764510828      6.052046568198 ]     
  
//////////////////////////////////////// T-matrix: VE       ////////////////////////////////////////
[     -3.282203754601      4.898924457794 ]     [      3.085160281155      -.000000115093 ]     
[       .000000302631      -.000000115093 ]     [      1.491764510828      6.052046568198 ]     
  
%%%%%%%%%%%%%%%%%%%%%%%%%%%%%%%%%%%%%%%%%% STest_UTest diag %%%%%%%%%%%%%%%%%%%%%%%%%%%%%%%%%%%%%%%%%%
ph=          -1.0915432050637      1.2189410241778      1.0050065683003      1.9202400868827       .0000000000000
 Nphot =    1
|||||| sigma=   -1
  
//////////////////////////////////////// T-matrix: U        ////////////////////////////////////////
[     -5.837591773861      7.235821809290 ]     [       .000000000000       .000000000000 ]     
[       .000000000000       .000000000000 ]     [     -5.837591773861      7.235821809290 ]     
  
//////////////////////////////////////// T-matrix: Ub       ////////////////////////////////////////
[     -5.837592351551      7.235821809290 ]     [       .000000000000       .000000000000 ]     
[       .000000000000       .000000000000 ]     [     -5.837592351551      7.235821809290 ]     
  
//////////////////////////////////////// T-matrix: UE       ////////////////////////////////////////
[     -5.837592351551      7.235821809290 ]     [       .000000000000       .000000000000 ]     
[       .000000000000       .000000000000 ]     [     -5.837592351551      7.235821809290 ]     
  
//////////////////////////////////////// T-matrix: V        ////////////////////////////////////////
[     -5.837591773861      7.235821809290 ]     [       .000000000000       .000000000000 ]     
[       .000000000000       .000000000000 ]     [     -5.837591773861      7.235821809290 ]     
  
//////////////////////////////////////// T-matrix: Vb       ////////////////////////////////////////
[     -5.837592351551      7.235821809290 ]     [       .000000000000       .000000000000 ]     
[       .000000000000       .000000000000 ]     [     -5.837592351551      7.235821809290 ]     
  
//////////////////////////////////////// T-matrix: VE       ////////////////////////////////////////
[     -5.837592351551      7.235821809290 ]     [       .000000000000       .000000000000 ]     
[       .000000000000       .000000000000 ]     [     -5.837592351551      7.235821809290 ]     
 Sfac, bfac 
bfact +1,-1=   5.837591773861      7.235821809290     -5.837591773861      7.235821809290    
bfacb +1,-1=   5.837592351551      7.235821809290     -5.837592351551      7.235821809290    
sm1,sm2    =  -.2404074954026     -.4776808094865      .2404074954026     -.4776808094865    
smb1,smb2  =  -.2404074954026     -.4776808094865      .2404074954026     -.4776808094865    
|smb1/sm1|, |sm1|=   1.000000000000      .2859747195974    
========================================== STest_UTest gen ==========================================
pk=           1.2068417818638      1.8832635836780      3.2658967699487      5.6609955607281      4.0469297269117
%%%%%% sigma=   -1
  
//////////////////////////////////////// T-matrix: U        ////////////////////////////////////////
[       .127127328881     -2.808242770136 ]     [      4.134022232391       .000000000000 ]     
[       .000000000000       .000000000000 ]     [     -5.231574487309      6.484650218554 ]     
  
//////////////////////////////////////// T-matrix: Ub       ////////////////////////////////////////
[       .127127360106     -2.808242866512 ]     [      4.134022466578       .000000331769 ]     
[      -.000000234186       .000000331769 ]     [     -5.231574456085      6.484650314930 ]     
  
//////////////////////////////////////// T-matrix: UE       ////////////////////////////////////////
[       .127127360106     -2.808242866512 ]     [      4.134022466578       .000000331769 ]     
[      -.000000234186       .000000331769 ]     [     -5.231574456085      6.484650314930 ]     
  
//////////////////////////////////////// T-matrix: V        ////////////////////////////////////////
[     -5.231574487309      6.484650218554 ]     [       .000000000000       .000000000000 ]     
[     -4.134022232391       .000000000000 ]     [       .127127328881     -2.808242770136 ]     
  
//////////////////////////////////////// T-matrix: Vb       ////////////////////////////////////////
[     -5.231574456085      6.484650314930 ]     [       .000000234186      -.000000331769 ]     
[     -4.134022466578      -.000000331769 ]     [       .127127360106     -2.808242866512 ]     
  
//////////////////////////////////////// T-matrix: VE       ////////////////////////////////////////
[     -5.231574456085      6.484650314930 ]     [       .000000234186      -.000000331769 ]     
[     -4.134022466578      -.000000331769 ]     [       .127127360106     -2.808242866512 ]     


 ***************************************************************************
 *              500                  total no of events     nevtot      a0 *
 *       1.00000000                 xs_crude  Born           xborn         *
 ***************************************************************************



 ***************************************************************************
 *                   KarLud_Finalize END  <<<                              *
 ***************************************************************************

1
      -664          YFSfin: photon raw multiplicity                                                 
           nent            sum           bmin           bmax
            499     .90000E+02     .00000E+00     .41500E+03
           undf           ovef           avex
     .00000E+00     .00000E+00     .18036E+00
   .0000    .415000D+03 0XXXXXXXXXXXXXXXXXXXXXXXXXXXXXXXXXXXXXXXXXXXXXXXXXXXXXXXXXXXXXXXXXI
  1.0000    .780000D+02 0XXXXXXXXXXXX                                                     I
  2.0000    .600000D+01 0                                                                 I
  3.0000    .000000D+00 0                                                                 I
  4.0000    .000000D+00 0                                                                 I
  5.0000    .000000D+00 0                                                                 I
  6.0000    .000000D+00 0                                                                 I
  7.0000    .000000D+00 0                                                                 I
  8.0000    .000000D+00 0                                                                 I
  9.0000    .000000D+00 0                                                                 I


 ***************************************************************************
 *                        KarFin Finalize    START                         *
 *             1000                  generated events        nevgen     a2 *
 *        .99800000  +-  .00200200   kinematics, smin        wt1        a5 *
 *        .99998970  +-  .00000846   jacobian                wt2        a6 *
 *        .99728646  +-  .00768904   photon ang. dist.       wt3        a7 *
 *                            ON MASS WEIGHTS                              *
 *        .96023058  +-  .00700740  removal wgt wtrem                   b1 *
 *              499                 no. of raw events                   b2 *
 *                0                 wt6=0      events                   b3 *
 *        .99198888  +-  .00700711  control wgt wctrl                   b4 *
 *                0                 marked photons           MarTot     a5 *
 *    .50000000E-04                 emin                                b6 *
 *    .10000000E-07                 delta                               b7 *
 *        .18036072                 raw ph. multipl.                    b8 *
 *       2.00000000                 Highest phot. mult.                 b9 *
 *                        YFSfin Finalize    END                           *
 ***************************************************************************



 ***************************************************************************
 *                            KarFin Finalize                              *
 *             1000                  generated events        nevgen     a2 *
 *        .99528075  +-  .00796102   general weight          wt         a1 *
 *        .18000000                  aver. ph. multi.        avmlt      a3 *
 ***************************************************************************

1
      -640          KK2f: Photon raw multiplicity                                                   
           nent            sum           bmin           bmax
            500     .91000E+02     .00000E+00     .41500E+03
           undf           ovef           avex
     .00000E+00     .00000E+00     .18200E+00
   .0000    .415000D+03 0XXXXXXXXXXXXXXXXXXXXXXXXXXXXXXXXXXXXXXXXXXXXXXXXXXXXXXXXXXXXXXXXXI
  1.0000    .790000D+02 0XXXXXXXXXXXX                                                     I
  2.0000    .600000D+01 0                                                                 I
  3.0000    .000000D+00 0                                                                 I
  4.0000    .000000D+00 0                                                                 I
  5.0000    .000000D+00 0                                                                 I
  6.0000    .000000D+00 0                                                                 I
  7.0000    .000000D+00 0                                                                 I
  8.0000    .000000D+00 0                                                                 I
  9.0000    .000000D+00 0                                                                 I


 ***************************************************************************
 *                       KK2f_Finalize  printouts                          *
 *      10.00000000                 cms energy total         cmsene     a0 *
 *              500                 total no of events       nevgen     a1 *
 *               ** principal info on x-section **                         *
 *        .99979410  +-  .01213602  xs_tot MC R-units        xsmc       a1 *
 *     868.36669754                 xs_tot    picob.         xSecPb     a3 *
 *      10.54068317                 error     picob.         xErrPb     a4 *
 *        .01213852                 relative error           erel       a5 *
 *       1.50098754                 WTsup, largest WT        WTsup     a10 *
 *                       ** some auxiliary info **                         *
 *     868.54553243                 xs_born   picobarns       xborn    a11 *
 *        .18200000                 Raw phot. multipl.                 === *
 *       2.00000000                 Highest phot. mult.                === *
 *                         End of KK2f  Finalize                           *
 ***************************************************************************

1
      -700          MBrA: KK2f main weight                                                          
           nent            sum           bmin           bmax
            500     .49990E+03     .00000E+00     .65000E+02
           undf           ovef           avex
     .00000E+00     .22400E+03     .99979E+00
   .0000    .100000D+01 0X                                                                I
   .0200    .200000D+01 0XX                                                               I
   .0400    .000000D+00 0                                                                 I
   .0600    .100000D+01 0X                                                                I
   .0800    .100000D+01 0X                                                                I
   .1000    .000000D+00 0                                                                 I
   .1200    .100000D+01 0X                                                                I
   .1400    .100000D+01 0X                                                                I
   .1600    .000000D+00 0                                                                 I
   .1800    .200000D+01 0XX                                                               I
   .2000    .000000D+00 0                                                                 I
   .2200    .000000D+00 0                                                                 I
   .2400    .200000D+01 0XX                                                               I
   .2600    .200000D+01 0XX                                                               I
   .2800    .200000D+01 0XX                                                               I
   .3000    .100000D+01 0X                                                                I
   .3200    .100000D+01 0X                                                                I
   .3400    .000000D+00 0                                                                 I
   .3600    .100000D+01 0X                                                                I
   .3800    .200000D+01 0XX                                                               I
   .4000    .200000D+01 0XX                                                               I
   .4200    .000000D+00 0                                                                 I
   .4400    .200000D+01 0XX                                                               I
   .4600    .000000D+00 0                                                                 I
   .4800    .100000D+01 0X                                                                I
   .5000    .100000D+01 0X                                                                I
   .5200    .300000D+01 0XXX                                                              I
   .5400    .100000D+01 0X                                                                I
   .5600    .200000D+01 0XX                                                               I
   .5800    .000000D+00 0                                                                 I
   .6000    .100000D+01 0X                                                                I
   .6200    .200000D+01 0XX                                                               I
   .6400    .100000D+01 0X                                                                I
   .6600    .200000D+01 0XX                                                               I
   .6800    .400000D+01 0XXXX                                                             I
   .7000    .100000D+01 0X                                                                I
   .7200    .100000D+01 0X                                                                I
   .7400    .300000D+01 0XXX                                                              I
   .7600    .300000D+01 0XXX                                                              I
   .7800    .600000D+01 0XXXXXX                                                           I
   .8000    .600000D+01 0XXXXXX                                                           I
   .8200    .200000D+01 0XX                                                               I
   .8400    .650000D+02 0XXXXXXXXXXXXXXXXXXXXXXXXXXXXXXXXXXXXXXXXXXXXXXXXXXXXXXXXXXXXXXXXXX
   .8600    .340000D+02 0XXXXXXXXXXXXXXXXXXXXXXXXXXXXXXXXXX                               I
   .8800    .220000D+02 0XXXXXXXXXXXXXXXXXXXXXX                                           I
   .9000    .220000D+02 0XXXXXXXXXXXXXXXXXXXXXX                                           I
   .9200    .170000D+02 0XXXXXXXXXXXXXXXXX                                                I
   .9400    .250000D+02 0XXXXXXXXXXXXXXXXXXXXXXXXX                                        I
   .9600    .120000D+02 0XXXXXXXXXXXX                                                     I
   .9800    .150000D+02 0XXXXXXXXXXXXXXX                                                  I


 ***************************************************************************
 *                MBrA: report on the main Weight                          *
 *              500                 no of raw events         Ntot       b1 *
 *              500                 accepted    events       Nacc       b2 *
 *                0                 wt<0        events       Nneg       b3 *
 *              224                 wt>WTmax    events       Nove       b4 *
 *       1.50098754                 WTsup, largest WT        WTsup      b5 *
 *        .44800000                 <Wt-WtMax>  Overfl.      AvOve      b6 *
 *        .00000000                 <Wt> for Wt<0            AvUnd      b7 *
 *        .44809226                 AvOve/<Wt>,WT>WtMax      ROverf     b8 *
 *        .00000000                 AvUnd/<Wt>,Wt<0          RUnder     b9 *
 ***************************************************************************

 
=====================================================================================================
            MBrA:    Detailed statistics for all branches    
=====================================================================================================
  KF     AveWt     ERela     WtSup      Wt<0   Wt>Wmax       Ntot       Nacc   Nneg   Nove   Nzer
  15   .999794   .012139 1.501       .000000   .448092        500        500      0    224      1
All:   .999794   .012139 1.501       .000000   .448092        500        500      0    224      1
=====================================================================================================
