    
 ==============================================
 ==========*********************===============
 ==========***    MainPro    ***===============
 ==========*********************===============
 ==============================================
    
    
 ==============================================
 ==========*********************===============
 ==========***    MainPro    ***===============
 ==========*********************===============
 ==============================================
    
 5000  requested events 
           
            *************************************************************
            *  ****   ****    ****  ****      *******      ***********  *
            *  ****   ****    ****  ****    ***********    ***********  *
            *  ****   ****    ****  ****    ****   ****    ****         *
            *  **********     *********     ****   ****    *********    *
            *  *******        ******            *****      *********    *
            *  **********     ********        *****        ****         *
            *  ****  *****    ****  ****    **********     ****         *
            *  ****   *****   ****   ****   **********     ****         *
            *************************************************************
           


 ***************************************************************************
 *                         KK Monte Carlo                                  *
 *            Version       4.10          16 Jul. 1999                     *
 *       3.55420000                 CMS energy average       CMSene     a1 *
 *        .00000000                 Beam energy spread       DelEne     a2 *
 *              100                 Max. photon mult.        npmax      a3 *
 *                1                 ISR switch               KeyISR     a4 *
 *                1                 FSR switch               KeyFSR     a5 *
 *                2                 ISR/FSR interferenc      KeyINT     a6 *
 *                1                 New exponentiation       KeyGPS     a7 *
 *                1                 Hadroniz.  switch        KeyHad     a7 *
 *        .20000000                 Hadroniz. min. mass      HadMin     a9 *
 *       1.00000000                 Maximum weight           WTmax     a10 *
 *              100                 Max. photon mult.        npmax     a11 *
 *               11                 Beam ident               KFini     a12 *
 *        .00001777                 Manimum phot. ener.      Ene       a13 *
 *    .10000000E-59                 Phot.mass, IR regul      MasPho    a14 *
 *    1.2500000                     Phot. mult. enhanc.      Xenph     a15 *
 *    .10000000E-08                 Vcut1                    Vcut1     a16 *
 *    .50000000E-01                 Vcut2                    Vcut2     a16 *
 *    .00000000E+00                 Vcut3                    Vcut2     a16 *
 *        .00000000                    PolBeam1(1)           Pol1x     a17 *
 *        .00000000                    PolBeam1(2)           Pol1y     a18 *
 *        .00000000                    PolBeam1(3)           Pol1z     a19 *
 *        .00000000                    PolBeam2(1)           Pol2x     a20 *
 *        .00000000                    PolBeam2(2)           Pol2y     a21 *
 *        .00000000                    PolBeam2(3)           Pol2z     a22 *
 ***************************************************************************

 +++WARNING: for WT=0 events NO hadronization!


 ***************************************************************************
 *            BornV  Initializator                                         *
 *      91.18700000                 Z mass     [GeV]         amz        a1 *
 *     100.00000000                 Higgs mass [GeV]         amh        a2 *
 *     175.00000000                 Top mass   [GeV]         amtop      a3 *
 *       2.50072032                 Z width    [GeV]         gammz      a4 *
 *        .22276773                 sin(theta_w)**2          sinw2      a5 *
 *     137.03598950                 1/alfa_QED  at  Q=0      AlfInv     a6 *
 *        .20000000                 MassCut light qqbar      HadMin     a6 *
 *               11                 KF code of beam          KFini      a7 *
 *    .99000000                     Input vvmax              vvmax      a8 *
 *    .99000000                     reduced vvmax in MC      vvmax      a9 *
 *         Test switches:                                                  *
 *                0                 Electroweak lib.         KeyElw     10 *
 *                1                 Z on/off   switch        KeyZet     11 *
 *                0                 mass terms on/off        KeyWtm     12 *
 ***************************************************************************



 ***************************************************************************
 *                         KarLud_Initialize START                         *
 *       3.55420000                  CMS energy average      CMSene     == *
 *        .00000000                  Beam energy spread      DelEne     == *
 *                1                  ISR on/off switch       KeyISR     == *
 *                0                  Type of ISR             KeyFix     == *
 *                1                  Elect_weak switch       KeyZet     == *
 *                0                  Fixed nphot mult.       MltISR     == *
 *               50                  Max. photon mult.       nmax       == *
 ***************************************************************************

 *        .06307461                 xs_crude  vesko          xcvesk        *
 *        .06302154                 xs_crude  gauss          xcgaus        *
 *        .00084209                 xcvesk/xcgaus-1                        *


 ***************************************************************************
 *                          KarLud_Initialize END                          *
 ***************************************************************************



 ***************************************************************************
 *                        KarFin Initialize  START                         *
 *                1                FSR radiation on/off      KeyFSR     a1 *
 *                0                radiation from quark      KeyQSR     a2 *
 *                1                removal    switch         KeyPia     a3 *
 *    .10000000E-02                infrared cut FACTOR       delfac     a4 *
 *    .10000000E-07                infrared cut itself       delta      a5 *
 *    .17771000E-04                EminCMS for removal       [GeV]      a6 *
 *               50                Max. photon mult.         nmax       a7 *
 *                        KarFin Initialize  END                           *
 ***************************************************************************



 ***************************************************************************
 *             GPS   Initializator                                         *
 *      91.18700000                 Z mass     [GeV]         MZ         a1 *
 *       2.50072032                 Z width    [GeV]         GammZ      a2 *
 *        .22276773                 sin(theta_w)**2          Sw2        a3 *
 *     137.03598950                 1/alfa_QED  at  Q=0      AlfInv     a4 *
 *         Test switches:                                                  *
 *                1                 Z on/off   switch        KeyZet     a5 *
 *                0                 Electroweak lib.         KeyElw     a6 *
 *                1                 CEEX level               KeyGPS     a7 *
 *                1                 ISR emission             KeyISR     a8 *
 *                1                 FSR emission             KeyFSR     a9 *
 *                2                 ISR*FSR interferenc      KeyINT    a10 *
 ***************************************************************************



 ***************************************************************************
 *               Initialization of GPS class                               *
 ***************************************************************************



 ***************************************************************************
 *                           KK2f: Initialization                          *
 *    .43367405                     x-crude [nb]             Xcrunb     ** *
 *         List of final fermions:                                         *
 *               15                 KF of final fermion      KFfin      ** *
 *    1.7770000                     mass of final ferm.      amferm     ** *
 *    .15911913E-01                 Xborn [R]                Xborn      ** *
 *    8.0000000                     WtMax sampling par.      WtMax      ** *
 *    1.0000000                     vmax for CEEX           vmaxGPS     ** *
 ***************************************************************************



 ***************************************************************************
 *        KK interface of Tauola                                           *
 *                2                Cloning procedure       KeyClone    t01 *
 ***************************************************************************



 ***************************************************************************
 *        Parameters passed from KK  to Tauola:                            *
 *               -1                dec. type 1-st tau        Jak1      t01 *
 *               -1                dec. type 2-nd tau        Jak2      t02 *
 *                1                current type a1 dec.      KeyA1     t03 *
 *               15                PDG id 1-st tau           idff      t04 *
 *                1                R.c. switch lept dec      itdkRC    t05 *
 *    .10000000E-02                IR-cut for lept r.c.      xk0dec    t06 *
 ***************************************************************************



 ***************************************************************************
 *                 !!!!! Tauola inhibited !!!!                             *
 ***************************************************************************



 ***************************************************************************
 *                      STest   Initializator                              *
 ***************************************************************************

     MSTU(11)       changed from              6 to             16



                            Event listing (summary)

    I  particle/jet KS     KF orig    p_x      p_y      p_z       E        m

    1  !e-!         21     11    0     .000     .000    1.777    1.777     .001
    2  !e+!         21    -11    0     .000     .000   -1.777    1.777     .001
    3  tau-          1     15    1    -.007    -.017    -.003    1.777    1.777
    4  tau+          1    -15    1     .007     .017     .003    1.777    1.777
                   sum:   .00          .000     .000     .000    3.554    3.554
  
%%%%%%%%%%%%%%%%%%%%%%%%%%%%%%%%%%%%%%%%%%%%%% STest_VIRTUAL %%%%%%%%%%%%%%%%%%%%%%%%%%%%%%%%%%%%%%%%%%%%%%
Nphot =                   0
 ==================  KK2f    ======================> 1
 m_p      .00000000000000     .00000000000000    1.77709992653199    1.77710000000000     .00051099899990
 m_p      .00000000000000     .00000000000000   -1.77709992653199    1.77710000000000     .00051099899990
 m_q     -.00660102038216    -.01741616707494    -.00291781670642    1.77710000000000    1.77700000000000   15
 m_q      .00660102038216     .01741616707494     .00291781670642    1.77710000000000    1.77700000000000   15
 sum      .00000000000000     .00000000000000     .00000000000000    3.55420000000000    3.55420000000000
#######>>> Boxy/Born =     -.5808125408E-03
MasPhot =   .100000000000E-59
ss ...u1  =   12.6323376400      12.6323376400     -3.16881006259     -3.16881006259     -3.14806905517     -3.14806905517    
 |s31|**2/tt ... =   1.00368780224      .996284699002      .996260220795      1.00371209927    
SQRT(ss*s1),SQRT(tt*tt1),SQRT(uu*u1)=   12.6323376400      3.16881006259      3.14806905517    
Virtual B(t)-B(u) =   -.422466055642E-02  -.211403482942E-02   1.99838739533    
Real B(t)-B(u) =    .387666991374E-02   .193605941024E-02   2.00235069918    
 CBoxGG,CBoxGZ =  -2.77435324430      6.26637550723     -47005.4969684      1434.63553968    
 CBoxGG again    1.00000000000      1.000000000000    
 alfpi*DelBox    =    -.246848219029E-04
TBvirt,TBvirt2 =   -4.91352572374      -4.91352593983       .999999956022    
A funct=    17.6945458136      -3.14159265359       3.55420000000    
SBvirt=   -.913092873145E-01
SForFac=    .912816231053    
%%%%%%%%%%%%%%%%%%%%%%%%%%%%%%%%%%%%%%%%%%%%%%===============%%%%%%%%%%%%%%%%%%%%%%%%%%%%%%%%%%%%%%%%%%%%%%
  
%%%%%%%%%%%%%%%%%%%%%%%%%%%%%%%%%%%%%%%%%%%%%% STest_VIRTUAL %%%%%%%%%%%%%%%%%%%%%%%%%%%%%%%%%%%%%%%%%%%%%%
Nphot =                   0
 ==================  KK2f    ======================> 4
 m_p      .00000000000000     .00000000000000    1.77709992653199    1.77710000000000     .00051099899990
 m_p      .00000000000000     .00000000000000   -1.77709992653199    1.77710000000000     .00051099899990
 m_q      .01112707212753     .01356615541557     .00689620860397    1.77710000000000    1.77700000000000   15
 m_q     -.01112707212753    -.01356615541557    -.00689620860397    1.77710000000000    1.77700000000000   15
 sum      .00000000000000     .00000000000000     .00000000000000    3.55420000000000    3.55420000000000
#######>>> Boxy/Born =      .1507708425E-02
MasPhot =   .100000000000E-59
ss ...u1  =   12.6323376400      12.6323376400     -3.13392905527     -3.13392905527     -3.18295006249     -3.18295006249    
 |s31|**2/tt ... =   .993651333400      1.00626965865      1.00617309886      .993749109999    
SQRT(ss*s1),SQRT(tt*tt1),SQRT(uu*u1)=   12.6323376400      3.13392905527      3.18295006249    
Virtual B(t)-B(u) =    .998507479209E-02   .499650467681E-02   1.99841197756    
Real B(t)-B(u) =   -.916259162204E-02  -.457586118544E-02   2.00237534547    
 CBoxGG,CBoxGZ =  -2.76658241696      6.31917796348     -46038.9521234      1404.93982952    
 CBoxGG again    1.00000000000       1.00000000000    
 alfpi*DelBox    =     .583442579462E-04
TBvirt,TBvirt2 =   -4.90996649314      -4.90996671147       .999999955533    
A funct=    17.6945458136      -3.14159265359       3.55420000000    
SBvirt=   -.913092873145E-01
SForFac=    .912816231053    
%%%%%%%%%%%%%%%%%%%%%%%%%%%%%%%%%%%%%%%%%%%%%%===============%%%%%%%%%%%%%%%%%%%%%%%%%%%%%%%%%%%%%%%%%%%%%%
  
%%%%%%%%%%%%%%%%%%%%%%%%%%%%%%%%%%%%%%%%%%%%%% STest_VIRTUAL %%%%%%%%%%%%%%%%%%%%%%%%%%%%%%%%%%%%%%%%%%%%%%
Nphot =                   0
 ==================  KK2f    ======================> 6
 m_p      .00000000000000     .00000000000000    1.77709992653199    1.77710000000000     .00051099899990
 m_p      .00000000000000     .00000000000000   -1.77709992653199    1.77710000000000     .00051099899990
 m_q     -.00193020318349     .01858783548519    -.00248529427760    1.77710000000000    1.77700000000000   15
 m_q      .00193020318349    -.01858783548519     .00248529427760    1.77710000000000    1.77700000000000   15
 sum      .00000000000000     .00000000000000     .00000000000000    3.55420000000000    3.55420000000000
#######>>> Boxy/Born =     -.4920638214E-03
MasPhot =   .100000000000E-59
ss ...u1  =   12.6323376400      12.6323376400     -3.16727279144     -3.16727279144     -3.14960632632     -3.14960632632    
 |s31|**2/tt ... =   1.00108170554      .998915942104      .998909861512      1.00108777294    
SQRT(ss*s1),SQRT(tt*tt1),SQRT(uu*u1)=   12.6323376400      3.16727279144      3.14960632632    
Virtual B(t)-B(u) =   -.359841465760E-02  -.180066053025E-02   1.99838592403    
Real B(t)-B(u) =    .330200868109E-02   .164906735400E-02   2.00234919033    
 CBoxGG,CBoxGZ =  -2.77401264941      6.26878454819     -46962.2220048      1433.30597654    
 CBoxGG again   1.000000000000      1.000000000000    
 alfpi*DelBox    =    -.210256228265E-04
TBvirt,TBvirt2 =   -4.91336927366      -4.91336948985       .999999956001    
A funct=    17.6945458136      -3.14159265359       3.55420000000    
SBvirt=   -.913092873145E-01
SForFac=    .912816231053    
%%%%%%%%%%%%%%%%%%%%%%%%%%%%%%%%%%%%%%%%%%%%%%===============%%%%%%%%%%%%%%%%%%%%%%%%%%%%%%%%%%%%%%%%%%%%%%
  
%%%%%%%%%%%%%%%%%%%%%%%%%%%%%%%%%%%%%%%%%%%%%% STest_VIRTUAL %%%%%%%%%%%%%%%%%%%%%%%%%%%%%%%%%%%%%%%%%%%%%%
Nphot =                   0
 ==================  KK2f    ======================> 7
 m_p      .00000000000000     .00000000000000    1.77709992653199    1.77710000000000     .00051099899990
 m_p      .00000000000000     .00000000000000   -1.77709992653199    1.77710000000000     .00051099899990
 m_q     -.01561315548774     .01033738382794    -.00218583423657    1.77710000000000    1.77700000000000   15
 m_q      .01561315548774    -.01033738382794     .00218583423657    1.77710000000000    1.77700000000000   15
 sum      .00000000000000     .00000000000000     .00000000000000    3.55420000000000    3.55420000000000
#######>>> Boxy/Born =     -.4313533508E-03
MasPhot =   .100000000000E-59
ss ...u1  =   12.6323376400      12.6323376400     -3.16620845060     -3.16620845060     -3.15067066716     -3.15067066716    
 |s31|**2/tt ... =   1.00868590740      .991160115370      .991116520775      1.00872874264    
SQRT(ss*s1),SQRT(tt*tt1),SQRT(uu*u1)=   12.6323376400      3.16620845060      3.15067066716    
Virtual B(t)-B(u) =   -.316482977803E-02  -.158369368734E-02   1.99838504336    
Real B(t)-B(u) =    .290413873660E-02   .145036647947E-02   2.00234821868    
 CBoxGG,CBoxGZ =  -2.77377672926      6.27044796776     -46932.2973655      1432.38658368    
 CBoxGG again    1.00000000000       1.00000000000    
 alfpi*DelBox    =    -.184921628652E-04
TBvirt,TBvirt2 =   -4.91326093215      -4.91326114840       .999999955986    
A funct=    17.6945458136      -3.14159265359       3.55420000000    
SBvirt=   -.913092873145E-01
SForFac=    .912816231053    
%%%%%%%%%%%%%%%%%%%%%%%%%%%%%%%%%%%%%%%%%%%%%%===============%%%%%%%%%%%%%%%%%%%%%%%%%%%%%%%%%%%%%%%%%%%%%%
  
%%%%%%%%%%%%%%%%%%%%%%%%%%%%%%%%%%%%%%%%%%%%%% STest_VIRTUAL %%%%%%%%%%%%%%%%%%%%%%%%%%%%%%%%%%%%%%%%%%%%%%
Nphot =                   0
 ==================  KK2f    ======================> 9
 m_p      .00000000000000     .00000000000000    1.77709992653199    1.77710000000000     .00051099899990
 m_p      .00000000000000     .00000000000000   -1.77709992653199    1.77710000000000     .00051099899990
 m_q      .00196551110223    -.01499516264684     .01125574801166    1.77710000000000    1.77700000000000   15
 m_q     -.00196551110223     .01499516264684    -.01125574801166    1.77710000000000    1.77700000000000   15
 sum      .00000000000000     .00000000000000     .00000000000000    3.55420000000000    3.55420000000000
#######>>> Boxy/Born =      .3062175350E-02
MasPhot =   .100000000000E-59
ss ...u1  =   12.6323376400      12.6323376400     -3.11843438095     -3.11843438095     -3.19844473681     -3.19844473681    
 |s31|**2/tt ... =   .998878801652      1.00111872095      1.00109073570      .998906848871    
SQRT(ss*s1),SQRT(tt*tt1),SQRT(uu*u1)=   12.6323376400      3.11843438095      3.19844473681    
Virtual B(t)-B(u) =    .162978277469E-01   .815518600416E-02   1.99846180561    
Real B(t)-B(u) =   -.149553554789E-01  -.746862104972E-02   2.00242526423    
 CBoxGG,CBoxGZ =  -2.76310405723      6.34141557810     -45619.7081511      1392.05917491    
 CBoxGG again    1.00000000000       1.00000000000    
 alfpi*DelBox    =     .952344314874E-04
TBvirt,TBvirt2 =   -4.90837912452      -4.90837934386       .999999955313    
A funct=    17.6945458136      -3.14159265359       3.55420000000    
SBvirt=   -.913092873145E-01
SForFac=    .912816231053    
%%%%%%%%%%%%%%%%%%%%%%%%%%%%%%%%%%%%%%%%%%%%%%===============%%%%%%%%%%%%%%%%%%%%%%%%%%%%%%%%%%%%%%%%%%%%%%
  
%%%%%%%%%%%%%%%%%%%%%%%%%%%%%%%%%%%%%%%%%%%%%% STest_VIRTUAL %%%%%%%%%%%%%%%%%%%%%%%%%%%%%%%%%%%%%%%%%%%%%%
Nphot =                   0
 ==================  KK2f    ======================> 11
 m_p      .00000000000000     .00000000000000    1.77709992653199    1.77710000000000     .00051099899990
 m_p      .00000000000000     .00000000000000   -1.77709992653199    1.77710000000000     .00051099899990
 m_q     -.01767585888090    -.00141423406124    -.00640109012924    1.77710000000000    1.77700000000000   15
 m_q      .01767585888090     .00141423406124     .00640109012924    1.77710000000000    1.77700000000000   15
 sum      .00000000000000     .00000000000000     .00000000000000    3.55420000000000    3.55420000000000
#######>>> Boxy/Born =     -.1376668856E-02
MasPhot =   .100000000000E-59
ss ...u1  =   12.6323376400      12.6323376400     -3.18119031248     -3.18119031248     -3.13568880528     -3.13568880528    
 |s31|**2/tt ... =   1.00977587128      .990027704300      .989882997822      1.00991772747    
SQRT(ss*s1),SQRT(tt*tt1),SQRT(uu*u1)=   12.6323376400      3.18119031248      3.13568880528    
Virtual B(t)-B(u) =   -.926816323202E-02  -.463777367271E-02   1.99840783231    
Real B(t)-B(u) =    .850473295457E-02   .424733089088E-02   2.00237117688    
 CBoxGG,CBoxGZ =  -2.77708938774      6.24669260319     -47356.3301576      1445.41440933    
 CBoxGG again    1.00000000000      1.000000000000    
 alfpi*DelBox    =    -.541550571939E-04
TBvirt,TBvirt2 =   -4.91478430021      -4.91478451551       .999999956194    
A funct=    17.6945458136      -3.14159265359       3.55420000000    
SBvirt=   -.913092873145E-01
SForFac=    .912816231053    
%%%%%%%%%%%%%%%%%%%%%%%%%%%%%%%%%%%%%%%%%%%%%%===============%%%%%%%%%%%%%%%%%%%%%%%%%%%%%%%%%%%%%%%%%%%%%%
  
%%%%%%%%%%%%%%%%%%%%%%%%%%%%%%%%%%%%%%%%%%%%%% STest_VIRTUAL %%%%%%%%%%%%%%%%%%%%%%%%%%%%%%%%%%%%%%%%%%%%%%
Nphot =                   0
 ==================  KK2f    ======================> 14
 m_p      .00000000000000     .00000000000000    1.77709992653199    1.77710000000000     .00051099899990
 m_p      .00000000000000     .00000000000000   -1.77709992653199    1.77710000000000     .00051099899990
 m_q      .00911893212286    -.00558383650402     .01552661736616    1.77710000000000    1.77700000000000   15
 m_q     -.00911893212286     .00558383650402    -.01552661736616    1.77710000000000    1.77700000000000   15
 sum      .00000000000000     .00000000000000     .00000000000000    3.55420000000000    3.55420000000000
#######>>> Boxy/Born =      .6591658866E-02
MasPhot =   .100000000000E-59
ss ...u1  =   12.6323376400      12.6323376400     -3.10325485772     -3.10325485772     -3.21362426004     -3.21362426004    
 |s31|**2/tt ... =   .994751638405      1.00519477415      1.00501636371      .994931889263    
SQRT(ss*s1),SQRT(tt*tt1),SQRT(uu*u1)=   12.6323376400      3.10325485772      3.21362426004    
Virtual B(t)-B(u) =    .224829384352E-01   .112497161540E-01   1.99853384098    
Real B(t)-B(u) =   -.206309915397E-01  -.103026304250E-01   2.00249748740    
 CBoxGG,CBoxGZ =  -2.75968237197      6.36249744335     -45214.8602696      1379.62082378    
 CBoxGG again    1.00000000000       1.00000000000    
 alfpi*DelBox    =     .131384035567E-03
TBvirt,TBvirt2 =   -4.90682025513      -4.90682047546       .999999955096    
A funct=    17.6945458136      -3.14159265359       3.55420000000    
SBvirt=   -.913092873145E-01
SForFac=    .912816231053    
%%%%%%%%%%%%%%%%%%%%%%%%%%%%%%%%%%%%%%%%%%%%%%===============%%%%%%%%%%%%%%%%%%%%%%%%%%%%%%%%%%%%%%%%%%%%%%
  
%%%%%%%%%%%%%%%%%%%%%%%%%%%%%%%%%%%%%%%%%%%%%% STest_VIRTUAL %%%%%%%%%%%%%%%%%%%%%%%%%%%%%%%%%%%%%%%%%%%%%%
Nphot =                   0
 ==================  KK2f    ======================> 17
 m_p      .00000000000000     .00000000000000    1.77709992653199    1.77710000000000     .00051099899990
 m_p      .00000000000000     .00000000000000   -1.77709992653199    1.77710000000000     .00051099899990
 m_q      .01767333964986     .00319236349123     .00573340047100    1.77710000000000    1.77700000000000   15
 m_q     -.01767333964986    -.00319236349123    -.00573340047100    1.77710000000000    1.77700000000000   15
 sum      .00000000000000     .00000000000000     .00000000000000    3.55420000000000    3.55420000000000
#######>>> Boxy/Born =      .1208887664E-02
MasPhot =   .100000000000E-59
ss ...u1  =   12.6323376400      12.6323376400     -3.13806190777     -3.13806190777     -3.17881720999     -3.17881720999    
 |s31|**2/tt ... =   .989892103918      1.00990882883      1.00978178872      .990021696257    
SQRT(ss*s1),SQRT(tt*tt1),SQRT(uu*u1)=   12.6323376400      3.13806190777      3.17881720999    
Virtual B(t)-B(u) =    .830138454812E-02   .415400980930E-02   1.99840273115    
Real B(t)-B(u) =   -.761758903258E-02  -.380429399950E-02   2.00236601945    
 CBoxGG,CBoxGZ =  -2.76750758386      6.31312192127     -46151.8131815      1408.40732097    
 CBoxGG again   1.000000000000       1.00000000000    
 alfpi*DelBox    =     .485058465286E-04
TBvirt,TBvirt2 =   -4.91038923039      -4.91038944846       .999999955592    
A funct=    17.6945458136      -3.14159265359       3.55420000000    
SBvirt=   -.913092873145E-01
SForFac=    .912816231053    
%%%%%%%%%%%%%%%%%%%%%%%%%%%%%%%%%%%%%%%%%%%%%%===============%%%%%%%%%%%%%%%%%%%%%%%%%%%%%%%%%%%%%%%%%%%%%%
  
%%%%%%%%%%%%%%%%%%%%%%%%%%%%%%%%%%%%%%%%%%%%%% STest_VIRTUAL %%%%%%%%%%%%%%%%%%%%%%%%%%%%%%%%%%%%%%%%%%%%%%
Nphot =                   0
 ==================  KK2f    ======================> 18
 m_p      .00000000000000     .00000000000000    1.77709992653199    1.77710000000000     .00051099899990
 m_p      .00000000000000     .00000000000000   -1.77709992653199    1.77710000000000     .00051099899990
 m_q      .01772922003991     .00572222147260    -.00288806824629    1.77710000000000    1.77700000000000   15
 m_q     -.01772922003991    -.00572222147260     .00288806824629    1.77710000000000    1.77700000000000   15
 sum      .00000000000000     .00000000000000     .00000000000000    3.55420000000000    3.55420000000000
#######>>> Boxy/Born =     -.5746132992E-03
MasPhot =   .100000000000E-59
ss ...u1  =   12.6323376400      12.6323376400     -3.16870433062     -3.16870433062     -3.14817478714     -3.14817478714    
 |s31|**2/tt ... =   .989957881128      1.00984372791      1.00990791978      .989892395527    
SQRT(ss*s1),SQRT(tt*tt1),SQRT(uu*u1)=   12.6323376400      3.16870433062      3.14817478714    
Virtual B(t)-B(u) =   -.418158792937E-02  -.209248125097E-02   1.99838728659    
Real B(t)-B(u) =    .383714523338E-02   .191632040072E-02   2.00235056306    
 CBoxGG,CBoxGZ =  -2.77432982438      6.26654144480     -47002.5185298      1434.54403129    
 CBoxGG again    1.00000000000       1.00000000000    
 alfpi*DelBox    =    -.244331450696E-04
TBvirt,TBvirt2 =   -4.91351496447      -4.91351518056       .999999956021    
A funct=    17.6945458136      -3.14159265359       3.55420000000    
SBvirt=   -.913092873145E-01
SForFac=    .912816231053    
%%%%%%%%%%%%%%%%%%%%%%%%%%%%%%%%%%%%%%%%%%%%%%===============%%%%%%%%%%%%%%%%%%%%%%%%%%%%%%%%%%%%%%%%%%%%%%
  
%%%%%%%%%%%%%%%%%%%%%%%%%%%%%%%%%%%%%%%%%%%%%% STest_VIRTUAL %%%%%%%%%%%%%%%%%%%%%%%%%%%%%%%%%%%%%%%%%%%%%%
Nphot =                   0
 ==================  KK2f    ======================> 20
 m_p      .00000000000000     .00000000000000    1.77709992653199    1.77710000000000     .00051099899990
 m_p      .00000000000000     .00000000000000   -1.77709992653199    1.77710000000000     .00051099899990
 m_q     -.00910326666474     .00038491043431     .01650431398115    1.77710000000000    1.77700000000000   15
 m_q      .00910326666474    -.00038491043431    -.01650431398115    1.77710000000000    1.77700000000000   15
 sum      .00000000000000     .00000000000000     .00000000000000    3.55420000000000    3.55420000000000
#######>>> Boxy/Born =      .8398978553E-02
MasPhot =   .100000000000E-59
ss ...u1  =   12.6323376400      12.6323376400     -3.09977992855     -3.09977992855     -3.21709918921     -3.21709918921    
 |s31|**2/tt ... =   1.00519170902      .994754827632      .994946105460      1.00500238086    
SQRT(ss*s1),SQRT(tt*tt1),SQRT(uu*u1)=   12.6323376400      3.09977992855      3.21709918921    
Virtual B(t)-B(u) =    .238989823908E-01   .119581395278E-01   1.99855356556    
Real B(t)-B(u) =   -.219303944139E-01  -.109514133608E-01   2.00251727256    
 CBoxGG,CBoxGZ =  -2.75889723239      6.36722724498     -45122.9872623      1376.79816204    
 CBoxGG again   1.000000000000       1.00000000000    
 alfpi*DelBox    =     .139661226105E-03
TBvirt,TBvirt2 =   -4.90646286629      -4.90646308685       .999999955047    
A funct=    17.6945458136      -3.14159265359       3.55420000000    
SBvirt=   -.913092873145E-01
SForFac=    .912816231053    
%%%%%%%%%%%%%%%%%%%%%%%%%%%%%%%%%%%%%%%%%%%%%%===============%%%%%%%%%%%%%%%%%%%%%%%%%%%%%%%%%%%%%%%%%%%%%%
  
%%%%%%%%%%%%%%%%%%%%%%%%%%%%%%%%%%%%%%%%%%%%%% STest_VIRTUAL %%%%%%%%%%%%%%%%%%%%%%%%%%%%%%%%%%%%%%%%%%%%%%
Nphot =                   0
 ==================  KK2f    ======================> 23
 m_p      .00000000000000     .00000000000000    1.77709992653199    1.77710000000000     .00051099899990
 m_p      .00000000000000     .00000000000000   -1.77709992653199    1.77710000000000     .00051099899990
 m_q      .00243868175649    -.01746181574861    -.00667441548395    1.77710000000000    1.77700000000000   15
 m_q     -.00243868175649     .01746181574861     .00667441548395    1.77710000000000    1.77700000000000   15
 sum      .00000000000000     .00000000000000     .00000000000000    3.55420000000000    3.55420000000000
#######>>> Boxy/Born =     -.1448350222E-02
MasPhot =   .100000000000E-59
ss ...u1  =   12.6323376400      12.6323376400     -3.18216176541     -3.18216176541     -3.13471735235     -3.13471735235    
 |s31|**2/tt ... =   .998636383610      1.00135987899      1.00138046096      .998615745073    
SQRT(ss*s1),SQRT(tt*tt1),SQRT(uu*u1)=   12.6323376400      3.18216176541      3.13471735235    
Virtual B(t)-B(u) =   -.966392657361E-02  -.483580755438E-02   1.99841008248    
Real B(t)-B(u) =    .886789677942E-02   .442869282937E-02   2.00237341380    
 CBoxGG,CBoxGZ =  -2.77730356365      6.24512674360     -47384.0352795      1446.26561188    
 CBoxGG again    1.00000000000       1.00000000000    
 alfpi*DelBox    =    -.564676553545E-04
TBvirt,TBvirt2 =   -4.91488295460      -4.91488316983       .999999956207    
A funct=    17.6945458136      -3.14159265359       3.55420000000    
SBvirt=   -.913092873145E-01
SForFac=    .912816231053    
%%%%%%%%%%%%%%%%%%%%%%%%%%%%%%%%%%%%%%%%%%%%%%===============%%%%%%%%%%%%%%%%%%%%%%%%%%%%%%%%%%%%%%%%%%%%%%
  
%%%%%%%%%%%%%%%%%%%%%%%%%%%%%%%%%%%%%%%%%%%%%% STest_VIRTUAL %%%%%%%%%%%%%%%%%%%%%%%%%%%%%%%%%%%%%%%%%%%%%%
Nphot =                   0
 ==================  KK2f    ======================> 24
 m_p      .00000000000000     .00000000000000    1.77709992653199    1.77710000000000     .00051099899990
 m_p      .00000000000000     .00000000000000   -1.77709992653199    1.77710000000000     .00051099899990
 m_q      .00203902063486     .01515911763032    -.01102059651384    1.77710000000000    1.77700000000000   15
 m_q     -.00203902063486    -.01515911763032     .01102059651384    1.77710000000000    1.77700000000000   15
 sum      .00000000000000     .00000000000000     .00000000000000    3.55420000000000    3.55420000000000
#######>>> Boxy/Born =     -.2950635577E-02
MasPhot =   .100000000000E-59
ss ...u1  =   12.6323376400      12.6323376400     -3.19760896139     -3.19760896139     -3.11927015637     -3.11927015637    
 |s31|**2/tt ... =   .998865621959      1.00113177788      1.00116020188      .998837132660    
SQRT(ss*s1),SQRT(tt*tt1),SQRT(uu*u1)=   12.6323376400      3.19760896139      3.11927015637    
Virtual B(t)-B(u) =   -.159573036303E-01  -.798480607644E-02   1.99845850702    
Real B(t)-B(u) =    .146428807361E-01   .731258493721E-02   2.00242197005    
 CBoxGG,CBoxGZ =  -2.78069851291      6.21980366133     -47828.0605588      1459.90770328    
 CBoxGG again    1.00000000000       1.00000000000    
 alfpi*DelBox    =    -.932443707102E-04
TBvirt,TBvirt2 =   -4.91644965198      -4.91644986624       .999999956420    
A funct=    17.6945458136      -3.14159265359       3.55420000000    
SBvirt=   -.913092873145E-01
SForFac=    .912816231053    
%%%%%%%%%%%%%%%%%%%%%%%%%%%%%%%%%%%%%%%%%%%%%%===============%%%%%%%%%%%%%%%%%%%%%%%%%%%%%%%%%%%%%%%%%%%%%%
  
%%%%%%%%%%%%%%%%%%%%%%%%%%%%%%%%%%%%%%%%%%%%%% STest_VIRTUAL %%%%%%%%%%%%%%%%%%%%%%%%%%%%%%%%%%%%%%%%%%%%%%
Nphot =                   0
 ==================  KK2f    ======================> 27
 m_p      .00000000000000     .00000000000000    1.77709992653199    1.77710000000000     .00051099899990
 m_p      .00000000000000     .00000000000000   -1.77709992653199    1.77710000000000     .00051099899990
 m_q     -.01377956941879    -.01146389820527     .00584059111496    1.77710000000000    1.77700000000000   15
 m_q      .01377956941879     .01146389820527    -.00584059111496    1.77710000000000    1.77700000000000   15
 sum      .00000000000000     .00000000000000     .00000000000000    3.55420000000000    3.55420000000000
#######>>> Boxy/Born =      .1235252576E-02
MasPhot =   .100000000000E-59
ss ...u1  =   12.6323376400      12.6323376400     -3.13768093080     -3.13768093080     -3.17919818696     -3.17919818696    
 |s31|**2/tt ... =   1.00774346440      .992135512088      .992238214700      1.00764234224    
SQRT(ss*s1),SQRT(tt*tt1),SQRT(uu*u1)=   12.6323376400      3.13768093080      3.17919818696    
Virtual B(t)-B(u) =    .845659017409E-02   .423167299408E-02   1.99840351226    
Real B(t)-B(u) =   -.776001017785E-02  -.387541888793E-02   2.00236681563    
 CBoxGG,CBoxGZ =  -2.76742234706      6.31368240040     -46141.3909354      1408.08711262    
 CBoxGG again    1.00000000000       1.00000000000    
 alfpi*DelBox    =     .494127601807E-04
TBvirt,TBvirt2 =   -4.91035027294      -4.91035049103       .999999955586    
A funct=    17.6945458136      -3.14159265359       3.55420000000    
SBvirt=   -.913092873145E-01
SForFac=    .912816231053    
%%%%%%%%%%%%%%%%%%%%%%%%%%%%%%%%%%%%%%%%%%%%%%===============%%%%%%%%%%%%%%%%%%%%%%%%%%%%%%%%%%%%%%%%%%%%%%
  
%%%%%%%%%%%%%%%%%%%%%%%%%%%%%%%%%%%%%%%%%%%%%% STest_VIRTUAL %%%%%%%%%%%%%%%%%%%%%%%%%%%%%%%%%%%%%%%%%%%%%%
Nphot =                   0
 ==================  KK2f    ======================> 28
 m_p      .00000000000000     .00000000000000    1.77709992653199    1.77710000000000     .00051099899990
 m_p      .00000000000000     .00000000000000   -1.77709992653199    1.77710000000000     .00051099899990
 m_q     -.00488977631337    -.01819118212131    -.00076222085702    1.77710000000000    1.77700000000000   15
 m_q      .00488977631337     .01819118212131     .00076222085702    1.77710000000000    1.77700000000000   15
 sum      .00000000000000     .00000000000000     .00000000000000    3.55420000000000    3.55420000000000
#######>>> Boxy/Born =     -.1489903290E-03
MasPhot =   .100000000000E-59
ss ...u1  =   12.6323376400      12.6323376400     -3.16114864414     -3.16114864414     -3.15573047362     -3.15573047362    
 |s31|**2/tt ... =   1.00274102935      .997243844879      .997239112751      1.00274573551    
SQRT(ss*s1),SQRT(tt*tt1),SQRT(uu*u1)=   12.6323376400      3.16114864414      3.15573047362    
Virtual B(t)-B(u) =   -.110360382095E-02  -.552248568811E-03   1.99838240110    
Real B(t)-B(u) =    .101269857389E-02   .505756114718E-03   2.00234568485    
 CBoxGG,CBoxGZ =  -2.77265399922      6.27830561712     -46790.4513898      1428.02856479    
 CBoxGG again    1.00000000000       1.00000000000    
 alfpi*DelBox    =    -.644836515274E-05
TBvirt,TBvirt2 =   -4.91274563534      -4.91274585191       .999999955916    
A funct=    17.6945458136      -3.14159265359       3.55420000000    
SBvirt=   -.913092873145E-01
SForFac=    .912816231053    
%%%%%%%%%%%%%%%%%%%%%%%%%%%%%%%%%%%%%%%%%%%%%%===============%%%%%%%%%%%%%%%%%%%%%%%%%%%%%%%%%%%%%%%%%%%%%%
  
%%%%%%%%%%%%%%%%%%%%%%%%%%%%%%%%%%%%%%%%%%%%%% STest_VIRTUAL %%%%%%%%%%%%%%%%%%%%%%%%%%%%%%%%%%%%%%%%%%%%%%
Nphot =                   0
 ==================  KK2f    ======================> 29
 m_p      .00000000000000     .00000000000000    1.77709992653199    1.77710000000000     .00051099899990
 m_p      .00000000000000     .00000000000000   -1.77709992653199    1.77710000000000     .00051099899990
 m_q     -.01297228557968     .01004936570769     .00928116672151    1.77710000000000    1.77700000000000   15
 m_q      .01297228557968    -.01004936570769    -.00928116672151    1.77710000000000    1.77700000000000   15
 sum      .00000000000000     .00000000000000     .00000000000000    3.55420000000000    3.55420000000000
#######>>> Boxy/Born =      .2244677035E-02
MasPhot =   .100000000000E-59
ss ...u1  =   12.6323376400      12.6323376400     -3.12545243748     -3.12545243748     -3.19142668028     -3.19142668028    
 |s31|**2/tt ... =   1.00732163134      .992570691309      .992724272471      1.00717027612    
SQRT(ss*s1),SQRT(tt*tt1),SQRT(uu*u1)=   12.6323376400      3.12545243748      3.19142668028    
Virtual B(t)-B(u) =    .134384921322E-01   .672450371780E-02   1.99843627071    
Real B(t)-B(u) =   -.123315467539E-01  -.615838432993E-02   2.00239967064    
 CBoxGG,CBoxGZ =  -2.76468139276      6.33143427645     -45808.8410515      1397.87000431    
 CBoxGG again    1.00000000000       1.00000000000    
 alfpi*DelBox    =     .785246226599E-04
TBvirt,TBvirt2 =   -4.90909857956      -4.90909879845       .999999955413    
A funct=    17.6945458136      -3.14159265359       3.55420000000    
SBvirt=   -.913092873145E-01
SForFac=    .912816231053    
%%%%%%%%%%%%%%%%%%%%%%%%%%%%%%%%%%%%%%%%%%%%%%===============%%%%%%%%%%%%%%%%%%%%%%%%%%%%%%%%%%%%%%%%%%%%%%
  
%%%%%%%%%%%%%%%%%%%%%%%%%%%%%%%%%%%%%%%%%%%%%% STest_VIRTUAL %%%%%%%%%%%%%%%%%%%%%%%%%%%%%%%%%%%%%%%%%%%%%%
Nphot =                   0
 ==================  KK2f    ======================> 30
 m_p      .00000000000000     .00000000000000    1.77709992653199    1.77710000000000     .00051099899990
 m_p      .00000000000000     .00000000000000   -1.77709992653199    1.77710000000000     .00051099899990
 m_q      .01741648517808     .00625563347398     .00359765116170    1.77710000000000    1.77700000000000   15
 m_q     -.01741648517808    -.00625563347398    -.00359765116170    1.77710000000000    1.77700000000000   15
 sum      .00000000000000     .00000000000000     .00000000000000    3.55420000000000    3.55420000000000
#######>>> Boxy/Born =      .7234800176E-03
MasPhot =   .100000000000E-59
ss ...u1  =   12.6323376400      12.6323376400     -3.14565278765     -3.14565278765     -3.17122633011     -3.17122633011    
 |s31|**2/tt ... =   .990064494115      1.00974264992      1.00966408281      .990144616457    
SQRT(ss*s1),SQRT(tt*tt1),SQRT(uu*u1)=   12.6323376400      3.14565278765      3.17122633011    
Virtual B(t)-B(u) =    .520899177407E-02   .260659395531E-02   1.99839018404    
Real B(t)-B(u) =   -.477992052727E-02  -.238715131621E-02   2.00235338866    
 CBoxGG,CBoxGZ =  -2.76920385833      6.30186007416     -46360.2578499      1414.81148147    
 CBoxGG again    1.00000000000       1.00000000000    
 alfpi*DelBox    =     .304363680952E-04
TBvirt,TBvirt2 =   -4.91116496000      -4.91116517758       .999999955699    
A funct=    17.6945458136      -3.14159265359       3.55420000000    
SBvirt=   -.913092873145E-01
SForFac=    .912816231053    
%%%%%%%%%%%%%%%%%%%%%%%%%%%%%%%%%%%%%%%%%%%%%%===============%%%%%%%%%%%%%%%%%%%%%%%%%%%%%%%%%%%%%%%%%%%%%%
  
%%%%%%%%%%%%%%%%%%%%%%%%%%%%%%%%%%%%%%%%%%%%%% STest_VIRTUAL %%%%%%%%%%%%%%%%%%%%%%%%%%%%%%%%%%%%%%%%%%%%%%
Nphot =                   0
 ==================  KK2f    ======================> 31
 m_p      .00000000000000     .00000000000000    1.77709992653199    1.77710000000000     .00051099899990
 m_p      .00000000000000     .00000000000000   -1.77709992653199    1.77710000000000     .00051099899990
 m_q     -.00118319206494     .00485077719187     .01817910936136    1.77710000000000    1.77700000000000   15
 m_q      .00118319206494    -.00485077719187    -.01817910936136    1.77710000000000    1.77700000000000   15
 sum      .00000000000000     .00000000000000     .00000000000000    3.55420000000000    3.55420000000000
#######>>> Boxy/Born =      .1654225217E-01
MasPhot =   .100000000000E-59
ss ...u1  =   12.6323376400      12.6323376400     -3.09382737106     -3.09382737106     -3.22305174670     -3.22305174670    
 |s31|**2/tt ... =   1.00067909896      .999319996147      .999347260082      1.00065187131    
SQRT(ss*s1),SQRT(tt*tt1),SQRT(uu*u1)=   12.6323376400      3.09382737106      3.22305174670    
Virtual B(t)-B(u) =    .263248029260E-01   .131716864842E-01   1.99859015454    
Real B(t)-B(u) =   -.241563975481E-01  -.120627949191E-01   2.00255394461    
 CBoxGG,CBoxGZ =  -2.75755076743      6.37524702802     -44966.2991331      1371.98415185    
 CBoxGG again    1.00000000000       1.00000000000    
 alfpi*DelBox    =     .153841815545E-03
TBvirt,TBvirt2 =   -4.90585019957      -4.90585042052       .999999954961    
A funct=    17.6945458136      -3.14159265359       3.55420000000    
SBvirt=   -.913092873145E-01
SForFac=    .912816231053    
%%%%%%%%%%%%%%%%%%%%%%%%%%%%%%%%%%%%%%%%%%%%%%===============%%%%%%%%%%%%%%%%%%%%%%%%%%%%%%%%%%%%%%%%%%%%%%
  
%%%%%%%%%%%%%%%%%%%%%%%%%%%%%%%%%%%%%%%%%%%%%% STest_VIRTUAL %%%%%%%%%%%%%%%%%%%%%%%%%%%%%%%%%%%%%%%%%%%%%%
Nphot =                   0
 ==================  KK2f    ======================> 36
 m_p      .00000000000000     .00000000000000    1.77709992653199    1.77710000000000     .00051099899990
 m_p      .00000000000000     .00000000000000   -1.77709992653199    1.77710000000000     .00051099899990
 m_q      .00477634074778     .01690456064363    -.00684342008845    1.77710000000000    1.77700000000000   15
 m_q     -.00477634074778    -.01690456064363     .00684342008845    1.77710000000000    1.77700000000000   15
 sum      .00000000000000     .00000000000000     .00000000000000    3.55420000000000    3.55420000000000
#######>>> Boxy/Born =     -.1493493594E-02
MasPhot =   .100000000000E-59
ss ...u1  =   12.6323376400      12.6323376400     -3.18276244155     -3.18276244155     -3.13411667621     -3.13411667621    
 |s31|**2/tt ... =   .997326237288      1.00265942861      1.00270070656      .997284736844    
SQRT(ss*s1),SQRT(tt*tt1),SQRT(uu*u1)=   12.6323376400      3.18276244155      3.13411667621    
Virtual B(t)-B(u) =   -.990863886717E-02  -.495825747777E-02   1.99841152090    
Real B(t)-B(u) =    .909245181871E-02   .454083406874E-02   2.00237482389    
 CBoxGG,CBoxGZ =  -2.77743595559      6.24415696181     -47401.1790067      1446.79232984    
 CBoxGG again    1.00000000000       1.00000000000    
 alfpi*DelBox    =    -.578976102673E-04
TBvirt,TBvirt2 =   -4.91494394780      -4.91494416300       .999999956216    
A funct=    17.6945458136      -3.14159265359       3.55420000000    
SBvirt=   -.913092873145E-01
SForFac=    .912816231053    
%%%%%%%%%%%%%%%%%%%%%%%%%%%%%%%%%%%%%%%%%%%%%%===============%%%%%%%%%%%%%%%%%%%%%%%%%%%%%%%%%%%%%%%%%%%%%%
  
%%%%%%%%%%%%%%%%%%%%%%%%%%%%%%%%%%%%%%%%%%%%%% STest_VIRTUAL %%%%%%%%%%%%%%%%%%%%%%%%%%%%%%%%%%%%%%%%%%%%%%
Nphot =                   0
 ==================  KK2f    ======================> 37
 m_p      .00000000000000     .00000000000000    1.77709992653199    1.77710000000000     .00051099899990
 m_p      .00000000000000     .00000000000000   -1.77709992653199    1.77710000000000     .00051099899990
 m_q      .01012986803619     .00756785288057    -.01398296736561    1.77710000000000    1.77700000000000   15
 m_q     -.01012986803619    -.00756785288057     .01398296736561    1.77710000000000    1.77700000000000   15
 sum      .00000000000000     .00000000000000     .00000000000000    3.55420000000000    3.55420000000000
#######>>> Boxy/Born =     -.4834616310E-02
MasPhot =   .100000000000E-59
ss ...u1  =   12.6323376400      12.6323376400     -3.20813781944     -3.20813781944     -3.10874129832     -3.10874129832    
 |s31|**2/tt ... =   .994357177593      1.00557885632      1.00575723041      .994176758297    
SQRT(ss*s1),SQRT(tt*tt1),SQRT(uu*u1)=   12.6323376400      3.20813781944      3.10874129832    
Virtual B(t)-B(u) =   -.202473065169E-01  -.101312255804E-01   1.99850515183    
Real B(t)-B(u) =    .185795111159E-01   .927830271822E-02   2.00246873595    
 CBoxGG,CBoxGZ =  -2.78300053272      6.20207976880     -48134.5082253      1469.32291935    
 CBoxGG again    1.00000000000       1.00000000000    
 alfpi*DelBox    =    -.118316884539E-03
TBvirt,TBvirt2 =   -4.91751534737      -4.91751556096       .999999956564    
A funct=    17.6945458136      -3.14159265359       3.55420000000    
SBvirt=   -.913092873145E-01
SForFac=    .912816231053    
%%%%%%%%%%%%%%%%%%%%%%%%%%%%%%%%%%%%%%%%%%%%%%===============%%%%%%%%%%%%%%%%%%%%%%%%%%%%%%%%%%%%%%%%%%%%%%
  
%%%%%%%%%%%%%%%%%%%%%%%%%%%%%%%%%%%%%%%%%%%%%% STest_VIRTUAL %%%%%%%%%%%%%%%%%%%%%%%%%%%%%%%%%%%%%%%%%%%%%%
Nphot =                   0
 ==================  KK2f    ======================> 39
 m_p      .00000000000000     .00000000000000    1.77709992653199    1.77710000000000     .00051099899990
 m_p      .00000000000000     .00000000000000   -1.77709992653199    1.77710000000000     .00051099899990
 m_q     -.00257324964143     .01865394000339     .00090493570655    1.77710000000000    1.77700000000000   15
 m_q      .00257324964143    -.01865394000339    -.00090493570655    1.77710000000000    1.77700000000000   15
 sum      .00000000000000     .00000000000000     .00000000000000    3.55420000000000    3.55420000000000
#######>>> Boxy/Born =      .1769875212E-03
MasPhot =   .100000000000E-59
ss ...u1  =   12.6323376400      12.6323376400     -3.15522323652     -3.15522323652     -3.16165588124     -3.16165588124    
 |s31|**2/tt ... =   1.00144705946      .998548743765      .998551696464      1.00144411530    
SQRT(ss*s1),SQRT(tt*tt1),SQRT(uu*u1)=   12.6323376400      3.15522323652      3.16165588124    
Virtual B(t)-B(u) =    .131023783202E-02   .655649155579E-03   1.99838255089    
Real B(t)-B(u) =   -.120231187935E-02  -.600451596251E-03   2.00234604564    
 CBoxGG,CBoxGZ =  -2.77133676459      6.28740281205     -46625.2041177      1422.95157613    
 CBoxGG again    1.00000000000       1.00000000000    
 alfpi*DelBox    =     .765573010833E-05
TBvirt,TBvirt2 =   -4.91214166234      -4.91214187930       .999999955833    
A funct=    17.6945458136      -3.14159265359       3.55420000000    
SBvirt=   -.913092873145E-01
SForFac=    .912816231053    
%%%%%%%%%%%%%%%%%%%%%%%%%%%%%%%%%%%%%%%%%%%%%%===============%%%%%%%%%%%%%%%%%%%%%%%%%%%%%%%%%%%%%%%%%%%%%%


 ***************************************************************************
 *                      KarLud  final  report                              *
 *             5000                  total no of events     nevtot      == *
 *        .06307461                  ISRcru  [R]            ISRcru      == *
 *        .06301926  +-  .00002007   ISRbest [R],ISRerr     ISRbest     == *
 *    .63074609E-01                  XKarlud [R]            XKarlud     == *
 *    .00000000E+00                  KError  [R]            KError      == *
 ***************************************************************************



 ***************************************************************************
 *                   Report on wt_ISR of KarLud                            *
 *             5000                 total no of events      nevtot      == *
 *                0                 wt<0        events      nevneg      == *
 *        .11842251  +-  .00207393  <wt>                    wt_ISR      == *
 *        .00746945  +-  .00001549  sigma of KarLud [R]     xskarl      == *
 ***************************************************************************



 ***************************************************************************
 *        .99912253  +-  .00031854  Average WT of Vesk1      AVesk1     == *
 *        .06302154  +-  .00000063  xs_est gauss    [R]      xcgaus     == *
 *       -.00003612  +-  .00031954  xcve/xcgs-1                         == *
 ***************************************************************************

1
      -658          KarLud, wtvesk                                                                  
           nent            sum           bmin           bmax
           5000     .49956E+04     .00000E+00     .49490E+04
           undf           ovef           avex
     .00000E+00     .00000E+00     .99912E+00
   .0000    .100000D+01 0                                                                 I
   .0120    .000000D+00 0                                                                 I
   .0240    .000000D+00 0                                                                 I
   .0360    .000000D+00 0                                                                 I
   .0480    .000000D+00 0                                                                 I
   .0600    .000000D+00 0                                                                 I
   .0720    .000000D+00 0                                                                 I
   .0840    .000000D+00 0                                                                 I
   .0960    .000000D+00 0                                                                 I
   .1080    .000000D+00 0                                                                 I
   .1200    .100000D+01 0                                                                 I
   .1320    .100000D+01 0                                                                 I
   .1440    .000000D+00 0                                                                 I
   .1560    .000000D+00 0                                                                 I
   .1680    .000000D+00 0                                                                 I
   .1800    .000000D+00 0                                                                 I
   .1920    .000000D+00 0                                                                 I
   .2040    .000000D+00 0                                                                 I
   .2160    .000000D+00 0                                                                 I
   .2280    .000000D+00 0                                                                 I
   .2400    .000000D+00 0                                                                 I
   .2520    .000000D+00 0                                                                 I
   .2640    .000000D+00 0                                                                 I
   .2760    .000000D+00 0                                                                 I
   .2880    .000000D+00 0                                                                 I
   .3000    .000000D+00 0                                                                 I
   .3120    .000000D+00 0                                                                 I
   .3240    .000000D+00 0                                                                 I
   .3360    .000000D+00 0                                                                 I
   .3480    .000000D+00 0                                                                 I
   .3600    .000000D+00 0                                                                 I
   .3720    .000000D+00 0                                                                 I
   .3840    .000000D+00 0                                                                 I
   .3960    .000000D+00 0                                                                 I
   .4080    .000000D+00 0                                                                 I
   .4200    .000000D+00 0                                                                 I
   .4320    .000000D+00 0                                                                 I
   .4440    .000000D+00 0                                                                 I
   .4560    .000000D+00 0                                                                 I
   .4680    .000000D+00 0                                                                 I
   .4800    .000000D+00 0                                                                 I
   .4920    .000000D+00 0                                                                 I
   .5040    .000000D+00 0                                                                 I
   .5160    .000000D+00 0                                                                 I
   .5280    .000000D+00 0                                                                 I
   .5400    .000000D+00 0                                                                 I
   .5520    .000000D+00 0                                                                 I
   .5640    .000000D+00 0                                                                 I
   .5760    .000000D+00 0                                                                 I
   .5880    .000000D+00 0                                                                 I
   .6000    .000000D+00 0                                                                 I
   .6120    .000000D+00 0                                                                 I
   .6240    .000000D+00 0                                                                 I
   .6360    .000000D+00 0                                                                 I
   .6480    .000000D+00 0                                                                 I
   .6600    .000000D+00 0                                                                 I
   .6720    .000000D+00 0                                                                 I
   .6840    .000000D+00 0                                                                 I
   .6960    .000000D+00 0                                                                 I
   .7080    .000000D+00 0                                                                 I
   .7200    .000000D+00 0                                                                 I
   .7320    .000000D+00 0                                                                 I
   .7440    .000000D+00 0                                                                 I
   .7560    .000000D+00 0                                                                 I
   .7680    .000000D+00 0                                                                 I
   .7800    .000000D+00 0                                                                 I
   .7920    .000000D+00 0                                                                 I
   .8040    .000000D+00 0                                                                 I
   .8160    .000000D+00 0                                                                 I
   .8280    .000000D+00 0                                                                 I
   .8400    .000000D+00 0                                                                 I
   .8520    .000000D+00 0                                                                 I
   .8640    .000000D+00 0                                                                 I
   .8760    .000000D+00 0                                                                 I
   .8880    .000000D+00 0                                                                 I
   .9000    .000000D+00 0                                                                 I
   .9120    .200000D+01 0                                                                 I
   .9240    .100000D+01 0                                                                 I
   .9360    .000000D+00 0                                                                 I
   .9480    .100000D+01 0                                                                 I
   .9600    .200000D+01 0                                                                 I
   .9720    .700000D+01 0                                                                 I
   .9840    .350000D+02 0                                                                 I
   .9960    .494900D+04 0XXXXXXXXXXXXXXXXXXXXXXXXXXXXXXXXXXXXXXXXXXXXXXXXXXXXXXXXXXXXXXXXXX
  1.0080    .000000D+00 0                                                                 I
  1.0200    .000000D+00 0                                                                 I
  1.0320    .000000D+00 0                                                                 I
  1.0440    .000000D+00 0                                                                 I
  1.0560    .000000D+00 0                                                                 I
  1.0680    .000000D+00 0                                                                 I
  1.0800    .000000D+00 0                                                                 I
  1.0920    .000000D+00 0                                                                 I
  1.1040    .000000D+00 0                                                                 I
  1.1160    .000000D+00 0                                                                 I
  1.1280    .000000D+00 0                                                                 I
  1.1400    .000000D+00 0                                                                 I
  1.1520    .000000D+00 0                                                                 I
  1.1640    .000000D+00 0                                                                 I
  1.1760    .000000D+00 0                                                                 I
  1.1880    .000000D+00 0                                                                 I


 ***************************************************************************
 *                   KarLud_Finalize END  <<<                              *
 ***************************************************************************

1
      -664          YFSfin: photon raw multiplicity                                                 
           nent            sum           bmin           bmax
           4687     .51000E+02     .00000E+00     .46370E+04
           undf           ovef           avex
     .00000E+00     .00000E+00     .10881E-01
   .0000    .463700D+04 0XXXXXXXXXXXXXXXXXXXXXXXXXXXXXXXXXXXXXXXXXXXXXXXXXXXXXXXXXXXXXXXXXI
  1.0000    .490000D+02 0                                                                 I
  2.0000    .100000D+01 0                                                                 I
  3.0000    .000000D+00 0                                                                 I
  4.0000    .000000D+00 0                                                                 I
  5.0000    .000000D+00 0                                                                 I
  6.0000    .000000D+00 0                                                                 I
  7.0000    .000000D+00 0                                                                 I
  8.0000    .000000D+00 0                                                                 I
  9.0000    .000000D+00 0                                                                 I


 ***************************************************************************
 *                        KarFin Finalize    START                         *
 *             9914                  generated events        nevgen     a2 *
 *        .94553157  +-  .00340898   kinematics, smin        wt1        a5 *
 *       1.00000000  +-  .00000000   jacobian                wt2        a6 *
 *       1.05459400  +-  .00144912   photon ang. dist.       wt3        a7 *
 *                            ON MASS WEIGHTS                              *
 *        .96096019  +-  .00294394  removal wgt wtrem                   b1 *
 *             4687                 no. of raw events                   b2 *
 *                0                 wt6=0      events                   b3 *
 *       1.00029259  +-  .00294394  control wgt wctrl                   b4 *
 *                0                 marked photons           MarTot     a5 *
 *    .17771000E-04                 emin                                b6 *
 *    .10000000E-07                 delta                               b7 *
 *        .01088116                 raw ph. multipl.                    b8 *
 *       2.00000000                 Highest phot. mult.                 b9 *
 *                        YFSfin Finalize    END                           *
 ***************************************************************************



 ***************************************************************************
 *                            KarFin Finalize                              *
 *             9914                  generated events        nevgen     a2 *
 *       1.00012557  +-  .00373115   general weight          wt         a1 *
 *        .01028848                  aver. ph. multi.        avmlt      a3 *
 ***************************************************************************

1
      -640          KK2f: Photon raw multiplicity                                                   
           nent            sum           bmin           bmax
           5000     .99300E+03     .00000E+00     .40810E+04
           undf           ovef           avex
     .00000E+00     .00000E+00     .19860E+00
   .0000    .408100D+04 0XXXXXXXXXXXXXXXXXXXXXXXXXXXXXXXXXXXXXXXXXXXXXXXXXXXXXXXXXXXXXXXXXI
  1.0000    .853000D+03 0XXXXXXXXXXXXX                                                    I
  2.0000    .590000D+02 0                                                                 I
  3.0000    .600000D+01 0                                                                 I
  4.0000    .100000D+01 0                                                                 I
  5.0000    .000000D+00 0                                                                 I
  6.0000    .000000D+00 0                                                                 I
  7.0000    .000000D+00 0                                                                 I
  8.0000    .000000D+00 0                                                                 I
  9.0000    .000000D+00 0                                                                 I


 ***************************************************************************
 *                       KK2f_Finalize  printouts                          *
 *       3.55420000                 cms energy total         cmsene     a0 *
 *             5000                 total no of events       nevgen     a1 *
 *               ** principal info on x-section **                         *
 *        .00724508  +-  .00003150  xs_tot MC R-units        xsmc       a1 *
 *      49.81409182                 xs_tot    picob.         xSecPb     a3 *
 *        .21658447                 error     picob.         xErrPb     a4 *
 *        .00434786                 relative error           erel       a5 *
 *        .14649665                 WTsup, largest WT        WTsup     a10 *
 *                       ** some auxiliary info **                         *
 *     109.40351130                 xs_born   picobarns       xborn    a11 *
 *        .19860000                 Raw phot. multipl.                 === *
 *       4.00000000                 Highest phot. mult.                === *
 *                         End of KK2f  Finalize                           *
 ***************************************************************************

1
      -700          MBrA: KK2f main weight                                                          
           nent            sum           bmin           bmax
           5000     .57433E+03     .00000E+00     .38090E+04
           undf           ovef           avex
     .00000E+00     .00000E+00     .11487E+00
   .0000    .371000D+03 0XXXXXX                                                           I
   .0200    .140000D+02 0                                                                 I
   .0400    .180000D+02 0                                                                 I
   .0600    .630000D+02 0X                                                                I
   .0800    .231000D+03 0XXXX                                                             I
   .1000    .492000D+03 0XXXXXXXX                                                         I
   .1200    .380900D+04 0XXXXXXXXXXXXXXXXXXXXXXXXXXXXXXXXXXXXXXXXXXXXXXXXXXXXXXXXXXXXXXXXXX
   .1400    .200000D+01 0                                                                 I
   .1600    .000000D+00 0                                                                 I
   .1800    .000000D+00 0                                                                 I
   .2000    .000000D+00 0                                                                 I
   .2200    .000000D+00 0                                                                 I
   .2400    .000000D+00 0                                                                 I
   .2600    .000000D+00 0                                                                 I
   .2800    .000000D+00 0                                                                 I
   .3000    .000000D+00 0                                                                 I
   .3200    .000000D+00 0                                                                 I
   .3400    .000000D+00 0                                                                 I
   .3600    .000000D+00 0                                                                 I
   .3800    .000000D+00 0                                                                 I
   .4000    .000000D+00 0                                                                 I
   .4200    .000000D+00 0                                                                 I
   .4400    .000000D+00 0                                                                 I
   .4600    .000000D+00 0                                                                 I
   .4800    .000000D+00 0                                                                 I
   .5000    .000000D+00 0                                                                 I
   .5200    .000000D+00 0                                                                 I
   .5400    .000000D+00 0                                                                 I
   .5600    .000000D+00 0                                                                 I
   .5800    .000000D+00 0                                                                 I
   .6000    .000000D+00 0                                                                 I
   .6200    .000000D+00 0                                                                 I
   .6400    .000000D+00 0                                                                 I
   .6600    .000000D+00 0                                                                 I
   .6800    .000000D+00 0                                                                 I
   .7000    .000000D+00 0                                                                 I
   .7200    .000000D+00 0                                                                 I
   .7400    .000000D+00 0                                                                 I
   .7600    .000000D+00 0                                                                 I
   .7800    .000000D+00 0                                                                 I
   .8000    .000000D+00 0                                                                 I
   .8200    .000000D+00 0                                                                 I
   .8400    .000000D+00 0                                                                 I
   .8600    .000000D+00 0                                                                 I
   .8800    .000000D+00 0                                                                 I
   .9000    .000000D+00 0                                                                 I
   .9200    .000000D+00 0                                                                 I
   .9400    .000000D+00 0                                                                 I
   .9600    .000000D+00 0                                                                 I
   .9800    .000000D+00 0                                                                 I


 ***************************************************************************
 *                MBrA: report on the main Weight                          *
 *             5000                 no of raw events         Ntot       b1 *
 *             5000                 accepted    events       Nacc       b2 *
 *                0                 wt<0        events       Nneg       b3 *
 *                0                 wt>WTmax    events       Nove       b4 *
 *        .14649665                 WTsup, largest WT        WTsup      b5 *
 *        .00000000                 <Wt-WtMax>  Overfl.      AvOve      b6 *
 *        .00000000                 <Wt> for Wt<0            AvUnd      b7 *
 *        .00000000                 AvOve/<Wt>,WT>WtMax      ROverf     b8 *
 *        .00000000                 AvUnd/<Wt>,Wt<0          RUnder     b9 *
 ***************************************************************************

 
=====================================================================================================
            MBrA:    Detailed statistics for all branches    
=====================================================================================================
  KF     AveWt     ERela     WtSup      Wt<0   Wt>Wmax       Ntot       Nacc   Nneg   Nove   Nzer
  15   .114865   .004348 .1465       .000000   .000000       5000       5000      0      0    313
All:   .114865   .004348 .1465       .000000   .000000       5000       5000      0      0    313
=====================================================================================================
