  kat1  kat2  kat3  kat4
     0     0     0     1
 100000000 requested events 
           
            *************************************************************
            *  ****   ****    ****  ****    ***       ***     ******    *
            *  ****   ****    ****  ****    ****     ****   **********  *
            *  ****   ****    ****  ****    *****   *****  *****   ***  *
            *  **********     *********     *************  ****         *
            *  *******        ******        *************  ****         *
            *  **********     ********      **** *** ****  *****   ***  *
            *  ****  *****    ****  ****    ****  *  ****   **********  *
            *  ****   *****   ****   ****   ****     ****     *******   *
            *************************************************************
           


 ***************************************************************************
 *                         KK Monte Carlo                                  *
 *            Version       4.15          31 May  2001                     *
 *     200.00000000                 CMS energy average       CMSene     a1 *
 *       0.00000000                 Beam energy spread       DelEne     a2 *
 *              100                 Max. photon mult.        npmax      a3 *
 *                1                 ISR switch               KeyISR     a4 *
 *                0                 FSR switch               KeyFSR     a5 *
 *                2                 ISR/FSR interferenc      KeyINT     a6 *
 *                1                 New exponentiation       KeyGPS     a7 *
 *                0                 Hadroniz.  switch        KeyHad     a7 *
 *       0.20000000                 Hadroniz. min. mass      HadMin     a9 *
 *       1.00000000                 Maximum weight           WTmax     a10 *
 *              100                 Max. photon mult.        npmax     a11 *
 *               11                 Beam ident               KFini     a12 *
 *       0.00100000                 Manimum phot. ener.      Ene       a13 *
 *   0.10000000E-59                 Phot.mass, IR regul      MasPho    a14 *
 *    1.2500000                     Phot. mult. enhanc.      Xenph     a15 *
 *   0.10000000E-08                 Vcut1                    Vcut1     a16 *
 *   0.50000000E-01                 Vcut2                    Vcut2     a16 *
 *    0.0000000                     Vcut3                    Vcut2     a16 *
 *       0.00000000                    PolBeam1(1)           Pol1x     a17 *
 *       0.00000000                    PolBeam1(2)           Pol1y     a18 *
 *       0.00000000                    PolBeam1(3)           Pol1z     a19 *
 *       0.00000000                    PolBeam2(1)           Pol2x     a20 *
 *       0.00000000                    PolBeam2(2)           Pol2y     a21 *
 *       0.00000000                    PolBeam2(3)           Pol2z     a22 *
 ***************************************************************************



 ***************************************************************************
 *            BornV  Initializator                                         *
 *      91.18700000                 Z mass     [GeV]         amz        a1 *
 *     120.00000000                 Higgs mass [GeV]         amh        a2 *
 *     173.80000000                 Top mass   [GeV]         amtop      a3 *
 *       2.50072032                 Z width    [GeV]         gammz      a4 *
 *       0.22276773                 sin(theta_w)**2          sinw2      a5 *
 *     137.03598950                 1/alfa_QED  at  Q=0      AlfInv     a6 *
 *       0.20000000                 MassCut light qqbar      HadMin     a6 *
 *               11                 KF code of beam          KFini      a7 *
 *   0.99000000                     Input vvmax              vvmax      a8 *
 *   0.99000000                     reduced vvmax in MC      vvmax      a9 *
 *         Test switches:                                                  *
 *                1                 Electroweak lib.         KeyElw     10 *
 *                1                 Z on/off   switch        KeyZet     11 *
 *                0                 mass terms on/off        KeyWtm     12 *
 ***************************************************************************



 ***************************************************************************
 *         BornV  Reading from disk file:                                  *
 *        ../../dizet/table.down.current                                   *
 *      91.18700000                 Z mass                   amz        a1 *
 *     120.00000000                 Higgs mass               amh        a2 *
 *     173.80000000                 Top mass                 amtop      a3 *
 *       0.22330593                 sin**2(thetaW)           swsq       a3 *
 *       2.49534272                 Z width                  gammz      a3 *
 *      80.36332970                 W mass                   amw        a3 *
 *       2.08443777                 W width                  gammw      a3 *
 ***************************************************************************



 ***************************************************************************
 *         BornV  Reading from disk file:                                  *
 *        ../../dizet/table.up.current                                     *
 *      91.18700000                 Z mass                   amz        a1 *
 *     120.00000000                 Higgs mass               amh        a2 *
 *     173.80000000                 Top mass                 amtop      a3 *
 *       0.22330593                 sin**2(thetaW)           swsq       a3 *
 *       2.49534270                 Z width                  gammz      a3 *
 *      80.36332970                 W mass                   amw        a3 *
 *       2.08443776                 W width                  gammw      a3 *
 ***************************************************************************



 ***************************************************************************
 *         BornV  Reading from disk file:                                  *
 *        ../../dizet/table.down.current                                   *
 *      91.18700000                 Z mass                   amz        a1 *
 *     120.00000000                 Higgs mass               amh        a2 *
 *     173.80000000                 Top mass                 amtop      a3 *
 *       0.22330593                 sin**2(thetaW)           swsq       a3 *
 *       2.49534272                 Z width                  gammz      a3 *
 *      80.36332970                 W mass                   amw        a3 *
 *       2.08443777                 W width                  gammw      a3 *
 ***************************************************************************



 ***************************************************************************
 *         BornV  Reading from disk file:                                  *
 *        ../../dizet/table.up.current                                     *
 *      91.18700000                 Z mass                   amz        a1 *
 *     120.00000000                 Higgs mass               amh        a2 *
 *     173.80000000                 Top mass                 amtop      a3 *
 *       0.22330593                 sin**2(thetaW)           swsq       a3 *
 *       2.49534270                 Z width                  gammz      a3 *
 *      80.36332970                 W mass                   amw        a3 *
 *       2.08443776                 W width                  gammw      a3 *
 ***************************************************************************



 ***************************************************************************
 *         BornV  Reading from disk file:                                  *
 *        ../../dizet/table.botom.current                                  *
 *      91.18700000                 Z mass                   amz        a1 *
 *     120.00000000                 Higgs mass               amh        a2 *
 *     173.80000000                 Top mass                 amtop      a3 *
 *       0.22330593                 sin**2(thetaW)           swsq       a3 *
 *       2.49534270                 Z width                  gammz      a3 *
 *      80.36332970                 W mass                   amw        a3 *
 *       2.08443776                 W width                  gammw      a3 *
 ***************************************************************************



 ***************************************************************************
 *         BornV  Reading from disk file:                                  *
 *        ../../dizet/table.mu.current                                     *
 *      91.18700000                 Z mass                   amz        a1 *
 *     120.00000000                 Higgs mass               amh        a2 *
 *     173.80000000                 Top mass                 amtop      a3 *
 *       0.22330593                 sin**2(thetaW)           swsq       a3 *
 *       2.49534270                 Z width                  gammz      a3 *
 *      80.36332970                 W mass                   amw        a3 *
 *       2.08443776                 W width                  gammw      a3 *
 ***************************************************************************



 ***************************************************************************
 *         BornV  Reading from disk file:                                  *
 *        ../../dizet/table.tau.current                                    *
 *      91.18700000                 Z mass                   amz        a1 *
 *     120.00000000                 Higgs mass               amh        a2 *
 *     173.80000000                 Top mass                 amtop      a3 *
 *       0.22330593                 sin**2(thetaW)           swsq       a3 *
 *       2.49534270                 Z width                  gammz      a3 *
 *      80.36332970                 W mass                   amw        a3 *
 *       2.08443776                 W width                  gammw      a3 *
 ***************************************************************************



 ***************************************************************************
 *         BornV  Reading from disk file:                                  *
 *        ../../dizet/table.nue.current                                    *
 *      91.18700000                 Z mass                   amz        a1 *
 *     120.00000000                 Higgs mass               amh        a2 *
 *     173.80000000                 Top mass                 amtop      a3 *
 *       0.22330593                 sin**2(thetaW)           swsq       a3 *
 *       2.49534270                 Z width                  gammz      a3 *
 *      80.36332970                 W mass                   amw        a3 *
 *       2.08443776                 W width                  gammw      a3 *
 ***************************************************************************



 ***************************************************************************
 *         BornV  Reading from disk file:                                  *
 *        ../../dizet/table.numu.current                                   *
 *      91.18700000                 Z mass                   amz        a1 *
 *     120.00000000                 Higgs mass               amh        a2 *
 *     173.80000000                 Top mass                 amtop      a3 *
 *       0.22330593                 sin**2(thetaW)           swsq       a3 *
 *       2.49534270                 Z width                  gammz      a3 *
 *      80.36332970                 W mass                   amw        a3 *
 *       2.08443776                 W width                  gammw      a3 *
 ***************************************************************************



 ***************************************************************************
 *         BornV  Reading from disk file:                                  *
 *        ../../dizet/table.nutau.current                                  *
 *      91.18700000                 Z mass                   amz        a1 *
 *     120.00000000                 Higgs mass               amh        a2 *
 *     173.80000000                 Top mass                 amtop      a3 *
 *       0.22330593                 sin**2(thetaW)           swsq       a3 *
 *       2.49534270                 Z width                  gammz      a3 *
 *      80.36332970                 W mass                   amw        a3 *
 *       2.08443776                 W width                  gammw      a3 *
 ***************************************************************************



 ***************************************************************************
 *                         KarLud_Initialize START                         *
 *     200.00000000                  CMS energy average      CMSene     == *
 *       0.00000000                  Beam energy spread      DelEne     == *
 *                1                  ISR on/off switch       KeyISR     == *
 *                0                  Type of ISR             KeyFix     == *
 *                1                  Elect_weak switch       KeyZet     == *
 *                0                  Fixed nphot mult.       MltISR     == *
 *               50                  Max. photon mult.       nmax       == *
 ***************************************************************************

 *      47.73115509                 xs_crude  vesko          xcvesk        *
 *      47.66840078                 xs_crude  gauss          xcgaus        *
 *       0.00131648                 xcvesk/xcgaus-1                        *


 ***************************************************************************
 *                          KarLud_Initialize END                          *
 ***************************************************************************



 ***************************************************************************
 *             GPS   Initializator                                         *
 *      91.18700000                 Z mass     [GeV]         MZ         a1 *
 *       2.49534270                 Z width    [GeV]         GammZ      a2 *
 *       0.22330593                 sin(theta_w)**2          Sw2        a3 *
 *     137.03598950                 1/alfa_QED  at  Q=0      AlfInv     a4 *
 *         Test switches:                                                  *
 *                1                 Z on/off   switch        KeyZet     a5 *
 *                1                 Electroweak lib.         KeyElw     a6 *
 *                1                 CEEX level               KeyGPS     a7 *
 *                1                 ISR emission             KeyISR     a8 *
 *                0                 FSR emission             KeyFSR     a9 *
 *                2                 ISR*FSR interferenc      KeyINT    a10 *
 ***************************************************************************



 ***************************************************************************
 *               Initialization of GPS class                               *
 ***************************************************************************



 ***************************************************************************
 *                           KK2f: Initialization                          *
 *   0.10364170                     x-crude [nb]             Xcrunb     ** *
 *         List of final fermions:                                         *
 *               14                 KF of final fermion      KFfin      ** *
 *   0.10000000E-29                 mass of final ferm.      amferm     ** *
 *   0.41812818                     Xborn [R]                Xborn      ** *
 *    3.5000000                     WtMax sampling par.      WtMax      ** *
 *    1.0000000                     vmax for CEEX           vmaxGPS     ** *
 ***************************************************************************



 ***************************************************************************
 *        KK interface of Tauola                                           *
 *                2                Cloning procedure       KeyClone    t01 *
 ***************************************************************************



 ***************************************************************************
 *        Parameters passed from KK  to Tauola:                            *
 *                0                dec. type 1-st tau        Jak1      t01 *
 *                0                dec. type 2-nd tau        Jak2      t02 *
 *                1                current type a1 dec.      KeyA1     t03 *
 *               15                PDG id 1-st tau           idff      t04 *
 *                1                R.c. switch lept dec      itdkRC    t05 *
 *   0.10000000E-02                IR-cut for lept r.c.      xk0dec    t06 *
 ***************************************************************************



 ***************************************************************************
 *                 !!!!! Tauola inhibited !!!!                             *
 ***************************************************************************

     MSTU(11)       changed from              6 to             16



                            Event listing (summary)

    I particle/jet KS     KF  orig    p_x      p_y      p_z       E        m

    1 !e-!         21      11    0    0.000    0.000  100.000  100.000    0.001
    2 !e+!         21     -11    0    0.000    0.000 -100.000  100.000    0.001
    3 (Z0)         11      23    1    0.034   -0.042  -58.293  113.971   97.935
    4 gamma         1      22    1    0.002    0.048   40.375   40.375    0.000
    5 gamma         1      22    1   -0.053    0.008   31.783   31.783    0.000
    6 gamma         1      22    1    0.000    0.000  -13.829   13.829    0.000
    7 gamma         1      22    1    0.017   -0.013   -0.036    0.042    0.000
    8 nu_mu         1      14    3  -10.171   -9.566  -83.767   84.923    0.000
    9 nu_mubar      1     -14    3   10.205    9.524   25.474   29.048    0.000
                   sum:  0.00         0.000    0.000    0.000  200.000  200.000
     MSTU(11)       changed from              6 to             16



                            Event listing (summary)

    I particle/jet KS     KF  orig    p_x      p_y      p_z       E        m

    1 !e-!         21      11    0    0.000    0.000  100.000  100.000    0.001
    2 !e+!         21     -11    0    0.000    0.000 -100.000  100.000    0.001
    3 (Z0)         11      23    1    0.107   -0.002   78.873  121.123   91.923
    4 gamma         1      22    1    0.001    0.000  -75.604   75.604    0.000
    5 gamma         1      22    1   -0.110    0.004   -3.268    3.270    0.000
    6 gamma         1      22    1    0.002   -0.003   -0.002    0.004    0.000
    7 nu_mu         1      14    3   22.384   38.849   25.989   51.824    0.000
    8 nu_mubar      1     -14    3  -22.276  -38.851   52.884   69.299    0.000
                   sum:  0.00         0.000    0.000    0.000  200.000  200.000
     MSTU(11)       changed from              6 to             16



                            Event listing (summary)

    I particle/jet KS     KF  orig    p_x      p_y      p_z       E        m

    1 !e-!         21      11    0    0.000    0.000  100.000  100.000    0.001
    2 !e+!         21     -11    0    0.000    0.000 -100.000  100.000    0.001
    3 (Z0)         11      23    1    0.528    0.202  -79.244  120.750   91.108
    4 gamma         1      22    1   -0.528   -0.201   78.283   78.285    0.000
    5 gamma         1      22    1    0.000    0.000    0.944    0.944    0.000
    6 gamma         1      22    1    0.000    0.000    0.019    0.019    0.000
    7 gamma         1      22    1    0.000    0.000   -0.002    0.002    0.000
    8 nu_mu         1      14    3    9.909   30.943    2.824   32.613    0.000
    9 nu_mubar      1     -14    3   -9.381  -30.741  -82.068   88.137    0.000
                   sum:  0.00         0.000    0.000    0.000  200.000  200.000
     MSTU(11)       changed from              6 to             16



                            Event listing (summary)

    I particle/jet KS     KF  orig    p_x      p_y      p_z       E        m

    1 !e-!         21      11    0    0.000    0.000  100.000  100.000    0.001
    2 !e+!         21     -11    0    0.000    0.000 -100.000  100.000    0.001
    3 (Z0)         11      23    1   -0.236    0.107  -79.265  120.447   90.689
    4 gamma         1      22    1    0.236   -0.108   79.409   79.409    0.000
    5 gamma         1      22    1    0.000    0.000   -0.144    0.144    0.000
    6 nu_mu         1      14    3  -32.932   -0.715    1.845   32.991    0.000
    7 nu_mubar      1     -14    3   32.696    0.823  -81.110   87.455    0.000
                   sum:  0.00         0.000    0.000    0.000  200.000  200.000
     MSTU(11)       changed from              6 to             16



                            Event listing (summary)

    I particle/jet KS     KF  orig    p_x      p_y      p_z       E        m

    1 !e-!         21      11    0    0.000    0.000  100.000  100.000    0.001
    2 !e+!         21     -11    0    0.000    0.000 -100.000  100.000    0.001
    3 (Z0)         11      23    1   -0.001    0.000   72.910  127.090  104.096
    4 gamma         1      22    1    0.001    0.000  -72.703   72.703    0.000
    5 gamma         1      22    1    0.000    0.000   -0.197    0.197    0.000
    6 gamma         1      22    1    0.000    0.000   -0.005    0.005    0.000
    7 gamma         1      22    1    0.000    0.000   -0.005    0.005    0.000
    8 nu_mu         1      14    3  -30.408   29.422   73.461   84.775    0.000
    9 nu_mubar      1     -14    3   30.407  -29.423   -0.550   42.315    0.000
                   sum:  0.00         0.000    0.000    0.000  200.000  200.000
     MSTU(11)       changed from              6 to             16



                            Event listing (summary)

    I particle/jet KS     KF  orig    p_x      p_y      p_z       E        m

    1 !e-!         21      11    0    0.000    0.000  100.000  100.000    0.001
    2 !e+!         21     -11    0    0.000    0.000 -100.000  100.000    0.001
    3 (Z0)         11      23    1    0.011    0.057  -77.470  122.529   94.931
    4 gamma         1      22    1   -0.001    0.000   75.970   75.970    0.000
    5 gamma         1      22    1   -0.010   -0.058    1.499    1.500    0.000
    6 nu_mu         1      14    3   46.002   -6.066  -51.653   69.433    0.000
    7 nu_mubar      1     -14    3  -45.991    6.123  -25.817   53.096    0.000
                   sum:  0.00         0.000    0.000    0.000  200.000  200.000
     MSTU(11)       changed from              6 to             16



                            Event listing (summary)

    I particle/jet KS     KF  orig    p_x      p_y      p_z       E        m

    1 !e-!         21      11    0    0.000    0.000  100.000  100.000    0.001
    2 !e+!         21     -11    0    0.000    0.000 -100.000  100.000    0.001
    3 (Z0)         11      23    1    3.298   -1.409   78.820  121.056   91.810
    4 gamma         1      22    1   -3.276    1.355  -63.868   63.967    0.000
    5 gamma         1      22    1    0.004    0.005  -12.253   12.253    0.000
    6 gamma         1      22    1   -0.003    0.001   -2.657    2.657    0.000
    7 gamma         1      22    1   -0.023    0.048   -0.042    0.068    0.000
    8 nu_mu         1      14    3   32.047   12.267   82.166   89.044    0.000
    9 nu_mubar      1     -14    3  -28.750  -13.676   -3.346   32.012    0.000
                   sum:  0.00         0.000    0.000    0.000  200.000  200.000
     MSTU(11)       changed from              6 to             16



                            Event listing (summary)

    I particle/jet KS     KF  orig    p_x      p_y      p_z       E        m

    1 !e-!         21      11    0    0.000    0.000  100.000  100.000    0.001
    2 !e+!         21     -11    0    0.000    0.000 -100.000  100.000    0.001
    3 (Z0)         11      23    1   -0.002   -0.002   79.636  120.364   90.253
    4 gamma         1      22    1    0.002    0.002  -79.636   79.636    0.000
    5 nu_mu         1      14    3  -35.411  -23.537   59.981   73.523    0.000
    6 nu_mubar      1     -14    3   35.409   23.535   19.655   46.841    0.000
                   sum:  0.00         0.000    0.000    0.000  200.000  200.000
     MSTU(11)       changed from              6 to             16



                            Event listing (summary)

    I particle/jet KS     KF  orig    p_x      p_y      p_z       E        m

    1 !e-!         21      11    0    0.000    0.000  100.000  100.000    0.001
    2 !e+!         21     -11    0    0.000    0.000 -100.000  100.000    0.001
    3 (Z0)         11      23    1   -0.022   -0.019   79.859  120.136   89.751
    4 gamma         1      22    1    0.000   -0.001  -79.601   79.601    0.000
    5 gamma         1      22    1    0.021    0.019   -0.215    0.217    0.000
    6 gamma         1      22    1    0.000    0.000   -0.044    0.044    0.000
    7 gamma         1      22    1    0.000    0.000    0.001    0.001    0.000
    8 nu_mu         1      14    3    5.986  -24.250   -9.976   26.897    0.000
    9 nu_mubar      1     -14    3   -6.008   24.232   89.835   93.240    0.000
                   sum:  0.00         0.000    0.000    0.000  200.000  200.000
     MSTU(11)       changed from              6 to             16



                            Event listing (summary)

    I particle/jet KS     KF  orig    p_x      p_y      p_z       E        m

    1 !e-!         21      11    0    0.000    0.000  100.000  100.000    0.001
    2 !e+!         21     -11    0    0.000    0.000 -100.000  100.000    0.001
    3 (Z0)         11      23    1    0.003    0.004  -82.629  117.371   83.357
    4 gamma         1      22    1   -0.003   -0.004   82.629   82.629    0.000
    5 nu_mu         1      14    3  -41.408    4.622  -42.740   59.688    0.000
    6 nu_mubar      1     -14    3   41.411   -4.618  -39.889   57.683    0.000
                   sum:  0.00         0.000    0.000    0.000  200.000  200.000


 ***************************************************************************
 *                      KarLud  final  report                              *
 *           140000                  total no of events     nevtot      == *
 *      47.73115509                  ISRcru  [R]            ISRcru      == *
 *      47.66452458  +- 0.00206402   ISRbest [R],ISRerr     ISRbest     == *
 *    47.731155                      XKarlud [R]            XKarlud     == *
 *    0.0000000                      KError  [R]            KError      == *
 ***************************************************************************



 ***************************************************************************
 *                   Report on wt_ISR of KarLud                            *
 *           140000                 total no of events      nevtot      == *
 *                0                 wt<0        events      nevneg      == *
 *       0.10071573  +- 0.00114195  <wt>                    wt_ISR      == *
 *       4.80727812  +- 0.00548965  sigma of KarLud [R]     xskarl      == *
 ***************************************************************************



 ***************************************************************************
 *       0.99860405  +- 0.00004330  Average WT of Vesk1      AVesk1     == *
 *      47.66840078  +- 0.00047668  xs_est gauss    [R]      xcgaus     == *
 *      -0.00008132  +- 0.00004430  xcve/xcgs-1                         == *
 ***************************************************************************

1
      -658          KarLud, wtvesk                                                                  
           nent            sum           bmin           bmax
         140000    0.00000E+00    0.00000E+00    0.13263E+06
           undf           ovef           sumw           avex
    0.00000E+00    0.00000E+00    0.13980E+06    0.99887E+00
  0.0000   0.290000E+02 0                                                                 I
  0.0120   0.600000E+01 0                                                                 I
  0.0240   0.000000E+00 0                                                                 I
  0.0360   0.000000E+00 0                                                                 I
  0.0480   0.000000E+00 0                                                                 I
  0.0600   0.000000E+00 0                                                                 I
  0.0720   0.000000E+00 0                                                                 I
  0.0840   0.000000E+00 0                                                                 I
  0.0960   0.000000E+00 0                                                                 I
  0.1080   0.000000E+00 0                                                                 I
  0.1200   0.000000E+00 0                                                                 I
  0.1320   0.000000E+00 0                                                                 I
  0.1440   0.000000E+00 0                                                                 I
  0.1560   0.000000E+00 0                                                                 I
  0.1680   0.000000E+00 0                                                                 I
  0.1800   0.000000E+00 0                                                                 I
  0.1920   0.000000E+00 0                                                                 I
  0.2040   0.000000E+00 0                                                                 I
  0.2160   0.000000E+00 0                                                                 I
  0.2280   0.000000E+00 0                                                                 I
  0.2400   0.000000E+00 0                                                                 I
  0.2520   0.000000E+00 0                                                                 I
  0.2640   0.000000E+00 0                                                                 I
  0.2760   0.000000E+00 0                                                                 I
  0.2880   0.000000E+00 0                                                                 I
  0.3000   0.000000E+00 0                                                                 I
  0.3120   0.000000E+00 0                                                                 I
  0.3240   0.000000E+00 0                                                                 I
  0.3360   0.000000E+00 0                                                                 I
  0.3480   0.000000E+00 0                                                                 I
  0.3600   0.000000E+00 0                                                                 I
  0.3720   0.000000E+00 0                                                                 I
  0.3840   0.000000E+00 0                                                                 I
  0.3960   0.000000E+00 0                                                                 I
  0.4080   0.000000E+00 0                                                                 I
  0.4200   0.000000E+00 0                                                                 I
  0.4320   0.000000E+00 0                                                                 I
  0.4440   0.000000E+00 0                                                                 I
  0.4560   0.000000E+00 0                                                                 I
  0.4680   0.000000E+00 0                                                                 I
  0.4800   0.000000E+00 0                                                                 I
  0.4920   0.000000E+00 0                                                                 I
  0.5040   0.000000E+00 0                                                                 I
  0.5160   0.000000E+00 0                                                                 I
  0.5280   0.000000E+00 0                                                                 I
  0.5400   0.000000E+00 0                                                                 I
  0.5520   0.000000E+00 0                                                                 I
  0.5640   0.000000E+00 0                                                                 I
  0.5760   0.000000E+00 0                                                                 I
  0.5880   0.000000E+00 0                                                                 I
  0.6000   0.000000E+00 0                                                                 I
  0.6120   0.000000E+00 0                                                                 I
  0.6240   0.000000E+00 0                                                                 I
  0.6360   0.000000E+00 0                                                                 I
  0.6480   0.000000E+00 0                                                                 I
  0.6600   0.000000E+00 0                                                                 I
  0.6720   0.000000E+00 0                                                                 I
  0.6840   0.000000E+00 0                                                                 I
  0.6960   0.000000E+00 0                                                                 I
  0.7080   0.000000E+00 0                                                                 I
  0.7200   0.000000E+00 0                                                                 I
  0.7320   0.000000E+00 0                                                                 I
  0.7440   0.000000E+00 0                                                                 I
  0.7560   0.000000E+00 0                                                                 I
  0.7680   0.140000E+02 0                                                                 I
  0.7800   0.000000E+00 0                                                                 I
  0.7920   0.000000E+00 0                                                                 I
  0.8040   0.000000E+00 0                                                                 I
  0.8160   0.000000E+00 0                                                                 I
  0.8280   0.000000E+00 0                                                                 I
  0.8400   0.000000E+00 0                                                                 I
  0.8520   0.110000E+02 0                                                                 I
  0.8640   0.300000E+01 0                                                                 I
  0.8760   0.120000E+02 0                                                                 I
  0.8880   0.700000E+01 0                                                                 I
  0.9000   0.200000E+01 0                                                                 I
  0.9120   0.600000E+01 0                                                                 I
  0.9240   0.600000E+01 0                                                                 I
  0.9360   0.520000E+02 0                                                                 I
  0.9480   0.770000E+02 0                                                                 I
  0.9600   0.210000E+03 0                                                                 I
  0.9720   0.561000E+03 0                                                                 I
  0.9840   0.637800E+04 0XXX                                                              I
  0.9960   0.132626E+06 0XXXXXXXXXXXXXXXXXXXXXXXXXXXXXXXXXXXXXXXXXXXXXXXXXXXXXXXXXXXXXXXXXX
  1.0080   0.000000E+00 0                                                                 I
  1.0200   0.000000E+00 0                                                                 I
  1.0320   0.000000E+00 0                                                                 I
  1.0440   0.000000E+00 0                                                                 I
  1.0560   0.000000E+00 0                                                                 I
  1.0680   0.000000E+00 0                                                                 I
  1.0800   0.000000E+00 0                                                                 I
  1.0920   0.000000E+00 0                                                                 I
  1.1040   0.000000E+00 0                                                                 I
  1.1160   0.000000E+00 0                                                                 I
  1.1280   0.000000E+00 0                                                                 I
  1.1400   0.000000E+00 0                                                                 I
  1.1520   0.000000E+00 0                                                                 I
  1.1640   0.000000E+00 0                                                                 I
  1.1760   0.000000E+00 0                                                                 I
  1.1880   0.000000E+00 0                                                                 I


 ***************************************************************************
 *                   KarLud_Finalize END  <<<                              *
 ***************************************************************************

1
      -640          KK2f: Photon raw multiplicity                                                   
           nent            sum           bmin           bmax
         140000    0.00000E+00    0.44000E+02    0.44125E+05
           undf           ovef           sumw           avex
    0.00000E+00    0.00000E+00    0.36643E+06    0.32577E+01
  0.0000   0.119900E+04 XX                                                                I
  1.0000   0.268280E+05 XXXXXXXXXXXXXXXXXXXXXXXXXXXXXXXXXXXXXXXXX                         I
  2.0000   0.441250E+05 XXXXXXXXXXXXXXXXXXXXXXXXXXXXXXXXXXXXXXXXXXXXXXXXXXXXXXXXXXXXXXXXXXX
  3.0000   0.363870E+05 XXXXXXXXXXXXXXXXXXXXXXXXXXXXXXXXXXXXXXXXXXXXXXXXXXXXXXX           I
  4.0000   0.198140E+05 XXXXXXXXXXXXXXXXXXXXXXXXXXXXXX                                    I
  5.0000   0.812100E+04 XXXXXXXXXXXXX                                                     I
  6.0000   0.260000E+04 XXXX                                                              I
  7.0000   0.725000E+03 XX                                                                I
  8.0000   0.157000E+03 X                                                                 I
  9.0000   0.440000E+02 X                                                                 I


 ***************************************************************************
 *                       KK2f_Finalize  printouts                          *
 *     200.00000000                 cms energy total         cmsene     a0 *
 *           140000                 total no of events       nevgen     a1 *
 *               ** principal info on x-section **                         *
 *       3.12527910  +- 0.00852592  xs_tot MC R-units        xsmc       a1 *
 *       6.78611801                 xs_tot    picob.         xSecPb     a3 *
 *       0.01851288                 error     picob.         xErrPb     a4 *
 *       0.00272805                 relative error           erel       a5 *
 *       0.55754586                 WTsup, largest WT        WTsup     a10 *
 *                       ** some auxiliary info **                         *
 *       0.90790841                 xs_born   picobarns       xborn    a11 *
 *       2.61738571                 Raw phot. multipl.                 === *
 *      10.00000000                 Highest phot. mult.                === *
 *                         End of KK2f  Finalize                           *
 ***************************************************************************

1
      -700          MBrA: KK2f main weight                                                          
           nent            sum           bmin           bmax
         140000    0.00000E+00    0.00000E+00    0.41203E+05
           undf           ovef           sumw           avex
    0.00000E+00    0.00000E+00    0.91667E+04    0.13370E+00
  0.0000   0.412030E+05 0XXXXXXXXXXXXXXXXXXXXXXXXXXXXXXXXXXXXXXXXXXXXXXXXXXXXXXXXXXXXXXXXXI
  0.0200   0.273190E+05 0XXXXXXXXXXXXXXXXXXXXXXXXXXXXXXXXXXXXXXXXXXX                      I
  0.0400   0.174500E+05 0XXXXXXXXXXXXXXXXXXXXXXXXXXX                                      I
  0.0600   0.125750E+05 0XXXXXXXXXXXXXXXXXXXX                                             I
  0.0800   0.959200E+04 0XXXXXXXXXXXXXXX                                                  I
  0.1000   0.739000E+04 0XXXXXXXXXXX                                                      I
  0.1200   0.608300E+04 0XXXXXXXXX                                                        I
  0.1400   0.469800E+04 0XXXXXXX                                                          I
  0.1600   0.369100E+04 0XXXXX                                                            I
  0.1800   0.273600E+04 0XXXX                                                             I
  0.2000   0.211400E+04 0XXX                                                              I
  0.2200   0.146100E+04 0XX                                                               I
  0.2400   0.110200E+04 0X                                                                I
  0.2600   0.772000E+03 0X                                                                I
  0.2800   0.565000E+03 0                                                                 I
  0.3000   0.342000E+03 0                                                                 I
  0.3200   0.223000E+03 0                                                                 I
  0.3400   0.172000E+03 0                                                                 I
  0.3600   0.109000E+03 0                                                                 I
  0.3800   0.860000E+02 0                                                                 I
  0.4000   0.950000E+02 0                                                                 I
  0.4200   0.920000E+02 0                                                                 I
  0.4400   0.390000E+02 0                                                                 I
  0.4600   0.170000E+02 0                                                                 I
  0.4800   0.200000E+02 0                                                                 I
  0.5000   0.190000E+02 0                                                                 I
  0.5200   0.200000E+02 0                                                                 I
  0.5400   0.150000E+02 0                                                                 I
  0.5600   0.000000E+00 0                                                                 I
  0.5800   0.000000E+00 0                                                                 I
  0.6000   0.000000E+00 0                                                                 I
  0.6200   0.000000E+00 0                                                                 I
  0.6400   0.000000E+00 0                                                                 I
  0.6600   0.000000E+00 0                                                                 I
  0.6800   0.000000E+00 0                                                                 I
  0.7000   0.000000E+00 0                                                                 I
  0.7200   0.000000E+00 0                                                                 I
  0.7400   0.000000E+00 0                                                                 I
  0.7600   0.000000E+00 0                                                                 I
  0.7800   0.000000E+00 0                                                                 I
  0.8000   0.000000E+00 0                                                                 I
  0.8200   0.000000E+00 0                                                                 I
  0.8400   0.000000E+00 0                                                                 I
  0.8600   0.000000E+00 0                                                                 I
  0.8800   0.000000E+00 0                                                                 I
  0.9000   0.000000E+00 0                                                                 I
  0.9200   0.000000E+00 0                                                                 I
  0.9400   0.000000E+00 0                                                                 I
  0.9600   0.000000E+00 0                                                                 I
  0.9800   0.000000E+00 0                                                                 I


 ***************************************************************************
 *                MBrA: report on the main Weight                          *
 *           140000                 no of raw events         Ntot       b1 *
 *           140000                 accepted    events       Nacc       b2 *
 *                0                 wt<0        events       Nneg       b3 *
 *                0                 wt>WTmax    events       Nove       b4 *
 *       0.55754586                 WTsup, largest WT        WTsup      b5 *
 *       0.00000000                 <Wt-WtMax>  Overfl.      AvOve      b6 *
 *       0.00000000                 <Wt> for Wt<0            AvUnd      b7 *
 *       0.00000000                 AvOve/<Wt>,WT>WtMax      ROverf     b8 *
 *       0.00000000                 AvUnd/<Wt>,Wt<0          RUnder     b9 *
 ***************************************************************************

 
=====================================================================================================
            MBrA:    Detailed statistics for all branches    
=====================================================================================================
  KF     AveWt     ERela     WtSup      Wt<0   Wt>Wmax       Ntot       Nacc   Nneg   Nove   Nzer
  14  0.065477  0.0027280.5575      0.000000  0.000000     140000     140000      0      0   1750
All:  0.065477  0.0027280.5575      0.000000  0.000000     140000     140000      0      0   1750
=====================================================================================================


 ***************************************************************************
 *                   KarLud_Finalize END  <<<                              *
 ***************************************************************************

 nevtes: 140000
 sig and err   103.641704  0.
=Nu1          =KKMC4.13 CEEX2=S=200.000=0.00000000E+00=0.00000000E+00=0.00000000E+00=pb       =pb       =W:  t-variation level 1   =
=Nu2          =KKMC4.13 CEEX2=S=200.000=0.00000000E+00=0.00000000E+00=0.00000000E+00=pb       =pb       =W:  t-variation level 1   =
=Nu11         =KKMC4.13 CEEX2=S=200.000=0.00000000E+00=0.00000000E+00=0.00000000E+00=pb       =pb       =W:  t-variation level 1   =
=Nu12         =KKMC4.13 CEEX2=S=200.000=0.00000000E+00=0.00000000E+00=0.00000000E+00=pb       =pb       =W:  t-variation level 1   =
=Nu13         =KKMC4.13 CEEX2=S=200.000=0.00000000E+00=0.00000000E+00=0.00000000E+00=pb       =pb       =W:  t-variation level 1   =
=Nu14         =KKMC4.13 CEEX2=S=200.000=0.00000000E+00=0.00000000E+00=0.00000000E+00=pb       =pb       =W:  t-variation level 1   =
=Nu3          =KKMC4.13 CEEX2=S=200.000=0.00000000E+00=0.00000000E+00=0.00000000E+00=pb       =pb       =W:  t-variation level 1   =
=Nu4          =KKMC4.13 CEEX2=S=200.000=0.00000000E+00=0.00000000E+00=0.00000000E+00=pb       =pb       =W:  t-variation level 1   =
=Nu5          =KKMC4.13 CEEX2=S=200.000=0.00000000E+00=0.00000000E+00=0.00000000E+00=pb       =pb       =W:  t-variation level 1   =
=Nu6          =KKMC4.13 CEEX2=S=200.000=0.00000000E+00=0.00000000E+00=0.00000000E+00=pb       =pb       =W:  t-variation level 1   =
=Nu7          =KKMC4.13 CEEX2=S=200.000=0.00000000E+00=0.00000000E+00=0.00000000E+00=pb       =pb       =W:  t-variation level 1   =
=Nu8          =KKMC4.13 CEEX2=S=200.000=0.00000000E+00=0.00000000E+00=0.00000000E+00=pb       =pb       =W:  t-variation level 1   =
=Nu9          =KKMC4.13 CEEX2=S=200.000=0.00000000E+00=0.00000000E+00=0.00000000E+00=pb       =pb       =W:  t-variation level 1   =
=Nu10         =KKMC4.13 CEEX2=S=200.000=0.00000000E+00=0.00000000E+00=0.00000000E+00=pb       =pb       =W:  t-variation level 1   =
=Nu4a         =KKMC4.13 CEEX2=S=200.000=0.00000000E+00=0.00000000E+00=0.00000000E+00=pb       =pb       =W:  t-variation level 1   =
=Nu4b         =KKMC4.13 CEEX2=S=200.000=0.00000000E+00=0.00000000E+00=0.00000000E+00=pb       =pb       =W:  t-variation level 1   =
=Nu4c         =KKMC4.13 CEEX2=S=200.000=0.00000000E+00=0.00000000E+00=0.00000000E+00=pb       =pb       =W:  t-variation level 1   =
=Nu4d         =KKMC4.13 CEEX2=S=200.000=0.00000000E+00=0.00000000E+00=0.00000000E+00=pb       =pb       =W:  t-variation level 1   =
=Nu4e         =KKMC4.13 CEEX2=S=200.000=0.00000000E+00=0.00000000E+00=0.00000000E+00=pb       =pb       =W:  t-variation level 1   =
=Nu4f         =KKMC4.13 CEEX2=S=200.000=0.00000000E+00=0.00000000E+00=0.00000000E+00=pb       =pb       =W:  t-variation level 1   =
=Nu4g         =KKMC4.13 CEEX2=S=200.000=0.00000000E+00=0.00000000E+00=0.00000000E+00=pb       =pb       =W:  t-variation level 1   =
=Nu4h         =KKMC4.13 CEEX2=S=200.000=0.00000000E+00=0.00000000E+00=0.00000000E+00=pb       =pb       =W:  t-variation level 1   =
=Nu3a         =KKMC4.13 CEEX2=S=200.000=0.00000000E+00=0.00000000E+00=0.00000000E+00=pb       =pb       =W:  t-variation level 1   =
=Nu11a        =KKMC4.13 CEEX2=S=200.000=0.00000000E+00=0.00000000E+00=0.00000000E+00=pb       =pb       =W:  t-variation level 1   =
=Nu12a        =KKMC4.13 CEEX2=S=200.000=0.00000000E+00=0.00000000E+00=0.00000000E+00=pb       =pb       =W:  t-variation level 1   =
=Nu13a        =KKMC4.13 CEEX2=S=200.000=0.00000000E+00=0.00000000E+00=0.00000000E+00=pb       =pb       =W:  t-variation level 1   =


 ***************************************************************************
 *                   KarLud_Finalize END  <<<                              *
 ***************************************************************************

 nevtes: 140000
 sig and err   103.641704  0.
=Nu1          =KKMC4.13 CEEX1=S=200.000=0.00000000E+00=0.00000000E+00=0.00000000E+00=pb       =pb       =W:  t-variation level 1   =
=Nu2          =KKMC4.13 CEEX1=S=200.000=0.00000000E+00=0.00000000E+00=0.00000000E+00=pb       =pb       =W:  t-variation level 1   =
=Nu11         =KKMC4.13 CEEX1=S=200.000=0.00000000E+00=0.00000000E+00=0.00000000E+00=pb       =pb       =W:  t-variation level 1   =
=Nu12         =KKMC4.13 CEEX1=S=200.000=0.00000000E+00=0.00000000E+00=0.00000000E+00=pb       =pb       =W:  t-variation level 1   =
=Nu13         =KKMC4.13 CEEX1=S=200.000=0.00000000E+00=0.00000000E+00=0.00000000E+00=pb       =pb       =W:  t-variation level 1   =
=Nu14         =KKMC4.13 CEEX1=S=200.000=0.00000000E+00=0.00000000E+00=0.00000000E+00=pb       =pb       =W:  t-variation level 1   =
=Nu3          =KKMC4.13 CEEX1=S=200.000=0.00000000E+00=0.00000000E+00=0.00000000E+00=pb       =pb       =W:  t-variation level 1   =
=Nu4          =KKMC4.13 CEEX1=S=200.000=0.00000000E+00=0.00000000E+00=0.00000000E+00=pb       =pb       =W:  t-variation level 1   =
=Nu5          =KKMC4.13 CEEX1=S=200.000=0.00000000E+00=0.00000000E+00=0.00000000E+00=pb       =pb       =W:  t-variation level 1   =
=Nu6          =KKMC4.13 CEEX1=S=200.000=0.00000000E+00=0.00000000E+00=0.00000000E+00=pb       =pb       =W:  t-variation level 1   =
=Nu7          =KKMC4.13 CEEX1=S=200.000=0.00000000E+00=0.00000000E+00=0.00000000E+00=pb       =pb       =W:  t-variation level 1   =
=Nu8          =KKMC4.13 CEEX1=S=200.000=0.00000000E+00=0.00000000E+00=0.00000000E+00=pb       =pb       =W:  t-variation level 1   =
=Nu9          =KKMC4.13 CEEX1=S=200.000=0.00000000E+00=0.00000000E+00=0.00000000E+00=pb       =pb       =W:  t-variation level 1   =
=Nu10         =KKMC4.13 CEEX1=S=200.000=0.00000000E+00=0.00000000E+00=0.00000000E+00=pb       =pb       =W:  t-variation level 1   =
=Nu4a         =KKMC4.13 CEEX1=S=200.000=0.00000000E+00=0.00000000E+00=0.00000000E+00=pb       =pb       =W:  t-variation level 1   =
=Nu4b         =KKMC4.13 CEEX1=S=200.000=0.00000000E+00=0.00000000E+00=0.00000000E+00=pb       =pb       =W:  t-variation level 1   =
=Nu4c         =KKMC4.13 CEEX1=S=200.000=0.00000000E+00=0.00000000E+00=0.00000000E+00=pb       =pb       =W:  t-variation level 1   =
=Nu4d         =KKMC4.13 CEEX1=S=200.000=0.00000000E+00=0.00000000E+00=0.00000000E+00=pb       =pb       =W:  t-variation level 1   =
=Nu4e         =KKMC4.13 CEEX1=S=200.000=0.00000000E+00=0.00000000E+00=0.00000000E+00=pb       =pb       =W:  t-variation level 1   =
=Nu4f         =KKMC4.13 CEEX1=S=200.000=0.00000000E+00=0.00000000E+00=0.00000000E+00=pb       =pb       =W:  t-variation level 1   =
=Nu4g         =KKMC4.13 CEEX1=S=200.000=0.00000000E+00=0.00000000E+00=0.00000000E+00=pb       =pb       =W:  t-variation level 1   =
=Nu4h         =KKMC4.13 CEEX1=S=200.000=0.00000000E+00=0.00000000E+00=0.00000000E+00=pb       =pb       =W:  t-variation level 1   =
=Nu3a         =KKMC4.13 CEEX1=S=200.000=0.00000000E+00=0.00000000E+00=0.00000000E+00=pb       =pb       =W:  t-variation level 1   =
=Nu11a        =KKMC4.13 CEEX1=S=200.000=0.00000000E+00=0.00000000E+00=0.00000000E+00=pb       =pb       =W:  t-variation level 1   =
=Nu12a        =KKMC4.13 CEEX1=S=200.000=0.00000000E+00=0.00000000E+00=0.00000000E+00=pb       =pb       =W:  t-variation level 1   =
=Nu13a        =KKMC4.13 CEEX1=S=200.000=0.00000000E+00=0.00000000E+00=0.00000000E+00=pb       =pb       =W:  t-variation level 1   =


 ***************************************************************************
 *                   KarLud_Finalize END  <<<                              *
 ***************************************************************************

 nevtes: 140000
 sig and err   103.641704  0.
=Nu1          =KKMC4.13 CEEX0=S=200.000=0.00000000E+00=0.00000000E+00=0.00000000E+00=pb       =pb       =W:  t-variation level 1   =
=Nu2          =KKMC4.13 CEEX0=S=200.000=0.00000000E+00=0.00000000E+00=0.00000000E+00=pb       =pb       =W:  t-variation level 1   =
=Nu11         =KKMC4.13 CEEX0=S=200.000=0.00000000E+00=0.00000000E+00=0.00000000E+00=pb       =pb       =W:  t-variation level 1   =
=Nu12         =KKMC4.13 CEEX0=S=200.000=0.00000000E+00=0.00000000E+00=0.00000000E+00=pb       =pb       =W:  t-variation level 1   =
=Nu13         =KKMC4.13 CEEX0=S=200.000=0.00000000E+00=0.00000000E+00=0.00000000E+00=pb       =pb       =W:  t-variation level 1   =
=Nu14         =KKMC4.13 CEEX0=S=200.000=0.00000000E+00=0.00000000E+00=0.00000000E+00=pb       =pb       =W:  t-variation level 1   =
=Nu3          =KKMC4.13 CEEX0=S=200.000=0.00000000E+00=0.00000000E+00=0.00000000E+00=pb       =pb       =W:  t-variation level 1   =
=Nu4          =KKMC4.13 CEEX0=S=200.000=0.00000000E+00=0.00000000E+00=0.00000000E+00=pb       =pb       =W:  t-variation level 1   =
=Nu5          =KKMC4.13 CEEX0=S=200.000=0.00000000E+00=0.00000000E+00=0.00000000E+00=pb       =pb       =W:  t-variation level 1   =
=Nu6          =KKMC4.13 CEEX0=S=200.000=0.00000000E+00=0.00000000E+00=0.00000000E+00=pb       =pb       =W:  t-variation level 1   =
=Nu7          =KKMC4.13 CEEX0=S=200.000=0.00000000E+00=0.00000000E+00=0.00000000E+00=pb       =pb       =W:  t-variation level 1   =
=Nu8          =KKMC4.13 CEEX0=S=200.000=0.00000000E+00=0.00000000E+00=0.00000000E+00=pb       =pb       =W:  t-variation level 1   =
=Nu9          =KKMC4.13 CEEX0=S=200.000=0.00000000E+00=0.00000000E+00=0.00000000E+00=pb       =pb       =W:  t-variation level 1   =
=Nu10         =KKMC4.13 CEEX0=S=200.000=0.00000000E+00=0.00000000E+00=0.00000000E+00=pb       =pb       =W:  t-variation level 1   =
=Nu4a         =KKMC4.13 CEEX0=S=200.000=0.00000000E+00=0.00000000E+00=0.00000000E+00=pb       =pb       =W:  t-variation level 1   =
=Nu4b         =KKMC4.13 CEEX0=S=200.000=0.00000000E+00=0.00000000E+00=0.00000000E+00=pb       =pb       =W:  t-variation level 1   =
=Nu4c         =KKMC4.13 CEEX0=S=200.000=0.00000000E+00=0.00000000E+00=0.00000000E+00=pb       =pb       =W:  t-variation level 1   =
=Nu4d         =KKMC4.13 CEEX0=S=200.000=0.00000000E+00=0.00000000E+00=0.00000000E+00=pb       =pb       =W:  t-variation level 1   =
=Nu4e         =KKMC4.13 CEEX0=S=200.000=0.00000000E+00=0.00000000E+00=0.00000000E+00=pb       =pb       =W:  t-variation level 1   =
=Nu4f         =KKMC4.13 CEEX0=S=200.000=0.00000000E+00=0.00000000E+00=0.00000000E+00=pb       =pb       =W:  t-variation level 1   =
=Nu4g         =KKMC4.13 CEEX0=S=200.000=0.00000000E+00=0.00000000E+00=0.00000000E+00=pb       =pb       =W:  t-variation level 1   =
=Nu4h         =KKMC4.13 CEEX0=S=200.000=0.00000000E+00=0.00000000E+00=0.00000000E+00=pb       =pb       =W:  t-variation level 1   =
=Nu3a         =KKMC4.13 CEEX0=S=200.000=0.00000000E+00=0.00000000E+00=0.00000000E+00=pb       =pb       =W:  t-variation level 1   =
=Nu11a        =KKMC4.13 CEEX0=S=200.000=0.00000000E+00=0.00000000E+00=0.00000000E+00=pb       =pb       =W:  t-variation level 1   =
=Nu12a        =KKMC4.13 CEEX0=S=200.000=0.00000000E+00=0.00000000E+00=0.00000000E+00=pb       =pb       =W:  t-variation level 1   =
=Nu13a        =KKMC4.13 CEEX0=S=200.000=0.00000000E+00=0.00000000E+00=0.00000000E+00=pb       =pb       =W:  t-variation level 1   =


 ***************************************************************************
 *                   KarLud_Finalize END  <<<                              *
 ***************************************************************************

 nevtes: 140000
 sig and err   103.641704  0.
=Nu1          =KKMC4.13 CEX2p=S=200.000=0.00000000E+00=0.00000000E+00=0.00000000E+00=pb       =pb       =W:  t-variation level 1   =
=Nu2          =KKMC4.13 CEX2p=S=200.000=0.00000000E+00=0.00000000E+00=0.00000000E+00=pb       =pb       =W:  t-variation level 1   =
=Nu11         =KKMC4.13 CEX2p=S=200.000=0.00000000E+00=0.00000000E+00=0.00000000E+00=pb       =pb       =W:  t-variation level 1   =
=Nu12         =KKMC4.13 CEX2p=S=200.000=0.00000000E+00=0.00000000E+00=0.00000000E+00=pb       =pb       =W:  t-variation level 1   =
=Nu13         =KKMC4.13 CEX2p=S=200.000=0.00000000E+00=0.00000000E+00=0.00000000E+00=pb       =pb       =W:  t-variation level 1   =
=Nu14         =KKMC4.13 CEX2p=S=200.000=0.00000000E+00=0.00000000E+00=0.00000000E+00=pb       =pb       =W:  t-variation level 1   =
=Nu3          =KKMC4.13 CEX2p=S=200.000=0.00000000E+00=0.00000000E+00=0.00000000E+00=pb       =pb       =W:  t-variation level 1   =
=Nu4          =KKMC4.13 CEX2p=S=200.000=0.00000000E+00=0.00000000E+00=0.00000000E+00=pb       =pb       =W:  t-variation level 1   =
=Nu5          =KKMC4.13 CEX2p=S=200.000=0.00000000E+00=0.00000000E+00=0.00000000E+00=pb       =pb       =W:  t-variation level 1   =
=Nu6          =KKMC4.13 CEX2p=S=200.000=0.00000000E+00=0.00000000E+00=0.00000000E+00=pb       =pb       =W:  t-variation level 1   =
=Nu7          =KKMC4.13 CEX2p=S=200.000=0.00000000E+00=0.00000000E+00=0.00000000E+00=pb       =pb       =W:  t-variation level 1   =
=Nu8          =KKMC4.13 CEX2p=S=200.000=0.00000000E+00=0.00000000E+00=0.00000000E+00=pb       =pb       =W:  t-variation level 1   =
=Nu9          =KKMC4.13 CEX2p=S=200.000=0.00000000E+00=0.00000000E+00=0.00000000E+00=pb       =pb       =W:  t-variation level 1   =
=Nu10         =KKMC4.13 CEX2p=S=200.000=0.00000000E+00=0.00000000E+00=0.00000000E+00=pb       =pb       =W:  t-variation level 1   =
=Nu4a         =KKMC4.13 CEX2p=S=200.000=0.00000000E+00=0.00000000E+00=0.00000000E+00=pb       =pb       =W:  t-variation level 1   =
=Nu4b         =KKMC4.13 CEX2p=S=200.000=0.00000000E+00=0.00000000E+00=0.00000000E+00=pb       =pb       =W:  t-variation level 1   =
=Nu4c         =KKMC4.13 CEX2p=S=200.000=0.00000000E+00=0.00000000E+00=0.00000000E+00=pb       =pb       =W:  t-variation level 1   =
=Nu4d         =KKMC4.13 CEX2p=S=200.000=0.00000000E+00=0.00000000E+00=0.00000000E+00=pb       =pb       =W:  t-variation level 1   =
=Nu4e         =KKMC4.13 CEX2p=S=200.000=0.00000000E+00=0.00000000E+00=0.00000000E+00=pb       =pb       =W:  t-variation level 1   =
=Nu4f         =KKMC4.13 CEX2p=S=200.000=0.00000000E+00=0.00000000E+00=0.00000000E+00=pb       =pb       =W:  t-variation level 1   =
=Nu4g         =KKMC4.13 CEX2p=S=200.000=0.00000000E+00=0.00000000E+00=0.00000000E+00=pb       =pb       =W:  t-variation level 1   =
=Nu4h         =KKMC4.13 CEX2p=S=200.000=0.00000000E+00=0.00000000E+00=0.00000000E+00=pb       =pb       =W:  t-variation level 1   =
=Nu3a         =KKMC4.13 CEX2p=S=200.000=0.00000000E+00=0.00000000E+00=0.00000000E+00=pb       =pb       =W:  t-variation level 1   =
=Nu11a        =KKMC4.13 CEX2p=S=200.000=0.00000000E+00=0.00000000E+00=0.00000000E+00=pb       =pb       =W:  t-variation level 1   =
=Nu12a        =KKMC4.13 CEX2p=S=200.000=0.00000000E+00=0.00000000E+00=0.00000000E+00=pb       =pb       =W:  t-variation level 1   =
=Nu13a        =KKMC4.13 CEX2p=S=200.000=0.00000000E+00=0.00000000E+00=0.00000000E+00=pb       =pb       =W:  t-variation level 1   =
